     12    393

AY965426_1977                   CTG ACC GTC TGG GGA ACT AAA AAC CTC CAG ACA AGA GTC ACT GCC ATT GAG AAG TAC TTA AAG GAC CAG GCA CAG CTA AAT TCA TGG GGA TGT GCG TTT AGG CAG GTC TGC CAC ACT ACT GTC GAA TGG CCA GCC ACA AAT GTG ACA CCA GAT TGG AAT AAC ATG ACC TGG CAA GAG TGG GAA AGA AAG GTT GAC TAT CTA GAG GCA AAT ATA TCG TTA CTA TTA GAA GAA GCA CAA ATT CAA CAA GAA AAG AAC ATG TAT GAG TTG CAA AAA CTA AAT AGC TGG GAT GTA TTT GGC AAC TGG TTT GAT CTC ACC TCT TGG ATA AAA TAT ATA CAG TAT GGA GTA TAT TTA GTA GTA GGA ATT ATA TTG TTA AGA ATA GTA ATC TAT GTA GTG 
AY965421_1979                   CTG ACC GTC TGG GGA ACT AAA AAC CTC CAG ACA AGA GTC ACT GCC ATC GAG AAG TAC TTA AAG GAC CAG GCA CAG CTA AAT TCA TGG GGA TGT GCG TTT AGG CAG GTC TGC CAC ACT ACT GTC GAA TGG CCA GCC GCA AAT ATG ACA CCA GAT TGG AAT AAC ATG ACC TGG CAA GAG TGG GAA AGA AAG GTT GAC TAT CTA GAG GCA AAT ATA TCG CTA CTA TTA GAA GAA GCC CAA ATT CAA CAA GAA AAG AAC ATG TAT GAG TTG CAA AAA CTA AAT AGC TGG GAT GTA TTT GGC AAC TGG TTT GAT CTC CCC TCT TGG ATA AAA TAT ATA CCG TAT GGA GTA TAT TTA GTA GTA GGA ATT ATA TTG TTA AGA ATA GTA ATC TAT GTA GTG 
AY965427_1976                   CTG ACC GTC TGG GGA ACA AAG AAC CTC CAG ACT AGA GTC ACT GCC ATC GAG AAG TAC TTA AAG GAC CAG GCG CAG CTA AAT GCT TGG GGA TGT GCA TTT AGA CAA GTC TGC CAT ACT ACT GTA CCA TGG CCA AAT ACA AGT CTA ACA CCA GAT TGG AAC AAT GAG ACT TGG CAA GAG TGG GAG CGA AAG GTT GAC TTC TTG GAG GAA AAT ATA ACG GCC CTT TTA GAA GAG GCA CAA ATT CAA CAA GAA AAG AAC ATG TAT GAA TTA CAA AAG TTG AAT AGC TGG GAT GTG TTT GGC AAT TGG TTT GAC CTT GCT TCT TGG ATA AAG TAT ATA CAA TAT GGA GTT TAT ATA GTT GTA GGA ATA ATA CTG TTA AGA ATA GTG ATC TAT ATA GTA 
AY965429_1995                   CTG ACC GTC TGG GGA ACA AAA AAC CTC CAG ACT AGA GTC ACT GCC ATC GAG AAA TAC TTA AAG GAT CAG GCA CAG CTA AAT TCT TGG GGA TGT GCA TTC AGA CAG GTC TGC CAC ACT ACT GTA CCA TGG CCA AAT GAT AGT CTG ACA CCA GAT TGG AAC AAT ATG ACT TGG CAA GAG TGG GAA CGA AAG GTT GAC TTT CTA GAG GCA AAT ATA ACA GCT ATG CTA GAG GAA GCA CAA ATT CAA CAA GAA AAG AAC ATG TAT GAG TTG CAA AAA TTG AAC AGC TGG GAT GTA TTT GGC AAT TGG TTT GAC CTT GCT TCT TGG ATA AGA TAT ATA CAA TAT GGT GTG TAT GTA GTG GTA GGA GTA ATA ATG TTA AGA ATA GTG ATA TAT GTA GTA 
AY965401_2002                   CTG ACC GTC TGG GGA ACA AAA AAC CTC CAG ACT AGA GTC ACT GCC ATC GAG AAA TAC TTA AAG GAT CAG GCA CAA CTA AAT TCT TGG GGA TGT GCA TTC AGA CAG GTC TGC CAC ACT ACT GTA CCA TGG CCA AAT GAT AGT CTG ACA CCA GAC TGG AAC AAT ATG ACT TGG CAA GAG TGG GAA CGA AAG GTT GAC TTT CTA GAG GCA AAT ATA ACA ACT TTG CTA GAG GAA GCA CAA ATT CAA CAA GAA AAG AAC ATG TAT GAG TTG CAA AAG TTG AAC AGC TGG GAT GTA TTT GGC AAT TGG TTT GAC CTT GCT TCT TGG ATA AGA TAT ATA CAA TAT GGT GTC TAT GTA GTT GTA GGA ATA ATA ATG TTA AGA ATA GTG ATA TAT GTA ATA 
AY965408_1995                   TTG ACC GTC TGG GGA ACT AAA AAC CTC CAG GCT AGA GTC ACT GCT ATC GAG AAG TAC CTA AAG GAT CAG GCA CAG CTA AAT TCT TGG GGA TGT GCA TTT AGA CAA GTC TGC CAC ACC ACT GTA CCA TGG CCA AAT GAT AGC TTG ACA CCT GAT TGG AAT AAC ATG ACC TGG CAA GAG TGG GAA CGA AAG GTT GAC TTT CTA GAG GCA AAT ATA ACC GAG CTG TTG GAA GAA GCG CAG CTC CAG CAA GAG AAG AAT ATG TAT GAG TTG CAA AAA TTA AAT AGC TGG AGT GTG TTT GGC AAC TGG TTT GAC CTT ACT TCC TGG ATA AAA TAC ATA CAG TAT GGA GTC TAT GTA GTT ATA GGT ATA ATA TTG CTA AGG ATA GTG ATC TAT GTA GTG 
AY965406_1992                   TTG ACC GTC TGG GGA ACT AAA AAC CTC CAG ACT AGA ATC ACT GCT ATT GAG AAG TAC CTA AAG GAT CAG GCA CAG CTA AAT TCT TGG GGA TGT GCA TTT AGA CAA GTC TGC CAC ACC ACT GTA CCA TGG CCA AAT GAT ACT TTG ACA CCT GAT TGG AAT AAT ATG ACC TGG CAG GAG TGG GAA CGA AAG GTT GAC TTT CTA GAG GCA AAT ATA ACC GAG ATG TTG GAA GAA GCA CAG ATC CAA CAA GAG AAA AAC ATG TAT GAG TTG CAA AAA TTA AAT AGC TGG AGT GTG TTT GGC AAT TGG TTT GAC CTT ACT TCC TGG ATA AAA TAC ATA CAG TAT GGA GTC TTT CTA GTT GTA GGT ATA GTA TTG CTA AGG ATA ATA ATC TAT GTA GTG 
AY965409_1995                   CTG ACC GTC TGG GGA ACT AAA AAC CTC CAG ACT AGA GTC ACT GCT ATC GAG AAG TAC CTA AAG GAT CAG GCA CAG CTA AAT TCT TGG GGA TGT GCA TTT AGA CAA GTC TGC CAC ACC ACT GTA CCA TGG CCA AAT GAT ACC TTA ACA CCT GAT TGG AAT AAT ATG ACC TGG CAA GAG TGG GAA CGA AAG GTT GAC TTT CTA GAG GCA AAT ATA ACC TTG ATG TTG GAA GAA GCG CAG GTC CAA CAA GAA AAG AAT ATG TAT GAG TTG CAA AAA TTA AAT AGC TGG AGT GTG TTT GGC AAT TGG TTT GAC CTT ACT TCC TGG ATA AAA TAC ATA CAA TAT GGA GTC TTT CTA GTT GTA GGT ATA ATA TTG TTA AGG ATA GTA ATC TAT GTA GTG 
AY674042_1995                   CTG GCC GTC TGG GGG ACT AAA AAC CTT CAG ACT AGA GTC ACT GCT ATC GAG AAG TAC CTA AAG GAT CAG GCA CAG CTA AAT TCA TGG GGA TGT GCA TTT AGA CAG GTC TGC CAC ACT ACT GTA CCA TGG CCA AAT GAC TCT TTA ACA CCA GAT TGG AAT AAC ATG ACT TGG CAA GAG TGG GAA AGA AAG GTT GAC TTT CTA GAG GCA AAT ATA TCA CAA ATG TTA GAG GAA GCA CAA ATT CAA CAA GAA AAG AAC ATG TAT GAA TTG CAA AAG TTG AAT AGC TGG GAT GTG TTT GGA AAT TGG TTT GAC CTT GCC TCC TGG ATA AGA TAT ATA CAG TAT GGA GTT TAT ATA GTC ATA GGA ATA ATT CTG TTA AGA ATA GTA ATC TAC ATA GTA 
AY674038_1991                   ATG ACC GTC TGG GGA ACT AAA AAC CTT CAG GCT AGA GTC ACT GCT ATC GAG AAG TAC CTA AAG GAT CAG GCA CAG CTA AAT TCA TGG GGA TGT GCA TTT AGA CAG GTC TGC CAC ACT ACT GTA CCA TGG CCA AAT GAC TCT TAT ACA CCA GAT TGG AAT AAC ATG ACT TGG CAA GAG TGG GAA AGA AAG GTT GAC TTT CTA GAG GCA AAT ATA TCA CAA ATG TTG GAG GAA GCA CAA ATT CAA CAA GAA AAG AAC ATG TAT GAA TTG CAA AAG TTG AAT AGC TGG GAT GTG TTT GGT AAT TGG TTT GAC CTT ACC ATC TGG ATA AAA TAT ATA CAG TAT GGG GTT TAT GCA GTC ATA GGA ATA ATT TTG TTA AGA ATA GTA ATC TAC ATA GTA 
AY965416_1986                   CTG ACC GTC TGG GGG ACT AAA AAC CTT CAG ACT AGA GTC ACT GCT ATC GAG AAG TAC CTA AAG GAT CAG GCA CAG CTA AAT TCG TGG GGA TGT GCA TTT AGA CAG GTC TGC CAC ACT ACT GTA CCA TGG CCA AAT GAT TCT TTA ACA CCA GAT TGG AAT AAT ATG ACT TGG CAA GAG TGG GAA AGA AAG GTT GAC TTT CTA GAG GCA AAT ATA TCA CAA ATG TTA GAG GAA GCA CAA ATT CAA CAA GAA AAG AAC ATG TAT GAA TTG CAA AAG TTG AAT AGC TGG GAT GTG TTT GGT AAT TGG TTT GAC CTT GCC TCC TGG ATA AAA TAT ATA CAG TAT GGA GTT TAT GTA GTC ATA GGA GTA ATT TTG TTA AGA ATA GTA ATC TAC ATA GTA 
AY965419_1995                   CTG ACC GTC TGG GGG ACT AAA AAC CTT CAG ACT AGA GTC ACT GCC ATT GAG AAA TAC CTA CAG GAT CAG GCA AAG CTA AAT TCA TGG GGA TGT GCA TTT AGG CAA GTC TGC CAC ACT ACT GTA CCG TGG GTC AAC GAT TCA CTC CAA CCA GAC TGG AAC AAT ATG ACT TGG CAA GAA TGG GAG AAA CAG GTA GCT TAC CTA GAG GCA AAT ATT ACA CAG CAA TTG GAA GAG GCA CAA ATA CTA CAA GAA AAG AAC ATG TAT GAC TTA CAA AAA TTA AAT AGT TGG GAT GTC TTT GGT AAT TGG TTT GAC CTC ACG TCA TGG GTA AAA TAT GTC TAT TTA GGA TTC TAT GTA GTA GCA GGA ATA ATA GTG TTA AGG ATA GTA ATC TAT GTA ATA 



Printing out site pattern counts


        12        342  P

AY965426_1977                   AAA AAA AAA AAC AAC AAC AAC AAG AAG AAG AAT AAT AAT AAT ACA ACA ACA ACC ACC ACC ACT ACT ACT AGA AGA AGA AGC AGG ATA ATA ATA ATA ATA ATC ATG ATG ATT ATT ATT CAA CAA CAA CAA CAC CAG CAG CAG CAG CCA CCA CTA CTA CTA CTA CTC CTC CTG GAA GAA GAA GAA GAC GAC GAG GAG GAG GAT GAT GAT GCA GCA GCA GCC GCC GCG GGA GGA GGA GGA GGC GTA GTA GTA GTA GTA GTA GTC GTC GTC GTG GTG GTT TAC TAT TAT TAT TAT TAT TAT TCA TCG TCT TGC TGG TGT TTA TTA TTA TTA TTA TTG TTG TTT TTT 
AY965421_1979                   ... ... ... ... ... ... ... ... ... ... ... ... ... ... ... ... G.. ... ... C.. ... ... ... ... ... ... ... ... ... ... ... ... ... ... ... ... ..C ... ... ... ... ... ... ... ... ... ... .C. ... ... ... ... ... ... ... ... ... ... ... ... ... ... ... ... ... ... ... ... ... ... ... ..C ... ... ... ... ... ... ... ... ... ... ... ... ... ... ... ... ... A.. ... ... ... ... ... ... ... ... ... ... ... ... ... ... ... C.. ... ... ... ... ... ... ... ... 
AY965427_1976                   ..G ..G ..G ... ... ..T ..T ... ... ... ..C ... ... .G. ... ..T ... ... ..T G.T ..A ... ... ... ... C.. ... ..A ... ... ... ... ... ... ... GA. ..C ..A ... ... ... ... ... ..T ..A ... ... ..A ... ... ... ..T T.G T.G ... ..T ... CC. ... ... ..G ... ... ..A ... ... ..C ... ... .A. ..G ... AAT ... ..A ... ... ... ... ... A.. ... ..G ..G ..T ..T ..A ... ... C.A ..A ... ... ... ... ... ... ... .TC G.T A.. ... ... ... ... GCC A.. ... ... ... C.. ..A ... ... 
AY965429_1995                   ... ... .G. ... ... ..T ..T ..A ... ... ..C ..C ... .G. ... ..T GAT ... ..T G.T ..A ... ... ... ... C.. ... ..A ... ... ... ... ... ..A ... ... ..C G.A ... ... ... ... ... ... ... ... ... ..A ... ... ... A.G ... T.G ... ..T ... CC. ... ..G ... ... ..T ... ... ... ..C ... ... ... ... ... AAT ... ..A ... ... ... ..T ... ... ... ... ..G ..G ..G ..A ... ... C.. ..A ... ... ... ... ... ... ... .T. ..T A.A ... ... ... ... GCT G.. C.. ... ... A.. ... ..C ... 
AY965401_2002                   ... ..G .G. ... ... ..T ..T ..A ... ... ..C ..C ... .G. ... ..T GAT ... ..T G.T ..A ... ... ... ... C.. ... ..A ... ... ... ... ... ..A ... ... ..C ..A ... ... ... ... ... ... ... ..A ... ..A ... ... ... T.G ... T.G ... ..T ... CC. ... ..G ... ... ..T ... ... ... ..C ..C ... ... ... ... AAT ... ..A ... ... ... ..T ... ... ... ... ..G ..C ..T ..A ... ... C.. A.A ... ... ... ... ... ... ... .T. ..T A.A ... ... ... ... ACT G.. C.. ... ... A.. ... ..C ... 
AY965408_1995                   ... ... ... ... ..T ... ... ... ... ... ... ... ... .GC ... G.T GAT ... ... ..T ... ..C ... ... ..G C.. ... ..A ... ... ... ... ... ... ... ... ..C ..A C.C ... ... ..G ..G ... ..A ... ... ... ... ..T ... ..G ... T.. ... ..T T.. CC. ..G ... ... ... ..T ... ... ... ..C ... AG. ... ... ..G AAT ..T ..A ... ... ..T ... ... ... A.. ..G ..G ..C ..T ..A ... ... T.. ... ... ... ..C ... ... ... ... .T. ..T A.C ..C ... ... ... GAG G.. ..G C.. C.. ... ... ... ... 
AY965406_1992                   ... ... ... ... ... ..T ..T ... ..A ... ... ... ... .C. ... ..T GAT ... ... ..T ... ..C ... ... ..G C.. ... ..A ... ... ... ... G.. ... ... ... ... ..A ..C ... ..G ... ..G ... ..A ... ... ... ... ..T ... A.G ... T.. ... ..T T.. CC. ..G ... ... ... ..T ... ... ... ..C ... AG. ... ... ... AAT ..T ..A ... ... ..T ... ... ... ... ..G A.. ..C ..T ..A A.. ... T.. ... ... ... ..C ... ... ... .T. .T. ..T A.C ..C ... ... ... GAG C.. ..G C.. C.. ... ... ... ... 
AY965409_1995                   ... ... ... ... ..T ..T ..T ... ... ... ... ... ... .CC ... ..T GAT ... ... ..T ... ..C ... ... ..G C.. ... ..A ... ... ... ... ... ... ... ... ..C ..A G.C ... ... ... ..G ... ..A ... ... ..A ... ..T ... A.G ... T.. ... ..T ... CC. ... ... ... ... ..T ... ... ... ..C ... AG. ... ... ..G AAT ..T ..A ... ... ..T ... ... ... ... ..G ... ..C ..T ..A ... ... T.A ... ... ... ..C ... ... ... .T. .T. ..T A.C ..C ... ... ... ..G C.. ..G C.. ... ... ... ... ... 
AY674042_1995                   ... ..G .G. ... ... ... ..T ... ... ... ... ... ... TC. ... ..T GAC G.. ..T G.. ... ... ... ... ... ... ... ..A ... ... ... ... ..T ... ... ... ..C ..A ... ... ... ... ... ... ... ... ... ... ... ... ... A.G ... T.G ..T ..T ... CC. ... ..G ... ... ..T ..A ... ... ..C ... ... ... ... ... AAT ..T ..A ... ..G ... ... ..A A.. A.. ..G ... ..T ..C ..A ... ... T.A ..A ... ... ... ..C ... ... ... .T. ... ..A ..C ... ... ... CA. A.. ... C.. ... C.. ... ... ... 
AY674038_1991                   ... ..G ... ... ... ... ..T ... ... ... ... ... ... TC. ... G.T GAC ... ..T ... ... ... ... ... ... ... ... ..A ... ... ... ... ..T ... ... ... ..C ..A ... ... ... ... ... ... ... ... ... ... ... ... ... A.G ... T.G ..T ..T A.. CC. ... ..G ... ... ..T ..A ... ... ..C ... ... ... ... ... AAT ..T ..A ... ... ... ..G ..T A.. A.. ..G ... ..T ..C ..A ... ... TAT ..A ... ... ... ..C ... ... ... .T. ... ..A ATC ... ... ... CA. GC. ..G C.. ... ... ... ... ... 
AY965416_1986                   ... ..G ... ... ... ..T ..T ... ... ... ... ... ... TC. ... ..T GAT ... ..T G.. ... ... ... ... ... ... ... ..A ... ... ... ... ..T ... ... ... ..C G.A ... ... ... ... ... ... ... ... ... ... ... ... ... A.G ... T.G ..T ..T ... CC. ... ..G ... ... ..T ..A ... ... ..C ... ... ... ... ... AAT ..T ..A ... ..G ... ... ..T A.. A.. ..G ... ..T ..C ..A ... ... T.A ..A ... ... ... ..C ... ... ... .T. ..G ..A ..C ... ... ... CA. G.. ... C.. ... ... ... ... ... 
AY965419_1995                   ... ... ... ... ... ..T ..T ..A ... C.. ..C ... ... TCA CA. ..T GAT ... ..T ..G ... ... ... ... ..G .A. ..T ... ... ..T G.. G.C ... ... ... ... ... ..A ..A ... ... .T. ... ... ..A A.. ... T.T GTC ... ... .A. ... T.. ..T ... ... CCG ... ... ..G .CT ..T ..C ..A ... ..C ..C ... ... ... ... AA. ... ..A ... ..G ... ... ..T ... .C. ..C ... T.C ... ..A ... ... C.C A.A ..A ... ... ... ... .TA ... ..C ... A.A ..A ... ... ... CAG G.. ..G C.. ... G.. ..A ... ... 

    1    1    1    1    1    1    1    1    1    2    1    1    2    1    1
    1    1    1    1    1    1    1    2    1    1    1    1    1    1    1
    1    1    1    1    1    1    1    1    1    2    1    1    1    1    1
    1    2    1    1    1    1    1    1    1    1    1    1    1    1    1
    2    1    1    1    1    2    1    1    1    1    1    1    1    1    1
    1    1    1    1    1    1    1    1    1    1    1    1    1    2    1
    1    1    1    1    1    1    1    1    1    1    1    1    1    9    1
    1    1    1    1    1    1    1    1    2

CODONML (in paml version 4.8, March 2014)  boot_dat.fasta
Model: One dN/dS ratio for branches, dGamma (ncatG=4) 
Codon frequency model: Fcodon
Warning: Gamma model for codons.  See documentation.ns =  12  ls = 131

Codon usage in sequences
--------------------------------------------------------------------------------------------------------------------------------------
Phe TTT   3   3   3   3   3   4 | Ser TCT   1   1   1   2   2   1 | Tyr TAT   6   6   5   5   5   4 | Cys TGT   1   1   1   1   1   1
    TTC   0   0   1   1   1   0 |     TCC   0   0   0   0   0   1 |     TAC   1   1   1   1   1   2 |     TGC   1   1   1   1   1   1
Leu TTA   5   4   4   2   2   1 |     TCA   1   1   0   0   0   0 | *** TAA   0   0   0   0   0   0 | *** TGA   0   0   0   0   0   0
    TTG   2   2   2   2   3   5 |     TCG   1   1   0   0   0   0 |     TAG   0   0   0   0   0   0 | Trp TGG   9   9   9   9   9   9
--------------------------------------------------------------------------------------------------------------------------------------
Leu CTT   0   0   2   1   1   1 | Pro CCT   0   0   0   0   0   1 | His CAT   0   0   1   0   0   0 | Arg CGT   0   0   0   0   0   0
    CTC   2   2   1   1   1   2 |     CCC   0   1   0   0   0   0 |     CAC   1   1   0   1   1   1 |     CGC   0   0   0   0   0   0
    CTA   4   5   2   3   3   4 |     CCA   2   2   3   3   3   2 | Gln CAA   5   5   7   6   7   4 |     CGA   0   0   1   1   1   1
    CTG   1   1   2   2   2   1 |     CCG   0   1   0   0   0   0 |     CAG   5   4   3   4   3   6 |     CGG   0   0   0   0   0   0
--------------------------------------------------------------------------------------------------------------------------------------
Ile ATT   3   2   1   1   1   0 | Thr ACT   4   4   5   5   6   4 | Asn AAT   5   5   6   5   5   6 | Ser AGT   0   0   1   1   1   1
    ATC   1   2   2   1   1   2 |     ACC   3   2   1   1   1   4 |     AAC   4   4   3   4   4   3 |     AGC   1   1   1   1   1   2
    ATA   5   5   8   6   8   7 |     ACA   3   2   3   3   3   1 | Lys AAA   3   3   0   3   2   3 | Arg AGA   3   3   3   4   4   2
Met ATG   2   3   1   4   3   2 |     ACG   0   0   1   0   0   0 |     AAG   4   4   7   3   4   4 |     AGG   1   1   0   0   0   1
--------------------------------------------------------------------------------------------------------------------------------------
Val GTT   1   1   3   1   2   2 | Ala GCT   0   0   2   2   1   2 | Asp GAT   3   3   2   4   3   3 | Gly GGT   0   0   0   1   1   1
    GTC   4   4   3   3   4   4 |     GCC   2   3   2   1   1   0 |     GAC   2   2   3   2   3   2 |     GGC   1   1   1   1   1   1
    GTA   6   6   3   7   5   3 |     GCA   3   3   2   4   4   3 | Glu GAA   5   5   4   3   3   3 |     GGA   4   4   4   3   3   3
    GTG   2   1   2   3   1   3 |     GCG   1   1   1   0   0   1 |     GAG   4   4   6   5   5   6 |     GGG   0   0   0   0   0   0
--------------------------------------------------------------------------------------------------------------------------------------

--------------------------------------------------------------------------------------------------------------------------------------
Phe TTT   5   5   4   4   4   3 | Ser TCT   1   1   1   1   1   0 | Tyr TAT   3   3   4   5   4   5 | Cys TGT   1   1   1   1   1   1
    TTC   0   0   0   0   0   1 |     TCC   1   1   1   0   1   0 |     TAC   2   2   2   2   2   2 |     TGC   1   1   1   1   1   1
Leu TTA   1   3   3   1   3   4 |     TCA   0   0   2   2   1   3 | *** TAA   0   0   0   0   0   0 | *** TGA   0   0   0   0   0   0
    TTG   5   4   2   4   3   1 |     TCG   0   0   0   0   1   0 |     TAG   0   0   0   0   0   0 | Trp TGG   9   9   9   9   9   9
--------------------------------------------------------------------------------------------------------------------------------------
Leu CTT   1   1   2   2   2   1 | Pro CCT   1   1   0   0   0   0 | His CAT   0   0   0   0   0   0 | Arg CGT   0   0   0   0   0   0
    CTC   1   1   0   0   0   2 |     CCC   0   0   0   0   0   0 |     CAC   1   1   1   1   1   1 |     CGC   0   0   0   0   0   0
    CTA   5   4   3   3   3   4 |     CCA   2   2   3   3   3   1 | Gln CAA   4   6   6   6   6   7 |     CGA   1   1   0   0   0   0
    CTG   0   1   2   0   1   1 |     CCG   0   0   0   0   0   1 |     CAG   6   4   5   5   5   5 |     CGG   0   0   0   0   0   0
--------------------------------------------------------------------------------------------------------------------------------------
Ile ATT   1   0   2   2   2   2 | Thr ACT   6   5   6   5   6   6 | Asn AAT   7   8   6   6   7   5 | Ser AGT   1   1   0   0   0   1
    ATC   3   2   2   3   2   1 |     ACC   4   5   0   2   1   1 |     AAC   2   1   3   3   2   4 |     AGC   1   1   1   1   1   0
    ATA   6   6   8   7   6   5 |     ACA   1   1   1   1   1   1 | Lys AAA   4   3   1   2   2   5 | Arg AGA   2   2   5   4   4   1
Met ATG   3   3   3   4   3   2 |     ACG   0   0   0   0   0   1 |     AAG   3   4   5   5   5   2 |     AGG   1   1   0   0   0   2
--------------------------------------------------------------------------------------------------------------------------------------
Val GTT   2   2   2   2   2   0 | Ala GCT   1   1   1   2   1   1 | Asp GAT   3   3   3   3   4   3 | Gly GGT   1   1   0   1   1   1
    GTC   3   5   4   4   4   6 |     GCC   0   0   2   0   1   1 |     GAC   2   2   3   3   2   3 |     GGC   1   1   0   0   0   0
    GTA   4   4   3   3   5   7 |     GCA   4   3   4   5   4   5 | Glu GAA   3   4   4   4   4   3 |     GGA   3   3   4   3   3   3
    GTG   2   2   1   1   1   1 |     GCG   0   1   0   0   0   0 |     GAG   6   4   4   4   4   4 |     GGG   0   0   1   1   1   1
--------------------------------------------------------------------------------------------------------------------------------------

Codon position x base (3x4) table for each sequence.

#1: AY965426_1977  
position  1:    T:0.23664    C:0.15267    A:0.32061    G:0.29008
position  2:    T:0.31298    C:0.16031    A:0.36641    G:0.16031
position  3:    T:0.20611    C:0.17557    A:0.37405    G:0.24427
Average         T:0.25191    C:0.16285    A:0.35369    G:0.23155

#2: AY965421_1979  
position  1:    T:0.22901    C:0.16794    A:0.31298    G:0.29008
position  2:    T:0.31298    C:0.16794    A:0.35878    G:0.16031
position  3:    T:0.19847    C:0.19084    A:0.36641    G:0.24427
Average         T:0.24682    C:0.17557    A:0.34606    G:0.23155

#3: AY965427_1976  
position  1:    T:0.21374    C:0.16794    A:0.32824    G:0.29008
position  2:    T:0.30534    C:0.16031    A:0.36641    G:0.16794
position  3:    T:0.25191    C:0.15267    A:0.33588    G:0.25954
Average         T:0.25700    C:0.16031    A:0.34351    G:0.23919

#4: AY965429_1995  
position  1:    T:0.20611    C:0.16794    A:0.32061    G:0.30534
position  2:    T:0.31298    C:0.16031    A:0.35115    G:0.17557
position  3:    T:0.24427    C:0.14504    A:0.36641    G:0.24427
Average         T:0.25445    C:0.15776    A:0.34606    G:0.24173

#5: AY965401_2002  
position  1:    T:0.21374    C:0.16794    A:0.33588    G:0.28244
position  2:    T:0.31298    C:0.16031    A:0.35115    G:0.17557
position  3:    T:0.24427    C:0.16031    A:0.36641    G:0.22901
Average         T:0.25700    C:0.16285    A:0.35115    G:0.22901

#6: AY965408_1995  
position  1:    T:0.22137    C:0.17557    A:0.32061    G:0.28244
position  2:    T:0.31298    C:0.15267    A:0.35878    G:0.17557
position  3:    T:0.23664    C:0.19084    A:0.28244    G:0.29008
Average         T:0.25700    C:0.17303    A:0.32061    G:0.24936

#7: AY965406_1992  
position  1:    T:0.22137    C:0.16794    A:0.34351    G:0.26718
position  2:    T:0.32061    C:0.16031    A:0.35115    G:0.16794
position  3:    T:0.25954    C:0.16794    A:0.30534    G:0.26718
Average         T:0.26718    C:0.16539    A:0.33333    G:0.23410

#8: AY965409_1995  
position  1:    T:0.22901    C:0.16794    A:0.32824    G:0.27481
position  2:    T:0.32824    C:0.16031    A:0.34351    G:0.16794
position  3:    T:0.25191    C:0.17557    A:0.32061    G:0.25191
Average         T:0.26972    C:0.16794    A:0.33079    G:0.23155

#9: AY674042_1995  
position  1:    T:0.22901    C:0.16794    A:0.32824    G:0.27481
position  2:    T:0.31298    C:0.16031    A:0.35878    G:0.16794
position  3:    T:0.24427    C:0.15267    A:0.35878    G:0.24427
Average         T:0.26209    C:0.16031    A:0.34860    G:0.22901

#10: AY674038_1991  
position  1:    T:0.22901    C:0.15267    A:0.34351    G:0.27481
position  2:    T:0.30534    C:0.16031    A:0.37405    G:0.16031
position  3:    T:0.25954    C:0.15267    A:0.33588    G:0.25191
Average         T:0.26463    C:0.15522    A:0.35115    G:0.22901

#11: AY965416_1986  
position  1:    T:0.23664    C:0.16031    A:0.32061    G:0.28244
position  2:    T:0.31298    C:0.16031    A:0.36641    G:0.16031
position  3:    T:0.26718    C:0.13740    A:0.34351    G:0.25191
Average         T:0.27226    C:0.15267    A:0.34351    G:0.23155

#12: AY965419_1995  
position  1:    T:0.22901    C:0.17557    A:0.29771    G:0.29771
position  2:    T:0.31298    C:0.16031    A:0.37405    G:0.15267
position  3:    T:0.22137    C:0.17557    A:0.37405    G:0.22901
Average         T:0.25445    C:0.17048    A:0.34860    G:0.22646

Sums of codon usage counts
------------------------------------------------------------------------------
Phe F TTT      44 | Ser S TCT      13 | Tyr Y TAT      55 | Cys C TGT      12
      TTC       4 |       TCC       5 |       TAC      19 |       TGC      12
Leu L TTA      33 |       TCA      10 | *** * TAA       0 | *** * TGA       0
      TTG      35 |       TCG       3 |       TAG       0 | Trp W TGG     108
------------------------------------------------------------------------------
Leu L CTT      14 | Pro P CCT       3 | His H CAT       1 | Arg R CGT       0
      CTC      13 |       CCC       1 |       CAC      11 |       CGC       0
      CTA      43 |       CCA      29 | Gln Q CAA      69 |       CGA       6
      CTG      14 |       CCG       2 |       CAG      55 |       CGG       0
------------------------------------------------------------------------------
Ile I ATT      17 | Thr T ACT      62 | Asn N AAT      71 | Ser S AGT       7
      ATC      22 |       ACC      25 |       AAC      37 |       AGC      12
      ATA      77 |       ACA      21 | Lys K AAA      31 | Arg R AGA      37
Met M ATG      33 |       ACG       2 |       AAG      50 |       AGG       7
------------------------------------------------------------------------------
Val V GTT      20 | Ala A GCT      14 | Asp D GAT      37 | Gly G GGT       8
      GTC      48 |       GCC      13 |       GAC      29 |       GGC       8
      GTA      56 |       GCA      44 | Glu E GAA      45 |       GGA      40
      GTG      20 |       GCG       5 |       GAG      56 |       GGG       4
------------------------------------------------------------------------------


Codon position x base (3x4) table, overall

position  1:    T:0.22455    C:0.16603    A:0.32506    G:0.28435
position  2:    T:0.31361    C:0.16031    A:0.36005    G:0.16603
position  3:    T:0.24046    C:0.16476    A:0.34415    G:0.25064
Average         T:0.25954    C:0.16370    A:0.34309    G:0.23367

Codon frequencies under model, for use in evolver (TTT TTC TTA TTG ... GGG):
  0.02798982  0.00254453  0.02099237  0.02226463
  0.00826972  0.00318066  0.00636132  0.00190840
  0.03498728  0.01208651  0.00000000  0.00000000
  0.00763359  0.00763359  0.00000000  0.06870229
  0.00890585  0.00826972  0.02735369  0.00890585
  0.00190840  0.00063613  0.01844784  0.00127226
  0.00063613  0.00699746  0.04389313  0.03498728
  0.00000000  0.00000000  0.00381679  0.00000000
  0.01081425  0.01399491  0.04898219  0.02099237
  0.03944020  0.01590331  0.01335878  0.00127226
  0.04516539  0.02353690  0.01972010  0.03180662
  0.00445293  0.00763359  0.02353690  0.00445293
  0.01272265  0.03053435  0.03562341  0.01272265
  0.00890585  0.00826972  0.02798982  0.00318066
  0.02353690  0.01844784  0.02862595  0.03562341
  0.00508906  0.00508906  0.02544529  0.00254453



Nei & Gojobori 1986. dN/dS (dN, dS)
(Note: This matrix is not used in later ML. analysis.
Use runmode = -2 for ML pairwise comparison.)

AY965426_1977       
AY965421_1979        0.3622 (0.0131 0.0362)
AY965427_1976        0.0727 (0.0584 0.8030) 0.0830 (0.0661 0.7962)
AY965429_1995        0.1096 (0.0654 0.5964) 0.1062 (0.0642 0.6046) 0.0980 (0.0433 0.4416)
AY965401_2002        0.0872 (0.0619 0.7092) 0.0845 (0.0607 0.7185) 0.0995 (0.0450 0.4521) 0.2095 (0.0130 0.0623)
AY965408_1995        0.0814 (0.0625 0.7674) 0.0899 (0.0660 0.7341) 0.0545 (0.0536 0.9840) 0.0512 (0.0381 0.7446) 0.0502 (0.0398 0.7940)
AY965406_1992        0.0932 (0.0677 0.7257) 0.0901 (0.0712 0.7902) 0.0777 (0.0676 0.8702) 0.0692 (0.0466 0.6736) 0.0803 (0.0553 0.6880) 0.2803 (0.0347 0.1237)
AY965409_1995        0.0718 (0.0537 0.7483) 0.0806 (0.0590 0.7315) 0.0869 (0.0618 0.7119) 0.0682 (0.0410 0.6010) 0.0766 (0.0467 0.6095) 0.2565 (0.0297 0.1158) 0.1355 (0.0196 0.1450)
AY674042_1995        0.1099 (0.0641 0.5834) 0.1210 (0.0659 0.5448) 0.0963 (0.0553 0.5743) 0.0757 (0.0381 0.5030) 0.0788 (0.0415 0.5265) 0.0635 (0.0466 0.7347) 0.0736 (0.0500 0.6790) 0.0703 (0.0432 0.6145)
AY674038_1991        0.1300 (0.0762 0.5859) 0.1492 (0.0816 0.5465) 0.1262 (0.0805 0.6382) 0.1292 (0.0628 0.4861) 0.1301 (0.0663 0.5095) 0.0786 (0.0498 0.6338) 0.1090 (0.0636 0.5836) 0.0983 (0.0568 0.5771) 0.5637 (0.0362 0.0641)
AY965416_1986        0.0989 (0.0606 0.6122) 0.1090 (0.0623 0.5721) 0.0958 (0.0553 0.5765) 0.0682 (0.0313 0.4591) 0.0861 (0.0415 0.4813) 0.0563 (0.0398 0.7064) 0.0780 (0.0465 0.5968) 0.0738 (0.0398 0.5391) 0.2059 (0.0130 0.0631) 0.3780 (0.0294 0.0779)
AY965419_1995        0.1539 (0.1260 0.8189) 0.1494 (0.1289 0.8629) 0.1606 (0.1355 0.8434) 0.1353 (0.1156 0.8546) 0.1095 (0.1013 0.9251) 0.1048 (0.1162 1.1090) 0.1391 (0.1240 0.8909) 0.1386 (0.1166 0.8413) 0.1440 (0.1126 0.7820) 0.1500 (0.1202 0.8010) 0.1458 (0.1050 0.7203)


TREE #  1:  ((12, (2, 1)), ((((8, 6), 7), ((4, 5), 3)), (10, (11, 9))));   MP score: 221
This is a rooted tree.  Please check!
lnL(ntime:  0  np:  3):  -1709.315504      +0.000000
 3.658373 0.075949 0.126847
SEs for parameters:
 0.519605 0.008841 0.002040

tree length = 517.06450

((12: 79.600444, (2: 7.206123, 1: 5.206123): 56.394321): 0.487021, ((((8: 21.479410, 6: 21.479410): 1.771841, 7: 20.251250): 49.733644, ((4: 8.736320, 5: 15.736320): 48.939348, 3: 38.675668): 15.309226): 6.776272, (10: 29.682860, (11: 9.511428, 9: 18.511428): 15.171431): 46.078307): 0.326299);

((AY965419_1995: 79.600444, (AY965421_1979: 7.206123, AY965426_1977: 5.206123): 56.394321): 0.487021, ((((AY965409_1995: 21.479410, AY965408_1995: 21.479410): 1.771841, AY965406_1992: 20.251250): 49.733644, ((AY965429_1995: 8.736320, AY965401_2002: 15.736320): 48.939348, AY965427_1976: 38.675668): 15.309226): 6.776272, (AY674038_1991: 29.682860, (AY965416_1986: 9.511428, AY674042_1995: 18.511428): 15.171431): 46.078307): 0.326299);

Detailed output identifying parameters

kappa (ts/tv) =  3.65837

omega (dN/dS) =  0.07595

alpha (gamma, K = 4) =  0.12685
rate:   0.00001  0.00465  0.17150  3.82384
freq:   0.25000  0.25000  0.25000  0.25000
dN & dS for each branch

 branch          t       N       S   dN/dS      dN      dS  N*dN  S*dS

  13..14     0.487   284.4   108.6  0.0759  0.0372  0.4899  10.6  53.2
  14..12    79.600   284.4   108.6  0.0759  6.0814 80.0722 1729.4 8698.3
  14..15    56.394   284.4   108.6  0.0759  4.3085 56.7286 1225.2 6162.5
  15..2      7.206   284.4   108.6  0.0759  0.5505  7.2488 156.6 787.4
  15..1      5.206   284.4   108.6  0.0759  0.3977  5.2370 113.1 568.9
  13..16     0.326   284.4   108.6  0.0759  0.0249  0.3282   7.1  35.7
  16..17     6.776   284.4   108.6  0.0759  0.5177  6.8164 147.2 740.5
  17..18    49.734   284.4   108.6  0.0759  3.7996 50.0284 1080.5 5434.6
  18..19     1.772   284.4   108.6  0.0759  0.1354  1.7823  38.5 193.6
  19..8     21.479   284.4   108.6  0.0759  1.6410 21.6067 466.6 2347.2
  19..6     21.479   284.4   108.6  0.0759  1.6410 21.6067 466.6 2347.2
  18..7     20.251   284.4   108.6  0.0759  1.5472 20.3713 440.0 2212.9
  17..20    15.309   284.4   108.6  0.0759  1.1696 15.4000 332.6 1672.9
  20..21    48.939   284.4   108.6  0.0759  3.7389 49.2294 1063.2 5347.8
  21..4      8.736   284.4   108.6  0.0759  0.6674  8.7881 189.8 954.7
  21..5     15.736   284.4   108.6  0.0759  1.2022 15.8296 341.9 1719.6
  20..3     38.676   284.4   108.6  0.0759  2.9548 38.9049 840.2 4226.3
  16..22    46.078   284.4   108.6  0.0759  3.5203 46.3514 1001.1 5035.2
  22..10    29.683   284.4   108.6  0.0759  2.2677 29.8588 644.9 3243.6
  22..23    15.171   284.4   108.6  0.0759  1.1591 15.2614 329.6 1657.9
  23..11     9.511   284.4   108.6  0.0759  0.7267  9.5678 206.6 1039.4
  23..9     18.511   284.4   108.6  0.0759  1.4142 18.6211 402.2 2022.8

tree length for dN:      39.5031
tree length for dS:     520.1292


Time used:  0:05
