     31    333

DQ910745_2003                   ACT ATC CGG CAT TCC AGA ATG GAG TAC TCA AGG CCT ACC ATG AGT ATA AGA TCA CAG GTT GTA TCT TAC AGT TCG TCA GCG AGG CCT CTT CCA CAG CAG CCG GTT CCA TCG CTT ATG AAT TGG ACC CCC ATT GCA AAA TCT CTT CGC TCG CAT CAA CCA ACA ATA AGT TCA CAA TCA CCA AAA CTG GTG CGA GGA GCT TCC CAG CGA AGA ??? TTA ACG GGT ??? AGT GGC ACC CTT CAG ACG AAG ATC AAT TCC GTA TCC TCT ATA AAG GGA ACG GTG CCT CTT CCG ??? CTG GTT CTT TCA AGA TTA CAC TTC GTG TAC AGC TGC AAA ACC 
DQ988106_2004                   ACT ATC CGG CAT TCC AGA ATG GAG TAC TCA AGG CCT ACC ATG AGT ATA AGA TCA CAG GTT GTA TCT TAC AGT TCG TCA GCG AGG CCT CTT CCA CAG CAG CCG GTT CCA TCG CTT ATG AAT TGG ACC CCC ATT GCA AAA TCT CTT CGC TCG CAT CAA CCA ACA ATA AGT TCA CAA TCA CCA AAA CTG GTG CGA GGA GCT TCC CAG CGA AGA ??? TTA ACG GGT ??? AGT GGC ACC CTT CAG ACG AAG ATC AAT TCC GTA TCC TCT ATA AAG GGA ACG GTG CCT CTT CCG ??? CTG GTT CTT TCA AGA TTA CAC TTC GTG TAC AGC TAC AAA ACC 
DQ115534_1925                   ACT ATC CGG CAT TCC AGA ATG GAG TAC TCA AGG CCT ACC ATG AGT ATA AGA TCA CAG GTT GTA TCT TAC AGT TCG TCA GCG AGG CCT CTT CCA CAG CAG CCG GTT CCA TCG CTT ATG AAT TGG ACC CCC ATT GCA AAA TCT CTT CGC TCG CAT CAA CCA ACA ATA AGT TCA CAA TCA CCA AAA CTG GTG CGA GGA GCT TCC CAG CGA AGA ??? TTA ACG GGT ??? AGT GGC ACC CTT CAG ACG AAG ATC AAT TCC GTA TCC TCT ATA AAG GGA ACG GTG CCT CTT CCG ??? CTG GTT CTT TCA AGA TTA CAC TTC GTG TAC AGC TAC AAA ACC 
DQ910740_2003                   ACT ATC CGG CAT TCC AGA ATG GAG TAC TCA AGG CCT ACC ATG AGT ATA AGA TCA CAG GTT GTA TCT TAC AGT TCG TCA GCG AGG CCT CTT CCA CAG CAG CCG GTT CCA TCG CTT ATG AAT TGG ACC CCC ATT GCA AAA TCT CTT CGC TCG CAT CAA --- --- ATA AGT TCA CAA TCA CCA AAA CTG GAG CGA GGA GCT TCC CAG CGA AGA ??? TTA ACG GGC ??? AGT GGC ACC CTT CAG ACG AAG ATC AAT TCC GTA TCC TCT ATA AAG GGA ACG GTG CCT CTT CCG ??? CTG GTT CTT TCA AGA TTA CAC TTC GTG TAC AGC TAC AAA ACC 
DQ910732_2002                   ACT ATC CGG CAT TCC AGA ATG GAG TAC TCA AGG CCT ACC ATG AGT ATA AGA TCA CAG GTT GTA TCT TAC AGT TCG TCA GCG AGG CCT CTT CCA CAG CAG CCG GTT CCA TCG CTT ATG AAT TGG ACC CCC ATT GCA AAA TCT CTT CGC TCG CAT CAA CCA ACA ATA AGT TCA CAA TCA CCA AAA CTG GTG CGA GGA GCT TCC CAG CGA AGA ??? TTA ACG GGT ??? AGT GGC ACC CTT CAG ACG AAG ATC AAT TCC GTA TCC TCT ATA AAG GGA ACG GTG CCT CTT CCG ??? CTG GTT CTT TCA AGA TTA CAC TTC GTG TAC AGC TAC AAA ACC 
DQ910734_2002                   ACT ATC CGG CAT TCC AGA ATG GAG TAC TCA AGG CCT ACC ATG AGT ATA AGA TCA CAG GTT GTA TCT TAC AGT TCG TCA GCG AGG CCT CTT CCA CAG CAG CCG GTT CCA TCG CTT ATG AAT TGG ACC CCC ATT GCA AAA TCT CTT CGC TCG CAT CAA CCA ACA ATA AGT TCA CAA TCA CCA AAA CTG GTG CGA GGA GCT TCC CAG CGA AGA ??? TTA ACG GGT ??? AGT GGC ACC CTT CAG ACG AAG ATC AAT TCC GTA TCC TCT ATA AAG GGA ACG GTG CCT CTT CCG ??? CTG GTT CTT TCA AGA TTA CAC TTC GTG TAC AGC TAC AAA ACC 
DQ910739_2002                   ACT ATC CGG CAT TCC AGA ATG GAG TAC TCA AGG CCT ACC ATG AGT ATA AGA TCA CAG GTT GTA TCT TAC AGT TCG TCA GCG AGG CCT CTT CCA CAG CAG CCG GTT CCA TCG CTT ATG AAT TGG ACC CCC ATT GCA AAA TCT CTT CGC TCG CAT CAA CCA ACA ATA AGT TCA CAA TCA CCA AAA CTG GTG CGA GGA GCT TCC CAG CGA AGA ??? TTA ACG GGT ??? AGT GGC ACC CTT CAG ACG AAG ATC AAT TCC GTA TCC TCT ATA AAG GGA ACG GTG CCT CTT CCG ??? CTG GTT CTT TCA AGA TTA CAC TTC GTG TAC AGC TAC AAA ACC 
DQ910756_2004                   ACT ATC CGG CAT TCC AGA ATG GAG TAC TCA AGG CCT ACC ATG AGT ATA AGA TCA CAG GTT GTA TCT TAC AGT TCG TCA GCG AGG CCT CTT CCA CAG CAG CCG GTT CCA TCG CTT ATG AAT TGG ACC CCC ATT GCA AAA TCT CTT CGC TCG CAT CAA CCA ACA ATA AGT TCA CAA TCA CCA AAA CTG GTG CGA GGA GCT TCC CAG CGA AGA ??? TTA ACG GGT ??? AGT GGC ACC CTT CAG ACG AAG ATC AAT TCC GTA TCC TCT ATA AAG GGA ACG GTG CCT CTT CCG ??? CTG GTT CTT TCA AGA TTA CAC TTC GTG TAC AGC TAC AAA AC- 
DQ988084_2002                   ACT ATC CGG CAT TCC AGA ATG GAG TAC TCA AGG CCT ACC ATG AGT ATA AGA TCA CAG GTT GTA TCT TAC AGT TCG TCA GCG AGG CCT CTT CCA CAG CAG CCG GTT CCA TCG CTT ATG AAT TGG ACC CCC ATT GCA AAA TCT CTT CGC TCG CAT CAA CCA ACA ATA AGT TCA CAA TCA CCA AAA CTG GTG CGA GGA GCT TCC CAG CGA AGA ??? TTA ACG GGT ??? AGT GGC ACC CTT CAG ACG AAG ATC AAT TCC GTA TCC TCT ATA AAG GGA ACG GTG CCT CTT CCG ??? CTG GTT CTT TCA AGA TTA CAC TTC GTG TAC AGC TAC AAA ACC 
DQ910760_2004                   ACT ATC CGG CAT TCC AGA ATG GAG TAC TCA AGG CCT ACC ATG AGT ATA AGA TCA CAG GTT GTA TCT TAC AGT TCG TCA GCG AGG CCT CTT CCA CAG CAG CCG GTT CCA TCG CTT ATG AAT TGG ACC CCC ATT GCA AAA TCT CTT CGC TCG CAT CAA CCA ACA ATA AGT TCA CAA TCA CCA AAA CTG GTG CGA GGA GCT TCC CAG CGA AGA ??? TTA ACG GGT ??? AGT GGC ACC CTT CAG ACG AAG ATC AAT TCC GTA TCC TCT ATA AAG GGA ACG GTG CCT CTT CCG ??? CTG GTT CTT TCA AGA TTA CAC TTC GTG TAC AGC TAC AAA ACC 
DQ910733_2002                   ACT ATC CGG CAT TCC AGA ATG GAG TAC TCA AGG CCT ACC ATG AGT ATA AGA TCA CAG GTT GTG TCT TAC AGT TCG TCA GCG AGG CCT CTT CCA CAG CAG CCG GTT CCA TCG CTT ATG AAT TGG ACC CCC ATT GCA AAA TCT CTT CGC TCG CAT CAA CCA ACA ATA AGT TCA CAA TCA CCA AAA CTG GTG CGA GGA GCT TCC CAG CGA AGA ??? TTA ACG GGT ??? AGT GGC ACC CTT CAG ACG AAG ATC AAT TTC GTA TTC TCT ATA AAG GGA ACG GTG CCT CTT CCG ??? CTG GTT CTT TCA AGA TTA CAC TTC GTG TAC AGC TAC AAA ACC 
DQ988085_2002                   ACT ATC CGG CAT TCC AGA ATG GAG TAC TCA AGG CCT ACC ATG AGT ATA AGA TCA CAG GTT GTG TCT TAC AGT TCG TCA GCG AGG CCT CTT CCA CAG CAG CCG GTT CCA TCG CTT ATG AAT TGG ACC CCC ATT GCA AAA TCT CTT CGC TCG CAT CAA CCA ACA ATA AGT TCA CAA TCA CCA AAA CTG GTG CGA GGA GCT TCC CAG CGA AGA ??? TTA ACG GGT ??? AGT GGC ACC CTT CAG ACG AAG ATC AAT TTC GTA TTC TCT ATA AAG GGA ACG GTG CCT CTT CCG ??? CTG GTT CTT TCA AGA TTA CAC TTC GTG TAC AGC TAC AAA ACC 
DQ988083_2002                   ACT ATC CGG CAT TCC AGA ATG GAG TAC TCA AGG CCT ACC ATG AGT ATA AGA TCA CAG GTT GTG TCT TAC AGT TCG TCA GCG AGG CCT CTT CCA CAG CAG CCG GTT CCA TCG CTT ATG AAT TGG ACC CCC ATT GCA AAA TCT CTT CGC TCG CAT CAA CCA ACA ATA AGT TCA CAA TCA CCA AAA CTG GTG CGA GGA GCT TCC CAG CGA AGA ??? TTA ACG GGT ??? AGT GGC ACC CTT CAG ACG AAG ATC AAT TTC GTA TTC TCT ATA AAG GGA ACG GTG CCT CTT CCG ??? CTG GTT CTT TCA AGA TTA CAC TTC GTG TAC AGC TAC AAA ACC 
DQ988086_2002                   ACT ATC CGG CAT TCC AGA ATG GAG TAC TCA AGG CCT ACC ATG AGT ATA AGA TCA CAG GTT GTG TCT TAC AGT TCG TCA GCG AGG CCT CTT CCA CAG CAG CCG GTT CCA TCG CTT ATG AAT TGG ACC CCC ATT GCA AAA TCT CTT CGC TCG CAT CAA CCA ACA ATA AGT TCA CAA TCA CCA AAA CTG GTG CGA GGA GCT TCC CAG CGA AGA ??? TTA ACG GGT ??? AGT GGC ACC CTT CAG ACG AAG ATC AAT TTC GTA TTC TCT ATA AAG GGA ACG GTG CCT CTT CCG ??? CTG GTT CTT TCA AGA TTA CAC TTC GTG TAC AGC TAC AAA ACC 
DQ910735_2002                   ACT ATC CGG CAT TCC AGA ATG GAG TAC TCA AGG CCT ACC ATG AGT ATA AGA TCA CAG GTT GTG TCT TAC AGT TCG TCA GCG AGG CCT CTT CCA CAG CAG CCG GTT CCA TCG CTT ATG AAT TGG ACC CCC ATT GCA AAA TCT CTT CGC TCG CAT CAA CCA ACA ATA AGT TCA CAA TCA CCA AAA CTG GTG CGA GGA GCT TCC CAG CGA AGA ??? TTA ACG GGT ??? AGT GGC ACC CTT CAG ACG AAG ATC AAT TTC GTA TTC TCT ATA AAG GGA ACG GTG CCT CTT CCG ??? CTG GTT CTT TCA AGA TTA CAC TTC GTG TAC AGC TAC AAA ACC 
DQ910736_2002                   ACT ATC CGG CAT TCC AGA ATG GAG TAC TCA AGG CCT ACC ATG AGT ATA AGA TCA CAG GTT GTG TCT TAC AGT TCG TCA GCG AGG CCT CTT CCA CAG CAG CCG GTT CCA TCG CTT ATG AAT TGG ACC CCC ATT GCA AAA TCT CTT CGC TCG CAT CAA CCA ACA ATA AGT TCA CAA TCA CCA AAA CTG GTG CGA GGA GCT TCC CAG CGA AGA ??? TTA ACG GGT ??? AGT GGC ACC CTT CAG ACG AAG ATC AAT TTC GTA TTC TCT ATA AAG GGA ACG GTG CCT CTT CCG ??? CTG GTT CTT TCA AGA TTA CAC TTC GTG TAC AGC TAC AAA ACC 
DQ910738_2002                   ACT ATC CGG CAT TCC AGA ATG GAG TAC TCA AGG CCT ACC ATG AGT ATA AGA TCA CAG GTT GTG TCT TAC AGT TCG TCA GCG AGG CCT CTT CCA CAG CAG CCG GTT CCA TCG CTT ATG AAT TGG ACC CCC ATT GCA AAA TCT CTT CGC TCG CAT CAA CCA ACA ATA AGT TCA CAA TCA CCA AAA CTG GTG CGA GGA GCT TCC CAG CGA AGA ??? TTA ACG GGT ??? AGT GGC ACC CTT CAG ACG AAG ATC AAT TTC GTA TTC TCT ATA AAG GGA ACG GTG CCT CTT CCG ??? CTG GTT CTT TCA AGA TTA CAC TTC GTG TAC AGC TAC AAA ACC 
DQ910748_2003                   ACT ATC CGG CAT TCC AGA ATG GAG TAC TCA AGG CCT ACC ATG AGT ATA AGA TCA CAG GTC GTA TCT TAC AGT TCG TCA GCG AGG CCT CTT CCA CAG CAG CCG GTT CCA TCG CTT ATG AAT TGG ACC CCC ATT GCA AAA TCT CTT CGC TCG CAT CAA CCA ACA ATA AGT TCA CAA TCA CCA AAA CTG GTG CAA GGA GCT TCC CAG CGA AGA ??? TTA ACG GGT ??? AGT GGC ACC CTT CAG ACG AAG ATC AGT TCC GTA TCC TCT ATA AAG GGA ACG GTG CCT CTT CCG ??? CTG GTT CTT TCA AGA TTA CAC TTC GTG TAC AGC TAC AAA ACC 
DQ988094_2003                   ACT ATC CGG CAT TCC AGA ATG GAG TAC TCA AGG CCT ACC ATG AGT ATA AGA TCA CAG GTT GTA TCT TAC AGT TCG TCA GCG AGG CCT CTT CCA CAG CAG CCG GTT CCA TCG CTT ATG AAT TGG ACC CCC ATT GCA AAA TCT CTT CGC TCG CAT CAA CCA ACA ATA AGT TCA CAA TCA CCA AAA CTG GTG CAA GGA GCT TCC CAG CGA AGA ??? TTA ACG GGT ??? AGT GGC ACC CTT CAG ACG AAG ATC AGT TCC GTA TCC TCT ATA AAG GGA ACG GTG CCT CTT CCG ??? CTG GTT CTT TCA AGA TTA CAC TTC GTG TAC AGC TAC AAA ACC 
DQ910742_2003                   ACT ATC CGG CAT TCC AGA ATG GAG TAC TCA AGG CCT ACC ATG AGT ATA AGA TCA CAG GTT GTA TCT TAC AGT TCG TCA GCG AGG CCT CTT CCA CAG CAG CCG GTT CCA TCG CTT ATG AAT TGG ACC CCC ATT GCA AAA TCT CTT CGC TCG CAT CAA CCA ACA ATA AGT TCA CAA TCA CCA AAA CTG GTG CAA GGA GCT TCC CAG CGA AGA ??? TTA ACG GGT ??? AGT GGC ACC CTT CAG ACG AAG ATC AGT TCC GTA TCC TCT ATA AAG GGA ACG GTG CCT CTT CCG ??? CTG GTT CTT TCA AGA TTA CAC TTC GTG TAC AGC TAC AAA ACC 
DQ910758_2004                   ACT ATC CGG CAT TCC AGA ATG GAG TAC TCA AGG CCT ACC ATG AGT ATA AGA TCA CAG GTT GTA TCT TAC AGT TCG TCA GCG AGG CCT CTT CCA CAG CAG CCG GTT CCA TCG CTT ATG AAT TGG ACC CCC ATT GCA AAA TCT CTT CGC TCG CAT CAA CCA ACA ATA AGT TCA CAA TCA CCA AAA CTG GTG CGA GGA GCT TCC CAG CGA AGA ??? TTA ACG GGT ??? AGT GGC ACC CTT CAG ACG AAG ATC AAT TCC GTA TCC TCT ATA AAG GGA ACG GTG CCT CTT CCG ??? CTG GTT CTT TCA AGA TTA CAC TTC GTG TAC AGC TAC AAA ACC 
DQ988092_2003                   ACT ATC CGG CAT TCC AGA ATG GAG TAC TCA AGG CCT ACC ATG AGT ATA AGA TCA CAG GTT GTA TCT TAC AGT TCG TCA GCG AGG CCT CTT CCA CAG CAG CCG GTT CCA TCG CTT ATG AAT TGG ACC CCC ATT GCA AGA TCT CTT CGC TCG CAT CAA CCA ACA ATA AGT TCA CAA TCA CCA AAA CTG GTG CGA GGA GCT TCC CAG CGA AGA ??? TTA ACG GGT ??? AGT GGC ACC CTT CAG ACG AAG ATC AAT TCC GTA TCC TCT ATA AAG GGA ACG GTG CCT CTT CCG ??? CTG GTT CTT TCA AGA TTA CAC TTC GTG TAC AGC TAC AAA ACC 
DQ910741_2003                   ACT ATC CGG CAT TCC AGA ATG GAG TAC TCA AGG CCT ACC ATG AGT ATA AGA TCA CAG GTT GTA TCT TAC AGT TCG TCA GCG AGG CCT CTT CCA CAG CAG CCG GTT CCA TCG CTT ATG AAT TGG ACC CCC ATT GCA AAA TCT CTT CGC TCG CAT CAA CCA ACA ATA AGT TCA CAA TCA CCA AAA CTG GTG CGA GGA GCT TCC CAG CGA AGA ??? TTA ACG GGT ??? AGT GGC ACC CTT CAG ACG AAG ATC AAT TCC GTA TCC TCT ATA AAG GGA ACG GTG CCT CTT CCG ??? CTG GTT CCT TCA AGA TTA CAC TTC GTG TAC AGC TAC AAA ACC 
DQ988093_2003                   ACT ATC CGG CAT TCC AGA ATG GAG TAC TCA AGG CCT ACC ATG AGT ATA AGA TCA CAG GTT GTA TCT TAC AGT TCG TCA GCG AGG CCT CTT CCA CAG CAG CCG GTT CCA TCG CTT ATG AAT TGG ACC CCC ATT GCA AAA TCT CTT CGC TCG CAT CAA CCA ACA ATA AGT TCA CAA TCA CCA AAA CTG GTG CGA GGA GCT TCC CAG CGA AGA ??? TTA ACG GGT ??? AGT GGC ACC CTT CAG ACG AAG ATC AAT TCC GTA TCC TCT ATA AAG GGA ACG GTG CCT CTT CCG ??? CTG GTT CCT TCA AGA TTA CAC TTC GTG TAC AGC TAC AAA ACC 
DQ988104_2004                   ACT ATC CGG CAT TCC AGA ATG GAG TAC TCA AGG CCT ACC ATG AGT ATA AGA TCA CAG GTT GTA TCT TAC AGT TCG TCA GCG AGG CCT CTT CCA CAG CAG CCG GTT CCA TCG CTT ATG AAT TGG ACC CCC ATT GCA AAA TCT CTT CGC TCG CAT CAA CCA ACA ATA AGT TCA CAA TCA CCA AAA CTG GTG CGA GGA GCT TCC CAG CGA AGA ??? TTA ACG GGT ??? AGT GGC ACC CTT CAG ACG AAG ATT AAT TCC GTA TCC TCT ATA AAG GGA ACG GTG CCT CTT CCG ??? CTG GTT CTT TCA AGA TTA CAC TTC GTG TAC AGC TAC AAA ACC 
DQ988108_2004                   ACT ATC CGG CAT TCC AGA ATG GAG TAC TCA AGG CCT ACC ATG AGT ATA AGA TCA CAG GTT GTA TCT TAC AGT TCG TCA GCG AGG CCT CTT CCA CAG CAG CCG GTT CCA TCG CTT ATG AAT TGG ACC CCC ATT GCA AAA TCT CTT CGC TCG CAT CAA CCA ACA ATA AGT TCA CAA TCA CCA AAA CTG GTG CGA GGA GCT TCC CAG CGA AGA ??? TTA ACG GGT ??? AGT GGC ACC CTT CAG ACG AAG ATC AAT TCC GTA TCC TCT ATA AAG GGA ACG GTG CCT CTT CCG ??? CTG GTT CTT TCA AGA TTA CAC TTC GTG TAC AGC TAC AAA ACC 
DQ910731_2002                   ACT ATC CGG CAT TCC AGA ATG GAG TAC TCA AGG CCT ACC ATG AGT ATA AGA TCA CAG GTT GTA TCT TAC AGT TCG TCA GCG AGG CCT CTT CCA CAG CAG CCG GTT CCA TCG CTT ATG AAT TGG ACC CCC ATT GCA AAA TCT CTT CGC TCG CAT CAA CCA ACA ATA AGT TCA CAA TCA CCA AAA CTG GTG CGA GGA GCT TCC CAG CGA AGA ??? TTA ACG GGT ??? AGT GGC ACC CCT CAG ACG AAG ATC AAT TCC GTA TCC TCT ATG AAG GGA ACG GTG CCT CTT CCG ??? CTG GTT CTT TCA AGA TTA CAC TTC GTG TAC AGC TAC AAA ACC 
DQ988082_2002                   GCT ATC CGG CAT TCC AGA ATG GAG TAC TCA AGG CCT ACC ATG AGT ATA AGA TCA CAG GTT GTA TCT TAC AGT TCG TCA GCG AGG CCT CTT CCA CAG CAG CCG GTT CCA TCG CTT ATG AAT TGG ACC CCC ATT GCA AAA TCT CTT CGC TCG CAT CAA CCA ACA ATA AGT TCA CAA TCA CCA AAA CTG GTG CGA GGA GCT TCC CAG CGA AGA ??? TTA ACG GGT ??? AGT GGC ACC CCT CAG ACG AAG ATC AAT TCC GTA TCC TCT ATA AAG GGA ACG GTG CCT CTT CCG ??? CTG GTT CTT TCA AGA TTA CAC TTC GTG TAC AGC TAC AAA ACC 
DQ910730_2002                   ACT ATC CGG CAT TCC AGA ATG GAG TAC TCA AGG CCT ACC ATG AGT ATA AGA TCA CAG GTT GTA TCT TAC AGT TCG TCA GCG AGG CCT CTT CCA CAG CAG CCG GTT CCA TCG CTT ATG AAT TGG ACC CCC ATT GCA AAA TCT CTT CGC TCG CAT CAA CCA ACA ATA AGT TCA CAA TCA CCA AAA CTG GTG CGA GGA GCT TCC CAG CGA AGA ??? TTA ACG GGT ??? AGT GGC ACC CTT CAG ACG AAG ATC AAT TCC GTA TCC TCT ATA AAG GGA ACG GTG CCT CTT CCG ??? CTG GTT CTT TCA AGA TTA CAC TTC GTG TAC AGC TAC AAA ACC 
AF235168_2000                   ACT ATC CGG CAT TCC AGA ATG GAG TAC TCA AGG CCT ACC ATG AGT ATA AGA TCA CAG GTT GTA TCT TAC AGT TCG TCA GCG AGG CCT CTT CCA CAG CAG CCG GTT CCA TCG CTT ATG AAT TGG ACC CCC ATT GCA AAA TCT CTT CGC TCG CAT CAA CCA ACA ATA AGT TCA CAA TCA CCA AAA CTG GTG CGC GGA GCT TCC CAG CGA AGA ??? TTA ACG GGT ??? AGT GGC ACC CTT CAG ACG AAG ATC AAT TCC GTA TCC TCT ATA AAG GGA ACG GTG CCT CTT CCG ??? CTG GTT CTT TTA AGA TCA CAC TTC GTG TAC AGC TAC AAA ACC 
DQ631858_2003                   ACT ATT CGG CAT TTC AGA ATG GAG TAC TCA AGG CCT ACC ATG AAT ATA AGA TCA CAG GTT GTA TCT TAC AGT TCG TCA GCG AGG CCT CTT CCA CAG CAG CCG GTT CCA TCG CTT ATG AAC TGG ACC CCC ATT GCA AAA TCT CTT CGC TCG CAT CAA CAA ACA ATA AGT TCA CAA TCA CCA AAA CTG GTG CGC GGA GCT TCC CAG CGA AGA ??? TTA ACG GGT ??? AGT GGC ACC CTT CAG ACG AAG ATC AAT TCC GTA TCC TCT ATA AAG GTA ACG GTG CCT CTT CCG ??? CTG GTT CTT TCA AGA TCA CAC TTC GTG TAC AGC TAC AAA ACC 



Printing out site pattern counts


        31        198  P

DQ910745_2003                    ??? AAA AAA AAG AAT AAT ACA ACC ACC ACG ACT AGA AGC AGG AGT AGT ATA ATA ATC ATC ATG ATT CAA CAC CAG CAT CCA CCA CCC CCG CCT CGA CGA CGC CGG CTG CTT CTT CTT GAG GCA GCG GCT GGA GGA GGC GGT GTA GTA GTG GTG GTT GTT TAC TCA TCA TCC TCC TCC TCG TCT TGC TGG TTA TTA TTC
DQ988106_2004                    ??? AAA AAA AAG AAT AAT ACA ACC ACC ACG ACT AGA AGC AGG AGT AGT ATA ATA ATC ATC ATG ATT CAA CAC CAG CAT CCA CCA CCC CCG CCT CGA CGA CGC CGG CTG CTT CTT CTT GAG GCA GCG GCT GGA GGA GGC GGT GTA GTA GTG GTG GTT GTT TAC TCA TCA TCC TCC TCC TCG TCT TAC TGG TTA TTA TTC
DQ115534_1925                    ??? AAA AAA AAG AAT AAT ACA ACC ACC ACG ACT AGA AGC AGG AGT AGT ATA ATA ATC ATC ATG ATT CAA CAC CAG CAT CCA CCA CCC CCG CCT CGA CGA CGC CGG CTG CTT CTT CTT GAG GCA GCG GCT GGA GGA GGC GGT GTA GTA GTG GTG GTT GTT TAC TCA TCA TCC TCC TCC TCG TCT TAC TGG TTA TTA TTC
DQ910740_2003                    ??? AAA AAA AAG AAT AAT --- ACC ACC ACG ACT AGA AGC AGG AGT AGT ATA ATA ATC ATC ATG ATT CAA CAC CAG CAT --- CCA CCC CCG CCT CGA CGA CGC CGG CTG CTT CTT CTT GAG GCA GCG GCT GGA GGA GGC GGC GTA GTA GAG GTG GTT GTT TAC TCA TCA TCC TCC TCC TCG TCT TAC TGG TTA TTA TTC
DQ910732_2002                    ??? AAA AAA AAG AAT AAT ACA ACC ACC ACG ACT AGA AGC AGG AGT AGT ATA ATA ATC ATC ATG ATT CAA CAC CAG CAT CCA CCA CCC CCG CCT CGA CGA CGC CGG CTG CTT CTT CTT GAG GCA GCG GCT GGA GGA GGC GGT GTA GTA GTG GTG GTT GTT TAC TCA TCA TCC TCC TCC TCG TCT TAC TGG TTA TTA TTC
DQ910734_2002                    ??? AAA AAA AAG AAT AAT ACA ACC ACC ACG ACT AGA AGC AGG AGT AGT ATA ATA ATC ATC ATG ATT CAA CAC CAG CAT CCA CCA CCC CCG CCT CGA CGA CGC CGG CTG CTT CTT CTT GAG GCA GCG GCT GGA GGA GGC GGT GTA GTA GTG GTG GTT GTT TAC TCA TCA TCC TCC TCC TCG TCT TAC TGG TTA TTA TTC
DQ910739_2002                    ??? AAA AAA AAG AAT AAT ACA ACC ACC ACG ACT AGA AGC AGG AGT AGT ATA ATA ATC ATC ATG ATT CAA CAC CAG CAT CCA CCA CCC CCG CCT CGA CGA CGC CGG CTG CTT CTT CTT GAG GCA GCG GCT GGA GGA GGC GGT GTA GTA GTG GTG GTT GTT TAC TCA TCA TCC TCC TCC TCG TCT TAC TGG TTA TTA TTC
DQ910756_2004                    ??? AAA AAA AAG AAT AAT ACA AC- ACC ACG ACT AGA AGC AGG AGT AGT ATA ATA ATC ATC ATG ATT CAA CAC CAG CAT CCA CCA CCC CCG CCT CGA CGA CGC CGG CTG CTT CTT CTT GAG GCA GCG GCT GGA GGA GGC GGT GTA GTA GTG GTG GTT GTT TAC TCA TCA TCC TCC TCC TCG TCT TAC TGG TTA TTA TTC
DQ988084_2002                    ??? AAA AAA AAG AAT AAT ACA ACC ACC ACG ACT AGA AGC AGG AGT AGT ATA ATA ATC ATC ATG ATT CAA CAC CAG CAT CCA CCA CCC CCG CCT CGA CGA CGC CGG CTG CTT CTT CTT GAG GCA GCG GCT GGA GGA GGC GGT GTA GTA GTG GTG GTT GTT TAC TCA TCA TCC TCC TCC TCG TCT TAC TGG TTA TTA TTC
DQ910760_2004                    ??? AAA AAA AAG AAT AAT ACA ACC ACC ACG ACT AGA AGC AGG AGT AGT ATA ATA ATC ATC ATG ATT CAA CAC CAG CAT CCA CCA CCC CCG CCT CGA CGA CGC CGG CTG CTT CTT CTT GAG GCA GCG GCT GGA GGA GGC GGT GTA GTA GTG GTG GTT GTT TAC TCA TCA TCC TCC TCC TCG TCT TAC TGG TTA TTA TTC
DQ910733_2002                    ??? AAA AAA AAG AAT AAT ACA ACC ACC ACG ACT AGA AGC AGG AGT AGT ATA ATA ATC ATC ATG ATT CAA CAC CAG CAT CCA CCA CCC CCG CCT CGA CGA CGC CGG CTG CTT CTT CTT GAG GCA GCG GCT GGA GGA GGC GGT GTA GTG GTG GTG GTT GTT TAC TCA TCA TCC TCC TTC TCG TCT TAC TGG TTA TTA TTC
DQ988085_2002                    ??? AAA AAA AAG AAT AAT ACA ACC ACC ACG ACT AGA AGC AGG AGT AGT ATA ATA ATC ATC ATG ATT CAA CAC CAG CAT CCA CCA CCC CCG CCT CGA CGA CGC CGG CTG CTT CTT CTT GAG GCA GCG GCT GGA GGA GGC GGT GTA GTG GTG GTG GTT GTT TAC TCA TCA TCC TCC TTC TCG TCT TAC TGG TTA TTA TTC
DQ988083_2002                    ??? AAA AAA AAG AAT AAT ACA ACC ACC ACG ACT AGA AGC AGG AGT AGT ATA ATA ATC ATC ATG ATT CAA CAC CAG CAT CCA CCA CCC CCG CCT CGA CGA CGC CGG CTG CTT CTT CTT GAG GCA GCG GCT GGA GGA GGC GGT GTA GTG GTG GTG GTT GTT TAC TCA TCA TCC TCC TTC TCG TCT TAC TGG TTA TTA TTC
DQ988086_2002                    ??? AAA AAA AAG AAT AAT ACA ACC ACC ACG ACT AGA AGC AGG AGT AGT ATA ATA ATC ATC ATG ATT CAA CAC CAG CAT CCA CCA CCC CCG CCT CGA CGA CGC CGG CTG CTT CTT CTT GAG GCA GCG GCT GGA GGA GGC GGT GTA GTG GTG GTG GTT GTT TAC TCA TCA TCC TCC TTC TCG TCT TAC TGG TTA TTA TTC
DQ910735_2002                    ??? AAA AAA AAG AAT AAT ACA ACC ACC ACG ACT AGA AGC AGG AGT AGT ATA ATA ATC ATC ATG ATT CAA CAC CAG CAT CCA CCA CCC CCG CCT CGA CGA CGC CGG CTG CTT CTT CTT GAG GCA GCG GCT GGA GGA GGC GGT GTA GTG GTG GTG GTT GTT TAC TCA TCA TCC TCC TTC TCG TCT TAC TGG TTA TTA TTC
DQ910736_2002                    ??? AAA AAA AAG AAT AAT ACA ACC ACC ACG ACT AGA AGC AGG AGT AGT ATA ATA ATC ATC ATG ATT CAA CAC CAG CAT CCA CCA CCC CCG CCT CGA CGA CGC CGG CTG CTT CTT CTT GAG GCA GCG GCT GGA GGA GGC GGT GTA GTG GTG GTG GTT GTT TAC TCA TCA TCC TCC TTC TCG TCT TAC TGG TTA TTA TTC
DQ910738_2002                    ??? AAA AAA AAG AAT AAT ACA ACC ACC ACG ACT AGA AGC AGG AGT AGT ATA ATA ATC ATC ATG ATT CAA CAC CAG CAT CCA CCA CCC CCG CCT CGA CGA CGC CGG CTG CTT CTT CTT GAG GCA GCG GCT GGA GGA GGC GGT GTA GTG GTG GTG GTT GTT TAC TCA TCA TCC TCC TTC TCG TCT TAC TGG TTA TTA TTC
DQ910748_2003                    ??? AAA AAA AAG AAT AGT ACA ACC ACC ACG ACT AGA AGC AGG AGT AGT ATA ATA ATC ATC ATG ATT CAA CAC CAG CAT CCA CCA CCC CCG CCT CAA CGA CGC CGG CTG CTT CTT CTT GAG GCA GCG GCT GGA GGA GGC GGT GTA GTA GTG GTG GTC GTT TAC TCA TCA TCC TCC TCC TCG TCT TAC TGG TTA TTA TTC
DQ988094_2003                    ??? AAA AAA AAG AAT AGT ACA ACC ACC ACG ACT AGA AGC AGG AGT AGT ATA ATA ATC ATC ATG ATT CAA CAC CAG CAT CCA CCA CCC CCG CCT CAA CGA CGC CGG CTG CTT CTT CTT GAG GCA GCG GCT GGA GGA GGC GGT GTA GTA GTG GTG GTT GTT TAC TCA TCA TCC TCC TCC TCG TCT TAC TGG TTA TTA TTC
DQ910742_2003                    ??? AAA AAA AAG AAT AGT ACA ACC ACC ACG ACT AGA AGC AGG AGT AGT ATA ATA ATC ATC ATG ATT CAA CAC CAG CAT CCA CCA CCC CCG CCT CAA CGA CGC CGG CTG CTT CTT CTT GAG GCA GCG GCT GGA GGA GGC GGT GTA GTA GTG GTG GTT GTT TAC TCA TCA TCC TCC TCC TCG TCT TAC TGG TTA TTA TTC
DQ910758_2004                    ??? AAA AAA AAG AAT AAT ACA ACC ACC ACG ACT AGA AGC AGG AGT AGT ATA ATA ATC ATC ATG ATT CAA CAC CAG CAT CCA CCA CCC CCG CCT CGA CGA CGC CGG CTG CTT CTT CTT GAG GCA GCG GCT GGA GGA GGC GGT GTA GTA GTG GTG GTT GTT TAC TCA TCA TCC TCC TCC TCG TCT TAC TGG TTA TTA TTC
DQ988092_2003                    ??? AAA AGA AAG AAT AAT ACA ACC ACC ACG ACT AGA AGC AGG AGT AGT ATA ATA ATC ATC ATG ATT CAA CAC CAG CAT CCA CCA CCC CCG CCT CGA CGA CGC CGG CTG CTT CTT CTT GAG GCA GCG GCT GGA GGA GGC GGT GTA GTA GTG GTG GTT GTT TAC TCA TCA TCC TCC TCC TCG TCT TAC TGG TTA TTA TTC
DQ910741_2003                    ??? AAA AAA AAG AAT AAT ACA ACC ACC ACG ACT AGA AGC AGG AGT AGT ATA ATA ATC ATC ATG ATT CAA CAC CAG CAT CCA CCA CCC CCG CCT CGA CGA CGC CGG CTG CCT CTT CTT GAG GCA GCG GCT GGA GGA GGC GGT GTA GTA GTG GTG GTT GTT TAC TCA TCA TCC TCC TCC TCG TCT TAC TGG TTA TTA TTC
DQ988093_2003                    ??? AAA AAA AAG AAT AAT ACA ACC ACC ACG ACT AGA AGC AGG AGT AGT ATA ATA ATC ATC ATG ATT CAA CAC CAG CAT CCA CCA CCC CCG CCT CGA CGA CGC CGG CTG CCT CTT CTT GAG GCA GCG GCT GGA GGA GGC GGT GTA GTA GTG GTG GTT GTT TAC TCA TCA TCC TCC TCC TCG TCT TAC TGG TTA TTA TTC
DQ988104_2004                    ??? AAA AAA AAG AAT AAT ACA ACC ACC ACG ACT AGA AGC AGG AGT AGT ATA ATA ATC ATT ATG ATT CAA CAC CAG CAT CCA CCA CCC CCG CCT CGA CGA CGC CGG CTG CTT CTT CTT GAG GCA GCG GCT GGA GGA GGC GGT GTA GTA GTG GTG GTT GTT TAC TCA TCA TCC TCC TCC TCG TCT TAC TGG TTA TTA TTC
DQ988108_2004                    ??? AAA AAA AAG AAT AAT ACA ACC ACC ACG ACT AGA AGC AGG AGT AGT ATA ATA ATC ATC ATG ATT CAA CAC CAG CAT CCA CCA CCC CCG CCT CGA CGA CGC CGG CTG CTT CTT CTT GAG GCA GCG GCT GGA GGA GGC GGT GTA GTA GTG GTG GTT GTT TAC TCA TCA TCC TCC TCC TCG TCT TAC TGG TTA TTA TTC
DQ910731_2002                    ??? AAA AAA AAG AAT AAT ACA ACC ACC ACG ACT AGA AGC AGG AGT AGT ATA ATG ATC ATC ATG ATT CAA CAC CAG CAT CCA CCA CCC CCG CCT CGA CGA CGC CGG CTG CTT CCT CTT GAG GCA GCG GCT GGA GGA GGC GGT GTA GTA GTG GTG GTT GTT TAC TCA TCA TCC TCC TCC TCG TCT TAC TGG TTA TTA TTC
DQ988082_2002                    ??? AAA AAA AAG AAT AAT ACA ACC ACC ACG GCT AGA AGC AGG AGT AGT ATA ATA ATC ATC ATG ATT CAA CAC CAG CAT CCA CCA CCC CCG CCT CGA CGA CGC CGG CTG CTT CCT CTT GAG GCA GCG GCT GGA GGA GGC GGT GTA GTA GTG GTG GTT GTT TAC TCA TCA TCC TCC TCC TCG TCT TAC TGG TTA TTA TTC
DQ910730_2002                    ??? AAA AAA AAG AAT AAT ACA ACC ACC ACG ACT AGA AGC AGG AGT AGT ATA ATA ATC ATC ATG ATT CAA CAC CAG CAT CCA CCA CCC CCG CCT CGA CGA CGC CGG CTG CTT CTT CTT GAG GCA GCG GCT GGA GGA GGC GGT GTA GTA GTG GTG GTT GTT TAC TCA TCA TCC TCC TCC TCG TCT TAC TGG TTA TTA TTC
AF235168_2000                    ??? AAA AAA AAG AAT AAT ACA ACC ACC ACG ACT AGA AGC AGG AGT AGT ATA ATA ATC ATC ATG ATT CAA CAC CAG CAT CCA CCA CCC CCG CCT CGC CGA CGC CGG CTG CTT CTT CTT GAG GCA GCG GCT GGA GGA GGC GGT GTA GTA GTG GTG GTT GTT TAC TCA TTA TCC TCC TCC TCG TCT TAC TGG TCA TTA TTC
DQ631858_2003                    ??? AAA AAA AAG AAC AAT ACA ACC ACC ACG ACT AGA AGC AGG AAT AGT ATA ATA ATT ATC ATG ATT CAA CAC CAG CAT CAA CCA CCC CCG CCT CGC CGA CGC CGG CTG CTT CTT CTT GAG GCA GCG GCT GGA GTA GGC GGT GTA GTA GTG GTG GTT GTT TAC TCA TCA TCC TTC TCC TCG TCT TAC TGG TCA TTA TTC



    3    2    1    2    1    1    1    1    3    3    1    4    1    2    1
    3    2    1    1    1    3    1    2    1    5    2    1    3    1    2
    3    1    1    1    1    2    1    1    4    1    1    1    1    1    1
    1    1    1    1    1    2    1    2    3    5    1    1    1    2    3
    3    1    1    1    1    1

CODONML (in paml version 4.8, March 2014)  temp_dat.fasta
Model: One dN/dS ratio for branches, dGamma (ncatG=5) 
Codon frequency model: Fequal
Warning: Gamma model for codons.  See documentation.ns =  31  ls = 111

Codon usage in sequences
--------------------------------------------------------------------------------------------------------------------------------------
Phe TTT   0   0   0   0   0   0 | Ser TCT   3   3   3   3   3   3 | Tyr TAT   0   0   0   0   0   0 | Cys TGT   0   0   0   0   0   0
    TTC   1   1   1   1   1   1 |     TCC   4   4   4   4   4   4 |     TAC   3   4   4   4   4   4 |     TGC   1   0   0   0   0   0
Leu TTA   2   2   2   2   2   2 |     TCA   6   6   6   6   6   6 | *** TAA   0   0   0   0   0   0 | *** TGA   0   0   0   0   0   0
    TTG   0   0   0   0   0   0 |     TCG   3   3   3   3   3   3 |     TAG   0   0   0   0   0   0 | Trp TGG   1   1   1   1   1   1
--------------------------------------------------------------------------------------------------------------------------------------
Leu CTT   6   6   6   6   6   6 | Pro CCT   3   3   3   3   3   3 | His CAT   2   2   2   2   2   2 | Arg CGT   0   0   0   0   0   0
    CTC   0   0   0   0   0   0 |     CCC   1   1   1   1   1   1 |     CAC   1   1   1   1   1   1 |     CGC   1   1   1   1   1   1
    CTA   0   0   0   0   0   0 |     CCA   4   4   4   3   4   4 | Gln CAA   2   2   2   2   2   2 |     CGA   2   2   2   2   2   2
    CTG   2   2   2   2   2   2 |     CCG   2   2   2   2   2   2 |     CAG   5   5   5   5   5   5 |     CGG   1   1   1   1   1   1
--------------------------------------------------------------------------------------------------------------------------------------
Ile ATT   1   1   1   1   1   1 | Thr ACT   1   1   1   1   1   1 | Asn AAT   2   2   2   2   2   2 | Ser AGT   4   4   4   4   4   4
    ATC   2   2   2   2   2   2 |     ACC   4   4   4   4   4   4 |     AAC   0   0   0   0   0   0 |     AGC   1   1   1   1   1   1
    ATA   3   3   3   3   3   3 |     ACA   1   1   1   0   1   1 | Lys AAA   3   3   3   3   3   3 | Arg AGA   4   4   4   4   4   4
Met ATG   3   3   3   3   3   3 |     ACG   3   3   3   3   3   3 |     AAG   2   2   2   2   2   2 |     AGG   2   2   2   2   2   2
--------------------------------------------------------------------------------------------------------------------------------------
Val GTT   3   3   3   3   3   3 | Ala GCT   1   1   1   1   1   1 | Asp GAT   0   0   0   0   0   0 | Gly GGT   1   1   1   0   1   1
    GTC   0   0   0   0   0   0 |     GCC   0   0   0   0   0   0 |     GAC   0   0   0   0   0   0 |     GGC   1   1   1   2   1   1
    GTA   2   2   2   2   2   2 |     GCA   1   1   1   1   1   1 | Glu GAA   0   0   0   0   0   0 |     GGA   2   2   2   2   2   2
    GTG   3   3   3   2   3   3 |     GCG   1   1   1   1   1   1 |     GAG   1   1   1   2   1   1 |     GGG   0   0   0   0   0   0
--------------------------------------------------------------------------------------------------------------------------------------

--------------------------------------------------------------------------------------------------------------------------------------
Phe TTT   0   0   0   0   0   0 | Ser TCT   3   3   3   3   3   3 | Tyr TAT   0   0   0   0   0   0 | Cys TGT   0   0   0   0   0   0
    TTC   1   1   1   1   3   3 |     TCC   4   4   4   4   2   2 |     TAC   4   4   4   4   4   4 |     TGC   0   0   0   0   0   0
Leu TTA   2   2   2   2   2   2 |     TCA   6   6   6   6   6   6 | *** TAA   0   0   0   0   0   0 | *** TGA   0   0   0   0   0   0
    TTG   0   0   0   0   0   0 |     TCG   3   3   3   3   3   3 |     TAG   0   0   0   0   0   0 | Trp TGG   1   1   1   1   1   1
--------------------------------------------------------------------------------------------------------------------------------------
Leu CTT   6   6   6   6   6   6 | Pro CCT   3   3   3   3   3   3 | His CAT   2   2   2   2   2   2 | Arg CGT   0   0   0   0   0   0
    CTC   0   0   0   0   0   0 |     CCC   1   1   1   1   1   1 |     CAC   1   1   1   1   1   1 |     CGC   1   1   1   1   1   1
    CTA   0   0   0   0   0   0 |     CCA   4   4   4   4   4   4 | Gln CAA   2   2   2   2   2   2 |     CGA   2   2   2   2   2   2
    CTG   2   2   2   2   2   2 |     CCG   2   2   2   2   2   2 |     CAG   5   5   5   5   5   5 |     CGG   1   1   1   1   1   1
--------------------------------------------------------------------------------------------------------------------------------------
Ile ATT   1   1   1   1   1   1 | Thr ACT   1   1   1   1   1   1 | Asn AAT   2   2   2   2   2   2 | Ser AGT   4   4   4   4   4   4
    ATC   2   2   2   2   2   2 |     ACC   4   3   4   4   4   4 |     AAC   0   0   0   0   0   0 |     AGC   1   1   1   1   1   1
    ATA   3   3   3   3   3   3 |     ACA   1   1   1   1   1   1 | Lys AAA   3   3   3   3   3   3 | Arg AGA   4   4   4   4   4   4
Met ATG   3   3   3   3   3   3 |     ACG   3   3   3   3   3   3 |     AAG   2   2   2   2   2   2 |     AGG   2   2   2   2   2   2
--------------------------------------------------------------------------------------------------------------------------------------
Val GTT   3   3   3   3   3   3 | Ala GCT   1   1   1   1   1   1 | Asp GAT   0   0   0   0   0   0 | Gly GGT   1   1   1   1   1   1
    GTC   0   0   0   0   0   0 |     GCC   0   0   0   0   0   0 |     GAC   0   0   0   0   0   0 |     GGC   1   1   1   1   1   1
    GTA   2   2   2   2   1   1 |     GCA   1   1   1   1   1   1 | Glu GAA   0   0   0   0   0   0 |     GGA   2   2   2   2   2   2
    GTG   3   3   3   3   4   4 |     GCG   1   1   1   1   1   1 |     GAG   1   1   1   1   1   1 |     GGG   0   0   0   0   0   0
--------------------------------------------------------------------------------------------------------------------------------------

--------------------------------------------------------------------------------------------------------------------------------------
Phe TTT   0   0   0   0   0   0 | Ser TCT   3   3   3   3   3   3 | Tyr TAT   0   0   0   0   0   0 | Cys TGT   0   0   0   0   0   0
    TTC   3   3   3   3   3   1 |     TCC   2   2   2   2   2   4 |     TAC   4   4   4   4   4   4 |     TGC   0   0   0   0   0   0
Leu TTA   2   2   2   2   2   2 |     TCA   6   6   6   6   6   6 | *** TAA   0   0   0   0   0   0 | *** TGA   0   0   0   0   0   0
    TTG   0   0   0   0   0   0 |     TCG   3   3   3   3   3   3 |     TAG   0   0   0   0   0   0 | Trp TGG   1   1   1   1   1   1
--------------------------------------------------------------------------------------------------------------------------------------
Leu CTT   6   6   6   6   6   6 | Pro CCT   3   3   3   3   3   3 | His CAT   2   2   2   2   2   2 | Arg CGT   0   0   0   0   0   0
    CTC   0   0   0   0   0   0 |     CCC   1   1   1   1   1   1 |     CAC   1   1   1   1   1   1 |     CGC   1   1   1   1   1   1
    CTA   0   0   0   0   0   0 |     CCA   4   4   4   4   4   4 | Gln CAA   2   2   2   2   2   3 |     CGA   2   2   2   2   2   1
    CTG   2   2   2   2   2   2 |     CCG   2   2   2   2   2   2 |     CAG   5   5   5   5   5   5 |     CGG   1   1   1   1   1   1
--------------------------------------------------------------------------------------------------------------------------------------
Ile ATT   1   1   1   1   1   1 | Thr ACT   1   1   1   1   1   1 | Asn AAT   2   2   2   2   2   1 | Ser AGT   4   4   4   4   4   5
    ATC   2   2   2   2   2   2 |     ACC   4   4   4   4   4   4 |     AAC   0   0   0   0   0   0 |     AGC   1   1   1   1   1   1
    ATA   3   3   3   3   3   3 |     ACA   1   1   1   1   1   1 | Lys AAA   3   3   3   3   3   3 | Arg AGA   4   4   4   4   4   4
Met ATG   3   3   3   3   3   3 |     ACG   3   3   3   3   3   3 |     AAG   2   2   2   2   2   2 |     AGG   2   2   2   2   2   2
--------------------------------------------------------------------------------------------------------------------------------------
Val GTT   3   3   3   3   3   2 | Ala GCT   1   1   1   1   1   1 | Asp GAT   0   0   0   0   0   0 | Gly GGT   1   1   1   1   1   1
    GTC   0   0   0   0   0   1 |     GCC   0   0   0   0   0   0 |     GAC   0   0   0   0   0   0 |     GGC   1   1   1   1   1   1
    GTA   1   1   1   1   1   2 |     GCA   1   1   1   1   1   1 | Glu GAA   0   0   0   0   0   0 |     GGA   2   2   2   2   2   2
    GTG   4   4   4   4   4   3 |     GCG   1   1   1   1   1   1 |     GAG   1   1   1   1   1   1 |     GGG   0   0   0   0   0   0
--------------------------------------------------------------------------------------------------------------------------------------

--------------------------------------------------------------------------------------------------------------------------------------
Phe TTT   0   0   0   0   0   0 | Ser TCT   3   3   3   3   3   3 | Tyr TAT   0   0   0   0   0   0 | Cys TGT   0   0   0   0   0   0
    TTC   1   1   1   1   1   1 |     TCC   4   4   4   4   4   4 |     TAC   4   4   4   4   4   4 |     TGC   0   0   0   0   0   0
Leu TTA   2   2   2   2   2   2 |     TCA   6   6   6   6   6   6 | *** TAA   0   0   0   0   0   0 | *** TGA   0   0   0   0   0   0
    TTG   0   0   0   0   0   0 |     TCG   3   3   3   3   3   3 |     TAG   0   0   0   0   0   0 | Trp TGG   1   1   1   1   1   1
--------------------------------------------------------------------------------------------------------------------------------------
Leu CTT   6   6   6   6   5   5 | Pro CCT   3   3   3   3   4   4 | His CAT   2   2   2   2   2   2 | Arg CGT   0   0   0   0   0   0
    CTC   0   0   0   0   0   0 |     CCC   1   1   1   1   1   1 |     CAC   1   1   1   1   1   1 |     CGC   1   1   1   1   1   1
    CTA   0   0   0   0   0   0 |     CCA   4   4   4   4   4   4 | Gln CAA   3   3   2   2   2   2 |     CGA   1   1   2   2   2   2
    CTG   2   2   2   2   2   2 |     CCG   2   2   2   2   2   2 |     CAG   5   5   5   5   5   5 |     CGG   1   1   1   1   1   1
--------------------------------------------------------------------------------------------------------------------------------------
Ile ATT   1   1   1   1   1   1 | Thr ACT   1   1   1   1   1   1 | Asn AAT   1   1   2   2   2   2 | Ser AGT   5   5   4   4   4   4
    ATC   2   2   2   2   2   2 |     ACC   4   4   4   4   4   4 |     AAC   0   0   0   0   0   0 |     AGC   1   1   1   1   1   1
    ATA   3   3   3   3   3   3 |     ACA   1   1   1   1   1   1 | Lys AAA   3   3   3   2   3   3 | Arg AGA   4   4   4   5   4   4
Met ATG   3   3   3   3   3   3 |     ACG   3   3   3   3   3   3 |     AAG   2   2   2   2   2   2 |     AGG   2   2   2   2   2   2
--------------------------------------------------------------------------------------------------------------------------------------
Val GTT   3   3   3   3   3   3 | Ala GCT   1   1   1   1   1   1 | Asp GAT   0   0   0   0   0   0 | Gly GGT   1   1   1   1   1   1
    GTC   0   0   0   0   0   0 |     GCC   0   0   0   0   0   0 |     GAC   0   0   0   0   0   0 |     GGC   1   1   1   1   1   1
    GTA   2   2   2   2   2   2 |     GCA   1   1   1   1   1   1 | Glu GAA   0   0   0   0   0   0 |     GGA   2   2   2   2   2   2
    GTG   3   3   3   3   3   3 |     GCG   1   1   1   1   1   1 |     GAG   1   1   1   1   1   1 |     GGG   0   0   0   0   0   0
--------------------------------------------------------------------------------------------------------------------------------------

--------------------------------------------------------------------------------------------------------------------------------------
Phe TTT   0   0   0   0   0   0 | Ser TCT   3   3   3   3   3   3 | Tyr TAT   0   0   0   0   0   0 | Cys TGT   0   0   0   0   0   0
    TTC   1   1   1   1   1   1 |     TCC   4   4   4   4   4   4 |     TAC   4   4   4   4   4   4 |     TGC   0   0   0   0   0   0
Leu TTA   2   2   2   2   2   2 |     TCA   6   6   6   6   6   6 | *** TAA   0   0   0   0   0   0 | *** TGA   0   0   0   0   0   0
    TTG   0   0   0   0   0   0 |     TCG   3   3   3   3   3   3 |     TAG   0   0   0   0   0   0 | Trp TGG   1   1   1   1   1   1
--------------------------------------------------------------------------------------------------------------------------------------
Leu CTT   6   6   5   5   6   6 | Pro CCT   3   3   4   4   3   3 | His CAT   2   2   2   2   2   2 | Arg CGT   0   0   0   0   0   0
    CTC   0   0   0   0   0   0 |     CCC   1   1   1   1   1   1 |     CAC   1   1   1   1   1   1 |     CGC   1   1   1   1   1   2
    CTA   0   0   0   0   0   0 |     CCA   4   4   4   4   4   4 | Gln CAA   2   2   2   2   2   2 |     CGA   2   2   2   2   2   1
    CTG   2   2   2   2   2   2 |     CCG   2   2   2   2   2   2 |     CAG   5   5   5   5   5   5 |     CGG   1   1   1   1   1   1
--------------------------------------------------------------------------------------------------------------------------------------
Ile ATT   2   1   1   1   1   1 | Thr ACT   1   1   1   0   1   1 | Asn AAT   2   2   2   2   2   2 | Ser AGT   4   4   4   4   4   4
    ATC   1   2   2   2   2   2 |     ACC   4   4   4   4   4   4 |     AAC   0   0   0   0   0   0 |     AGC   1   1   1   1   1   1
    ATA   3   3   2   3   3   3 |     ACA   1   1   1   1   1   1 | Lys AAA   3   3   3   3   3   3 | Arg AGA   4   4   4   4   4   4
Met ATG   3   3   4   3   3   3 |     ACG   3   3   3   3   3   3 |     AAG   2   2   2   2   2   2 |     AGG   2   2   2   2   2   2
--------------------------------------------------------------------------------------------------------------------------------------
Val GTT   3   3   3   3   3   3 | Ala GCT   1   1   1   2   1   1 | Asp GAT   0   0   0   0   0   0 | Gly GGT   1   1   1   1   1   1
    GTC   0   0   0   0   0   0 |     GCC   0   0   0   0   0   0 |     GAC   0   0   0   0   0   0 |     GGC   1   1   1   1   1   1
    GTA   2   2   2   2   2   2 |     GCA   1   1   1   1   1   1 | Glu GAA   0   0   0   0   0   0 |     GGA   2   2   2   2   2   2
    GTG   3   3   3   3   3   3 |     GCG   1   1   1   1   1   1 |     GAG   1   1   1   1   1   1 |     GGG   0   0   0   0   0   0
--------------------------------------------------------------------------------------------------------------------------------------

------------------------------------------------------
Phe TTT   0 | Ser TCT   3 | Tyr TAT   0 | Cys TGT   0
    TTC   2 |     TCC   3 |     TAC   4 |     TGC   0
Leu TTA   1 |     TCA   7 | *** TAA   0 | *** TGA   0
    TTG   0 |     TCG   3 |     TAG   0 | Trp TGG   1
------------------------------------------------------
Leu CTT   6 | Pro CCT   3 | His CAT   2 | Arg CGT   0
    CTC   0 |     CCC   1 |     CAC   1 |     CGC   2
    CTA   0 |     CCA   3 | Gln CAA   3 |     CGA   1
    CTG   2 |     CCG   2 |     CAG   5 |     CGG   1
------------------------------------------------------
Ile ATT   2 | Thr ACT   1 | Asn AAT   2 | Ser AGT   3
    ATC   1 |     ACC   4 |     AAC   1 |     AGC   1
    ATA   3 |     ACA   1 | Lys AAA   3 | Arg AGA   4
Met ATG   3 |     ACG   3 |     AAG   2 |     AGG   2
------------------------------------------------------
Val GTT   3 | Ala GCT   1 | Asp GAT   0 | Gly GGT   1
    GTC   0 |     GCC   0 |     GAC   0 |     GGC   1
    GTA   3 |     GCA   1 | Glu GAA   0 |     GGA   1
    GTG   3 |     GCG   1 |     GAG   1 |     GGG   0
------------------------------------------------------

Codon position x base (3x4) table for each sequence.

#1: DQ910745_2003  
position  1:    T:0.22222    C:0.29630    A:0.33333    G:0.14815
position  2:    T:0.25926    C:0.35185    A:0.19444    G:0.19444
position  3:    T:0.25000    C:0.18519    A:0.29630    G:0.26852
Average         T:0.24383    C:0.27778    A:0.27469    G:0.20370

#2: DQ988106_2004  
position  1:    T:0.22222    C:0.29630    A:0.33333    G:0.14815
position  2:    T:0.25926    C:0.35185    A:0.20370    G:0.18519
position  3:    T:0.25000    C:0.18519    A:0.29630    G:0.26852
Average         T:0.24383    C:0.27778    A:0.27778    G:0.20062

#3: DQ115534_1925  
position  1:    T:0.22222    C:0.29630    A:0.33333    G:0.14815
position  2:    T:0.25926    C:0.35185    A:0.20370    G:0.18519
position  3:    T:0.25000    C:0.18519    A:0.29630    G:0.26852
Average         T:0.24383    C:0.27778    A:0.27778    G:0.20062

#4: DQ910740_2003  
position  1:    T:0.22642    C:0.29245    A:0.33019    G:0.15094
position  2:    T:0.25472    C:0.33962    A:0.21698    G:0.18868
position  3:    T:0.24528    C:0.19811    A:0.28302    G:0.27358
Average         T:0.24214    C:0.27673    A:0.27673    G:0.20440

#5: DQ910732_2002  
position  1:    T:0.22222    C:0.29630    A:0.33333    G:0.14815
position  2:    T:0.25926    C:0.35185    A:0.20370    G:0.18519
position  3:    T:0.25000    C:0.18519    A:0.29630    G:0.26852
Average         T:0.24383    C:0.27778    A:0.27778    G:0.20062

#6: DQ910734_2002  
position  1:    T:0.22222    C:0.29630    A:0.33333    G:0.14815
position  2:    T:0.25926    C:0.35185    A:0.20370    G:0.18519
position  3:    T:0.25000    C:0.18519    A:0.29630    G:0.26852
Average         T:0.24383    C:0.27778    A:0.27778    G:0.20062

#7: DQ910739_2002  
position  1:    T:0.22222    C:0.29630    A:0.33333    G:0.14815
position  2:    T:0.25926    C:0.35185    A:0.20370    G:0.18519
position  3:    T:0.25000    C:0.18519    A:0.29630    G:0.26852
Average         T:0.24383    C:0.27778    A:0.27778    G:0.20062

#8: DQ910756_2004  
position  1:    T:0.22430    C:0.29907    A:0.32710    G:0.14953
position  2:    T:0.26168    C:0.34579    A:0.20561    G:0.18692
position  3:    T:0.25234    C:0.17757    A:0.29907    G:0.27103
Average         T:0.24611    C:0.27414    A:0.27726    G:0.20249

#9: DQ988084_2002  
position  1:    T:0.22222    C:0.29630    A:0.33333    G:0.14815
position  2:    T:0.25926    C:0.35185    A:0.20370    G:0.18519
position  3:    T:0.25000    C:0.18519    A:0.29630    G:0.26852
Average         T:0.24383    C:0.27778    A:0.27778    G:0.20062

#10: DQ910760_2004  
position  1:    T:0.22222    C:0.29630    A:0.33333    G:0.14815
position  2:    T:0.25926    C:0.35185    A:0.20370    G:0.18519
position  3:    T:0.25000    C:0.18519    A:0.29630    G:0.26852
Average         T:0.24383    C:0.27778    A:0.27778    G:0.20062

#11: DQ910733_2002  
position  1:    T:0.22222    C:0.29630    A:0.33333    G:0.14815
position  2:    T:0.27778    C:0.33333    A:0.20370    G:0.18519
position  3:    T:0.25000    C:0.18519    A:0.28704    G:0.27778
Average         T:0.25000    C:0.27160    A:0.27469    G:0.20370

#12: DQ988085_2002  
position  1:    T:0.22222    C:0.29630    A:0.33333    G:0.14815
position  2:    T:0.27778    C:0.33333    A:0.20370    G:0.18519
position  3:    T:0.25000    C:0.18519    A:0.28704    G:0.27778
Average         T:0.25000    C:0.27160    A:0.27469    G:0.20370

#13: DQ988083_2002  
position  1:    T:0.22222    C:0.29630    A:0.33333    G:0.14815
position  2:    T:0.27778    C:0.33333    A:0.20370    G:0.18519
position  3:    T:0.25000    C:0.18519    A:0.28704    G:0.27778
Average         T:0.25000    C:0.27160    A:0.27469    G:0.20370

#14: DQ988086_2002  
position  1:    T:0.22222    C:0.29630    A:0.33333    G:0.14815
position  2:    T:0.27778    C:0.33333    A:0.20370    G:0.18519
position  3:    T:0.25000    C:0.18519    A:0.28704    G:0.27778
Average         T:0.25000    C:0.27160    A:0.27469    G:0.20370

#15: DQ910735_2002  
position  1:    T:0.22222    C:0.29630    A:0.33333    G:0.14815
position  2:    T:0.27778    C:0.33333    A:0.20370    G:0.18519
position  3:    T:0.25000    C:0.18519    A:0.28704    G:0.27778
Average         T:0.25000    C:0.27160    A:0.27469    G:0.20370

#16: DQ910736_2002  
position  1:    T:0.22222    C:0.29630    A:0.33333    G:0.14815
position  2:    T:0.27778    C:0.33333    A:0.20370    G:0.18519
position  3:    T:0.25000    C:0.18519    A:0.28704    G:0.27778
Average         T:0.25000    C:0.27160    A:0.27469    G:0.20370

#17: DQ910738_2002  
position  1:    T:0.22222    C:0.29630    A:0.33333    G:0.14815
position  2:    T:0.27778    C:0.33333    A:0.20370    G:0.18519
position  3:    T:0.25000    C:0.18519    A:0.28704    G:0.27778
Average         T:0.25000    C:0.27160    A:0.27469    G:0.20370

#18: DQ910748_2003  
position  1:    T:0.22222    C:0.29630    A:0.33333    G:0.14815
position  2:    T:0.25926    C:0.35185    A:0.20370    G:0.18519
position  3:    T:0.24074    C:0.19444    A:0.29630    G:0.26852
Average         T:0.24074    C:0.28086    A:0.27778    G:0.20062

#19: DQ988094_2003  
position  1:    T:0.22222    C:0.29630    A:0.33333    G:0.14815
position  2:    T:0.25926    C:0.35185    A:0.20370    G:0.18519
position  3:    T:0.25000    C:0.18519    A:0.29630    G:0.26852
Average         T:0.24383    C:0.27778    A:0.27778    G:0.20062

#20: DQ910742_2003  
position  1:    T:0.22222    C:0.29630    A:0.33333    G:0.14815
position  2:    T:0.25926    C:0.35185    A:0.20370    G:0.18519
position  3:    T:0.25000    C:0.18519    A:0.29630    G:0.26852
Average         T:0.24383    C:0.27778    A:0.27778    G:0.20062

#21: DQ910758_2004  
position  1:    T:0.22222    C:0.29630    A:0.33333    G:0.14815
position  2:    T:0.25926    C:0.35185    A:0.20370    G:0.18519
position  3:    T:0.25000    C:0.18519    A:0.29630    G:0.26852
Average         T:0.24383    C:0.27778    A:0.27778    G:0.20062

#22: DQ988092_2003  
position  1:    T:0.22222    C:0.29630    A:0.33333    G:0.14815
position  2:    T:0.25926    C:0.35185    A:0.19444    G:0.19444
position  3:    T:0.25000    C:0.18519    A:0.29630    G:0.26852
Average         T:0.24383    C:0.27778    A:0.27469    G:0.20370

#23: DQ910741_2003  
position  1:    T:0.22222    C:0.29630    A:0.33333    G:0.14815
position  2:    T:0.25000    C:0.36111    A:0.20370    G:0.18519
position  3:    T:0.25000    C:0.18519    A:0.29630    G:0.26852
Average         T:0.24074    C:0.28086    A:0.27778    G:0.20062

#24: DQ988093_2003  
position  1:    T:0.22222    C:0.29630    A:0.33333    G:0.14815
position  2:    T:0.25000    C:0.36111    A:0.20370    G:0.18519
position  3:    T:0.25000    C:0.18519    A:0.29630    G:0.26852
Average         T:0.24074    C:0.28086    A:0.27778    G:0.20062

#25: DQ988104_2004  
position  1:    T:0.22222    C:0.29630    A:0.33333    G:0.14815
position  2:    T:0.25926    C:0.35185    A:0.20370    G:0.18519
position  3:    T:0.25926    C:0.17593    A:0.29630    G:0.26852
Average         T:0.24691    C:0.27469    A:0.27778    G:0.20062

#26: DQ988108_2004  
position  1:    T:0.22222    C:0.29630    A:0.33333    G:0.14815
position  2:    T:0.25926    C:0.35185    A:0.20370    G:0.18519
position  3:    T:0.25000    C:0.18519    A:0.29630    G:0.26852
Average         T:0.24383    C:0.27778    A:0.27778    G:0.20062

#27: DQ910731_2002  
position  1:    T:0.22222    C:0.29630    A:0.33333    G:0.14815
position  2:    T:0.25000    C:0.36111    A:0.20370    G:0.18519
position  3:    T:0.25000    C:0.18519    A:0.28704    G:0.27778
Average         T:0.24074    C:0.28086    A:0.27469    G:0.20370

#28: DQ988082_2002  
position  1:    T:0.22222    C:0.29630    A:0.32407    G:0.15741
position  2:    T:0.25000    C:0.36111    A:0.20370    G:0.18519
position  3:    T:0.25000    C:0.18519    A:0.29630    G:0.26852
Average         T:0.24074    C:0.28086    A:0.27469    G:0.20370

#29: DQ910730_2002  
position  1:    T:0.22222    C:0.29630    A:0.33333    G:0.14815
position  2:    T:0.25926    C:0.35185    A:0.20370    G:0.18519
position  3:    T:0.25000    C:0.18519    A:0.29630    G:0.26852
Average         T:0.24383    C:0.27778    A:0.27778    G:0.20062

#30: AF235168_2000  
position  1:    T:0.22222    C:0.29630    A:0.33333    G:0.14815
position  2:    T:0.25926    C:0.35185    A:0.20370    G:0.18519
position  3:    T:0.25000    C:0.19444    A:0.28704    G:0.26852
Average         T:0.24383    C:0.28086    A:0.27469    G:0.20062

#31: DQ631858_2003  
position  1:    T:0.22222    C:0.29630    A:0.33333    G:0.14815
position  2:    T:0.26852    C:0.34259    A:0.22222    G:0.16667
position  3:    T:0.25000    C:0.19444    A:0.28704    G:0.26852
Average         T:0.24691    C:0.27778    A:0.28086    G:0.19444

Sums of codon usage counts
------------------------------------------------------------------------------
Phe F TTT       0 | Ser S TCT      93 | Tyr Y TAT       0 | Cys C TGT       0
      TTC      46 |       TCC     109 |       TAC     123 |       TGC       1
Leu L TTA      61 |       TCA     187 | *** * TAA       0 | *** * TGA       0
      TTG       0 |       TCG      93 |       TAG       0 | Trp W TGG      31
------------------------------------------------------------------------------
Leu L CTT     182 | Pro P CCT      97 | His H CAT      62 | Arg R CGT       0
      CTC       0 |       CCC      31 |       CAC      31 |       CGC      33
      CTA       0 |       CCA     122 | Gln Q CAA      66 |       CGA      57
      CTG      62 |       CCG      62 |       CAG     155 |       CGG      31
------------------------------------------------------------------------------
Ile I ATT      33 | Thr T ACT      30 | Asn N AAT      59 | Ser S AGT     126
      ATC      60 |       ACC     123 |       AAC       1 |       AGC      31
      ATA      92 |       ACA      30 | Lys K AAA      92 | Arg R AGA     125
Met M ATG      94 |       ACG      93 |       AAG      62 |       AGG      62
------------------------------------------------------------------------------
Val V GTT      92 | Ala A GCT      32 | Asp D GAT       0 | Gly G GGT      30
      GTC       1 |       GCC       0 |       GAC       0 |       GGC      32
      GTA      56 |       GCA      31 | Glu E GAA       0 |       GGA      61
      GTG      99 |       GCG      31 |       GAG      32 |       GGG       0
------------------------------------------------------------------------------

(Ambiguity data are not used in the counts.)


Codon position x base (3x4) table, overall

position  1:    T:0.22242    C:0.29626    A:0.33274    G:0.14858
position  2:    T:0.26248    C:0.34798    A:0.20419    G:0.18535
position  3:    T:0.24993    C:0.18595    A:0.29297    G:0.27115
Average         T:0.24494    C:0.27673    A:0.27663    G:0.20169

Codon frequencies under model, for use in evolver (TTT TTC TTA TTG ... GGG):
  0.01639344  0.01639344  0.01639344  0.01639344
  0.01639344  0.01639344  0.01639344  0.01639344
  0.01639344  0.01639344  0.00000000  0.00000000
  0.01639344  0.01639344  0.00000000  0.01639344
  0.01639344  0.01639344  0.01639344  0.01639344
  0.01639344  0.01639344  0.01639344  0.01639344
  0.01639344  0.01639344  0.01639344  0.01639344
  0.01639344  0.01639344  0.01639344  0.01639344
  0.01639344  0.01639344  0.01639344  0.01639344
  0.01639344  0.01639344  0.01639344  0.01639344
  0.01639344  0.01639344  0.01639344  0.01639344
  0.01639344  0.01639344  0.01639344  0.01639344
  0.01639344  0.01639344  0.01639344  0.01639344
  0.01639344  0.01639344  0.01639344  0.01639344
  0.01639344  0.01639344  0.01639344  0.01639344
  0.01639344  0.01639344  0.01639344  0.01639344



Nei & Gojobori 1986. dN/dS (dN, dS)
(Pairwise deletion)
(Note: This matrix is not used in later ML. analysis.
Use runmode = -2 for ML pairwise comparison.)

DQ910745_2003       
DQ988106_2004       -1.0000 (0.0042 0.0000)
DQ115534_1925       -1.0000 (0.0042 0.0000)-1.0000 (0.0000 0.0000)
DQ910740_2003        0.7213 (0.0086 0.0119) 0.3599 (0.0043 0.0119) 0.3599 (0.0043 0.0119)
DQ910732_2002       -1.0000 (0.0042 0.0000)-1.0000 (0.0000 0.0000)-1.0000 (0.0000 0.0000) 0.3599 (0.0043 0.0119)
DQ910734_2002       -1.0000 (0.0042 0.0000)-1.0000 (0.0000 0.0000)-1.0000 (0.0000 0.0000) 0.3599 (0.0043 0.0119)-1.0000 (0.0000 0.0000)
DQ910739_2002       -1.0000 (0.0042 0.0000)-1.0000 (0.0000 0.0000)-1.0000 (0.0000 0.0000) 0.3599 (0.0043 0.0119)-1.0000 (0.0000 0.0000)-1.0000 (0.0000 0.0000)
DQ910756_2004       -1.0000 (0.0043 0.0000)-1.0000 (0.0000 0.0000)-1.0000 (0.0000 0.0000) 0.3586 (0.0043 0.0121)-1.0000 (0.0000 0.0000)-1.0000 (0.0000 0.0000)-1.0000 (0.0000 0.0000)
DQ988084_2002       -1.0000 (0.0042 0.0000)-1.0000 (0.0000 0.0000)-1.0000 (0.0000 0.0000) 0.3599 (0.0043 0.0119)-1.0000 (0.0000 0.0000)-1.0000 (0.0000 0.0000)-1.0000 (0.0000 0.0000)-1.0000 (0.0000 0.0000)
DQ910760_2004       -1.0000 (0.0042 0.0000)-1.0000 (0.0000 0.0000)-1.0000 (0.0000 0.0000) 0.3599 (0.0043 0.0119)-1.0000 (0.0000 0.0000)-1.0000 (0.0000 0.0000)-1.0000 (0.0000 0.0000)-1.0000 (0.0000 0.0000)-1.0000 (0.0000 0.0000)
DQ910733_2002        1.0856 (0.0127 0.0117) 0.7222 (0.0085 0.0117) 0.7222 (0.0085 0.0117) 0.5324 (0.0129 0.0243) 0.7222 (0.0085 0.0117) 0.7222 (0.0085 0.0117) 0.7222 (0.0085 0.0117) 0.7197 (0.0085 0.0118) 0.7222 (0.0085 0.0117) 0.7222 (0.0085 0.0117)
DQ988085_2002        1.0856 (0.0127 0.0117) 0.7222 (0.0085 0.0117) 0.7222 (0.0085 0.0117) 0.5324 (0.0129 0.0243) 0.7222 (0.0085 0.0117) 0.7222 (0.0085 0.0117) 0.7222 (0.0085 0.0117) 0.7197 (0.0085 0.0118) 0.7222 (0.0085 0.0117) 0.7222 (0.0085 0.0117)-1.0000 (0.0000 0.0000)
DQ988083_2002        1.0856 (0.0127 0.0117) 0.7222 (0.0085 0.0117) 0.7222 (0.0085 0.0117) 0.5324 (0.0129 0.0243) 0.7222 (0.0085 0.0117) 0.7222 (0.0085 0.0117) 0.7222 (0.0085 0.0117) 0.7197 (0.0085 0.0118) 0.7222 (0.0085 0.0117) 0.7222 (0.0085 0.0117)-1.0000 (0.0000 0.0000)-1.0000 (0.0000 0.0000)
DQ988086_2002        1.0856 (0.0127 0.0117) 0.7222 (0.0085 0.0117) 0.7222 (0.0085 0.0117) 0.5324 (0.0129 0.0243) 0.7222 (0.0085 0.0117) 0.7222 (0.0085 0.0117) 0.7222 (0.0085 0.0117) 0.7197 (0.0085 0.0118) 0.7222 (0.0085 0.0117) 0.7222 (0.0085 0.0117)-1.0000 (0.0000 0.0000)-1.0000 (0.0000 0.0000)-1.0000 (0.0000 0.0000)
DQ910735_2002        1.0856 (0.0127 0.0117) 0.7222 (0.0085 0.0117) 0.7222 (0.0085 0.0117) 0.5324 (0.0129 0.0243) 0.7222 (0.0085 0.0117) 0.7222 (0.0085 0.0117) 0.7222 (0.0085 0.0117) 0.7197 (0.0085 0.0118) 0.7222 (0.0085 0.0117) 0.7222 (0.0085 0.0117)-1.0000 (0.0000 0.0000)-1.0000 (0.0000 0.0000)-1.0000 (0.0000 0.0000)-1.0000 (0.0000 0.0000)
DQ910736_2002        1.0856 (0.0127 0.0117) 0.7222 (0.0085 0.0117) 0.7222 (0.0085 0.0117) 0.5324 (0.0129 0.0243) 0.7222 (0.0085 0.0117) 0.7222 (0.0085 0.0117) 0.7222 (0.0085 0.0117) 0.7197 (0.0085 0.0118) 0.7222 (0.0085 0.0117) 0.7222 (0.0085 0.0117)-1.0000 (0.0000 0.0000)-1.0000 (0.0000 0.0000)-1.0000 (0.0000 0.0000)-1.0000 (0.0000 0.0000)-1.0000 (0.0000 0.0000)
DQ910738_2002        1.0856 (0.0127 0.0117) 0.7222 (0.0085 0.0117) 0.7222 (0.0085 0.0117) 0.5324 (0.0129 0.0243) 0.7222 (0.0085 0.0117) 0.7222 (0.0085 0.0117) 0.7222 (0.0085 0.0117) 0.7197 (0.0085 0.0118) 0.7222 (0.0085 0.0117) 0.7222 (0.0085 0.0117)-1.0000 (0.0000 0.0000)-1.0000 (0.0000 0.0000)-1.0000 (0.0000 0.0000)-1.0000 (0.0000 0.0000)-1.0000 (0.0000 0.0000)-1.0000 (0.0000 0.0000)
DQ910748_2003        1.0886 (0.0127 0.0117) 0.7242 (0.0085 0.0117) 0.7242 (0.0085 0.0117) 0.5340 (0.0129 0.0242) 0.7242 (0.0085 0.0117) 0.7242 (0.0085 0.0117) 0.7242 (0.0085 0.0117) 0.7218 (0.0085 0.0118) 0.7242 (0.0085 0.0117) 0.7242 (0.0085 0.0117) 0.7145 (0.0170 0.0237) 0.7145 (0.0170 0.0237) 0.7145 (0.0170 0.0237) 0.7145 (0.0170 0.0237) 0.7145 (0.0170 0.0237) 0.7145 (0.0170 0.0237) 0.7145 (0.0170 0.0237)
DQ988094_2003       -1.0000 (0.0127 0.0000)-1.0000 (0.0085 0.0000)-1.0000 (0.0085 0.0000) 1.0766 (0.0129 0.0120)-1.0000 (0.0085 0.0000)-1.0000 (0.0085 0.0000)-1.0000 (0.0085 0.0000)-1.0000 (0.0085 0.0000)-1.0000 (0.0085 0.0000)-1.0000 (0.0085 0.0000) 1.4405 (0.0170 0.0118) 1.4405 (0.0170 0.0118) 1.4405 (0.0170 0.0118) 1.4405 (0.0170 0.0118) 1.4405 (0.0170 0.0118) 1.4405 (0.0170 0.0118) 1.4405 (0.0170 0.0118)-1.0000 (0.0000 0.0118)
DQ910742_2003       -1.0000 (0.0127 0.0000)-1.0000 (0.0085 0.0000)-1.0000 (0.0085 0.0000) 1.0766 (0.0129 0.0120)-1.0000 (0.0085 0.0000)-1.0000 (0.0085 0.0000)-1.0000 (0.0085 0.0000)-1.0000 (0.0085 0.0000)-1.0000 (0.0085 0.0000)-1.0000 (0.0085 0.0000) 1.4405 (0.0170 0.0118) 1.4405 (0.0170 0.0118) 1.4405 (0.0170 0.0118) 1.4405 (0.0170 0.0118) 1.4405 (0.0170 0.0118) 1.4405 (0.0170 0.0118) 1.4405 (0.0170 0.0118)-1.0000 (0.0000 0.0118)-1.0000 (0.0000 0.0000)
DQ910758_2004       -1.0000 (0.0042 0.0000)-1.0000 (0.0000 0.0000)-1.0000 (0.0000 0.0000) 0.3599 (0.0043 0.0119)-1.0000 (0.0000 0.0000)-1.0000 (0.0000 0.0000)-1.0000 (0.0000 0.0000)-1.0000 (0.0000 0.0000)-1.0000 (0.0000 0.0000)-1.0000 (0.0000 0.0000) 0.7222 (0.0085 0.0117) 0.7222 (0.0085 0.0117) 0.7222 (0.0085 0.0117) 0.7222 (0.0085 0.0117) 0.7222 (0.0085 0.0117) 0.7222 (0.0085 0.0117) 0.7222 (0.0085 0.0117) 0.7242 (0.0085 0.0117)-1.0000 (0.0085 0.0000)-1.0000 (0.0085 0.0000)
DQ988092_2003       -1.0000 (0.0085 0.0000)-1.0000 (0.0042 0.0000)-1.0000 (0.0042 0.0000) 0.7239 (0.0086 0.0119)-1.0000 (0.0042 0.0000)-1.0000 (0.0042 0.0000)-1.0000 (0.0042 0.0000)-1.0000 (0.0043 0.0000)-1.0000 (0.0042 0.0000)-1.0000 (0.0042 0.0000) 1.0894 (0.0127 0.0117) 1.0894 (0.0127 0.0117) 1.0894 (0.0127 0.0117) 1.0894 (0.0127 0.0117) 1.0894 (0.0127 0.0117) 1.0894 (0.0127 0.0117) 1.0894 (0.0127 0.0117) 1.0925 (0.0127 0.0117)-1.0000 (0.0127 0.0000)-1.0000 (0.0127 0.0000)-1.0000 (0.0042 0.0000)
DQ910741_2003       -1.0000 (0.0085 0.0000)-1.0000 (0.0042 0.0000)-1.0000 (0.0042 0.0000) 0.7218 (0.0086 0.0119)-1.0000 (0.0042 0.0000)-1.0000 (0.0042 0.0000)-1.0000 (0.0042 0.0000)-1.0000 (0.0043 0.0000)-1.0000 (0.0042 0.0000)-1.0000 (0.0042 0.0000) 1.0864 (0.0127 0.0117) 1.0864 (0.0127 0.0117) 1.0864 (0.0127 0.0117) 1.0864 (0.0127 0.0117) 1.0864 (0.0127 0.0117) 1.0864 (0.0127 0.0117) 1.0864 (0.0127 0.0117) 1.0894 (0.0127 0.0117)-1.0000 (0.0127 0.0000)-1.0000 (0.0127 0.0000)-1.0000 (0.0042 0.0000)-1.0000 (0.0085 0.0000)
DQ988093_2003       -1.0000 (0.0085 0.0000)-1.0000 (0.0042 0.0000)-1.0000 (0.0042 0.0000) 0.7218 (0.0086 0.0119)-1.0000 (0.0042 0.0000)-1.0000 (0.0042 0.0000)-1.0000 (0.0042 0.0000)-1.0000 (0.0043 0.0000)-1.0000 (0.0042 0.0000)-1.0000 (0.0042 0.0000) 1.0864 (0.0127 0.0117) 1.0864 (0.0127 0.0117) 1.0864 (0.0127 0.0117) 1.0864 (0.0127 0.0117) 1.0864 (0.0127 0.0117) 1.0864 (0.0127 0.0117) 1.0864 (0.0127 0.0117) 1.0894 (0.0127 0.0117)-1.0000 (0.0127 0.0000)-1.0000 (0.0127 0.0000)-1.0000 (0.0042 0.0000)-1.0000 (0.0085 0.0000)-1.0000 (0.0000 0.0000)
DQ988104_2004        0.3639 (0.0042 0.0116)-1.0000 (0.0000 0.0116)-1.0000 (0.0000 0.0116) 0.1785 (0.0043 0.0241)-1.0000 (0.0000 0.0116)-1.0000 (0.0000 0.0116)-1.0000 (0.0000 0.0116)-1.0000 (0.0000 0.0117)-1.0000 (0.0000 0.0116)-1.0000 (0.0000 0.0116) 0.3583 (0.0085 0.0236) 0.3583 (0.0085 0.0236) 0.3583 (0.0085 0.0236) 0.3583 (0.0085 0.0236) 0.3583 (0.0085 0.0236) 0.3583 (0.0085 0.0236) 0.3583 (0.0085 0.0236) 0.3593 (0.0085 0.0235) 0.7242 (0.0085 0.0117) 0.7242 (0.0085 0.0117)-1.0000 (0.0000 0.0116) 0.3651 (0.0042 0.0116) 0.3641 (0.0042 0.0116) 0.3641 (0.0042 0.0116)
DQ988108_2004       -1.0000 (0.0042 0.0000)-1.0000 (0.0000 0.0000)-1.0000 (0.0000 0.0000) 0.3599 (0.0043 0.0119)-1.0000 (0.0000 0.0000)-1.0000 (0.0000 0.0000)-1.0000 (0.0000 0.0000)-1.0000 (0.0000 0.0000)-1.0000 (0.0000 0.0000)-1.0000 (0.0000 0.0000) 0.7222 (0.0085 0.0117) 0.7222 (0.0085 0.0117) 0.7222 (0.0085 0.0117) 0.7222 (0.0085 0.0117) 0.7222 (0.0085 0.0117) 0.7222 (0.0085 0.0117) 0.7222 (0.0085 0.0117) 0.7242 (0.0085 0.0117)-1.0000 (0.0085 0.0000)-1.0000 (0.0085 0.0000)-1.0000 (0.0000 0.0000)-1.0000 (0.0042 0.0000)-1.0000 (0.0042 0.0000)-1.0000 (0.0042 0.0000)-1.0000 (0.0000 0.0116)
DQ910731_2002       -1.0000 (0.0127 0.0000)-1.0000 (0.0085 0.0000)-1.0000 (0.0085 0.0000) 1.0797 (0.0129 0.0120)-1.0000 (0.0085 0.0000)-1.0000 (0.0085 0.0000)-1.0000 (0.0085 0.0000)-1.0000 (0.0085 0.0000)-1.0000 (0.0085 0.0000)-1.0000 (0.0085 0.0000) 1.4445 (0.0170 0.0118) 1.4445 (0.0170 0.0118) 1.4445 (0.0170 0.0118) 1.4445 (0.0170 0.0118) 1.4445 (0.0170 0.0118) 1.4445 (0.0170 0.0118) 1.4445 (0.0170 0.0118) 1.4486 (0.0170 0.0117)-1.0000 (0.0170 0.0000)-1.0000 (0.0170 0.0000)-1.0000 (0.0085 0.0000)-1.0000 (0.0127 0.0000)-1.0000 (0.0127 0.0000)-1.0000 (0.0127 0.0000) 0.7263 (0.0085 0.0117)-1.0000 (0.0085 0.0000)
DQ988082_2002       -1.0000 (0.0128 0.0000)-1.0000 (0.0085 0.0000)-1.0000 (0.0085 0.0000) 1.0859 (0.0130 0.0119)-1.0000 (0.0085 0.0000)-1.0000 (0.0085 0.0000)-1.0000 (0.0085 0.0000)-1.0000 (0.0086 0.0000)-1.0000 (0.0085 0.0000)-1.0000 (0.0085 0.0000) 1.4527 (0.0170 0.0117) 1.4527 (0.0170 0.0117) 1.4527 (0.0170 0.0117) 1.4527 (0.0170 0.0117) 1.4527 (0.0170 0.0117) 1.4527 (0.0170 0.0117) 1.4527 (0.0170 0.0117) 1.4567 (0.0170 0.0117)-1.0000 (0.0170 0.0000)-1.0000 (0.0170 0.0000)-1.0000 (0.0085 0.0000)-1.0000 (0.0128 0.0000)-1.0000 (0.0128 0.0000)-1.0000 (0.0128 0.0000) 0.7303 (0.0085 0.0116)-1.0000 (0.0085 0.0000)-1.0000 (0.0085 0.0000)
DQ910730_2002       -1.0000 (0.0042 0.0000)-1.0000 (0.0000 0.0000)-1.0000 (0.0000 0.0000) 0.3599 (0.0043 0.0119)-1.0000 (0.0000 0.0000)-1.0000 (0.0000 0.0000)-1.0000 (0.0000 0.0000)-1.0000 (0.0000 0.0000)-1.0000 (0.0000 0.0000)-1.0000 (0.0000 0.0000) 0.7222 (0.0085 0.0117) 0.7222 (0.0085 0.0117) 0.7222 (0.0085 0.0117) 0.7222 (0.0085 0.0117) 0.7222 (0.0085 0.0117) 0.7222 (0.0085 0.0117) 0.7222 (0.0085 0.0117) 0.7242 (0.0085 0.0117)-1.0000 (0.0085 0.0000)-1.0000 (0.0085 0.0000)-1.0000 (0.0000 0.0000)-1.0000 (0.0042 0.0000)-1.0000 (0.0042 0.0000)-1.0000 (0.0042 0.0000)-1.0000 (0.0000 0.0116)-1.0000 (0.0000 0.0000)-1.0000 (0.0085 0.0000)-1.0000 (0.0085 0.0000)
AF235168_2000        1.0939 (0.0127 0.0116) 0.7278 (0.0085 0.0116) 0.7278 (0.0085 0.0116) 0.5366 (0.0129 0.0241) 0.7278 (0.0085 0.0116) 0.7278 (0.0085 0.0116) 0.7278 (0.0085 0.0116) 0.7253 (0.0085 0.0118) 0.7278 (0.0085 0.0116) 0.7278 (0.0085 0.0116) 0.7181 (0.0170 0.0237) 0.7181 (0.0170 0.0237) 0.7181 (0.0170 0.0237) 0.7181 (0.0170 0.0237) 0.7181 (0.0170 0.0237) 0.7181 (0.0170 0.0237) 0.7181 (0.0170 0.0237) 1.0860 (0.0192 0.0176) 3.2836 (0.0192 0.0058) 3.2836 (0.0192 0.0058) 0.7278 (0.0085 0.0116) 1.0978 (0.0128 0.0116) 1.0947 (0.0127 0.0116) 1.0947 (0.0127 0.0116) 0.3610 (0.0085 0.0235) 0.7278 (0.0085 0.0116) 1.4557 (0.0170 0.0117) 1.4638 (0.0170 0.0116) 0.7278 (0.0085 0.0116)
DQ631858_2003        0.7179 (0.0256 0.0357) 0.5970 (0.0213 0.0357) 0.5970 (0.0213 0.0357) 0.4408 (0.0217 0.0492) 0.5970 (0.0213 0.0357) 0.5970 (0.0213 0.0357) 0.5970 (0.0213 0.0357) 0.5948 (0.0215 0.0361) 0.5970 (0.0213 0.0357) 0.5970 (0.0213 0.0357) 0.6182 (0.0299 0.0484) 0.6182 (0.0299 0.0484) 0.6182 (0.0299 0.0484) 0.6182 (0.0299 0.0484) 0.6182 (0.0299 0.0484) 0.6182 (0.0299 0.0484) 0.6182 (0.0299 0.0484) 0.7634 (0.0321 0.0421) 1.0775 (0.0321 0.0298) 1.0775 (0.0321 0.0298) 0.5970 (0.0213 0.0357) 0.7205 (0.0257 0.0356) 0.7184 (0.0256 0.0357) 0.7184 (0.0256 0.0357) 0.4441 (0.0213 0.0480) 0.5970 (0.0213 0.0357) 0.8358 (0.0300 0.0359) 0.8406 (0.0300 0.0357) 0.5970 (0.0213 0.0357) 0.8995 (0.0213 0.0237)


TREE #  1:  (3, ((30, 31), ((((((6, 5), (9, 7)), ((((18, 19), 20), (((((10, 2), 8), 25), (21, 26)), 4)), (22, 1))), ((23, 24), 29)), ((((11, 17), (13, 15)), 14), (16, 12))), (27, 28))));   MP score: -1
This is a rooted tree.  Please check!
lnL(ntime:  0  np:  3):   -716.420867      +0.000000
 16.180322 1.248956 0.087239
SEs for parameters:
 10.230350 0.593469 0.006231

tree length = 110.12559

(3: 5.529429, ((30: 1.085785, 31: 4.085785): 0.289361, ((((((6: 0.176883, 5: 0.176883): 0.174030, (9: 0.341688, 7: 0.341688): 0.009225): 0.026953, ((((18: 0.113698, 19: 0.113698): 0.139876, 20: 0.253574): 0.314602, (((((10: 0.027009, 2: 0.027009): 0.080898, 8: 0.107906): 0.504149, 25: 0.612055): 0.233287, (21: 0.113140, 26: 0.113140): 0.732202): 0.539789, 4: 0.385131): 0.183045): 0.066804, (22: 0.570344, 1: 0.570344): 0.064636): 0.742886): 0.117413, ((23: 0.042003, 24: 0.042003): 1.277504, 29: 0.319507): 0.175773): 0.960806, ((((11: 0.335341, 17: 0.335341): 0.120034, (13: 0.115831, 15: 0.115831): 0.339544): 0.152440, 14: 0.607815): 0.236906, (16: 0.093314, 12: 0.093314): 0.751407): 0.611365): 1.461249, (27: 0.444493, 28: 0.444493): 2.472842): 0.457812): 79.154282);

(DQ115534_1925: 5.529429, ((AF235168_2000: 1.085785, DQ631858_2003: 4.085785): 0.289361, ((((((DQ910734_2002: 0.176883, DQ910732_2002: 0.176883): 0.174030, (DQ988084_2002: 0.341688, DQ910739_2002: 0.341688): 0.009225): 0.026953, ((((DQ910748_2003: 0.113698, DQ988094_2003: 0.113698): 0.139876, DQ910742_2003: 0.253574): 0.314602, (((((DQ910760_2004: 0.027009, DQ988106_2004: 0.027009): 0.080898, DQ910756_2004: 0.107906): 0.504149, DQ988104_2004: 0.612055): 0.233287, (DQ910758_2004: 0.113140, DQ988108_2004: 0.113140): 0.732202): 0.539789, DQ910740_2003: 0.385131): 0.183045): 0.066804, (DQ988092_2003: 0.570344, DQ910745_2003: 0.570344): 0.064636): 0.742886): 0.117413, ((DQ910741_2003: 0.042003, DQ988093_2003: 0.042003): 1.277504, DQ910730_2002: 0.319507): 0.175773): 0.960806, ((((DQ910733_2002: 0.335341, DQ910738_2002: 0.335341): 0.120034, (DQ988083_2002: 0.115831, DQ910735_2002: 0.115831): 0.339544): 0.152440, DQ988086_2002: 0.607815): 0.236906, (DQ910736_2002: 0.093314, DQ988085_2002: 0.093314): 0.751407): 0.611365): 1.461249, (DQ910731_2002: 0.444493, DQ988082_2002: 0.444493): 2.472842): 0.457812): 79.154282);

Detailed output identifying parameters

kappa (ts/tv) = 16.18032

omega (dN/dS) =  1.24896

alpha (gamma, K = 5) =  0.08724
rate:   0.00000  0.00003  0.00473  0.17066  4.82458
freq:   0.20000  0.20000  0.20000  0.20000  0.20000
dN & dS for each branch

 branch          t       N       S   dN/dS      dN      dS  N*dN  S*dS

  32..3      5.529   222.1   110.9  1.2490  1.9742  1.5807 438.4 175.3
  32..33    79.154   222.1   110.9  1.2490 28.2610 22.6277 6276.4 2509.7
  33..34     0.289   222.1   110.9  1.2490  0.1033  0.0827  22.9   9.2
  34..30     1.086   222.1   110.9  1.2490  0.3877  0.3104  86.1  34.4
  34..31     4.086   222.1   110.9  1.2490  1.4588  1.1680 324.0 129.5
  33..35     0.458   222.1   110.9  1.2490  0.1635  0.1309  36.3  14.5
  35..36     1.461   222.1   110.9  1.2490  0.5217  0.4177 115.9  46.3
  36..37     0.961   222.1   110.9  1.2490  0.3430  0.2747  76.2  30.5
  37..38     0.117   222.1   110.9  1.2490  0.0419  0.0336   9.3   3.7
  38..39     0.027   222.1   110.9  1.2490  0.0096  0.0077   2.1   0.9
  39..40     0.174   222.1   110.9  1.2490  0.0621  0.0497  13.8   5.5
  40..6      0.177   222.1   110.9  1.2490  0.0632  0.0506  14.0   5.6
  40..5      0.177   222.1   110.9  1.2490  0.0632  0.0506  14.0   5.6
  39..41     0.009   222.1   110.9  1.2490  0.0033  0.0026   0.7   0.3
  41..9      0.342   222.1   110.9  1.2490  0.1220  0.0977  27.1  10.8
  41..7      0.342   222.1   110.9  1.2490  0.1220  0.0977  27.1  10.8
  38..42     0.743   222.1   110.9  1.2490  0.2652  0.2124  58.9  23.6
  42..43     0.067   222.1   110.9  1.2490  0.0239  0.0191   5.3   2.1
  43..44     0.315   222.1   110.9  1.2490  0.1123  0.0899  24.9  10.0
  44..45     0.140   222.1   110.9  1.2490  0.0499  0.0400  11.1   4.4
  45..18     0.114   222.1   110.9  1.2490  0.0406  0.0325   9.0   3.6
  45..19     0.114   222.1   110.9  1.2490  0.0406  0.0325   9.0   3.6
  44..20     0.254   222.1   110.9  1.2490  0.0905  0.0725  20.1   8.0
  43..46     0.183   222.1   110.9  1.2490  0.0654  0.0523  14.5   5.8
  46..47     0.540   222.1   110.9  1.2490  0.1927  0.1543  42.8  17.1
  47..48     0.233   222.1   110.9  1.2490  0.0833  0.0667  18.5   7.4
  48..49     0.504   222.1   110.9  1.2490  0.1800  0.1441  40.0  16.0
  49..50     0.081   222.1   110.9  1.2490  0.0289  0.0231   6.4   2.6
  50..10     0.027   222.1   110.9  1.2490  0.0096  0.0077   2.1   0.9
  50..2      0.027   222.1   110.9  1.2490  0.0096  0.0077   2.1   0.9
  49..8      0.108   222.1   110.9  1.2490  0.0385  0.0308   8.6   3.4
  48..25     0.612   222.1   110.9  1.2490  0.2185  0.1750  48.5  19.4
  47..51     0.732   222.1   110.9  1.2490  0.2614  0.2093  58.1  23.2
  51..21     0.113   222.1   110.9  1.2490  0.0404  0.0323   9.0   3.6
  51..26     0.113   222.1   110.9  1.2490  0.0404  0.0323   9.0   3.6
  46..4      0.385   222.1   110.9  1.2490  0.1375  0.1101  30.5  12.2
  42..52     0.065   222.1   110.9  1.2490  0.0231  0.0185   5.1   2.0
  52..22     0.570   222.1   110.9  1.2490  0.2036  0.1630  45.2  18.1
  52..1      0.570   222.1   110.9  1.2490  0.2036  0.1630  45.2  18.1
  37..53     0.176   222.1   110.9  1.2490  0.0628  0.0502  13.9   5.6
  53..54     1.278   222.1   110.9  1.2490  0.4561  0.3652 101.3  40.5
  54..23     0.042   222.1   110.9  1.2490  0.0150  0.0120   3.3   1.3
  54..24     0.042   222.1   110.9  1.2490  0.0150  0.0120   3.3   1.3
  53..29     0.320   222.1   110.9  1.2490  0.1141  0.0913  25.3  10.1
  36..55     0.611   222.1   110.9  1.2490  0.2183  0.1748  48.5  19.4
  55..56     0.237   222.1   110.9  1.2490  0.0846  0.0677  18.8   7.5
  56..57     0.152   222.1   110.9  1.2490  0.0544  0.0436  12.1   4.8
  57..58     0.120   222.1   110.9  1.2490  0.0429  0.0343   9.5   3.8
  58..11     0.335   222.1   110.9  1.2490  0.1197  0.0959  26.6  10.6
  58..17     0.335   222.1   110.9  1.2490  0.1197  0.0959  26.6  10.6
  57..59     0.340   222.1   110.9  1.2490  0.1212  0.0971  26.9  10.8
  59..13     0.116   222.1   110.9  1.2490  0.0414  0.0331   9.2   3.7
  59..15     0.116   222.1   110.9  1.2490  0.0414  0.0331   9.2   3.7
  56..14     0.608   222.1   110.9  1.2490  0.2170  0.1738  48.2  19.3
  55..60     0.751   222.1   110.9  1.2490  0.2683  0.2148  59.6  23.8
  60..16     0.093   222.1   110.9  1.2490  0.0333  0.0267   7.4   3.0
  60..12     0.093   222.1   110.9  1.2490  0.0333  0.0267   7.4   3.0
  35..61     2.473   222.1   110.9  1.2490  0.8829  0.7069 196.1  78.4
  61..27     0.444   222.1   110.9  1.2490  0.1587  0.1271  35.2  14.1
  61..28     0.444   222.1   110.9  1.2490  0.1587  0.1271  35.2  14.1

tree length for dN:      39.3190
tree length for dS:      31.4815


Time used:  0:25
