PBS default server is
Working directory is /home/sduc7183/flav_mb
Running on host hpc014
Time is Fri May 22 21:55:35 AEST 2015
Directory is /home/sduc7183/flav_mb
This jobs runs on the following processors:
hpc014.hpc.sydney.edu.au hpc014.hpc.sydney.edu.au hpc014.hpc.sydney.edu.au hpc014.hpc.sydney.edu.au hpc014.hpc.sydney.edu.au
This job has allocated nodes


                            MrBayes v3.2.5 x64

                      (Bayesian Analysis of Phylogeny)

              Distributed under the GNU General Public License


               Type "help" or "help <command>" for information
                     on the commands that are available.

                   Type "about" for authorship and general
                       information about the program.



   Executing file "Heinze_aa.nexus"
   UNIX line termination
   Longest line length = 789
   Parsing file
   Expecting NEXUS formatted file
   Reading data block
      Allocated taxon set
      Allocated matrix
      Defining new matrix with 58 taxa and 3324 characters
      Data is Protein
      Missing data coded as ?
      Gaps coded as -
      Data matrix is interleaved
      Taxon  1 -> AB062063_TBEV_Oshima5-10_Japan_1995_
      Taxon  2 -> AY169390_TBEV_Primorye-332_Russia_1991_
      Taxon  3 -> ET816450_TBEV_Primorye-212_Russia_1991_
      Taxon  4 -> ET816451_TBEV_Primorye-253_Russia_1991_
      Taxon  5 -> GQ228395_TBEV_Primorye-18_Russia_1997_
      Taxon  6 -> ET816452_TBEV_Primorye-270_Russia_1991_
      Taxon  7 -> ET816455_TBEV_Primorye-86_Russia_1986_
      Taxon  8 -> FJ997899_TBEV_Primorye-90_Russia_1990_
      Taxon  9 -> ET816453_TBEV_Primorye-69_Russia_2000_
      Taxon 10 -> AB062064_TBEV_Sofjin-HO_Russia_1937_
      Taxon 11 -> ET816454_TBEV_Primorye-94_Russia_1994_
      Taxon 12 -> FJ402886_TBEV_Dalnegorsk_Russia_1973_
      Taxon 13 -> HM859895_TBEV_Primorye-2239_Russia_1985_
      Taxon 14 -> FJ906622_TBEV_Primirye-89_Russia_1987_
      Taxon 15 -> HM859894_TBEV_Primorye-633_Russia_1978_
      Taxon 16 -> DQ989336_TBEV_205_Russia_1973_
      Taxon 17 -> DQ862460_TBEV_Glubinnoe-2004_Russia_2004_
      Taxon 18 -> FJ402885_TBEV_Kavalerovo_Russia_1985_
      Taxon 19 -> GT121642_TBEV_Svetlogorie_Russia_2008_
      Taxon 20 -> EF469661_TBEV_178-79_Russia1979_
      Taxon 21 -> EF469662_TBEV_886-84_Russia_1984_
      Taxon 22 -> AF527415_TBEV_Zausaev_Russia_1985_
      Taxon 23 -> FJ968751_Koarovo-2008_Russia_2008_
      Taxon 24 -> L40361_TBEV_Vasilchenko_Russia_1969_
      Taxon 25 -> DQ486861_TBEV_EK-328_Estonia_1972_
      Taxon 26 -> AM600965_TBEV_K23_Germany_1975_
      Taxon 27 -> FJ572210_TBEV_Salem_Germany_2006_
      Taxon 28 -> T27491_TBEV_263_Czech_Republic_1987_
      Taxon 29 -> GQ266392_TBEV_AS33_Germany_2005_
      Taxon 30 -> T27495_TBEV_Neudoerfl_Austria_1971_
      Taxon 31 -> DQ401140__TBEV_Toro-2003_Sweden_2003_
      Taxon 32 -> T39292_TBEV_Hypr_Czech_Republic_1953_
      Taxon 33 -> DQ235152__SSEV_Spain_1987_
      Taxon 34 -> NC_001809_LIV_369-T2_Scotland_1963_
      Taxon 35 -> DQ235151_TSEV_Turkey_1960_
      Taxon 36 -> DQ235153__GGEV_Greece_1969_
      Taxon 37 -> AB507800_OHFV_Guriev_Russia_1947_
      Taxon 38 -> NC_003690_Langat_Virus_TP21_Malaysia_1956_
      Taxon 39 -> AY323490__KFDV_KFD_P-9605_India_1957_
      Taxon 40 -> NC_004355_AHFV_1176__Saudi_Arabia_1995_
      Taxon 41 -> AF311056_DTV_ctb30_TSA_1995_
      Taxon 42 -> HM440559_POWV_DTVMa96_TSA_1996_
      Taxon 43 -> HM440558_POWV_DTVWi99_TSA_1999_
      Taxon 44 -> HM440560_POWV_DTVWiA08_TSA_2008_
      Taxon 45 -> HM440561_POWV_DTVWiB08_TSA_2008_
      Taxon 46 -> HM440562_POWV_DTVWiC08_TSA_2008_
      Taxon 47 -> ET543649_POWV_Partizansk-2006_Russia_2006_
      Taxon 48 -> ET670438_POWV_Nadezdinsk-1991_Russia_1991_
      Taxon 49 -> NC_003687_POWV_LB_Canada_1958_
      Taxon 50 -> ET770575_POWV_Spassk-9_Russia_1975_
      Taxon 51 -> HM440563_POWV_64-7062_TSA_1964_
      Taxon 52 -> DQ235145__Gadgets_Gully_virus_Australia_1975_
      Taxon 53 -> DQ235149__Royal_Farm_virus_Afghanistan_1968_
      Taxon 54 -> NC_006947_KSIV_LEIV-2247_Tzbekistan_1972_
      Taxon 55 -> DQ235146__Kadam_virus_Tganda_1967_
      Taxon 56 -> DQ235144__Meaban_virus_France_1981_
      Taxon 57 -> DQ235150__Saumarez_Reef_virus_Australia_1977_
      Taxon 58 -> DQ235148_Tyuleniy_virus_TSA_1971_
      Successfully read matrix
      Setting default partition (does not divide up characters)
      Setting model defaults
      Seed (for generating default start values) = 1432295735
      Setting output file names to "Heinze_aa.nexus.run<i>.<p|t>"
   Exiting data block
   Reading mrbayes block
      Setting Rates to Gamma
      Successfully set likelihood model parameters
      Setting Aamodelpr to Fixed(Gtr)
      Successfully set prior model parameters
      Setting Aarevmatpr to Dirichlet(1.00,1.00,...)
      Successfully set prior model parameters
      Setting chain output file names to "Heinze_dpp.run<i>.<p/t>"
      Successfully set chain parameters
      Setting number of generations to 300000
      Running Markov chain
      MCMC stamp = 6938871683
      Seed = 297645872
      Swapseed = 1432295735
      Model settings:

         Data not partitioned --
            Datatype  = Protein
            Aamodel   = Gtr
                        Substitution rates have a Dirichlet(1.00,1.00,...) prior
            Covarion  = No
            # States  = 20
                        State frequencies have a Dirichlet prior
                        (1.00,1.00,1.00,1.00,1.00,1.00,1.00,1.00,1.00,1.00,
                        1.00,1.00,1.00,1.00,1.00,1.00,1.00,1.00,1.00,1.00)
            Rates     = Gamma
                        The distribution is approximated using 4 categories.
                        Likelihood summarized over all rate categories in each generation.
                        Shape parameter is exponentially
                        distributed with parameter (1.00).

      Active parameters: 

         Parameters
         ---------------------
         Revmat              1
         Statefreq           2
         Shape               3
         Ratemultiplier      4
         Topology            5
         Brlens              6
         ---------------------

         1 --  Parameter  = Revmat
               Type       = Rates of reversible rate matrix
               Prior      = Dirichlet

         2 --  Parameter  = Pi
               Type       = Stationary state frequencies
               Prior      = Dirichlet

         3 --  Parameter  = Alpha
               Type       = Shape of scaled gamma distribution of site rates
               Prior      = Exponential(1.00)

         4 --  Parameter  = Ratemultiplier
               Type       = Partition-specific rate multiplier
               Prior      = Fixed(1.0)

         5 --  Parameter  = Tau
               Type       = Topology
               Prior      = All topologies equally probable a priori
               Subparam.  = V

         6 --  Parameter  = V
               Type       = Branch lengths
               Prior      = Unconstrained:GammaDir(1.0,0.1000,1.0,1.0)



      The MCMC sampler will use the following moves:
         With prob.  Chain will use move
            0.94 %   Dirichlet(Revmat)
            0.94 %   Slider(Revmat)
            0.94 %   Dirichlet(Pi)
            0.94 %   Slider(Pi)
            1.89 %   Multiplier(Alpha)
            9.43 %   ExtSPR(Tau,V)
            9.43 %   ExtTBR(Tau,V)
            9.43 %   NNI(Tau,V)
            9.43 %   ParsSPR(Tau,V)
           37.74 %   Multiplier(V)
           13.21 %   Nodeslider(V)
            5.66 %   TLMultiplier(V)

      Division 1 has 2127 unique site patterns
      Initializing conditional likelihoods
      Using standard SSE likelihood calculator for division 1 (single-precision)

      Initial log likelihoods and log prior probs for run 1:
         Chain 1 -- -139923.785525 -- 960.889918
         Chain 2 -- -145055.670299 -- 960.889918
         Chain 3 -- -150542.553571 -- 960.889918
         Chain 4 -- -140280.051480 -- 960.889918

      Initial log likelihoods and log prior probs for run 2:
         Chain 1 -- -145791.139127 -- 960.889918
         Chain 2 -- -143176.720704 -- 960.889918
         Chain 3 -- -140095.269029 -- 960.889918
         Chain 4 -- -141724.111755 -- 960.889918


      Using a relative burnin of 25.0 % for diagnostics

      Chain results (300000 generations requested):

          0 -- [-139923.786] (-145055.670) (-150542.554) (-140280.051) * [-145791.139] (-143176.721) (-140095.269) (-141724.112) 
       1000 -- (-80411.751) [-74684.749] (-77593.874) (-75348.855) * (-80251.895) (-80052.965) (-77131.550) [-75560.443] -- 13:52:13
       2000 -- [-62981.412] (-65220.771) (-63504.884) (-64300.926) * [-63675.336] (-66514.763) (-64141.604) (-64436.115) -- 12:29:58
       3000 -- [-60377.579] (-61151.805) (-60823.506) (-61503.283) * [-60812.623] (-61235.180) (-61061.279) (-61724.118) -- 12:02:42
       4000 -- [-59329.805] (-59864.986) (-59625.175) (-60185.298) * [-59545.550] (-59876.237) (-60198.070) (-59935.003) -- 11:46:42
       5000 -- (-58955.466) (-59385.155) (-59382.500) [-58814.486] * [-58803.674] (-59254.321) (-59665.440) (-59141.956) -- 11:33:14

      Average standard deviation of split frequencies: 0.091058

       6000 -- (-58782.437) (-58865.469) (-58788.596) [-58453.447] * [-58274.989] (-58793.040) (-59259.486) (-58612.194) -- 11:26:49
       7000 -- (-58533.601) (-58609.556) (-58465.655) [-58121.179] * [-57995.318] (-58632.134) (-58875.301) (-58417.536) -- 11:23:40
       8000 -- (-58190.396) (-58500.802) (-58346.598) [-57967.355] * [-57708.027] (-58456.685) (-58581.237) (-57838.069) -- 11:18:54
       9000 -- (-58095.038) (-58444.572) (-58106.603) [-57737.146] * [-57562.640] (-58254.518) (-58339.728) (-57748.567) -- 11:15:46
      10000 -- (-58008.082) (-58181.178) (-57983.722) [-57461.048] * [-57339.217] (-57992.196) (-58087.901) (-57609.179) -- 11:12:19

      Average standard deviation of split frequencies: 0.068631

      11000 -- (-57789.581) (-57966.630) (-57676.474) [-57370.280] * [-57307.891] (-57819.896) (-57822.090) (-57432.200) -- 11:08:38
      12000 -- (-57433.259) (-57696.698) (-57335.280) [-57117.103] * [-57154.881] (-57689.870) (-57740.238) (-57322.558) -- 11:05:36
      13000 -- (-57236.090) (-57629.719) (-57102.827) [-57052.743] * [-57055.447] (-57581.154) (-57442.414) (-57108.756) -- 11:04:08
      14000 -- (-57083.475) (-57502.253) (-56952.112) [-56902.542] * [-57036.830] (-57452.401) (-57351.663) (-57072.146) -- 11:01:12
      15000 -- (-57061.978) (-57327.998) (-56894.879) [-56898.433] * (-57010.706) (-57417.819) (-57280.944) [-56893.792] -- 10:57:05

      Average standard deviation of split frequencies: 0.051021

      16000 -- (-57048.595) (-57278.914) (-56818.607) [-56742.760] * (-56897.295) (-57328.728) (-57039.535) [-56836.438] -- 10:54:05
      17000 -- (-56855.025) (-57223.863) (-56665.127) [-56515.024] * [-56695.225] (-57156.704) (-56861.852) (-56805.233) -- 10:51:27
      18000 -- (-56819.684) (-57164.410) (-56496.886) [-56435.446] * [-56498.075] (-57045.788) (-56678.035) (-56739.994) -- 10:48:51
      19000 -- (-56594.990) (-57061.386) (-56403.150) [-56195.946] * [-56384.611] (-56911.604) (-56446.578) (-56594.291) -- 10:46:03
      20000 -- (-56576.029) (-56996.500) (-56336.043) [-55993.886] * [-56339.995] (-56772.816) (-56415.243) (-56401.065) -- 10:43:46

      Average standard deviation of split frequencies: 0.043310

      21000 -- (-56387.988) (-56885.306) (-56314.037) [-55933.427] * (-56295.788) (-56601.722) (-56294.004) [-56175.549] -- 10:41:02
      22000 -- (-56310.912) (-56821.351) (-56181.110) [-55907.567] * (-56164.735) (-56469.068) (-56165.038) [-56109.560] -- 10:39:11
      23000 -- (-56171.798) (-56715.856) (-56082.426) [-55800.346] * (-56169.663) (-56434.884) (-56080.914) [-55944.162] -- 10:36:29
      24000 -- (-56112.021) (-56684.564) (-56067.488) [-55714.876] * (-56124.010) (-56416.314) (-55960.786) [-55727.963] -- 10:34:02
      25000 -- (-56032.329) (-56578.594) (-55959.367) [-55628.603] * (-56019.632) (-56348.328) (-55927.484) [-55658.043] -- 10:31:57

      Average standard deviation of split frequencies: 0.038276

      26000 -- (-55960.166) (-56415.952) (-55878.021) [-55597.469] * (-55962.137) (-56330.191) (-55809.624) [-55607.961] -- 10:29:50
      27000 -- (-55889.679) (-56396.950) (-55743.399) [-55537.277] * (-55927.098) (-56299.306) (-55708.734) [-55548.656] -- 10:27:43
      28000 -- (-55779.622) (-56353.774) (-55685.143) [-55426.266] * (-55914.094) (-56247.393) (-55579.506) [-55435.283] -- 10:25:26
      29000 -- (-55755.328) (-56299.472) (-55529.596) [-55435.895] * (-55889.773) (-56229.488) (-55546.529) [-55400.113] -- 10:23:08
      30000 -- (-55684.283) (-56219.500) (-55393.892) [-55369.727] * (-55785.977) (-56097.908) (-55452.980) [-55349.288] -- 10:21:09

      Average standard deviation of split frequencies: 0.035025

      31000 -- (-55623.153) (-56062.200) (-55358.617) [-55314.063] * (-55789.225) (-55876.955) (-55409.746) [-55303.941] -- 10:19:16
      32000 -- (-55533.366) (-56005.401) (-55322.583) [-55226.894] * (-55784.423) (-55667.886) (-55343.579) [-55288.588] -- 10:17:22
      33000 -- (-55486.699) (-55932.550) [-55194.666] (-55185.646) * (-55734.739) (-55638.675) (-55334.245) [-55254.925] -- 10:15:10
      34000 -- (-55475.443) (-55930.237) [-55106.660] (-55155.966) * (-55613.480) (-55573.585) (-55291.328) [-55190.200] -- 10:13:14
      35000 -- (-55411.491) (-55903.744) [-55082.294] (-55147.893) * (-55568.746) (-55570.392) (-55268.630) [-55166.344] -- 10:11:00

      Average standard deviation of split frequencies: 0.032985

      36000 -- (-55410.302) (-55878.419) [-55069.917] (-55066.182) * (-55531.156) (-55543.119) (-55210.440) [-55080.085] -- 10:09:02
      37000 -- (-55325.785) (-55731.781) (-55084.158) [-55026.745] * (-55527.496) (-55505.036) (-55199.686) [-55061.920] -- 10:06:47
      38000 -- (-55288.253) (-55702.101) (-55061.084) [-55018.666] * (-55456.466) (-55526.710) (-55172.282) [-55005.634] -- 10:05:00
      39000 -- (-55251.244) (-55629.559) [-55005.488] (-55028.988) * (-55440.622) (-55483.279) (-55153.622) [-54992.767] -- 10:02:45
      40000 -- (-55232.418) (-55551.790) [-54960.987] (-54987.873) * (-55366.933) (-55439.597) (-55140.346) [-54956.530] -- 10:01:08

      Average standard deviation of split frequencies: 0.027791

      41000 -- (-55203.820) (-55506.770) [-54928.690] (-54956.272) * (-55363.810) (-55421.799) (-55119.984) [-54921.285] -- 9:58:57
      42000 -- (-55161.217) (-55368.074) (-54917.072) [-54951.465] * (-55282.869) (-55359.810) (-55088.374) [-54895.213] -- 9:56:52
      43000 -- (-55137.473) (-55324.656) [-54904.275] (-54897.977) * (-55213.816) (-55331.509) (-55019.742) [-54890.808] -- 9:54:53
      44000 -- (-55082.968) (-55322.452) [-54888.668] (-54877.692) * (-55185.111) (-55297.402) (-55001.104) [-54883.443] -- 9:52:40
      45000 -- (-55030.173) (-55319.914) [-54861.881] (-54865.590) * (-55147.218) (-55275.118) (-54971.508) [-54814.902] -- 9:50:50

      Average standard deviation of split frequencies: 0.025810

      46000 -- (-54952.475) (-55267.964) (-54848.291) [-54847.526] * (-55093.754) (-55138.767) (-54956.616) [-54795.606] -- 9:48:42
      47000 -- (-54911.461) (-55252.907) (-54818.037) [-54801.996] * (-55044.181) (-55090.394) (-54843.654) [-54786.386] -- 9:46:55
      48000 -- (-54875.084) (-55180.682) (-54790.329) [-54772.742] * (-55030.838) (-55083.616) (-54850.125) [-54751.570] -- 9:45:01
      49000 -- (-54830.311) (-55114.047) (-54772.846) [-54708.673] * (-55017.850) (-55046.157) (-54863.639) [-54707.215] -- 9:43:01
      50000 -- (-54836.843) (-55037.443) (-54761.936) [-54682.575] * (-55004.230) (-55019.338) (-54832.929) [-54663.596] -- 9:41:05

      Average standard deviation of split frequencies: 0.020101

      51000 -- (-54850.589) (-55017.850) (-54764.107) [-54660.919] * (-54932.018) (-55008.819) (-54824.014) [-54639.965] -- 9:39:02
      52000 -- (-54841.306) (-55015.043) (-54741.212) [-54662.895] * (-54925.870) (-55006.712) (-54811.503) [-54620.753] -- 9:36:40
      53000 -- (-54822.745) (-55016.729) (-54743.043) [-54651.675] * (-54946.119) (-54975.435) (-54818.010) [-54617.144] -- 9:34:51
      54000 -- (-54831.919) (-54996.698) (-54726.101) [-54619.641] * (-54930.633) (-54938.099) (-54824.313) [-54616.117] -- 9:32:33
      55000 -- (-54774.658) (-54947.617) (-54731.778) [-54579.273] * (-54872.131) (-54911.338) (-54818.121) [-54618.983] -- 9:30:24

      Average standard deviation of split frequencies: 0.021571

      56000 -- (-54761.538) (-54904.672) (-54723.677) [-54519.439] * (-54805.387) (-54929.419) (-54836.591) [-54577.426] -- 9:28:14
      57000 -- (-54768.433) (-54842.603) (-54714.102) [-54494.632] * (-54755.064) (-54878.822) (-54819.368) [-54580.631] -- 9:26:21
      58000 -- (-54773.148) (-54826.453) (-54720.705) [-54499.877] * (-54742.009) (-54865.590) (-54822.974) [-54555.075] -- 9:24:14
      59000 -- (-54720.174) (-54769.892) (-54701.773) [-54475.700] * (-54750.299) (-54813.963) (-54815.795) [-54560.225] -- 9:22:15
      60000 -- (-54719.878) (-54772.688) (-54692.936) [-54469.966] * (-54678.793) (-54787.101) (-54781.635) [-54550.200] -- 9:20:08

      Average standard deviation of split frequencies: 0.019426

      61000 -- (-54724.375) (-54733.137) (-54680.227) [-54457.216] * (-54669.661) (-54779.581) (-54719.213) [-54521.324] -- 9:17:55
      62000 -- (-54727.030) (-54721.963) (-54667.820) [-54440.494] * (-54668.767) (-54772.673) (-54713.942) [-54502.985] -- 9:15:35
      63000 -- (-54711.600) (-54680.964) (-54676.359) [-54398.454] * (-54669.474) (-54766.531) (-54685.200) [-54500.542] -- 9:13:26
      64000 -- (-54679.379) (-54687.470) (-54664.739) [-54381.555] * (-54661.687) (-54743.614) (-54690.284) [-54479.039] -- 9:11:16
      65000 -- (-54632.127) (-54685.914) (-54654.753) [-54366.303] * (-54664.064) (-54735.282) (-54695.502) [-54481.574] -- 9:09:03

      Average standard deviation of split frequencies: 0.015079

      66000 -- (-54627.109) (-54641.576) (-54660.875) [-54350.252] * (-54631.464) (-54707.562) (-54674.022) [-54469.132] -- 9:07:00
      67000 -- (-54629.266) (-54644.589) (-54652.422) [-54363.610] * (-54604.576) (-54685.875) (-54636.374) [-54430.990] -- 9:04:56
      68000 -- (-54634.753) (-54650.103) (-54663.681) [-54370.260] * (-54600.816) (-54690.365) (-54636.551) [-54433.249] -- 9:02:38
      69000 -- (-54582.340) (-54586.962) (-54676.858) [-54323.648] * (-54583.392) (-54695.868) (-54633.864) [-54418.930] -- 9:00:27
      70000 -- (-54570.414) (-54601.286) (-54661.385) [-54306.010] * (-54566.793) (-54707.778) (-54613.065) [-54409.738] -- 8:58:25

      Average standard deviation of split frequencies: 0.015854

      71000 -- (-54574.860) (-54566.498) (-54666.524) [-54278.362] * (-54540.610) (-54655.254) (-54607.966) [-54406.305] -- 8:56:25
      72000 -- (-54579.713) (-54518.468) (-54663.122) [-54288.118] * (-54543.681) (-54627.080) (-54584.576) [-54412.998] -- 8:54:22
      73000 -- (-54543.883) (-54462.484) (-54615.872) [-54277.852] * (-54539.930) (-54580.600) (-54531.902) [-54402.587] -- 8:52:15
      74000 -- (-54533.812) (-54471.234) (-54631.169) [-54276.057] * (-54519.701) (-54588.569) (-54536.580) [-54392.192] -- 8:50:17
      75000 -- (-54557.189) (-54444.897) (-54605.818) [-54279.479] * (-54515.062) (-54570.485) (-54510.034) [-54392.944] -- 8:48:33

      Average standard deviation of split frequencies: 0.014903

      76000 -- (-54558.125) (-54435.589) (-54618.239) [-54276.421] * (-54515.991) (-54581.473) (-54493.017) [-54392.051] -- 8:46:47
      77000 -- (-54545.347) (-54439.547) (-54623.519) [-54257.983] * (-54507.323) (-54572.859) (-54494.778) [-54384.579] -- 8:44:34
      78000 -- (-54530.844) (-54439.941) (-54632.212) [-54243.282] * (-54512.796) (-54565.848) (-54469.427) [-54386.180] -- 8:42:19
      79000 -- (-54528.133) (-54435.834) (-54625.992) [-54245.216] * (-54501.996) (-54548.438) (-54455.776) [-54399.211] -- 8:39:57
      80000 -- (-54543.302) (-54363.727) (-54622.613) [-54242.059] * (-54521.598) (-54530.866) (-54450.848) [-54398.504] -- 8:37:35

      Average standard deviation of split frequencies: 0.017382

      81000 -- (-54540.641) (-54368.142) (-54617.073) [-54239.551] * (-54504.233) (-54517.025) (-54448.620) [-54387.828] -- 8:35:27
      82000 -- (-54530.957) (-54346.530) (-54602.793) [-54245.377] * (-54469.968) (-54512.225) (-54426.993) [-54369.340] -- 8:33:13
      83000 -- (-54532.525) (-54368.755) (-54604.186) [-54233.624] * (-54480.070) (-54511.925) (-54441.563) [-54375.585] -- 8:30:57
      84000 -- (-54550.487) (-54362.131) (-54606.359) [-54228.373] * (-54478.463) (-54498.423) (-54432.259) [-54353.245] -- 8:28:42
      85000 -- (-54539.108) (-54343.079) (-54603.752) [-54232.504] * (-54478.338) (-54507.385) (-54416.485) [-54368.590] -- 8:26:25

      Average standard deviation of split frequencies: 0.017901

      86000 -- (-54510.506) (-54348.442) (-54611.788) [-54219.204] * (-54454.997) (-54503.767) (-54419.307) [-54361.803] -- 8:24:06
      87000 -- (-54496.077) (-54364.227) (-54590.261) [-54219.614] * (-54444.540) (-54506.109) (-54422.538) [-54334.595] -- 8:21:44
      88000 -- (-54488.891) (-54333.199) (-54597.448) [-54220.887] * (-54397.964) (-54503.367) (-54426.631) [-54334.746] -- 8:19:29
      89000 -- (-54485.385) (-54356.465) (-54606.973) [-54208.379] * [-54385.010] (-54500.741) (-54384.363) (-54339.134) -- 8:17:11
      90000 -- (-54484.821) (-54330.632) (-54605.753) [-54179.130] * (-54387.385) (-54471.211) (-54367.338) [-54344.527] -- 8:14:49

      Average standard deviation of split frequencies: 0.015733

      91000 -- (-54483.881) (-54316.955) (-54613.011) [-54185.970] * (-54383.953) (-54477.209) (-54364.496) [-54337.377] -- 8:12:29
      92000 -- (-54484.085) (-54325.259) (-54592.342) [-54167.754] * (-54389.074) (-54472.698) (-54338.736) [-54319.090] -- 8:10:11
      93000 -- (-54462.853) (-54317.264) (-54564.342) [-54169.922] * (-54374.575) (-54452.826) (-54326.873) [-54331.989] -- 8:07:53
      94000 -- (-54466.762) (-54321.643) (-54544.987) [-54155.394] * (-54371.323) (-54456.760) (-54324.759) [-54329.877] -- 8:05:35
      95000 -- (-54462.751) (-54331.469) (-54521.614) [-54146.977] * (-54376.811) (-54442.744) [-54307.180] (-54322.594) -- 8:03:15

      Average standard deviation of split frequencies: 0.015560

      96000 -- (-54481.959) (-54312.090) (-54545.469) [-54144.718] * (-54351.447) (-54449.944) (-54329.633) [-54302.546] -- 8:00:55
      97000 -- (-54462.145) (-54305.368) (-54548.277) [-54136.918] * (-54358.961) (-54430.958) (-54310.753) [-54296.232] -- 7:58:45
      98000 -- (-54456.260) (-54323.322) (-54513.306) [-54129.981] * (-54384.979) (-54428.723) (-54325.612) [-54298.688] -- 7:56:33
      99000 -- (-54433.143) (-54316.786) (-54520.238) [-54103.875] * (-54353.894) (-54450.669) (-54327.002) [-54279.346] -- 7:54:12
      100000 -- (-54442.358) (-54299.560) (-54490.087) [-54105.639] * (-54367.345) (-54434.734) (-54333.899) [-54282.746] -- 7:51:52

      Average standard deviation of split frequencies: 0.016870

      101000 -- (-54428.845) (-54302.224) (-54462.953) [-54111.832] * (-54377.699) (-54419.963) (-54337.819) [-54261.104] -- 7:49:31
      102000 -- (-54415.977) (-54314.644) (-54469.207) [-54101.269] * (-54358.426) (-54423.639) (-54316.798) [-54240.368] -- 7:47:22
      103000 -- (-54385.747) (-54303.979) (-54473.293) [-54099.922] * (-54354.267) (-54442.566) (-54310.594) [-54233.560] -- 7:45:20
      104000 -- (-54389.818) (-54300.826) (-54478.644) [-54083.507] * (-54315.057) (-54443.767) (-54327.898) [-54230.690] -- 7:42:49
      105000 -- (-54402.645) (-54302.475) (-54472.195) [-54083.564] * (-54321.319) (-54448.139) (-54313.492) [-54205.150] -- 7:40:17

      Average standard deviation of split frequencies: 0.015508

      106000 -- (-54383.612) (-54293.901) (-54469.066) [-54051.372] * (-54313.676) (-54450.852) (-54308.726) [-54202.252] -- 7:37:54
      107000 -- (-54366.095) (-54280.926) (-54467.624) [-54064.657] * (-54318.313) (-54427.686) (-54308.091) [-54204.511] -- 7:35:33
      108000 -- (-54369.427) (-54303.524) (-54448.231) [-54055.401] * (-54302.784) (-54433.870) (-54299.695) [-54206.834] -- 7:33:16
      109000 -- (-54384.494) (-54287.776) (-54406.366) [-54059.525] * (-54302.315) (-54444.924) (-54292.950) [-54194.558] -- 7:30:55
      110000 -- (-54378.959) (-54274.566) (-54353.824) [-54053.458] * (-54292.967) (-54432.575) (-54286.245) [-54178.394] -- 7:28:32

      Average standard deviation of split frequencies: 0.014581

      111000 -- (-54362.861) (-54282.127) (-54345.498) [-54042.441] * (-54303.568) (-54420.735) (-54285.691) [-54185.899] -- 7:26:15
      112000 -- (-54375.451) (-54284.736) (-54341.238) [-54042.825] * (-54301.441) (-54392.060) (-54255.364) [-54199.051] -- 7:23:55
      113000 -- (-54365.087) (-54266.920) (-54327.137) [-54049.938] * (-54297.273) (-54388.334) (-54252.928) [-54190.516] -- 7:21:39
      114000 -- (-54362.630) (-54272.275) (-54334.266) [-54034.810] * (-54278.561) (-54350.879) (-54248.567) [-54177.127] -- 7:19:14
      115000 -- (-54390.126) (-54259.941) (-54353.060) [-54043.458] * (-54287.276) (-54343.923) (-54199.057) [-54174.868] -- 7:16:50

      Average standard deviation of split frequencies: 0.013511

      116000 -- (-54364.578) (-54260.153) (-54350.637) [-54035.250] * (-54289.525) (-54338.259) (-54186.761) [-54173.338] -- 7:14:22
      117000 -- (-54361.300) (-54260.799) (-54358.860) [-54017.337] * (-54274.255) (-54329.958) (-54166.411) [-54128.657] -- 7:12:06
      118000 -- (-54379.052) (-54277.574) (-54344.278) [-54026.127] * (-54269.879) (-54335.429) (-54170.846) [-54134.277] -- 7:09:45
      119000 -- (-54347.084) (-54272.327) (-54347.356) [-54018.652] * (-54252.216) (-54344.118) (-54172.128) [-54105.797] -- 7:07:27
      120000 -- (-54356.173) (-54263.941) (-54347.487) [-54010.467] * (-54278.357) (-54341.260) (-54204.080) [-54113.540] -- 7:05:04

      Average standard deviation of split frequencies: 0.013323

      121000 -- (-54326.862) (-54269.876) (-54331.220) [-54011.629] * (-54260.197) (-54332.575) (-54175.112) [-54106.968] -- 7:02:40
      122000 -- (-54328.013) (-54266.765) (-54338.690) [-54004.071] * (-54264.759) (-54326.280) (-54160.129) [-54101.858] -- 7:00:16
      123000 -- (-54320.053) (-54279.163) (-54319.134) [-54006.767] * (-54264.521) (-54313.411) (-54116.700) [-54080.231] -- 6:57:55
      124000 -- (-54307.966) (-54262.167) (-54318.649) [-53989.601] * (-54253.855) (-54321.153) (-54112.612) [-54069.713] -- 6:55:32
      125000 -- (-54322.277) (-54270.465) (-54329.419) [-53989.710] * (-54256.612) (-54322.397) (-54120.571) [-54064.244] -- 6:53:11

      Average standard deviation of split frequencies: 0.013862

      126000 -- (-54328.788) (-54251.549) (-54337.932) [-53991.820] * (-54226.205) (-54318.460) (-54115.282) [-54047.348] -- 6:50:54
      127000 -- (-54314.633) (-54262.271) (-54307.539) [-53987.833] * (-54228.064) (-54259.665) (-54105.998) [-54039.803] -- 6:48:30
      128000 -- (-54308.126) (-54241.658) (-54305.749) [-53988.452] * (-54247.565) (-54272.901) (-54110.070) [-54039.287] -- 6:46:06
      129000 -- (-54307.671) (-54254.252) (-54306.296) [-53966.849] * (-54240.432) (-54279.860) (-54111.642) [-54029.686] -- 6:43:42
      130000 -- (-54301.856) (-54224.961) (-54310.076) [-53963.925] * (-54233.586) (-54267.666) (-54107.140) [-54028.431] -- 6:41:19

      Average standard deviation of split frequencies: 0.013459

      131000 -- (-54318.176) (-54222.891) (-54298.188) [-53970.320] * (-54199.676) (-54264.229) (-54109.774) [-54035.486] -- 6:38:57
      132000 -- (-54306.144) (-54231.645) (-54299.663) [-53955.223] * (-54203.362) (-54267.135) (-54097.304) [-54023.634] -- 6:36:36
      133000 -- (-54308.354) (-54229.322) (-54309.004) [-53940.557] * (-54212.616) (-54257.308) (-54104.618) [-54015.389] -- 6:34:18
      134000 -- (-54315.287) (-54213.724) (-54311.219) [-53937.181] * (-54197.470) (-54239.923) (-54122.543) [-54008.439] -- 6:32:01
      135000 -- (-54312.840) (-54235.941) (-54302.890) [-53933.433] * (-54202.503) (-54227.526) (-54091.043) [-54000.095] -- 6:29:31

      Average standard deviation of split frequencies: 0.012784

      136000 -- (-54313.984) (-54215.226) (-54299.073) [-53950.264] * (-54169.633) (-54232.785) (-54100.506) [-53996.842] -- 6:27:00
      137000 -- (-54324.604) (-54211.019) (-54297.235) [-53942.907] * (-54167.270) (-54193.053) (-54117.430) [-53987.808] -- 6:24:31
      138000 -- (-54320.931) (-54215.069) (-54268.137) [-53946.730] * (-54181.348) (-54206.806) (-54082.966) [-53995.115] -- 6:22:08
      139000 -- (-54320.824) (-54219.299) (-54266.845) [-53941.966] * (-54167.110) (-54233.682) (-54091.189) [-54001.867] -- 6:19:45
      140000 -- (-54307.017) (-54203.995) (-54266.440) [-53936.585] * (-54163.895) (-54223.343) (-54081.678) [-54007.849] -- 6:17:25

      Average standard deviation of split frequencies: 0.011641

      141000 -- (-54313.546) (-54191.861) (-54256.996) [-53929.086] * (-54184.102) (-54210.816) (-54068.914) [-54004.092] -- 6:15:01
      142000 -- (-54321.301) (-54186.168) (-54257.634) [-53931.603] * (-54189.384) (-54215.807) (-54057.314) [-54002.048] -- 6:12:38
      143000 -- (-54302.435) (-54191.345) (-54261.390) [-53941.574] * (-54181.632) (-54198.246) (-54060.358) [-53992.160] -- 6:10:12
      144000 -- (-54263.483) (-54199.140) (-54268.983) [-53937.508] * (-54180.391) (-54195.780) (-54051.039) [-53993.491] -- 6:07:49
      145000 -- (-54235.304) (-54177.863) (-54257.410) [-53939.408] * (-54170.273) (-54189.744) (-54067.374) [-53989.535] -- 6:05:25

      Average standard deviation of split frequencies: 0.011853

      146000 -- (-54243.586) (-54187.668) (-54253.858) [-53943.633] * (-54162.237) (-54206.339) (-54048.600) [-54001.514] -- 6:03:06
      147000 -- (-54254.122) (-54175.409) (-54236.326) [-53939.015] * (-54161.082) (-54199.072) (-54033.695) [-53989.714] -- 6:00:42
      148000 -- (-54258.726) (-54178.811) (-54235.009) [-53933.415] * (-54159.928) (-54205.483) [-54031.750] (-54000.649) -- 5:58:19
      149000 -- (-54249.798) (-54163.714) (-54215.829) [-53929.946] * (-54150.178) (-54206.091) (-54016.872) [-53991.215] -- 5:55:57
      150000 -- (-54236.447) (-54158.934) (-54232.782) [-53933.781] * (-54142.003) (-54192.088) (-54021.459) [-53984.140] -- 5:53:37

      Average standard deviation of split frequencies: 0.011486

      151000 -- (-54233.242) (-54142.564) (-54241.892) [-53928.663] * (-54125.139) (-54196.559) (-54002.785) [-53976.442] -- 5:51:17
      152000 -- (-54241.073) (-54161.944) (-54223.434) [-53919.124] * (-54146.268) (-54200.584) [-53997.051] (-53995.952) -- 5:48:53
      153000 -- (-54244.663) (-54142.605) (-54237.649) [-53910.566] * (-54117.935) (-54196.357) (-53984.547) [-53985.746] -- 5:46:31
      154000 -- (-54245.299) (-54129.886) (-54262.461) [-53922.403] * (-54126.059) (-54197.379) [-54000.234] (-53989.961) -- 5:44:08
      155000 -- (-54250.023) (-54149.512) (-54254.498) [-53925.434] * (-54114.548) (-54180.513) (-54020.140) [-53989.582] -- 5:41:48

      Average standard deviation of split frequencies: 0.010597

      156000 -- (-54214.801) (-54136.514) (-54236.522) [-53900.796] * (-54112.685) (-54121.860) (-54025.348) [-53977.160] -- 5:39:25
      157000 -- (-54220.870) (-54083.975) (-54225.095) [-53910.534] * (-54095.868) (-54148.250) [-54030.096] (-53976.377) -- 5:37:04
      158000 -- (-54230.211) (-54083.229) (-54243.686) [-53907.759] * (-54105.117) (-54159.840) (-53999.863) [-53977.707] -- 5:34:40
      159000 -- (-54220.667) (-54081.872) (-54227.417) [-53913.658] * (-54102.343) (-54146.188) (-54004.239) [-53989.218] -- 5:32:19
      160000 -- (-54214.879) (-54080.718) (-54216.002) [-53907.308] * (-54116.663) (-54127.076) [-54003.006] (-53989.925) -- 5:29:54

      Average standard deviation of split frequencies: 0.010250

      161000 -- (-54202.074) (-54083.790) (-54231.154) [-53912.987] * (-54132.016) (-54138.358) (-54003.466) [-53984.331] -- 5:27:34
      162000 -- (-54202.089) (-54081.624) (-54236.634) [-53920.380] * (-54114.553) (-54124.380) [-53987.799] (-53991.991) -- 5:25:11
      163000 -- (-54207.499) (-54081.671) (-54213.170) [-53921.592] * (-54094.236) (-54134.425) (-53980.557) [-53981.735] -- 5:22:49
      164000 -- (-54214.178) (-54060.527) (-54219.740) [-53884.341] * (-54091.026) (-54141.090) (-53984.232) [-53985.116] -- 5:20:28
      165000 -- (-54192.347) (-54071.230) (-54221.391) [-53879.310] * (-54096.477) (-54112.729) (-53983.157) [-53971.858] -- 5:18:04

      Average standard deviation of split frequencies: 0.009790

      166000 -- (-54194.026) (-54062.307) (-54215.829) [-53870.676] * (-54117.724) (-54100.249) (-53999.383) [-53965.565] -- 5:15:44
      167000 -- (-54191.115) (-54076.370) (-54207.630) [-53878.848] * (-54085.838) (-54089.904) (-54001.389) [-53954.353] -- 5:13:23
      168000 -- (-54187.156) (-54063.888) (-54202.596) [-53874.608] * (-54071.315) (-54100.281) (-54010.419) [-53963.286] -- 5:11:00
      169000 -- (-54183.857) (-54061.916) (-54210.201) [-53877.203] * (-54070.749) (-54110.351) (-54014.687) [-53953.523] -- 5:08:38
      170000 -- (-54179.251) (-54060.569) (-54202.696) [-53882.783] * (-54076.754) (-54082.414) (-54006.912) [-53948.032] -- 5:06:18

      Average standard deviation of split frequencies: 0.010067

      171000 -- (-54181.192) (-54068.039) (-54191.499) [-53876.766] * (-54080.495) (-54089.943) (-54003.482) [-53949.847] -- 5:03:54
      172000 -- (-54171.719) (-54059.382) (-54205.261) [-53850.887] * (-54076.286) (-54117.144) (-54017.462) [-53952.584] -- 5:01:31
      173000 -- (-54167.480) (-54062.447) (-54204.288) [-53855.678] * (-54072.050) (-54108.574) (-53998.435) [-53952.461] -- 4:59:08
      174000 -- (-54167.390) (-54067.214) (-54203.700) [-53863.681] * (-54056.100) (-54101.013) (-53989.578) [-53935.381] -- 4:56:42
      175000 -- (-54170.476) (-54043.040) (-54200.494) [-53857.196] * (-54062.382) (-54084.014) (-53989.118) [-53943.165] -- 4:54:15

      Average standard deviation of split frequencies: 0.010467

      176000 -- (-54171.634) (-54043.994) (-54198.830) [-53848.254] * (-54065.210) (-54082.930) (-53985.813) [-53952.259] -- 4:51:51
      177000 -- (-54165.731) (-54035.401) (-54205.847) [-53845.832] * (-54038.890) (-54096.145) (-53971.846) [-53954.002] -- 4:49:32
      178000 -- (-54162.185) (-54037.610) (-54188.676) [-53841.303] * (-54034.624) (-54095.174) (-53966.745) [-53954.848] -- 4:47:08
      179000 -- (-54145.423) (-54030.007) (-54190.979) [-53842.832] * (-54021.175) (-54086.976) (-53963.596) [-53938.426] -- 4:44:48
      180000 -- (-54150.501) (-54040.857) (-54182.405) [-53850.558] * (-54006.572) (-54072.450) (-53979.396) [-53942.139] -- 4:42:27

      Average standard deviation of split frequencies: 0.011639

      181000 -- (-54154.174) (-54034.194) (-54197.222) [-53844.759] * (-53984.238) (-54082.583) (-53994.937) [-53929.411] -- 4:40:06
      182000 -- (-54131.278) (-54039.230) (-54181.817) [-53824.353] * (-53980.618) (-54088.400) (-53977.303) [-53932.823] -- 4:37:44
      183000 -- (-54144.573) (-54035.416) (-54189.277) [-53823.746] * (-53994.554) (-54078.240) (-53976.730) [-53944.535] -- 4:35:23
      184000 -- (-54154.641) (-54035.868) (-54168.582) [-53829.677] * (-53981.652) (-54088.638) (-53971.584) [-53928.748] -- 4:33:02
      185000 -- (-54134.753) (-54030.386) (-54156.647) [-53816.479] * (-53973.604) (-54092.720) (-53961.279) [-53926.185] -- 4:30:41

      Average standard deviation of split frequencies: 0.012139

      186000 -- (-54126.150) (-54040.013) (-54151.803) [-53814.158] * (-53986.258) (-54100.112) (-53967.123) [-53910.325] -- 4:28:18
      187000 -- (-54130.425) (-54035.344) (-54157.219) [-53820.031] * (-53970.112) (-54094.163) [-53939.384] (-53924.465) -- 4:25:56
      188000 -- (-54134.687) (-54026.952) (-54153.322) [-53836.666] * (-53979.525) (-54062.609) (-53957.590) [-53927.045] -- 4:23:33
      189000 -- (-54130.979) (-54028.528) (-54149.070) [-53846.512] * (-53975.073) (-54080.314) (-53943.034) [-53922.225] -- 4:21:10
      190000 -- (-54133.526) (-54039.553) (-54172.342) [-53834.861] * (-53961.107) (-54062.810) (-53949.482) [-53919.197] -- 4:18:49

      Average standard deviation of split frequencies: 0.012164

      191000 -- (-54138.600) (-54024.430) (-54152.201) [-53847.020] * (-53976.819) (-54050.833) (-53950.956) [-53922.299] -- 4:16:29
      192000 -- (-54122.655) (-54025.641) (-54147.552) [-53817.152] * (-53967.375) (-54047.345) (-53939.177) [-53919.046] -- 4:14:06
      193000 -- (-54141.680) (-54031.628) (-54148.378) [-53810.099] * (-53969.003) (-54036.240) (-53937.453) [-53930.066] -- 4:11:45
      194000 -- (-54119.197) (-54006.949) (-54138.391) [-53806.033] * (-53961.166) (-54038.008) (-53956.333) [-53928.057] -- 4:09:23
      195000 -- (-54111.166) (-54012.027) (-54138.180) [-53802.936] * (-53959.239) (-54031.916) (-53946.146) [-53923.483] -- 4:07:02

      Average standard deviation of split frequencies: 0.011931

      196000 -- (-54091.847) (-53992.740) (-54134.627) [-53805.079] * (-53957.397) (-54042.841) (-53934.900) [-53930.739] -- 4:04:38
      197000 -- (-54100.398) (-53993.742) (-54141.130) [-53815.750] * (-53963.448) (-54023.769) (-53960.421) [-53909.530] -- 4:02:18
      198000 -- (-54111.852) (-53993.183) (-54140.846) [-53791.586] * (-53974.653) (-54026.278) (-53941.259) [-53920.101] -- 3:59:57
      199000 -- (-54086.755) (-54005.602) (-54138.916) [-53792.020] * (-53969.572) (-54034.878) (-53948.497) [-53919.935] -- 3:57:37
      200000 -- (-54077.927) (-53992.676) (-54142.781) [-53786.453] * (-53988.811) (-54016.908) [-53936.308] (-53929.462) -- 3:55:17

      Average standard deviation of split frequencies: 0.012814

      201000 -- (-54087.759) (-53989.385) (-54128.767) [-53794.144] * (-53962.930) (-54028.789) (-53939.406) [-53925.447] -- 3:52:57
      202000 -- (-54086.344) (-53983.214) (-54131.052) [-53774.856] * (-53966.372) (-54028.974) (-53943.190) [-53913.219] -- 3:50:33
      203000 -- (-54106.603) (-53995.305) (-54116.530) [-53774.439] * (-53959.695) (-54029.396) (-53953.543) [-53915.868] -- 3:48:06
      204000 -- (-54094.555) (-53992.196) (-54125.406) [-53779.448] * (-53956.378) (-54018.620) (-53952.676) [-53915.801] -- 3:45:40
      205000 -- (-54091.718) (-53987.071) (-54123.193) [-53775.823] * (-53943.498) (-54004.918) (-53958.404) [-53909.139] -- 3:43:14

      Average standard deviation of split frequencies: 0.012690

      206000 -- (-54094.645) (-53978.170) (-54118.612) [-53770.297] * (-53932.259) (-54016.031) (-53958.616) [-53908.644] -- 3:40:50
      207000 -- (-54085.153) (-53995.042) (-54123.280) [-53765.140] * (-53940.900) (-54031.371) (-53948.420) [-53912.418] -- 3:38:24
      208000 -- (-54095.984) (-53983.450) (-54107.352) [-53778.306] * (-53946.187) (-54037.099) (-53931.419) [-53907.053] -- 3:35:59
      209000 -- (-54075.835) (-53980.747) (-54111.564) [-53761.321] * (-53920.140) (-54029.811) (-53934.285) [-53897.186] -- 3:33:34
      210000 -- (-54079.763) (-53971.591) (-54105.422) [-53770.613] * (-53945.526) (-54022.651) (-53945.600) [-53902.871] -- 3:31:13

      Average standard deviation of split frequencies: 0.012845

      211000 -- (-54073.028) (-53979.121) (-54106.602) [-53767.324] * (-53942.678) (-54004.693) (-53954.549) [-53901.125] -- 3:28:51
      212000 -- (-54068.900) (-53971.917) (-54089.408) [-53778.500] * (-53940.969) (-54027.933) (-53932.810) [-53893.436] -- 3:26:30
      213000 -- (-54055.942) (-53961.628) (-54101.607) [-53785.706] * (-53939.534) (-54027.782) (-53950.592) [-53900.184] -- 3:24:08
      214000 -- (-54047.672) (-53970.607) (-54099.009) [-53789.025] * (-53939.160) (-54023.843) (-53957.633) [-53914.485] -- 3:21:46
      215000 -- (-54050.587) (-53959.109) (-54094.696) [-53773.867] * (-53946.090) (-54033.701) [-53932.215] (-53929.239) -- 3:19:24

      Average standard deviation of split frequencies: 0.013430

      216000 -- (-54048.892) (-53959.252) (-54092.727) [-53783.270] * [-53920.852] (-54027.768) (-53936.023) (-53918.967) -- 3:17:02
      217000 -- (-54053.687) (-53946.903) (-54081.451) [-53786.505] * [-53905.265] (-54019.385) (-53926.375) (-53908.438) -- 3:14:42
      218000 -- (-54059.837) (-53960.196) (-54088.257) [-53780.429] * [-53901.962] (-54023.881) (-53925.104) (-53933.624) -- 3:12:20
      219000 -- (-54056.547) (-53970.210) (-54117.331) [-53763.442] * [-53908.015] (-54003.434) (-53925.980) (-53912.463) -- 3:09:58
      220000 -- (-54046.189) (-53963.837) (-54103.577) [-53764.691] * [-53904.354] (-54019.340) (-53927.479) (-53927.110) -- 3:07:36

      Average standard deviation of split frequencies: 0.013557

      221000 -- (-54031.135) (-53962.269) (-54107.204) [-53763.510] * [-53897.094] (-54006.630) (-53901.152) (-53909.694) -- 3:05:15
      222000 -- (-54045.117) (-53953.083) (-54099.699) [-53763.304] * (-53903.102) (-54003.418) (-53911.419) [-53886.069] -- 3:02:55
      223000 -- (-54019.974) (-53950.570) (-54104.365) [-53769.384] * (-53919.926) (-54006.453) [-53892.359] (-53883.692) -- 3:00:35
      224000 -- (-54041.666) (-53952.555) (-54102.150) [-53758.543] * (-53924.468) (-54014.884) [-53891.682] (-53890.847) -- 2:58:14
      225000 -- (-54029.265) (-53960.387) (-54097.323) [-53766.901] * (-53911.468) (-54006.382) [-53872.627] (-53886.365) -- 2:55:53

      Average standard deviation of split frequencies: 0.013756

      226000 -- (-54033.280) (-53963.884) (-54085.806) [-53765.073] * (-53900.011) (-54004.401) (-53877.627) [-53880.191] -- 2:53:32
      227000 -- (-54026.671) (-53941.325) (-54089.568) [-53759.110] * (-53905.578) (-53997.391) (-53887.405) [-53891.074] -- 2:51:13
      228000 -- (-54027.303) (-53926.903) (-54096.767) [-53754.399] * [-53906.108] (-53999.353) (-53883.929) (-53880.814) -- 2:48:53
      229000 -- (-54025.022) (-53916.655) (-54085.135) [-53745.553] * (-53892.220) (-54000.146) [-53877.427] (-53887.270) -- 2:46:33
      230000 -- (-54025.439) (-53936.499) (-54089.091) [-53742.385] * (-53903.494) (-53986.007) [-53875.685] (-53884.278) -- 2:44:13

      Average standard deviation of split frequencies: 0.013762

      231000 -- (-54027.772) (-53939.184) (-54086.292) [-53743.545] * (-53912.540) (-54000.560) [-53882.754] (-53893.959) -- 2:41:51
      232000 -- (-54025.966) (-53936.934) (-54085.536) [-53742.268] * (-53915.921) (-53992.826) [-53871.923] (-53891.629) -- 2:39:28
      233000 -- (-54038.961) (-53936.582) (-54097.338) [-53731.184] * (-53911.272) (-53990.448) [-53882.840] (-53900.630) -- 2:37:06
      234000 -- (-54036.224) (-53932.627) (-54089.596) [-53754.134] * (-53912.916) (-53977.953) [-53878.006] (-53902.383) -- 2:34:43
      235000 -- (-54037.487) (-53939.673) (-54087.593) [-53754.711] * (-53893.018) (-54000.986) [-53867.314] (-53905.118) -- 2:32:20

      Average standard deviation of split frequencies: 0.013679

      236000 -- (-54041.983) (-53937.103) (-54102.780) [-53740.143] * (-53895.610) (-53990.969) [-53861.263] (-53908.906) -- 2:29:57
      237000 -- (-54005.249) (-53930.455) (-54089.888) [-53746.847] * (-53888.971) (-53996.769) [-53872.435] (-53913.131) -- 2:27:34
      238000 -- (-54016.639) (-53936.895) (-54086.896) [-53737.932] * (-53873.116) (-54013.417) [-53865.583] (-53891.038) -- 2:25:11
      239000 -- (-53981.687) (-53923.138) (-54080.130) [-53739.239] * (-53881.866) (-53995.556) [-53872.007] (-53885.157) -- 2:22:48
      240000 -- (-53973.907) (-53904.682) (-54071.232) [-53728.854] * (-53899.050) (-53996.652) [-53868.884] (-53871.591) -- 2:20:28

      Average standard deviation of split frequencies: 0.013414

      241000 -- (-53989.530) (-53909.149) (-54083.053) [-53726.245] * (-53895.165) (-53990.381) [-53863.461] (-53889.672) -- 2:18:08
      242000 -- (-53969.838) (-53921.502) (-54094.890) [-53716.783] * (-53876.294) (-53969.160) [-53856.832] (-53888.339) -- 2:15:48
      243000 -- (-53982.796) (-53919.974) (-54084.737) [-53731.026] * (-53914.039) (-54005.735) [-53862.967] (-53879.573) -- 2:13:28
      244000 -- (-53973.129) (-53913.692) (-54073.828) [-53722.936] * (-53880.320) (-54000.564) (-53880.132) [-53865.219] -- 2:11:07
      245000 -- (-53965.932) (-53927.753) (-54084.054) [-53720.461] * (-53877.959) (-54002.133) (-53867.905) [-53859.590] -- 2:08:46

      Average standard deviation of split frequencies: 0.012808

      246000 -- (-53976.530) (-53933.026) (-54075.030) [-53725.758] * (-53890.174) (-54004.124) [-53846.814] (-53871.934) -- 2:06:27
      247000 -- (-53988.189) (-53922.185) (-54062.257) [-53719.534] * (-53875.130) (-53990.052) (-53857.798) [-53873.395] -- 2:04:07
      248000 -- (-53953.973) (-53920.173) (-54089.511) [-53718.206] * (-53866.411) (-54011.422) [-53850.944] (-53871.707) -- 2:01:46
      249000 -- (-53961.515) (-53913.058) (-54098.399) [-53714.860] * (-53862.694) (-53982.627) [-53843.650] (-53869.071) -- 1:59:25
      250000 -- (-53961.812) (-53911.150) (-54064.647) [-53719.385] * (-53864.812) (-53977.114) [-53830.234] (-53863.421) -- 1:57:05

      Average standard deviation of split frequencies: 0.013117

      251000 -- (-53964.681) (-53925.029) (-54089.258) [-53721.227] * (-53871.882) (-54007.808) [-53827.575] (-53864.571) -- 1:54:44
      252000 -- (-53950.581) (-53907.177) (-54062.584) [-53722.578] * (-53873.306) (-53985.348) [-53825.167] (-53868.693) -- 1:52:24
      253000 -- (-53954.347) (-53902.860) (-54080.207) [-53733.211] * (-53856.346) (-53979.324) [-53835.462] (-53866.540) -- 1:50:03
      254000 -- (-53964.377) (-53881.464) (-54071.716) [-53718.759] * (-53858.275) (-53981.796) [-53835.645] (-53863.788) -- 1:47:42
      255000 -- (-53973.829) (-53886.108) (-54079.593) [-53720.747] * (-53858.018) (-53987.937) [-53834.517] (-53844.763) -- 1:45:21

      Average standard deviation of split frequencies: 0.013240

      256000 -- (-53957.529) (-53890.831) (-54070.423) [-53725.307] * (-53877.017) (-53970.498) [-53824.627] (-53860.137) -- 1:43:00
      257000 -- (-53955.253) (-53905.670) (-54049.672) [-53714.576] * (-53868.562) (-53983.976) [-53829.351] (-53853.656) -- 1:40:39
      258000 -- (-53944.621) (-53913.988) (-54059.911) [-53708.358] * (-53857.937) (-53958.244) [-53817.857] (-53846.648) -- 1:38:19
      259000 -- (-53935.608) (-53899.808) (-54060.085) [-53712.259] * (-53868.459) (-53966.938) [-53806.181] (-53859.710) -- 1:35:58
      260000 -- (-53914.160) (-53895.464) (-54056.720) [-53706.998] * (-53856.177) (-53956.123) [-53809.092] (-53850.321) -- 1:33:37

      Average standard deviation of split frequencies: 0.013369

      261000 -- (-53935.662) (-53886.323) (-54060.945) [-53710.926] * (-53843.852) (-53958.686) [-53814.662] (-53851.768) -- 1:31:15
      262000 -- (-53929.882) (-53899.714) (-54035.742) [-53718.730] * (-53860.919) (-53982.505) [-53802.830] (-53854.434) -- 1:28:54
      263000 -- (-53946.239) (-53904.378) (-54072.526) [-53708.714] * (-53864.706) (-53973.592) [-53790.465] (-53852.210) -- 1:26:34
      264000 -- (-53933.196) (-53898.266) (-54051.333) [-53699.521] * (-53883.599) (-53980.146) [-53784.229] (-53842.656) -- 1:24:13
      265000 -- (-53926.491) (-53901.349) (-54044.474) [-53706.643] * (-53879.395) (-53976.736) [-53771.934] (-53838.029) -- 1:21:53

      Average standard deviation of split frequencies: 0.013505

      266000 -- (-53911.426) (-53879.308) (-54058.421) [-53711.720] * (-53864.875) (-53996.540) [-53763.818] (-53845.000) -- 1:19:33
      267000 -- (-53894.341) (-53886.918) (-54057.841) [-53716.617] * (-53869.794) (-53986.751) [-53782.816] (-53842.884) -- 1:17:12
      268000 -- (-53920.415) (-53883.742) (-54044.064) [-53714.869] * (-53883.957) (-53972.777) [-53789.648] (-53848.827) -- 1:14:51
      269000 -- (-53911.206) (-53870.937) (-54027.474) [-53718.130] * (-53878.595) (-53983.312) [-53774.154] (-53841.352) -- 1:12:30
      270000 -- (-53896.822) (-53888.879) (-54032.138) [-53706.320] * (-53864.497) (-53988.503) [-53766.695] (-53846.341) -- 1:10:10

      Average standard deviation of split frequencies: 0.012787

      271000 -- (-53907.681) (-53868.353) (-54013.998) [-53709.843] * (-53850.016) (-53982.425) [-53767.148] (-53842.605) -- 1:07:49
      272000 -- (-53899.289) (-53865.975) (-54026.083) [-53713.687] * (-53855.365) (-53995.272) [-53762.530] (-53840.124) -- 1:05:29
      273000 -- (-53914.305) (-53886.277) (-54026.315) [-53714.466] * (-53838.635) (-53981.050) [-53769.084] (-53840.364) -- 1:03:08
      274000 -- (-53930.469) (-53870.189) (-54043.158) [-53697.539] * (-53835.551) (-53976.267) [-53788.927] (-53847.500) -- 1:00:48
      275000 -- (-53903.553) (-53866.493) (-54037.934) [-53698.213] * (-53821.319) (-54000.356) [-53769.269] (-53851.262) -- 0:58:27

      Average standard deviation of split frequencies: 0.012669

      276000 -- (-53902.239) (-53880.252) (-54054.739) [-53710.106] * (-53813.258) (-53982.042) [-53756.411] (-53849.833) -- 0:56:07
      277000 -- (-53895.315) (-53875.392) (-54038.928) [-53704.557] * (-53812.892) (-53984.419) [-53752.565] (-53855.710) -- 0:53:46
      278000 -- (-53892.628) (-53866.116) (-54018.631) [-53695.729] * (-53825.550) (-53966.456) [-53757.754] (-53855.327) -- 0:51:26
      279000 -- (-53894.916) (-53862.540) (-54034.016) [-53693.377] * (-53821.171) (-53966.976) [-53760.346] (-53856.728) -- 0:49:05
      280000 -- (-53889.843) (-53866.294) (-54018.424) [-53684.008] * (-53817.130) (-53947.633) [-53760.522] (-53853.326) -- 0:46:45

      Average standard deviation of split frequencies: 0.012331

      281000 -- (-53875.171) (-53873.620) (-54024.202) [-53677.189] * (-53815.252) (-53970.787) [-53766.526] (-53857.949) -- 0:44:24
      282000 -- (-53875.208) (-53870.168) (-54017.003) [-53688.314] * (-53818.656) (-53973.137) [-53771.084] (-53861.602) -- 0:42:04
      283000 -- (-53880.591) (-53884.406) (-54003.798) [-53694.608] * (-53809.235) (-53958.095) [-53760.735] (-53872.364) -- 0:39:43
      284000 -- (-53868.306) (-53858.901) (-54009.086) [-53684.313] * (-53807.113) (-53936.980) [-53756.791] (-53866.576) -- 0:37:23
      285000 -- (-53862.379) (-53862.937) (-54001.084) [-53694.615] * [-53809.516] (-53956.319) (-53772.374) (-53867.791) -- 0:35:02

      Average standard deviation of split frequencies: 0.012644

      286000 -- (-53864.238) (-53861.340) (-54002.778) [-53693.260] * (-53809.126) (-53976.399) [-53779.427] (-53873.016) -- 0:32:42
      287000 -- (-53858.089) (-53865.868) (-53998.990) [-53686.947] * (-53822.201) (-53964.938) [-53774.896] (-53863.388) -- 0:30:21
      288000 -- (-53872.343) (-53864.830) (-54003.557) [-53700.137] * (-53819.758) (-53980.726) [-53771.974] (-53860.956) -- 0:28:01
      289000 -- (-53864.074) (-53877.574) (-54015.175) [-53695.519] * (-53838.573) (-53961.874) [-53769.707] (-53850.002) -- 0:25:40
      290000 -- (-53854.955) (-53874.607) (-54002.155) [-53700.428] * (-53820.884) (-53970.697) [-53767.766] (-53851.541) -- 0:23:20

      Average standard deviation of split frequencies: 0.012318

      291000 -- (-53889.966) (-53861.615) (-54004.101) [-53696.821] * (-53834.557) (-53969.791) [-53766.706] (-53849.965) -- 0:21:00
      292000 -- (-53884.796) (-53864.108) (-54013.766) [-53701.065] * (-53818.585) (-53920.516) [-53769.159] (-53840.022) -- 0:18:40
      293000 -- (-53872.628) (-53855.704) (-54019.521) [-53705.039] * (-53814.357) (-53923.777) [-53759.808] (-53865.037) -- 0:16:20
      294000 -- (-53857.720) (-53853.586) (-54011.046) [-53672.916] * (-53813.604) (-53946.575) [-53751.120] (-53855.948) -- 0:14:00
      295000 -- (-53850.110) (-53854.011) (-54007.491) [-53683.441] * (-53812.282) (-53926.754) [-53767.984] (-53837.830) -- 0:11:40

      Average standard deviation of split frequencies: 0.012499

      296000 -- (-53855.838) (-53858.465) (-54015.433) [-53701.527] * (-53806.965) (-53925.395) [-53760.302] (-53859.641) -- 0:09:20
      297000 -- (-53853.305) (-53849.235) (-54044.371) [-53691.764] * (-53789.556) (-53914.508) [-53755.589] (-53859.536) -- 0:07:00
      298000 -- (-53841.825) (-53867.116) (-54034.612) [-53691.579] * (-53802.885) (-53925.398) [-53753.200] (-53844.397) -- 0:04:40
      299000 -- (-53837.809) (-53858.044) (-54012.562) [-53684.737] * [-53805.714] (-53909.919) (-53756.730) (-53837.082) -- 0:02:19
      300000 -- (-53835.358) (-53859.696) (-54022.304) [-53691.557] * (-53796.294) (-53927.123) [-53759.346] (-53825.641) -- 0:00:00

      Average standard deviation of split frequencies: 0.012662

      Analysis completed in 11 hours 39 mins 54 seconds
      Analysis used 41986.73 seconds of CPU time
      Likelihood of best state for "cold" chain of run 1 was -53666.81
      Likelihood of best state for "cold" chain of run 2 was -53830.94

      Acceptance rates for the moves in the "cold" chain of run 1:
         With prob.   (last 100)   chain accepted proposals by move
             5.2 %     (  0 %)     Dirichlet(Revmat)
            74.6 %     ( 77 %)     Slider(Revmat)
             0.6 %     (  0 %)     Dirichlet(Pi)
            25.4 %     ( 29 %)     Slider(Pi)
            15.4 %     ( 15 %)     Multiplier(Alpha)
             8.2 %     ( 13 %)     ExtSPR(Tau,V)
             5.5 %     (  9 %)     ExtTBR(Tau,V)
             9.9 %     (  7 %)     NNI(Tau,V)
             9.7 %     (  9 %)     ParsSPR(Tau,V)
            26.8 %     ( 26 %)     Multiplier(V)
            28.8 %     ( 24 %)     Nodeslider(V)
            12.9 %     ( 23 %)     TLMultiplier(V)

      Acceptance rates for the moves in the "cold" chain of run 2:
         With prob.   (last 100)   chain accepted proposals by move
             5.2 %     (  0 %)     Dirichlet(Revmat)
            72.2 %     ( 67 %)     Slider(Revmat)
             0.6 %     (  0 %)     Dirichlet(Pi)
            24.9 %     ( 29 %)     Slider(Pi)
            16.3 %     ( 22 %)     Multiplier(Alpha)
             7.7 %     ( 11 %)     ExtSPR(Tau,V)
             5.5 %     (  6 %)     ExtTBR(Tau,V)
             9.8 %     (  9 %)     NNI(Tau,V)
             9.7 %     ( 14 %)     ParsSPR(Tau,V)
            27.0 %     ( 22 %)     Multiplier(V)
            28.7 %     ( 31 %)     Nodeslider(V)
            13.6 %     ( 21 %)     TLMultiplier(V)

      Chain swap information for run 1:

                  1      2      3      4 
           ------------------------------
         1 |          0.02   0.00   0.00 
         2 |  50244          0.09   0.00 
         3 |  49865  49376          0.17 
         4 |  50106  50327  50082        

      Chain swap information for run 2:

                  1      2      3      4 
           ------------------------------
         1 |          0.14   0.02   0.00 
         2 |  50103          0.21   0.00 
         3 |  50173  49970          0.09 
         4 |  49682  49914  50158        

      Upper diagonal: Proportion of successful state exchanges between chains
      Lower diagonal: Number of attempted state exchanges between chains

      Chain information:

        ID -- Heat 
       -----------
         1 -- 1.00  (cold chain)
         2 -- 0.91 
         3 -- 0.83 
         4 -- 0.77 

      Heat = 1 / (1 + T * (ID - 1))
         (where T = 0.10 is the temperature and ID is the chain number)

      Summarizing parameters in files Heinze_dpp.run1.p and Heinze_dpp.run2.p
      Writing summary statistics to file Heinze_dpp.pstat
      Using relative burnin ('relburnin=yes'), discarding the first 25 % of samples

      Below are rough plots of the generation (x-axis) versus the log   
      probability of observing the data (y-axis). You can use these     
      graphs to determine what the burn in for your analysis should be. 
      When the log probability starts to plateau you may be at station- 
      arity. Sample trees and parameters after the log probability      
      plateaus. Of course, this is not a guarantee that you are at sta- 
      tionarity. Also examine the convergence diagnostics provided by   
      the 'sump' and 'sumt' commands for all the parameters in your     
      model. Remember that the burn in is the number of samples to dis- 
      card. There are a total of ngen / samplefreq samples taken during 
      a MCMC analysis.                                                  

      Overlay plot for both runs:
      (1 = Run number 1; 2 = Run number 2; * = Both runs)

      +------------------------------------------------------------+ -53688.77
      |                                            1111111111111111|
      |                                  111 111111      2222222222|
      |                             1 111   1          22          |
      |                        11111 1           222222            |
      |                     111      2 2 22222222                  |
      |               111111   222222 2 2                          |
      |            111 22222222                                    |
      |        1111 222                                            |
      |       1    2                                               |
      |     11    2                                                |
      |    1    22                                                 |
      | 111   22                                                   |
      |1     2                                                     |
      |    22                                                      |
      |2222                                                        |
      +------+-----+-----+-----+-----+-----+-----+-----+-----+-----+ -54390.44
      ^                                                            ^
      75000                                                        300000


      Estimated marginal likelihoods for runs sampled in files
         "Heinze_dpp.run1.p" and "Heinze_dpp.run2.p":
         (Use the harmonic mean for Bayes factor comparisons of models)

         (Values are saved to the file Heinze_dpp.lstat)

      Run   Arithmetic mean   Harmonic mean
      --------------------------------------
        1     -53678.37        -54273.50
        2     -53749.78        -54393.53
      --------------------------------------
      TOTAL   -53679.06        -54392.84
      --------------------------------------


      Model parameter summaries over the runs sampled in files
         "Heinze_dpp.run1.p" and "Heinze_dpp.run2.p":
         Summaries are based on a total of 902 samples from 2 runs.
         Each run produced 601 samples of which 451 samples were included.
         Parameter summaries saved to file "Heinze_dpp.pstat".

                                            95% HPD Interval
                                          --------------------
      Parameter      Mean      Variance     Lower       Upper       Median    min ESS*  avg ESS    PSRF+ 
      --------------------------------------------------------------------------------------------------
      TL          4.407402    0.014693    4.168411    4.645070    4.407755     62.73     87.84    1.002
      r(A<->R)    0.000668    0.000000    0.000151    0.001659    0.000558      4.40      4.57    1.024
      r(A<->N)    0.001121    0.000001    0.000024    0.002402    0.001034      6.28      6.63    1.380
      r(A<->D)    0.001332    0.000000    0.000899    0.002106    0.001194      3.03      4.34    1.004
      r(A<->C)    0.002448    0.000001    0.000711    0.004211    0.002314      5.01      8.06    1.152
      r(A<->Q)    0.002767    0.000005    0.000935    0.007840    0.002056      3.53      5.63    1.175
      r(A<->E)    0.003006    0.000000    0.001898    0.003941    0.003007      5.74      8.82    1.002
      r(A<->G)    0.007094    0.000001    0.005254    0.008486    0.007258      2.97      9.42    1.021
      r(A<->H)    0.003499    0.000015    0.000370    0.010343    0.001179      4.16      4.87    1.882
      r(A<->I)    0.001554    0.000003    0.000015    0.005534    0.000923      2.91      3.47    1.248
      r(A<->L)    0.001374    0.000000    0.000399    0.002344    0.001354      6.79      8.62    1.018
      r(A<->K)    0.002504    0.000002    0.001217    0.005601    0.002239      2.94      4.92    1.167
      r(A<->M)    0.004425    0.000003    0.002102    0.007396    0.004002      4.50      6.47    1.765
      r(A<->F)    0.001107    0.000001    0.000109    0.002192    0.001056      3.48      6.96    1.032
      r(A<->P)    0.009480    0.000003    0.006813    0.012431    0.009289      8.56     23.14    1.875
      r(A<->S)    0.021053    0.000003    0.018768    0.025562    0.020598      3.42      5.02    1.089
      r(A<->T)    0.017084    0.000006    0.014103    0.020559    0.016815      7.39      9.37    1.964
      r(A<->W)    0.001773    0.000002    0.000092    0.004412    0.001075      2.43      3.35    1.165
      r(A<->Y)    0.001159    0.000002    0.000002    0.004266    0.000560      4.23     10.16    1.289
      r(A<->V)    0.016505    0.000002    0.013891    0.018663    0.016438      5.39      5.42    1.423
      r(R<->N)    0.004055    0.000009    0.000357    0.009394    0.003387      2.74      4.29    2.069
      r(R<->D)    0.000303    0.000000    0.000001    0.000831    0.000220      6.02      7.85    1.008
      r(R<->C)    0.001000    0.000000    0.000253    0.001991    0.000978      3.16      8.40    1.729
      r(R<->Q)    0.010111    0.000006    0.005668    0.014731    0.010302      2.65      4.17    1.336
      r(R<->E)    0.001531    0.000001    0.000566    0.003553    0.001368      4.03      6.85    1.746
      r(R<->G)    0.003770    0.000001    0.002049    0.005748    0.003584      2.69      5.90    1.052
      r(R<->H)    0.007978    0.000004    0.005254    0.012218    0.007613      4.30      4.68    2.142
      r(R<->I)    0.000405    0.000000    0.000018    0.000936    0.000302      4.31      5.92    1.003
      r(R<->L)    0.000406    0.000000    0.000017    0.000723    0.000411      6.23     11.62    1.001
      r(R<->K)    0.068895    0.000107    0.049658    0.087697    0.072021      3.61      4.05    1.260
      r(R<->M)    0.000973    0.000000    0.000121    0.002103    0.000926      4.15      7.46    2.131
      r(R<->F)    0.000160    0.000000    0.000001    0.000937    0.000042      6.56      8.56    1.145
      r(R<->P)    0.002023    0.000002    0.000442    0.005040    0.001373      2.49      6.57    1.446
      r(R<->S)    0.003602    0.000001    0.001623    0.005233    0.003412      4.45      6.13    1.020
      r(R<->T)    0.001043    0.000000    0.000103    0.002074    0.001052      3.12      6.81    0.999
      r(R<->W)    0.001553    0.000001    0.000187    0.003735    0.001254      3.57      4.51    1.680
      r(R<->Y)    0.000662    0.000001    0.000026    0.002037    0.000382      7.12     15.22    1.017
      r(R<->V)    0.000206    0.000000    0.000001    0.000464    0.000126      6.26      9.75    1.447
      r(N<->D)    0.025924    0.000071    0.010738    0.035762    0.025900      3.06      3.31    2.315
      r(N<->C)    0.002344    0.000004    0.000122    0.005137    0.001888      4.10      6.25    1.099
      r(N<->Q)    0.002146    0.000002    0.000389    0.004124    0.002108      4.29     22.12    1.678
      r(N<->E)    0.001857    0.000002    0.000038    0.004361    0.001455      2.65      3.27    2.627
      r(N<->G)    0.008566    0.000005    0.005585    0.013570    0.008009      4.64     22.70    0.999
      r(N<->H)    0.011444    0.000008    0.007907    0.017056    0.011132      2.74      3.06    1.130
      r(N<->I)    0.001543    0.000001    0.000576    0.003284    0.001021      3.73     13.98    1.847
      r(N<->L)    0.000091    0.000000    0.000001    0.000269    0.000077      6.89      8.72    1.352
      r(N<->K)    0.010998    0.000002    0.008541    0.013499    0.010882      2.86      6.89    1.011
      r(N<->M)    0.002903    0.000002    0.000048    0.004987    0.003015      4.16      4.19    1.023
      r(N<->F)    0.003395    0.000009    0.000081    0.007443    0.004566      2.54      3.35    4.391
      r(N<->P)    0.001354    0.000001    0.000001    0.003482    0.001239      5.53      7.57    1.485
      r(N<->S)    0.026594    0.000055    0.012713    0.036951    0.028312      3.17      3.21    1.436
      r(N<->T)    0.007885    0.000005    0.005085    0.011874    0.007668      2.94      2.97    1.176
      r(N<->W)    0.000467    0.000000    0.000011    0.001078    0.000483      4.77     11.94    0.999
      r(N<->Y)    0.002621    0.000001    0.000507    0.004881    0.002505      4.10      9.00    1.009
      r(N<->V)    0.000903    0.000001    0.000001    0.002076    0.000806      3.07      3.87    1.357
      r(D<->C)    0.003459    0.000003    0.000019    0.006492    0.003607      3.21      5.78    1.004
      r(D<->Q)    0.002770    0.000008    0.000120    0.007510    0.000906      3.07      4.25    2.157
      r(D<->E)    0.033348    0.000025    0.023215    0.039679    0.035030      4.05      5.03    1.562
      r(D<->G)    0.005366    0.000001    0.003756    0.007904    0.005007      6.05      8.56    1.048
      r(D<->H)    0.001397    0.000001    0.000273    0.002640    0.001325      5.79      9.85    1.056
      r(D<->I)    0.000268    0.000000    0.000001    0.000877    0.000195      4.37      7.07    1.450
      r(D<->L)    0.000114    0.000000    0.000001    0.000370    0.000038     11.27     12.43    1.899
      r(D<->K)    0.001075    0.000000    0.000015    0.002474    0.001221      3.40      4.06    1.048
      r(D<->M)    0.000193    0.000000    0.000001    0.000883    0.000087      5.49      5.49    1.166
      r(D<->F)    0.000151    0.000000    0.000001    0.000526    0.000118      9.12      9.29    1.012
      r(D<->P)    0.001396    0.000001    0.000031    0.003040    0.001492      5.26     43.27    1.671
      r(D<->S)    0.003553    0.000005    0.000110    0.007039    0.002946      4.72      5.27    2.500
      r(D<->T)    0.001930    0.000001    0.000001    0.004577    0.001772      3.63      4.89    1.217
      r(D<->W)    0.000190    0.000000    0.000001    0.000469    0.000149     13.31     14.82    1.157
      r(D<->Y)    0.002247    0.000001    0.000630    0.004000    0.002084      3.89      6.98    1.027
      r(D<->V)    0.000543    0.000000    0.000183    0.001907    0.000362      7.79      8.36    1.154
      r(C<->Q)    0.001734    0.000000    0.000509    0.002806    0.001661      5.79      6.00    1.455
      r(C<->E)    0.001919    0.000003    0.000001    0.004624    0.002620      6.94      7.66    5.758
      r(C<->G)    0.004766    0.000004    0.001161    0.008295    0.005203      5.57      6.98    1.070
      r(C<->H)    0.001355    0.000002    0.000212    0.004320    0.000848      5.01      5.69    1.229
      r(C<->I)    0.007213    0.000076    0.000315    0.022879    0.002058      3.68      4.24    1.799
      r(C<->L)    0.003865    0.000002    0.001373    0.005948    0.003936      2.76      4.67    1.256
      r(C<->K)    0.002372    0.000002    0.000183    0.004589    0.002353      2.79      3.28    1.417
      r(C<->M)    0.007709    0.000034    0.000203    0.017896    0.011212      2.99      4.73    4.202
      r(C<->F)    0.006091    0.000004    0.003958    0.011127    0.005344      3.64      4.88    1.133
      r(C<->P)    0.002148    0.000003    0.000291    0.006124    0.001330      3.23      5.91    1.619
      r(C<->S)    0.006826    0.000002    0.004116    0.009434    0.007103      3.97      4.47    1.406
      r(C<->T)    0.004332    0.000004    0.001582    0.008258    0.003712      2.59      6.25    1.179
      r(C<->W)    0.002389    0.000001    0.000477    0.004672    0.002361      5.46      5.84    1.791
      r(C<->Y)    0.003196    0.000002    0.001030    0.005606    0.003013      4.57      5.84    1.010
      r(C<->V)    0.002432    0.000002    0.000001    0.003985    0.002624      3.77      4.18    1.022
      r(Q<->E)    0.007843    0.000001    0.005402    0.010041    0.007642      8.10      8.47    1.247
      r(Q<->G)    0.002106    0.000003    0.000118    0.004851    0.001258      7.15     19.97    4.944
      r(Q<->H)    0.026312    0.000041    0.013565    0.035518    0.024359      3.36      4.06    1.493
      r(Q<->I)    0.000633    0.000001    0.000001    0.003069    0.000489      5.32     14.07    1.239
      r(Q<->L)    0.001810    0.000001    0.000953    0.003211    0.001549      2.63      6.01    1.102
      r(Q<->K)    0.010097    0.000003    0.007777    0.013544    0.010030      5.34     11.97    1.144
      r(Q<->M)    0.001474    0.000003    0.000029    0.005688    0.000591      3.15      3.49    1.903
      r(Q<->F)    0.001856    0.000002    0.000001    0.004465    0.002212      2.96      7.38    2.516
      r(Q<->P)    0.004997    0.000005    0.002574    0.010233    0.004299      3.10     12.13    1.057
      r(Q<->S)    0.004515    0.000003    0.001348    0.007736    0.004540      3.11      5.37    1.006
      r(Q<->T)    0.007633    0.000005    0.004840    0.011801    0.008829      4.66     16.76    3.270
      r(Q<->W)    0.003578    0.000009    0.000775    0.010172    0.002545      3.44      9.48    1.583
      r(Q<->Y)    0.002068    0.000003    0.000039    0.005184    0.000796      6.27      6.62    4.680
      r(Q<->V)    0.001487    0.000000    0.000801    0.002467    0.001502      3.36      6.18    1.056
      r(E<->G)    0.003463    0.000001    0.002262    0.004367    0.003326      3.38      9.70    1.000
      r(E<->H)    0.002063    0.000001    0.000563    0.003527    0.002070      3.15      5.33    1.280
      r(E<->I)    0.000361    0.000000    0.000010    0.001280    0.000218      4.00      9.36    1.282
      r(E<->L)    0.000141    0.000000    0.000001    0.000447    0.000062      6.12     42.39    1.018
      r(E<->K)    0.006064    0.000002    0.003544    0.008562    0.006259      3.11      3.73    0.999
      r(E<->M)    0.000512    0.000000    0.000001    0.001391    0.000311      4.87      5.30    1.367
      r(E<->F)    0.000267    0.000000    0.000001    0.000901    0.000123      4.29     30.92    1.014
      r(E<->P)    0.002788    0.000002    0.001105    0.005217    0.002211      4.68     10.16    3.941
      r(E<->S)    0.003423    0.000001    0.001493    0.005051    0.003437      3.22      3.23    1.685
      r(E<->T)    0.002364    0.000001    0.000670    0.003542    0.002632      3.33      4.20    1.154
      r(E<->W)    0.000680    0.000001    0.000002    0.003001    0.000475     10.87     36.54    1.017
      r(E<->Y)    0.001371    0.000002    0.000065    0.004809    0.000538      3.14      4.82    1.649
      r(E<->V)    0.001234    0.000000    0.000145    0.001853    0.001359      3.43      4.44    0.999
      r(G<->H)    0.001971    0.000000    0.000928    0.003015    0.001873      3.90      6.47    1.094
      r(G<->I)    0.000145    0.000000    0.000001    0.000487    0.000118      7.35      9.73    1.160
      r(G<->L)    0.000156    0.000000    0.000001    0.000411    0.000108      5.77      6.87    1.019
      r(G<->K)    0.001876    0.000001    0.000304    0.003077    0.001789      8.13      8.54    1.591
      r(G<->M)    0.000637    0.000000    0.000001    0.001272    0.000610      5.00      6.94    1.002
      r(G<->F)    0.000696    0.000000    0.000020    0.001567    0.000642      2.95      4.90    1.014
      r(G<->P)    0.000816    0.000000    0.000042    0.001251    0.000838      5.40     10.37    1.158
      r(G<->S)    0.012409    0.000004    0.010422    0.015902    0.011623      4.03      4.09    1.134
      r(G<->T)    0.001337    0.000000    0.000483    0.002052    0.001413      2.73      3.00    1.011
      r(G<->W)    0.001351    0.000000    0.000286    0.002547    0.001318      2.60      3.14    1.077
      r(G<->Y)    0.001443    0.000003    0.000001    0.006157    0.000951      3.78      7.89    1.519
      r(G<->V)    0.000801    0.000000    0.000281    0.001358    0.000804      4.71      6.08    1.010
      r(H<->I)    0.002004    0.000002    0.000001    0.005227    0.001415      2.86      6.49    2.440
      r(H<->L)    0.001772    0.000002    0.000149    0.004565    0.001181      7.27      7.29    2.031
      r(H<->K)    0.003541    0.000005    0.000337    0.007383    0.003712      4.52      5.07    1.010
      r(H<->M)    0.000630    0.000000    0.000001    0.001839    0.000718      9.98     53.81    2.295
      r(H<->F)    0.002270    0.000003    0.000115    0.005920    0.001883      3.95      4.61    1.006
      r(H<->P)    0.003181    0.000007    0.000327    0.008796    0.002331      2.52      3.34    1.468
      r(H<->S)    0.005387    0.000023    0.000318    0.013800    0.002539      2.74      4.33    2.471
      r(H<->T)    0.001973    0.000003    0.000095    0.005292    0.001319      3.83      4.88    1.106
      r(H<->W)    0.002892    0.000003    0.000331    0.006324    0.002371      3.50      5.15    1.249
      r(H<->Y)    0.019396    0.000006    0.014365    0.022402    0.019964      3.09     10.31    1.004
      r(H<->V)    0.000478    0.000000    0.000014    0.001044    0.000462      4.54      6.87    0.999
      r(I<->L)    0.027564    0.000012    0.023125    0.033983    0.027647      3.23      5.76    1.371
      r(I<->K)    0.000675    0.000000    0.000063    0.001420    0.000630      7.54      8.91    1.175
      r(I<->M)    0.023306    0.000050    0.013299    0.035377    0.021030      3.03      4.59    0.999
      r(I<->F)    0.006307    0.000002    0.003666    0.008168    0.006572      7.03      8.55    1.346
      r(I<->P)    0.000647    0.000000    0.000001    0.001818    0.000405      6.46      7.75    1.014
      r(I<->S)    0.000408    0.000000    0.000001    0.001112    0.000347      2.96      4.52    1.507
      r(I<->T)    0.013350    0.000006    0.009425    0.017419    0.012196      2.72      3.52    1.018
      r(I<->W)    0.001384    0.000001    0.000037    0.002799    0.001221      8.23      8.79    1.272
      r(I<->Y)    0.002197    0.000002    0.000128    0.004043    0.002612      5.50      7.23    3.180
      r(I<->V)    0.064735    0.000024    0.054175    0.074271    0.063542      9.60     12.03    1.267
      r(L<->K)    0.000885    0.000000    0.000175    0.001971    0.000754      6.00      7.89    1.466
      r(L<->M)    0.037152    0.000012    0.030488    0.042259    0.038090      6.54      6.65    1.767
      r(L<->F)    0.023035    0.000020    0.017667    0.034352    0.021626      3.82      4.07    1.168
      r(L<->P)    0.001507    0.000000    0.000734    0.002387    0.001489      6.40     10.78    1.081
      r(L<->S)    0.001259    0.000000    0.000646    0.001962    0.001178      8.38      9.27    1.933
      r(L<->T)    0.000508    0.000000    0.000028    0.001283    0.000390      6.00      6.02    1.169
      r(L<->W)    0.003459    0.000003    0.000909    0.005935    0.002673      5.90      8.80    3.096
      r(L<->Y)    0.001793    0.000002    0.000055    0.004471    0.001536      4.26      5.97    2.552
      r(L<->V)    0.008194    0.000002    0.005603    0.010317    0.008138      3.53      4.41    1.048
      r(K<->M)    0.002836    0.000001    0.000783    0.004246    0.003196      7.26      8.05    1.338
      r(K<->F)    0.000696    0.000001    0.000001    0.002424    0.000158      3.68     29.59    1.197
      r(K<->P)    0.002026    0.000002    0.000015    0.004565    0.002022      3.50     16.15    1.257
      r(K<->S)    0.003419    0.000001    0.002016    0.004681    0.003589      2.82      5.75    1.028
      r(K<->T)    0.005286    0.000006    0.001927    0.009956    0.004471      2.62      3.98    1.005
      r(K<->W)    0.002546    0.000008    0.000400    0.010672    0.001223      3.48      3.59    1.440
      r(K<->Y)    0.000499    0.000000    0.000001    0.001870    0.000317      4.28     25.95    1.088
      r(K<->V)    0.000485    0.000000    0.000001    0.001228    0.000363      3.92      4.00    1.048
      r(M<->F)    0.006564    0.000013    0.001225    0.011423    0.007161      3.53      5.08    1.257
      r(M<->P)    0.001282    0.000001    0.000110    0.002525    0.001113      6.08      6.55    1.662
      r(M<->S)    0.001200    0.000001    0.000171    0.002613    0.001063      3.03     13.60    1.642
      r(M<->T)    0.008301    0.000009    0.003979    0.012947    0.007116      2.48      2.93    1.021
      r(M<->W)    0.007854    0.000017    0.000693    0.016002    0.008034      3.57      5.74    0.999
      r(M<->Y)    0.001979    0.000002    0.000181    0.004891    0.001852      4.04      7.93    1.000
      r(M<->V)    0.019118    0.000013    0.013283    0.025165    0.019348      3.41      4.71    2.085
      r(F<->P)    0.002197    0.000001    0.000123    0.003816    0.002306      4.28      4.48    1.238
      r(F<->S)    0.001468    0.000000    0.000631    0.002312    0.001495     10.88     25.57    1.572
      r(F<->T)    0.000862    0.000000    0.000125    0.002361    0.000600      5.05      5.07    1.082
      r(F<->W)    0.003936    0.000001    0.001411    0.005209    0.004259      3.29      7.72    1.030
      r(F<->Y)    0.037981    0.000075    0.021646    0.049115    0.039373      2.49      4.27    1.082
      r(F<->V)    0.002041    0.000001    0.000992    0.003993    0.001777      4.26      5.10    1.401
      r(P<->S)    0.006809    0.000002    0.004986    0.010431    0.006414      3.72      4.55    1.055
      r(P<->T)    0.005924    0.000002    0.003943    0.007666    0.005596      9.32     40.87    1.163
      r(P<->W)    0.001835    0.000003    0.000348    0.005250    0.000962      2.45     58.96    1.307
      r(P<->Y)    0.000257    0.000001    0.000001    0.000632    0.000086     14.21     30.39    1.117
      r(P<->V)    0.001134    0.000001    0.000113    0.002990    0.000721      3.97      4.26    2.206
      r(S<->T)    0.029012    0.000006    0.024005    0.033039    0.029454      2.57     13.80    1.198
      r(S<->W)    0.001083    0.000002    0.000001    0.004034    0.000311      2.64      5.47    1.070
      r(S<->Y)    0.004437    0.000022    0.000395    0.016545    0.002542      3.44      3.60    1.399
      r(S<->V)    0.000200    0.000000    0.000001    0.000521    0.000187      9.76     14.90    1.531
      r(T<->W)    0.001144    0.000000    0.000113    0.002148    0.001042      3.09     10.62    1.247
      r(T<->Y)    0.002047    0.000004    0.000460    0.007604    0.001203      3.10      3.27    1.176
      r(T<->V)    0.008004    0.000003    0.005263    0.010837    0.007696      5.30      6.58    1.471
      r(W<->Y)    0.001688    0.000001    0.000172    0.003158    0.001437      3.53      4.11    1.063
      r(W<->V)    0.000755    0.000001    0.000001    0.002383    0.000446      2.98     40.39    1.092
      r(Y<->V)    0.000416    0.000000    0.000071    0.001242    0.000332      6.64      6.86    0.999
      pi(Ala)     0.082981    0.000007    0.077807    0.087675    0.083078      6.75     28.00    1.003
      pi(Arg)     0.073181    0.000033    0.065804    0.082677    0.071465      3.80      9.66    1.929
      pi(Asn)     0.028194    0.000009    0.023673    0.034383    0.026921      6.52     21.66    1.794
      pi(Asp)     0.039969    0.000006    0.035440    0.044276    0.039757     10.08     13.78    1.537
      pi(Cys)     0.016067    0.000003    0.013139    0.019385    0.015813      6.60     24.33    1.001
      pi(Gln)     0.029492    0.000003    0.026578    0.032473    0.029533     34.36     39.63    1.171
      pi(Glu)     0.067076    0.000018    0.061673    0.077650    0.065647      4.79      7.34    1.159
      pi(Gly)     0.085961    0.000019    0.077968    0.092178    0.085554      3.68      7.23    1.093
      pi(His)     0.024833    0.000018    0.018385    0.033895    0.024015      5.40      7.44    1.850
      pi(Ile)     0.045103    0.000005    0.041324    0.050198    0.045107      9.30     14.78    1.012
      pi(Leu)     0.094871    0.000020    0.088039    0.101482    0.096119      4.69      9.27    1.313
      pi(Lys)     0.047972    0.000005    0.044138    0.052033    0.048243      7.89     11.23    1.009
      pi(Met)     0.035972    0.000006    0.031308    0.040915    0.035601     20.48     23.72    1.398
      pi(Phe)     0.028760    0.000005    0.023447    0.032739    0.029046      5.75     11.04    1.028
      pi(Pro)     0.032816    0.000005    0.029055    0.036572    0.032557      9.11     11.93    0.999
      pi(Ser)     0.062060    0.000007    0.057870    0.066641    0.061921      4.86     13.24    1.020
      pi(Thr)     0.066613    0.000015    0.057882    0.072503    0.066695      3.37     12.60    1.212
      pi(Trp)     0.018882    0.000008    0.014830    0.024707    0.018427      3.63      3.79    1.006
      pi(Tyr)     0.022405    0.000015    0.016490    0.029645    0.021782      5.73      5.86    1.010
      pi(Val)     0.096791    0.000015    0.088635    0.102919    0.097118      6.25      7.93    1.102
      alpha       0.548293    0.000340    0.516370    0.585927    0.547049     22.28    104.11    1.021
      --------------------------------------------------------------------------------------------------
      * Convergence diagnostic (ESS = Estimated Sample Size); min and avg values
        correspond to minimal and average ESS among runs. 
        ESS value below 100 may indicate that the parameter is undersampled. 
      + Convergence diagnostic (PSRF = Potential Scale Reduction Factor; Gelman
        and Rubin, 1992) should approach 1.0 as runs converge.


   Exiting mrbayes block
   Reached end of file

   Tasks completed, exiting program because mode is noninteractive
   To return control to the command line after completion of file processing, 
   set mode to interactive with 'mb -i <filename>' (i is for interactive)
   or use 'set mode=interactive'

