PBS default server is
Working directory is /home/sduc7183/flav_mb
Running on host hpc044
Time is Fri May 22 21:55:41 AEST 2015
Directory is /home/sduc7183/flav_mb
This jobs runs on the following processors:
hpc044.hpc.sydney.edu.au hpc044.hpc.sydney.edu.au hpc044.hpc.sydney.edu.au hpc044.hpc.sydney.edu.au hpc044.hpc.sydney.edu.au
This job has allocated nodes


                            MrBayes v3.2.5 x64

                      (Bayesian Analysis of Phylogeny)

              Distributed under the GNU General Public License


               Type "help" or "help <command>" for information
                     on the commands that are available.

                   Type "about" for authorship and general
                       information about the program.



   Executing file "Moureau_aa.nexus"
   UNIX line termination
   Longest line length = 789
   Parsing file
   Expecting NEXUS formatted file
   Reading data block
      Allocated taxon set
      Allocated matrix
      Defining new matrix with 100 taxa and 2463 characters
      Data is Protein
      Missing data coded as ?
      Gaps coded as -
      Data matrix is interleaved
      Taxon   1 -> AB062064_TBEV_Russia_1937
      Taxon   2 -> AF069066_TBEV_Russia_1969
      Taxon   3 -> AF094612.1_YFV_America_1979
      Taxon   4 -> AF144692.1_RBV_USA_1954
      Taxon   5 -> AF160193_APOIV_Japan_1954
      Taxon   6 -> AF311056_DTV_USA_1995
      Taxon   7 -> AJ242984.1_MODV_USA_1958
      Taxon   8 -> AJ299445.1_MMLV_USA_1958
      Taxon   9 -> AY277251_WNV_Russia_1998
      Taxon  10 -> AY323490_KFDV_India_1957
      Taxon  11 -> AY453411_USUV_Austria_2001
      Taxon  12 -> AY453412.1_USUV_South-Africa_1958
      Taxon  13 -> AY618991_DENV4_Thailand_1977
      Taxon  14 -> AY632537_ENTV_Uganda_1957
      Taxon  15 -> AY632538.4_IGUV_nn_1979
      Taxon  16 -> AY632539.4_ILHV_nn_1944
      Taxon  17 -> AY632542.4_ROCV_nn_1975
      Taxon  18 -> AY632545.2_BAGV_Central_African_Republic_1966
      Taxon  19 -> AY648961_DENV3_Indonesia_1978
      Taxon  20 -> AY765264_WNV_CzechRepublic_1997
      Taxon  21 -> AY842931_WNV_USA_1999
      Taxon  22 -> AY898809_ALFV_Australia_1966
      Taxon  23 -> AY968064_YFV_Angola_1971
      Taxon  24 -> D00246.1_KUNV_nn_1960
      Taxon  25 -> DQ116961_WNV_Hungary_2004
      Taxon  26 -> DQ181801_DENV2_Thailand_1990
      Taxon  27 -> DQ235144.1_MEAV_France_1981
      Taxon  28 -> DQ235145.1_GGYV_Australia_1975
      Taxon  29 -> DQ235146.1_KADV_Uganda_1967
      Taxon  30 -> DQ235147_KSIV_Uzbekistan_1972
      Taxon  31 -> DQ235148.1_TYUV_USA_1971
      Taxon  32 -> DQ235149.1_RFV_Afghanistan_1968
      Taxon  33 -> DQ235150.1_SREV_Australia_1974
      Taxon  34 -> DQ235151.1_TSEV_Turkey_1969
      Taxon  35 -> DQ235152.1_SSEV_Spain_1987
      Taxon  36 -> DQ235153.1_GGEV_Greece_1969
      Taxon  37 -> DQ256376_WNV_India_1980
      Taxon  38 -> DQ318020_WNV_Central_African_Republic_1982
      Taxon  39 -> DQ359217.1_SLEV_USA_1975
      Taxon  40 -> DQ859056.1_BANV_South_Africa_1956
      Taxon  41 -> DQ859057.1_BOUV_Central_African_Republic_1967
      Taxon  42 -> DQ859058.1_WESSV_South_Africa_1955
      Taxon  43 -> DQ859059.1_ZIKV_Uganda_1947
      Taxon  44 -> DQ859060.1_EHV_Australia_1969
      Taxon  45 -> DQ859061_KEDV_Senegal_1972
      Taxon  46 -> DQ859062.1_SABV_Senegal_1968
      Taxon  47 -> DQ859063.1_SEPV_New_Guinea_1966
      Taxon  48 -> DQ859064.1_SPOV_South_Africa_1955
      Taxon  49 -> DQ859065.1_UGSV_Uganda_1947
      Taxon  50 -> DQ859066.1_JUGV_Malaysia_1968
      Taxon  51 -> DQ859067.1_POTV_Nigeria_1989
      Taxon  52 -> EF105385_DENV2_Senegal_1974
      Taxon  53 -> EU081265_DENV1_Singapore_2005
      Taxon  54 -> EU082199.1_YAOV_Cameroon_1968
      Taxon  55 -> EU082200_KOUV_Senegal_1968
      Taxon  56 -> EU482458_DENV3_Vietnam_2006
      Taxon  57 -> EU482757_DENV2_Nicaragua_2005
      Taxon  58 -> EU482822_DENV1_Vietnam_2006
      Taxon  59 -> EU545988_ZIKV_Micronesia_2007
      Taxon  60 -> EU687249_DENV2_Vietnam_2007
      Taxon  61 -> FJ606789_LAMV_Finland_2004
      Taxon  62 -> FJ883471_CHAOV_China_2008
      Taxon  63 -> FJ898457_DENV3_Ecuador_2000
      Taxon  64 -> GQ199877_DENV1_Venenzuela_2007
      Taxon  65 -> GQ398262_DENV2_Indonesia_1976
      Taxon  66 -> GQ868600_DENV2_Puerto_Rico_1969
      Taxon  67 -> JF262779_DENV4_Malaysia_1975
      Taxon  68 -> JF262782_DENV4_Haiti_1994
      Taxon  69 -> JF312912.1_BYDV_China_2010
      Taxon  70 -> JF912181_YFV_Brazil_1983
      Taxon  71 -> JF912184_YFV_Brazil_1987
      Taxon  72 -> JF926699_LAFV_China_2010
      Taxon  73 -> JX236040.1_NTAV_nn_1966
      Taxon  74 -> JX477685_TMUV_Malaysia_1955
      Taxon  75 -> JX477686.1_STWV_Malaysia_2000
      Taxon  76 -> JX898878_YFV_Senegal_2005
      Taxon  77 -> KC692067_IOMV_Finland_2007
      Taxon  78 -> KC692068_LAMV_Finland_2007
      Taxon  79 -> KC734549_ITMV_Israel_1985
      Taxon  80 -> KC734550_ITMV_Israel_1995
      Taxon  81 -> KC734551_ITV_Israel_2010
      Taxon  82 -> KC734553_ITMV_Israel_2010
      Taxon  83 -> KF917535.1_AROAV_Venezuela_1975
      Taxon  84 -> KF917536.1_CPCV_Brazil_1977
      Taxon  85 -> KF917537.1_ITV_Israel_1959
      Taxon  86 -> KF917539.1_NTAV_Uganda_1943
      Taxon  87 -> KM225263_STFV_Australia_1961
      Taxon  88 -> NC_001563.2_WNV_Uganda_956
      Taxon  89 -> NC_001809.1_LIV_United
      Taxon  90 -> NC_003687_POWV_Canada_1958
      Taxon  91 -> NC_003690_LGTV_Malaysia_1956
      Taxon  92 -> NC_004355_AHFV_Saudi_Arabia_1995
      Taxon  93 -> NC_005039_YOKV_Japan_1971
      Taxon  94 -> NC_009026_BSQV_nn_1956
      Taxon  95 -> NC_009029_KOKV_nn_1960
      Taxon  96 -> NC_016997.1_DGV_China_2009
      Taxon  97 -> NC_018705_NTAV_nn_1966
      Taxon  98 -> U27495_TBEV_Austria_1971
      Taxon  99 -> U39292_TBEV_Czech
      Taxon 100 -> U54798_YFV_IvoryCoast_1982
      Successfully read matrix
      Setting default partition (does not divide up characters)
      Setting model defaults
      Seed (for generating default start values) = 1432295741
      Setting output file names to "Moureau_aa.nexus.run<i>.<p|t>"
   Exiting data block
   Reading mrbayes block
      Setting Rates to Gamma
      Successfully set likelihood model parameters
      Setting Aamodelpr to Fixed(Gtr)
      Successfully set prior model parameters
      Setting Aarevmatpr to Dirichlet(1.00,1.00,...)
      Successfully set prior model parameters
      Setting chain output file names to "Moureau_dpp.run<i>.<p/t>"
      Successfully set chain parameters
      Setting number of generations to 300000
      Running Markov chain
      MCMC stamp = 6785004699
      Seed = 1567435965
      Swapseed = 1432295741
      Model settings:

         Data not partitioned --
            Datatype  = Protein
            Aamodel   = Gtr
                        Substitution rates have a Dirichlet(1.00,1.00,...) prior
            Covarion  = No
            # States  = 20
                        State frequencies have a Dirichlet prior
                        (1.00,1.00,1.00,1.00,1.00,1.00,1.00,1.00,1.00,1.00,
                        1.00,1.00,1.00,1.00,1.00,1.00,1.00,1.00,1.00,1.00)
            Rates     = Gamma
                        The distribution is approximated using 4 categories.
                        Likelihood summarized over all rate categories in each generation.
                        Shape parameter is exponentially
                        distributed with parameter (1.00).

      Active parameters: 

         Parameters
         ---------------------
         Revmat              1
         Statefreq           2
         Shape               3
         Ratemultiplier      4
         Topology            5
         Brlens              6
         ---------------------

         1 --  Parameter  = Revmat
               Type       = Rates of reversible rate matrix
               Prior      = Dirichlet

         2 --  Parameter  = Pi
               Type       = Stationary state frequencies
               Prior      = Dirichlet

         3 --  Parameter  = Alpha
               Type       = Shape of scaled gamma distribution of site rates
               Prior      = Exponential(1.00)

         4 --  Parameter  = Ratemultiplier
               Type       = Partition-specific rate multiplier
               Prior      = Fixed(1.0)

         5 --  Parameter  = Tau
               Type       = Topology
               Prior      = All topologies equally probable a priori
               Subparam.  = V

         6 --  Parameter  = V
               Type       = Branch lengths
               Prior      = Unconstrained:GammaDir(1.0,0.1000,1.0,1.0)



      The MCMC sampler will use the following moves:
         With prob.  Chain will use move
            0.94 %   Dirichlet(Revmat)
            0.94 %   Slider(Revmat)
            0.94 %   Dirichlet(Pi)
            0.94 %   Slider(Pi)
            1.89 %   Multiplier(Alpha)
            9.43 %   ExtSPR(Tau,V)
            9.43 %   ExtTBR(Tau,V)
            9.43 %   NNI(Tau,V)
            9.43 %   ParsSPR(Tau,V)
           37.74 %   Multiplier(V)
           13.21 %   Nodeslider(V)
            5.66 %   TLMultiplier(V)

      Division 1 has 2023 unique site patterns
      Initializing conditional likelihoods
      Using standard SSE likelihood calculator for division 1 (single-precision)

      Initial log likelihoods and log prior probs for run 1:
         Chain 1 -- -431640.051507 -- 994.589825
         Chain 2 -- -434983.403727 -- 994.589825
         Chain 3 -- -426207.719810 -- 994.589825
         Chain 4 -- -435790.081597 -- 994.589825

      Initial log likelihoods and log prior probs for run 2:
         Chain 1 -- -443985.242953 -- 994.589825
         Chain 2 -- -437101.786206 -- 994.589825
         Chain 3 -- -447217.229736 -- 994.589825
         Chain 4 -- -449275.299365 -- 994.589825


      Using a relative burnin of 25.0 % for diagnostics

      Chain results (300000 generations requested):

          0 -- [-431640.052] (-434983.404) (-426207.720) (-435790.082) * [-443985.243] (-437101.786) (-447217.230) (-449275.299) 
       1000 -- (-227210.301) (-217695.364) [-212276.863] (-229590.158) * [-235084.517] (-236106.139) (-248299.576) (-239320.369) -- 45:30:52
       2000 -- (-178781.277) [-172542.931] (-176153.293) (-180669.106) * [-172203.771] (-184823.980) (-188782.764) (-172353.766) -- 35:45:36
       3000 -- (-159237.138) [-154791.749] (-159239.965) (-159312.977) * (-157459.489) (-160687.445) [-156668.803] (-158543.319) -- 32:12:09
       4000 -- (-150637.898) [-149860.412] (-150853.412) (-152130.303) * (-152332.240) (-151249.223) [-149845.724] (-150578.182) -- 30:14:14
       5000 -- (-147326.980) (-147873.363) [-147224.651] (-148986.046) * (-149253.542) (-148433.064) [-146178.874] (-147203.534) -- 29:16:14

      Average standard deviation of split frequencies: 0.097899

       6000 -- (-146059.057) (-146383.441) [-144900.924] (-147165.657) * (-147738.554) (-147217.683) [-144751.160] (-145893.463) -- 28:39:54
       7000 -- (-145221.483) (-144545.647) [-143988.700] (-145926.043) * (-146495.077) (-146731.018) [-144073.017] (-145061.722) -- 28:08:14
       8000 -- (-143951.674) (-143765.829) [-143001.363] (-145404.977) * (-145747.193) (-146195.893) [-143551.104] (-144312.890) -- 27:43:11
       9000 -- (-143507.868) (-143136.448) [-142784.999] (-143681.802) * (-145459.067) (-145710.831) [-142696.010] (-143476.212) -- 27:21:59
      10000 -- (-142770.859) (-142858.174) [-142125.771] (-142954.702) * (-144714.266) (-145262.042) [-142452.412] (-143154.549) -- 27:05:27

      Average standard deviation of split frequencies: 0.067610

      11000 -- (-142509.463) [-141848.697] (-141986.971) (-142654.356) * (-144349.374) (-144949.205) [-141725.695] (-142223.455) -- 26:51:23
      12000 -- (-142455.590) [-141279.289] (-141840.952) (-142076.747) * (-143499.216) (-144281.862) [-141390.601] (-142099.246) -- 26:37:12
      13000 -- (-142140.233) [-140996.541] (-141811.194) (-141362.779) * (-143092.606) (-143637.114) [-140529.065] (-141873.377) -- 26:22:54
      14000 -- (-141560.393) [-140792.957] (-141106.805) (-140944.571) * (-142594.251) (-143126.646) [-140398.721] (-141647.681) -- 26:12:19
      15000 -- (-141546.952) (-140339.093) (-140863.872) [-140076.418] * (-142208.721) (-142581.475) [-139612.783] (-141272.928) -- 26:03:04

      Average standard deviation of split frequencies: 0.051934

      16000 -- (-141311.545) [-139683.714] (-140223.628) (-139747.765) * (-141894.761) (-142380.157) [-139244.289] (-141243.318) -- 25:54:00
      17000 -- (-140935.668) [-139031.626] (-139884.215) (-139595.708) * (-141685.548) (-142042.432) [-138855.973] (-140828.587) -- 25:46:30
      18000 -- (-140745.198) [-138842.568] (-139645.193) (-139083.730) * (-141505.021) (-141857.159) [-138510.384] (-140345.237) -- 25:38:28
      19000 -- (-140508.243) [-138651.052] (-139225.141) (-139016.304) * (-140920.681) (-141209.578) [-138371.391] (-139883.487) -- 25:30:27
      20000 -- (-139569.431) [-138314.673] (-138797.227) (-138900.950) * (-140835.424) (-140327.150) [-138202.207] (-139700.714) -- 25:24:22

      Average standard deviation of split frequencies: 0.053423

      21000 -- (-139111.200) [-138025.525] (-138687.737) (-138541.922) * (-140431.993) (-140222.342) [-137828.698] (-139312.239) -- 25:16:20
      22000 -- (-138935.213) [-137499.952] (-138597.070) (-138115.046) * (-140261.717) (-139605.510) [-137513.226] (-139317.263) -- 25:10:53
      23000 -- (-138674.367) [-137448.172] (-138551.380) (-138007.959) * (-140133.040) (-139198.479) [-137091.744] (-139151.676) -- 25:05:50
      24000 -- (-138472.637) [-137104.397] (-138365.452) (-137964.652) * (-139705.425) (-138730.938) [-136852.890] (-138885.303) -- 24:58:38
      25000 -- (-138154.216) [-136902.730] (-138321.738) (-137629.646) * (-139319.436) (-138532.853) [-136382.633] (-138142.126) -- 24:52:42

      Average standard deviation of split frequencies: 0.052343

      26000 -- (-137974.864) [-136716.715] (-138085.561) (-137426.991) * (-139196.060) (-138292.736) [-136248.563] (-138002.120) -- 24:46:37
      27000 -- (-137614.562) [-136636.239] (-138052.294) (-137124.421) * (-138815.025) (-137681.241) [-136054.691] (-137944.703) -- 24:41:57
      28000 -- (-137337.240) [-136331.182] (-138024.240) (-136853.454) * (-138387.281) (-137450.621) [-135957.423] (-137878.343) -- 24:37:22
      29000 -- (-136987.962) [-136233.510] (-137993.624) (-136636.593) * (-138053.137) (-137310.497) [-135838.539] (-137846.586) -- 24:33:03
      30000 -- (-136827.701) [-136077.440] (-137809.861) (-136525.223) * (-137744.100) (-136843.098) [-135781.080] (-137665.372) -- 24:28:57

      Average standard deviation of split frequencies: 0.051240

      31000 -- (-136724.041) [-135869.357] (-137626.885) (-136147.060) * (-137432.338) (-136683.173) [-135732.880] (-137581.729) -- 24:24:53
      32000 -- (-136714.878) [-135839.880] (-137187.336) (-135971.986) * (-137164.018) (-136611.734) [-135667.096] (-137468.258) -- 24:20:10
      33000 -- (-136547.381) [-135803.730] (-137055.215) (-135910.421) * (-137028.401) (-136312.823) [-135634.783] (-137433.335) -- 24:16:29
      34000 -- (-136363.441) [-135703.585] (-136865.835) (-135867.319) * (-136921.427) (-136156.591) [-135428.988] (-137129.474) -- 24:12:49
      35000 -- (-136211.218) (-135601.362) (-136809.936) [-135557.724] * (-136877.578) (-136112.552) [-135289.461] (-137016.777) -- 24:09:25

      Average standard deviation of split frequencies: 0.050524

      36000 -- (-135971.123) (-135423.212) (-136561.876) [-135405.933] * (-136559.525) (-136005.421) [-135258.750] (-136670.946) -- 24:05:46
      37000 -- (-135901.401) [-135216.272] (-136484.788) (-135356.207) * (-136383.446) (-135881.775) [-135221.171] (-136623.139) -- 24:01:24
      38000 -- (-135854.104) [-135172.043] (-136280.053) (-135334.080) * (-136353.545) (-135809.501) [-135081.927] (-136374.271) -- 23:57:33
      39000 -- (-135753.994) [-134945.968] (-136180.551) (-135297.648) * (-136282.507) (-135641.886) [-134891.910] (-136098.991) -- 23:53:16
      40000 -- (-135710.902) [-134833.657] (-135990.684) (-135107.344) * (-136083.524) (-135645.606) [-134810.019] (-135957.102) -- 23:49:27

      Average standard deviation of split frequencies: 0.049473

      41000 -- (-135635.967) [-134718.871] (-135943.456) (-135025.378) * (-136007.374) (-135619.135) [-134678.866] (-135850.050) -- 23:45:39
      42000 -- (-135545.862) [-134692.607] (-135861.049) (-134954.384) * (-135982.799) (-135465.997) [-134658.067] (-135757.893) -- 23:41:21
      43000 -- (-135432.927) [-134616.290] (-135726.869) (-134965.249) * (-135651.579) (-135329.950) [-134524.080] (-135622.323) -- 23:37:17
      44000 -- (-135357.835) [-134596.680] (-135658.544) (-134684.236) * (-135603.489) (-135279.321) [-134530.036] (-135364.229) -- 23:32:56
      45000 -- (-135005.503) [-134456.277] (-135648.573) (-134600.748) * (-135409.269) (-135275.099) [-134462.285] (-135261.386) -- 23:28:44

      Average standard deviation of split frequencies: 0.047580

      46000 -- (-134960.905) [-134364.236] (-135548.542) (-134493.219) * (-135293.697) (-135192.479) [-134440.565] (-135069.251) -- 23:24:49
      47000 -- (-134853.461) [-134301.543] (-135540.226) (-134406.377) * (-135195.679) (-135159.638) [-134426.788] (-135046.527) -- 23:20:33
      48000 -- (-134856.091) [-134176.114] (-135460.873) (-134350.897) * (-135147.770) (-135079.652) [-134359.641] (-135013.155) -- 23:16:09
      49000 -- (-134745.284) [-134187.841] (-135451.275) (-134314.759) * (-135102.001) (-134950.529) [-134301.928] (-134983.838) -- 23:11:41
      50000 -- (-134706.779) [-134172.842] (-135353.270) (-134280.063) * (-135088.103) (-134824.640) [-134227.610] (-134930.359) -- 23:07:35

      Average standard deviation of split frequencies: 0.045682

      51000 -- (-134694.983) [-134128.522] (-135129.810) (-134190.987) * (-135045.956) (-134773.351) [-134231.684] (-134845.378) -- 23:03:05
      52000 -- (-134644.074) [-134104.566] (-135093.734) (-134156.526) * (-134962.385) (-134721.770) [-134188.361] (-134743.165) -- 22:58:37
      53000 -- (-134585.490) [-133993.922] (-135040.280) (-134130.842) * (-134863.503) (-134603.194) [-134103.625] (-134607.999) -- 22:54:16
      54000 -- (-134564.927) [-133947.307] (-134940.432) (-134078.425) * (-134797.463) (-134558.940) [-134062.294] (-134460.552) -- 22:49:51
      55000 -- (-134466.480) [-133940.791] (-134848.674) (-134042.029) * (-134776.657) (-134514.463) [-134059.243] (-134432.410) -- 22:45:23

      Average standard deviation of split frequencies: 0.045151

      56000 -- (-134462.298) [-133902.133] (-134784.895) (-133909.140) * (-134678.230) (-134473.073) [-134033.797] (-134314.236) -- 22:41:05
      57000 -- (-134349.399) [-133798.259] (-134768.015) (-133894.189) * (-134682.211) (-134450.090) [-134034.457] (-134238.676) -- 22:36:27
      58000 -- (-134211.127) [-133785.386] (-134743.784) (-133860.714) * (-134595.214) (-134398.339) [-134016.619] (-134235.712) -- 22:31:47
      59000 -- (-134103.475) [-133770.088] (-134737.225) (-133818.276) * (-134566.087) (-134308.253) [-133960.590] (-134205.873) -- 22:27:08
      60000 -- (-134058.952) [-133729.058] (-134597.602) (-133817.305) * (-134579.890) (-134254.850) [-133900.970] (-134178.244) -- 22:22:12

      Average standard deviation of split frequencies: 0.044433

      61000 -- (-134024.466) [-133719.328] (-134445.820) (-133800.443) * (-134569.931) (-134226.292) [-133904.804] (-134113.330) -- 22:17:25
      62000 -- (-134021.490) [-133732.755] (-134313.645) (-133792.200) * (-134554.742) (-134182.034) [-133857.657] (-134106.684) -- 22:12:51
      63000 -- (-133949.168) [-133730.311] (-134259.679) (-133798.927) * (-134531.789) (-134176.314) [-133812.638] (-133993.257) -- 22:08:15
      64000 -- (-133912.859) [-133668.762] (-134245.860) (-133768.553) * (-134484.239) (-134154.055) [-133704.384] (-133987.432) -- 22:03:34
      65000 -- (-133842.555) [-133522.051] (-134186.043) (-133691.921) * (-134494.505) (-134143.717) [-133644.301] (-133912.461) -- 21:58:42

      Average standard deviation of split frequencies: 0.044768

      66000 -- (-133834.806) [-133518.819] (-134125.251) (-133647.643) * (-134414.696) (-134133.224) [-133568.838] (-133888.629) -- 21:54:10
      67000 -- (-133812.985) [-133480.855] (-134129.316) (-133641.544) * (-134400.631) (-134133.045) [-133564.693] (-133859.356) -- 21:49:40
      68000 -- (-133794.412) [-133390.952] (-134006.545) (-133598.978) * (-134383.321) (-134114.695) [-133543.798] (-133855.240) -- 21:44:53
      69000 -- (-133740.609) [-133377.251] (-133979.849) (-133542.233) * (-134303.643) (-134108.500) [-133471.438] (-133785.400) -- 21:40:07
      70000 -- (-133713.871) [-133358.166] (-133910.180) (-133540.023) * (-134316.519) (-134101.195) [-133453.155] (-133760.647) -- 21:35:00

      Average standard deviation of split frequencies: 0.044292

      71000 -- (-133724.061) [-133352.815] (-133743.751) (-133537.560) * (-134315.914) (-134093.577) [-133434.771] (-133726.915) -- 21:30:14
      72000 -- (-133715.693) [-133336.398] (-133676.989) (-133507.555) * (-134209.482) (-134113.847) [-133422.532] (-133700.215) -- 21:25:17
      73000 -- (-133663.176) [-133328.230] (-133585.076) (-133511.095) * (-134183.788) (-134089.788) [-133375.335] (-133658.786) -- 21:20:16
      74000 -- (-133571.820) [-133319.258] (-133571.724) (-133454.052) * (-134163.872) (-134069.274) [-133371.836] (-133637.719) -- 21:15:19
      75000 -- (-133569.221) [-133305.509] (-133503.035) (-133422.783) * (-134104.902) (-134014.965) [-133382.103] (-133630.971) -- 21:10:06

      Average standard deviation of split frequencies: 0.045598

      76000 -- (-133528.202) [-133221.503] (-133459.328) (-133420.151) * (-134114.087) (-133986.790) [-133360.704] (-133578.046) -- 21:05:00
      77000 -- (-133502.927) [-133211.152] (-133443.025) (-133429.071) * (-134046.789) (-133954.797) [-133342.099] (-133548.749) -- 21:00:05
      78000 -- (-133508.169) [-133196.873] (-133405.899) (-133410.610) * (-134021.633) (-133939.450) [-133331.569] (-133542.439) -- 20:54:40
      79000 -- (-133486.822) [-133189.078] (-133400.899) (-133411.095) * (-133999.925) (-133869.835) [-133281.381] (-133561.460) -- 20:49:06
      80000 -- (-133442.865) [-133169.018] (-133327.500) (-133409.225) * (-133979.741) (-133857.290) [-133265.313] (-133553.853) -- 20:43:41

      Average standard deviation of split frequencies: 0.047435

      81000 -- (-133463.338) [-133163.298] (-133270.402) (-133411.863) * (-133976.489) (-133823.725) [-133250.855] (-133420.915) -- 20:38:23
      82000 -- (-133425.022) [-133160.923] (-133269.458) (-133367.780) * (-133952.104) (-133818.761) [-133225.459] (-133390.838) -- 20:32:51
      83000 -- (-133383.095) [-133153.048] (-133260.432) (-133340.448) * (-133949.544) (-133802.815) [-133217.472] (-133377.201) -- 20:27:29
      84000 -- (-133367.942) [-133146.741] (-133238.734) (-133336.932) * (-133939.813) (-133787.685) [-133199.652] (-133359.751) -- 20:21:54
      85000 -- (-133309.160) [-133130.014] (-133237.328) (-133307.564) * (-133907.352) (-133790.532) [-133164.145] (-133341.692) -- 20:16:31

      Average standard deviation of split frequencies: 0.050102

      86000 -- (-133305.924) [-133114.694] (-133228.279) (-133300.495) * (-133873.420) (-133764.964) [-133150.100] (-133340.541) -- 20:11:10
      87000 -- (-133261.145) [-133106.358] (-133209.384) (-133303.494) * (-133828.249) (-133744.458) [-133154.143] (-133303.449) -- 20:05:44
      88000 -- (-133236.527) [-133090.726] (-133178.378) (-133301.268) * (-133814.998) (-133621.985) [-133124.585] (-133282.735) -- 20:00:14
      89000 -- (-133223.018) [-133088.457] (-133156.773) (-133306.130) * (-133730.257) (-133633.927) [-133102.927] (-133278.933) -- 19:54:31
      90000 -- (-133214.669) [-133076.079] (-133164.024) (-133313.265) * (-133720.001) (-133594.046) [-133086.262] (-133256.460) -- 19:48:54

      Average standard deviation of split frequencies: 0.052358

      91000 -- (-133211.490) [-133085.118] (-133158.908) (-133299.064) * (-133635.201) (-133523.311) [-133070.901] (-133246.684) -- 19:43:15
      92000 -- (-133198.315) [-133087.587] (-133138.931) (-133284.588) * (-133608.261) (-133548.751) [-133055.570] (-133234.401) -- 19:37:52
      93000 -- (-133179.704) [-133073.957] (-133153.783) (-133272.143) * (-133590.115) (-133525.631) [-133057.333] (-133240.327) -- 19:32:19
      94000 -- (-133166.002) [-133059.050] (-133113.258) (-133272.928) * (-133560.788) (-133508.161) [-133036.455] (-133231.983) -- 19:26:38
      95000 -- (-133146.056) [-133050.007] (-133117.873) (-133260.299) * (-133549.423) (-133405.076) [-133019.596] (-133229.174) -- 19:21:03

      Average standard deviation of split frequencies: 0.053455

      96000 -- (-133121.068) [-133021.944] (-133098.006) (-133263.765) * (-133510.316) (-133392.485) [-133010.996] (-133159.706) -- 19:15:28
      97000 -- (-133112.663) [-133016.822] (-133082.128) (-133188.709) * (-133506.785) (-133382.286) [-133003.883] (-133151.970) -- 19:09:48
      98000 -- (-133078.769) [-133027.460] (-133077.703) (-133191.189) * (-133514.764) (-133396.212) [-132980.877] (-133114.020) -- 19:04:15
      99000 -- (-133072.912) [-133010.117] (-133043.405) (-133184.433) * (-133456.932) (-133389.437) [-132990.656] (-133062.118) -- 18:58:41
      100000 -- (-133043.137) [-132982.921] (-133038.623) (-133167.527) * (-133466.087) (-133396.591) [-132999.369] (-133050.715) -- 18:53:16

      Average standard deviation of split frequencies: 0.055821

      101000 -- (-133053.299) [-132977.261] (-133035.422) (-133167.201) * (-133425.956) (-133385.811) [-132973.267] (-133028.630) -- 18:47:49
      102000 -- (-133042.963) [-132964.530] (-133020.437) (-133147.928) * (-133387.379) (-133348.722) [-132928.575] (-133004.797) -- 18:42:09
      103000 -- (-133004.262) [-132959.713] (-133009.567) (-133138.495) * (-133388.364) (-133328.876) [-132932.746] (-133022.903) -- 18:36:25
      104000 -- (-133008.877) [-132961.880] (-133026.070) (-133101.588) * (-133392.446) (-133306.048) [-132910.859] (-132999.392) -- 18:30:49
      105000 -- (-132980.928) [-132933.716] (-133020.276) (-133117.721) * (-133389.835) (-133292.779) [-132903.474] (-132992.681) -- 18:25:11

      Average standard deviation of split frequencies: 0.057145

      106000 -- (-132957.801) [-132937.835] (-133009.004) (-133092.752) * (-133365.286) (-133275.461) [-132878.633] (-132970.275) -- 18:19:32
      107000 -- (-132952.119) [-132933.644] (-133014.526) (-133022.793) * (-133347.307) (-133267.759) [-132843.196] (-132982.965) -- 18:13:54
      108000 -- (-132951.748) [-132927.151] (-132975.508) (-133030.649) * (-133341.510) (-133250.245) [-132833.172] (-132979.778) -- 18:08:17
      109000 -- [-132890.531] (-132913.851) (-132964.597) (-133010.657) * (-133331.563) (-133228.279) [-132826.620] (-132959.641) -- 18:02:34
      110000 -- [-132868.629] (-132904.430) (-132948.064) (-133014.141) * (-133308.721) (-133218.345) [-132822.734] (-132948.493) -- 17:56:59

      Average standard deviation of split frequencies: 0.059221

      111000 -- [-132867.088] (-132884.037) (-132939.266) (-133016.058) * (-133307.818) (-133220.520) [-132787.468] (-132922.798) -- 17:51:17
      112000 -- [-132863.314] (-132920.319) (-132939.294) (-133003.879) * (-133223.362) (-133182.200) [-132789.141] (-132928.293) -- 17:45:35
      113000 -- [-132843.779] (-132864.000) (-132951.470) (-133012.000) * (-133206.336) (-133103.424) [-132779.570] (-132905.832) -- 17:39:58
      114000 -- [-132843.982] (-132872.639) (-132943.602) (-132997.775) * (-133182.420) (-133061.266) [-132776.541] (-132914.541) -- 17:34:24
      115000 -- [-132830.991] (-132856.803) (-132914.475) (-132985.109) * (-133195.393) (-133067.682) [-132768.105] (-132916.516) -- 17:28:47

      Average standard deviation of split frequencies: 0.059496

      116000 -- [-132799.096] (-132813.147) (-132918.574) (-132990.047) * (-133173.387) (-133051.974) [-132746.565] (-132910.206) -- 17:23:08
      117000 -- [-132781.652] (-132806.813) (-132875.206) (-132961.691) * (-133183.539) (-133029.057) [-132751.891] (-132910.319) -- 17:17:31
      118000 -- [-132766.288] (-132809.141) (-132865.619) (-132988.200) * (-133157.872) (-133008.616) [-132723.875] (-132911.686) -- 17:11:52
      119000 -- [-132778.984] (-132804.627) (-132845.176) (-132979.640) * (-133121.896) (-133015.948) [-132692.495] (-132903.804) -- 17:06:13
      120000 -- (-132790.688) [-132796.308] (-132841.217) (-132975.803) * (-133140.243) (-133031.772) [-132700.040] (-132865.962) -- 17:00:37

      Average standard deviation of split frequencies: 0.060690

      121000 -- [-132770.549] (-132796.379) (-132837.052) (-132930.857) * (-133115.177) (-132928.251) [-132688.652] (-132851.616) -- 16:55:01
      122000 -- [-132767.740] (-132778.850) (-132836.500) (-132919.089) * (-133106.388) (-132927.954) [-132695.528] (-132846.865) -- 16:49:22
      123000 -- [-132745.559] (-132763.109) (-132835.637) (-132886.014) * (-133104.379) (-132905.258) [-132709.395] (-132843.350) -- 16:43:47
      124000 -- (-132739.295) [-132756.013] (-132837.929) (-132878.240) * (-133112.909) (-132913.980) [-132701.375] (-132825.010) -- 16:38:15
      125000 -- [-132738.211] (-132755.002) (-132797.695) (-132866.433) * (-133111.314) (-132901.585) [-132665.646] (-132814.698) -- 16:32:40

      Average standard deviation of split frequencies: 0.060977

      126000 -- [-132716.103] (-132737.754) (-132803.576) (-132865.675) * (-133090.206) (-132889.740) [-132657.688] (-132811.782) -- 16:27:10
      127000 -- [-132708.470] (-132717.132) (-132773.821) (-132875.250) * (-133095.968) (-132853.770) [-132599.734] (-132820.161) -- 16:21:33
      128000 -- [-132709.034] (-132722.037) (-132780.323) (-132855.624) * (-133080.802) (-132830.453) [-132565.231] (-132809.592) -- 16:15:51
      129000 -- (-132706.388) [-132704.174] (-132759.267) (-132843.067) * (-133093.489) (-132838.356) [-132549.180] (-132795.557) -- 16:10:10
      130000 -- [-132697.408] (-132694.651) (-132768.848) (-132835.956) * (-133027.647) (-132836.515) [-132545.940] (-132764.565) -- 16:04:31

      Average standard deviation of split frequencies: 0.061805

      131000 -- (-132714.587) [-132695.278] (-132705.875) (-132838.620) * (-133003.823) (-132841.457) [-132547.365] (-132772.129) -- 15:58:52
      132000 -- (-132698.150) [-132672.849] (-132675.723) (-132825.636) * (-132999.709) (-132853.936) [-132545.848] (-132747.527) -- 15:53:13
      133000 -- (-132682.113) [-132668.422] (-132701.834) (-132810.134) * (-132999.259) (-132832.893) [-132547.594] (-132733.387) -- 15:47:35
      134000 -- (-132678.434) [-132665.284] (-132704.145) (-132793.106) * (-132989.313) (-132830.832) [-132547.317] (-132738.654) -- 15:42:01
      135000 -- (-132673.807) [-132670.184] (-132700.171) (-132789.717) * (-132972.775) (-132812.206) [-132553.280] (-132723.693) -- 15:36:21

      Average standard deviation of split frequencies: 0.061601

      136000 -- [-132646.164] (-132665.856) (-132697.558) (-132770.207) * (-132956.952) (-132802.139) [-132537.894] (-132720.236) -- 15:30:37
      137000 -- [-132631.335] (-132663.976) (-132683.705) (-132745.880) * (-132962.436) (-132807.835) [-132509.032] (-132704.012) -- 15:24:54
      138000 -- [-132633.670] (-132672.122) (-132669.668) (-132748.910) * (-132959.837) (-132797.780) [-132507.677] (-132707.747) -- 15:19:11
      139000 -- [-132630.222] (-132684.125) (-132654.074) (-132765.159) * (-132956.876) (-132802.566) [-132511.712] (-132707.747) -- 15:13:34
      140000 -- (-132642.809) (-132690.796) [-132627.631] (-132749.590) * (-132927.868) (-132755.262) [-132511.681] (-132715.372) -- 15:07:48

      Average standard deviation of split frequencies: 0.062556

      141000 -- [-132628.353] (-132683.802) (-132642.535) (-132742.332) * (-132938.293) (-132747.800) [-132499.948] (-132691.547) -- 15:02:13
      142000 -- (-132616.661) (-132681.159) [-132642.273] (-132761.696) * (-132910.959) (-132741.267) [-132496.601] (-132688.810) -- 14:56:33
      143000 -- [-132604.204] (-132676.293) (-132643.523) (-132734.435) * (-132887.289) (-132748.148) [-132506.780] (-132675.141) -- 14:50:52
      144000 -- [-132608.894] (-132632.824) (-132634.278) (-132737.616) * (-132865.811) (-132739.793) [-132484.475] (-132625.735) -- 14:45:08
      145000 -- [-132606.415] (-132630.329) (-132617.403) (-132735.809) * (-132868.115) (-132763.692) [-132470.726] (-132630.513) -- 14:39:25

      Average standard deviation of split frequencies: 0.062990

      146000 -- (-132607.561) (-132603.503) [-132603.990] (-132738.866) * (-132858.057) (-132749.931) [-132456.436] (-132622.226) -- 14:33:42
      147000 -- (-132604.624) [-132583.736] (-132614.298) (-132736.110) * (-132828.007) (-132746.279) [-132456.210] (-132623.060) -- 14:28:00
      148000 -- (-132604.125) (-132588.264) [-132600.396] (-132724.009) * (-132838.621) (-132737.963) [-132444.216] (-132615.425) -- 14:22:14
      149000 -- (-132589.571) [-132568.989] (-132611.721) (-132740.141) * (-132809.013) (-132722.641) [-132463.984] (-132619.819) -- 14:16:34
      150000 -- (-132611.062) [-132563.196] (-132597.602) (-132742.270) * (-132826.640) (-132727.587) [-132426.128] (-132625.074) -- 14:10:49

      Average standard deviation of split frequencies: 0.062384

      151000 -- (-132592.722) [-132555.328] (-132581.125) (-132724.610) * (-132814.704) (-132715.744) [-132410.214] (-132623.817) -- 14:05:09
      152000 -- [-132573.262] (-132554.797) (-132601.555) (-132723.537) * (-132757.067) (-132702.452) [-132387.171] (-132607.795) -- 13:59:28
      153000 -- (-132577.200) [-132538.069] (-132577.956) (-132735.563) * (-132725.615) (-132703.290) [-132402.353] (-132612.413) -- 13:53:44
      154000 -- (-132561.556) [-132532.372] (-132565.887) (-132729.723) * (-132732.051) (-132691.969) [-132416.340] (-132598.796) -- 13:48:02
      155000 -- (-132563.540) [-132527.726] (-132591.007) (-132697.810) * (-132726.217) (-132686.778) [-132415.097] (-132585.473) -- 13:42:19

      Average standard deviation of split frequencies: 0.061497

      156000 -- (-132558.358) [-132528.025] (-132584.298) (-132698.200) * (-132712.615) (-132666.512) [-132408.362] (-132591.155) -- 13:36:33
      157000 -- (-132573.730) [-132531.421] (-132576.886) (-132658.192) * (-132717.298) (-132667.119) [-132381.335] (-132591.051) -- 13:30:45
      158000 -- (-132574.778) [-132515.249] (-132549.953) (-132650.726) * (-132726.381) (-132671.004) [-132391.246] (-132572.201) -- 13:25:04
      159000 -- (-132559.037) [-132514.719] (-132531.095) (-132637.297) * (-132715.675) (-132658.319) [-132388.475] (-132591.428) -- 13:19:23
      160000 -- (-132543.699) (-132525.168) [-132543.288] (-132656.993) * (-132703.110) (-132683.395) [-132360.724] (-132592.040) -- 13:13:46

      Average standard deviation of split frequencies: 0.061178

      161000 -- (-132527.057) (-132526.237) [-132513.684] (-132636.144) * (-132710.940) (-132661.881) [-132328.030] (-132570.527) -- 13:08:05
      162000 -- (-132546.073) (-132522.171) [-132501.154] (-132619.860) * (-132709.512) (-132672.515) [-132330.456] (-132582.485) -- 13:02:24
      163000 -- (-132510.184) (-132516.760) [-132500.604] (-132615.672) * (-132702.042) (-132630.868) [-132317.751] (-132574.589) -- 12:56:44
      164000 -- (-132519.080) (-132515.521) [-132507.761] (-132631.083) * (-132681.699) (-132629.417) [-132322.962] (-132562.468) -- 12:51:03
      165000 -- (-132509.407) [-132479.081] (-132528.878) (-132618.076) * (-132705.237) (-132631.033) [-132295.950] (-132574.045) -- 12:45:20

      Average standard deviation of split frequencies: 0.059984

      166000 -- (-132514.087) (-132476.250) [-132467.028] (-132618.647) * (-132701.822) (-132624.224) [-132294.595] (-132569.921) -- 12:39:40
      167000 -- (-132492.294) (-132465.385) [-132452.164] (-132628.759) * (-132696.335) (-132588.838) [-132276.646] (-132550.185) -- 12:33:58
      168000 -- (-132504.174) (-132449.657) [-132455.102] (-132625.135) * (-132697.365) (-132598.191) [-132269.618] (-132560.167) -- 12:28:18
      169000 -- (-132501.733) (-132437.527) [-132442.297] (-132612.289) * (-132687.597) (-132607.586) [-132261.099] (-132547.087) -- 12:22:35
      170000 -- (-132505.228) (-132439.377) [-132430.764] (-132608.787) * (-132685.050) (-132614.796) [-132262.316] (-132547.964) -- 12:16:52

      Average standard deviation of split frequencies: 0.058372

      171000 -- (-132514.817) [-132447.728] (-132429.217) (-132600.622) * (-132684.127) (-132603.859) [-132259.006] (-132542.183) -- 12:11:11
      172000 -- (-132478.082) (-132443.958) [-132438.250] (-132594.196) * (-132695.641) (-132596.813) [-132246.742] (-132529.549) -- 12:05:34
      173000 -- (-132483.529) (-132450.971) [-132445.246] (-132570.198) * (-132673.412) (-132585.248) [-132230.965] (-132524.156) -- 11:59:56
      174000 -- (-132472.867) (-132460.515) [-132440.362] (-132545.903) * (-132686.939) (-132579.715) [-132227.875] (-132528.863) -- 11:54:18
      175000 -- (-132464.146) (-132447.974) [-132442.154] (-132540.105) * (-132672.981) (-132581.494) [-132202.986] (-132512.564) -- 11:48:40

      Average standard deviation of split frequencies: 0.056911

      176000 -- (-132457.836) (-132450.918) [-132415.717] (-132542.064) * (-132677.661) (-132596.138) [-132209.118] (-132519.092) -- 11:42:56
      177000 -- (-132464.759) (-132450.630) [-132412.320] (-132519.251) * (-132664.615) (-132577.560) [-132207.773] (-132520.791) -- 11:37:14
      178000 -- (-132468.124) (-132443.040) [-132415.272] (-132528.845) * (-132660.373) (-132551.129) [-132203.408] (-132542.683) -- 11:31:37
      179000 -- (-132495.121) (-132440.852) [-132397.679] (-132526.213) * (-132654.280) (-132550.752) [-132193.757] (-132521.230) -- 11:26:01
      180000 -- (-132487.016) (-132427.300) [-132396.814] (-132527.819) * (-132662.826) (-132541.131) [-132186.929] (-132532.025) -- 11:20:25

      Average standard deviation of split frequencies: 0.055972

      181000 -- (-132492.475) (-132419.459) [-132403.227] (-132526.828) * (-132649.977) (-132544.640) [-132184.701] (-132519.381) -- 11:14:47
      182000 -- (-132476.569) (-132437.381) [-132389.300] (-132525.793) * (-132633.238) (-132520.332) [-132198.420] (-132518.599) -- 11:09:09
      183000 -- (-132511.980) (-132415.588) [-132367.218] (-132546.121) * (-132631.872) (-132535.781) [-132200.623] (-132531.791) -- 11:03:30
      184000 -- (-132469.787) (-132412.818) [-132369.846] (-132540.987) * (-132617.769) (-132530.690) [-132168.053] (-132526.256) -- 10:57:54
      185000 -- (-132483.001) (-132406.821) [-132359.379] (-132509.952) * (-132626.686) (-132529.997) [-132175.380] (-132537.276) -- 10:52:14

      Average standard deviation of split frequencies: 0.054703

      186000 -- (-132463.918) (-132395.801) [-132364.848] (-132519.622) * (-132622.929) (-132528.993) [-132173.947] (-132519.441) -- 10:46:33
      187000 -- (-132443.719) (-132391.762) [-132365.150] (-132520.467) * (-132599.894) (-132527.756) [-132161.586] (-132513.953) -- 10:40:53
      188000 -- (-132450.789) (-132377.401) [-132358.870] (-132511.616) * (-132603.860) (-132521.351) [-132164.980] (-132518.767) -- 10:35:15
      189000 -- (-132464.850) [-132376.349] (-132356.793) (-132492.116) * (-132605.652) (-132513.633) [-132161.108] (-132531.035) -- 10:29:37
      190000 -- (-132457.010) (-132366.653) [-132349.349] (-132476.629) * (-132592.411) (-132487.830) [-132159.943] (-132510.350) -- 10:23:59

      Average standard deviation of split frequencies: 0.053758

      191000 -- (-132443.118) (-132375.307) [-132356.872] (-132489.268) * (-132612.724) (-132485.303) [-132166.768] (-132499.590) -- 10:18:19
      192000 -- (-132438.788) (-132370.121) [-132333.898] (-132464.010) * (-132603.044) (-132472.972) [-132157.992] (-132504.896) -- 10:12:40
      193000 -- (-132444.662) (-132380.665) [-132303.877] (-132490.705) * (-132584.590) (-132469.397) [-132158.527] (-132513.452) -- 10:07:02
      194000 -- (-132439.557) (-132357.479) [-132299.560] (-132478.126) * (-132570.381) (-132454.168) [-132158.903] (-132500.253) -- 10:01:20
      195000 -- (-132440.787) (-132368.250) [-132295.833] (-132494.673) * (-132576.142) (-132465.739) [-132156.723] (-132506.712) -- 9:55:39

      Average standard deviation of split frequencies: 0.052381

      196000 -- (-132433.639) (-132360.563) [-132299.326] (-132481.820) * (-132574.796) (-132452.069) [-132166.321] (-132509.316) -- 9:49:57
      197000 -- (-132452.549) (-132357.081) [-132307.301] (-132448.720) * (-132581.346) (-132461.325) [-132158.321] (-132506.042) -- 9:44:17
      198000 -- (-132465.393) (-132367.360) [-132275.110] (-132437.233) * (-132583.884) (-132437.764) [-132160.221] (-132490.987) -- 9:38:39
      199000 -- (-132442.216) (-132349.621) [-132268.369] (-132436.037) * (-132566.799) (-132434.896) [-132143.299] (-132504.416) -- 9:32:57
      200000 -- (-132433.265) (-132359.592) [-132264.248] (-132397.416) * (-132561.209) (-132430.240) [-132139.569] (-132476.491) -- 9:27:16

      Average standard deviation of split frequencies: 0.052077

      201000 -- (-132441.910) (-132354.940) [-132266.052] (-132395.163) * (-132553.222) (-132426.163) [-132147.402] (-132477.897) -- 9:21:33
      202000 -- (-132429.901) (-132359.894) [-132282.298] (-132425.020) * (-132531.641) (-132410.741) [-132124.213] (-132474.506) -- 9:15:52
      203000 -- (-132440.067) (-132350.888) [-132266.309] (-132409.399) * (-132519.464) (-132414.196) [-132128.215] (-132496.724) -- 9:10:10
      204000 -- (-132434.496) (-132341.845) [-132257.888] (-132427.909) * (-132513.819) (-132427.307) [-132124.915] (-132486.312) -- 9:04:28
      205000 -- (-132433.569) (-132331.420) [-132247.221] (-132404.839) * (-132501.332) (-132423.616) [-132121.625] (-132474.392) -- 8:58:48

      Average standard deviation of split frequencies: 0.051154

      206000 -- (-132427.504) (-132308.750) [-132248.268] (-132413.215) * (-132481.920) (-132408.271) [-132112.277] (-132473.645) -- 8:53:08
      207000 -- (-132432.479) (-132307.456) [-132240.621] (-132434.776) * (-132470.521) (-132397.202) [-132113.498] (-132470.727) -- 8:47:28
      208000 -- (-132423.641) (-132304.266) [-132236.829] (-132427.122) * (-132474.937) (-132407.205) [-132100.413] (-132452.662) -- 8:41:47
      209000 -- (-132439.641) (-132303.763) [-132237.574] (-132437.963) * (-132465.527) (-132417.944) [-132097.542] (-132431.969) -- 8:36:06
      210000 -- (-132435.129) (-132324.614) [-132239.116] (-132425.701) * (-132448.943) (-132389.125) [-132115.318] (-132418.101) -- 8:30:25

      Average standard deviation of split frequencies: 0.049566

      211000 -- (-132437.413) (-132316.129) [-132228.906] (-132407.647) * (-132452.773) (-132370.881) [-132108.858] (-132433.647) -- 8:24:46
      212000 -- (-132425.775) (-132304.397) [-132230.511] (-132379.847) * (-132455.614) (-132365.977) [-132108.814] (-132447.120) -- 8:19:03
      213000 -- (-132435.794) (-132296.380) [-132214.295] (-132375.471) * (-132439.932) (-132358.997) [-132107.900] (-132435.355) -- 8:13:22
      214000 -- (-132435.670) (-132313.641) [-132218.476] (-132363.859) * (-132459.389) (-132365.933) [-132098.027] (-132426.002) -- 8:07:42
      215000 -- (-132443.182) (-132291.866) [-132226.262] (-132378.236) * (-132460.950) (-132363.089) [-132085.413] (-132441.887) -- 8:02:00

      Average standard deviation of split frequencies: 0.048071

      216000 -- (-132436.192) (-132290.556) [-132226.643] (-132374.600) * (-132462.687) (-132358.765) [-132090.019] (-132438.393) -- 7:56:17
      217000 -- (-132452.061) (-132270.255) [-132225.544] (-132368.701) * (-132481.726) (-132350.464) [-132098.432] (-132445.466) -- 7:50:37
      218000 -- (-132429.585) (-132286.071) [-132215.527] (-132356.929) * (-132454.265) (-132361.782) [-132097.576] (-132459.451) -- 7:44:56
      219000 -- (-132431.356) (-132293.766) [-132213.680] (-132358.960) * (-132460.090) (-132354.846) [-132086.590] (-132432.540) -- 7:39:15
      220000 -- (-132428.094) (-132285.934) [-132213.197] (-132363.790) * (-132446.522) (-132340.327) [-132075.376] (-132446.269) -- 7:33:33

      Average standard deviation of split frequencies: 0.046771

      221000 -- (-132425.083) (-132290.667) [-132227.523] (-132382.818) * (-132458.052) (-132333.926) [-132090.124] (-132447.259) -- 7:27:52
      222000 -- (-132431.612) (-132285.397) [-132217.186] (-132379.792) * (-132451.752) (-132334.109) [-132077.674] (-132473.857) -- 7:22:11
      223000 -- (-132431.148) (-132289.288) [-132213.431] (-132374.618) * (-132439.354) (-132337.884) [-132069.712] (-132459.178) -- 7:16:34
      224000 -- (-132439.479) (-132285.565) [-132228.126] (-132352.887) * (-132432.031) (-132311.987) [-132082.941] (-132442.563) -- 7:10:54
      225000 -- (-132436.057) (-132265.960) [-132227.438] (-132353.967) * (-132411.462) (-132301.940) [-132066.471] (-132453.623) -- 7:05:14

      Average standard deviation of split frequencies: 0.045464

      226000 -- (-132441.513) (-132278.879) [-132201.020] (-132340.223) * (-132406.457) (-132318.146) [-132070.079] (-132438.294) -- 6:59:34
      227000 -- (-132428.126) (-132267.187) [-132206.242] (-132359.179) * (-132421.724) (-132303.450) [-132057.006] (-132435.928) -- 6:53:53
      228000 -- (-132412.447) (-132270.630) [-132194.680] (-132346.665) * (-132415.985) (-132301.573) [-132063.379] (-132426.607) -- 6:48:12
      229000 -- (-132401.847) (-132259.783) [-132199.245] (-132349.952) * (-132410.727) (-132305.067) [-132066.860] (-132432.913) -- 6:42:34
      230000 -- (-132390.677) (-132255.360) [-132196.681] (-132342.790) * (-132409.210) (-132297.043) [-132068.349] (-132412.125) -- 6:36:55

      Average standard deviation of split frequencies: 0.044074

      231000 -- (-132416.507) (-132233.394) [-132183.652] (-132317.668) * (-132414.528) (-132301.917) [-132076.035] (-132397.875) -- 6:31:15
      232000 -- (-132408.949) (-132240.816) [-132176.749] (-132318.747) * (-132402.543) (-132298.053) [-132064.880] (-132397.997) -- 6:25:36
      233000 -- (-132408.224) (-132239.746) [-132183.093] (-132309.388) * (-132387.246) (-132294.467) [-132047.919] (-132393.177) -- 6:19:55
      234000 -- (-132400.761) (-132233.480) [-132167.608] (-132316.752) * (-132367.466) (-132286.768) [-132051.536] (-132407.084) -- 6:14:14
      235000 -- (-132385.611) (-132228.119) [-132162.368] (-132289.297) * (-132358.218) (-132299.465) [-132052.249] (-132418.092) -- 6:08:34

      Average standard deviation of split frequencies: 0.042813

      236000 -- (-132406.446) (-132220.162) [-132162.825] (-132296.077) * (-132381.389) (-132292.539) [-132052.967] (-132410.190) -- 6:02:53
      237000 -- (-132424.417) (-132232.768) [-132154.412] (-132296.070) * (-132371.586) (-132297.960) [-132038.769] (-132413.952) -- 5:57:13
      238000 -- (-132411.113) (-132224.784) [-132149.421] (-132304.325) * (-132382.271) (-132278.513) [-132052.117] (-132399.001) -- 5:51:34
      239000 -- (-132397.548) (-132212.723) [-132157.410] (-132286.003) * (-132378.313) (-132271.181) [-132061.718] (-132396.697) -- 5:45:54
      240000 -- (-132427.110) (-132228.954) [-132147.200] (-132274.108) * (-132344.832) (-132280.359) [-132041.617] (-132385.171) -- 5:40:13

      Average standard deviation of split frequencies: 0.042157

      241000 -- (-132413.297) (-132205.897) [-132149.912] (-132262.069) * (-132334.027) (-132301.130) [-132037.297] (-132373.036) -- 5:34:33
      242000 -- (-132413.216) (-132208.238) [-132167.700] (-132269.102) * (-132337.595) (-132286.806) [-132018.565] (-132375.017) -- 5:28:53
      243000 -- (-132442.533) (-132208.241) [-132160.945] (-132266.811) * (-132344.918) (-132268.569) [-132029.221] (-132376.031) -- 5:23:12
      244000 -- (-132437.384) (-132212.032) [-132163.482] (-132262.895) * (-132324.899) (-132261.272) [-132033.768] (-132380.876) -- 5:17:31
      245000 -- (-132446.608) (-132216.146) [-132165.469] (-132257.371) * (-132356.613) (-132261.562) [-132040.369] (-132389.598) -- 5:11:50

      Average standard deviation of split frequencies: 0.041364

      246000 -- (-132445.670) (-132215.264) [-132163.319] (-132243.113) * (-132355.756) (-132254.498) [-132045.108] (-132378.014) -- 5:06:08
      247000 -- (-132432.654) (-132210.552) [-132165.141] (-132263.934) * (-132331.109) (-132261.801) [-132037.199] (-132370.125) -- 5:00:27
      248000 -- (-132387.606) (-132213.862) [-132155.227] (-132235.583) * (-132318.833) (-132281.867) [-132028.567] (-132388.303) -- 4:54:47
      249000 -- (-132402.712) (-132206.049) [-132155.056] (-132256.698) * (-132312.840) (-132266.377) [-132026.815] (-132360.018) -- 4:49:07
      250000 -- (-132376.367) (-132204.110) [-132160.023] (-132237.609) * (-132312.958) (-132264.913) [-132017.492] (-132366.845) -- 4:43:28

      Average standard deviation of split frequencies: 0.040713

      251000 -- (-132371.004) (-132196.780) (-132158.986) [-132167.191] * (-132309.226) (-132247.548) [-132023.029] (-132370.589) -- 4:37:47
      252000 -- (-132385.791) (-132199.875) (-132164.691) [-132150.964] * (-132310.367) (-132251.660) [-132032.115] (-132364.858) -- 4:32:08
      253000 -- (-132366.178) (-132213.067) (-132163.855) [-132131.375] * (-132295.541) (-132242.207) [-132034.941] (-132347.076) -- 4:26:28
      254000 -- (-132387.235) (-132204.123) (-132158.582) [-132138.726] * (-132297.115) (-132233.230) [-132031.898] (-132336.440) -- 4:20:48
      255000 -- (-132386.948) (-132193.380) (-132156.962) [-132141.369] * (-132290.721) (-132224.430) [-132030.202] (-132353.925) -- 4:15:09

      Average standard deviation of split frequencies: 0.039698

      256000 -- (-132382.159) (-132183.079) (-132149.001) [-132145.190] * (-132279.677) (-132233.773) [-132049.872] (-132349.368) -- 4:09:28
      257000 -- (-132392.256) (-132194.857) [-132139.302] (-132146.701) * (-132269.891) (-132249.178) [-132041.350] (-132350.665) -- 4:03:49
      258000 -- (-132386.159) (-132178.847) [-132126.723] (-132143.275) * (-132255.912) (-132249.012) [-132034.459] (-132367.310) -- 3:58:10
      259000 -- (-132369.414) (-132184.192) [-132130.497] (-132154.414) * (-132254.516) (-132230.976) [-132040.421] (-132376.723) -- 3:52:30
      260000 -- (-132361.925) (-132173.504) [-132126.089] (-132130.475) * (-132261.587) (-132220.879) [-132036.190] (-132373.373) -- 3:46:50

      Average standard deviation of split frequencies: 0.038532

      261000 -- (-132366.015) (-132186.216) (-132131.434) [-132121.333] * (-132251.255) (-132229.719) [-132031.223] (-132373.393) -- 3:41:11
      262000 -- (-132353.061) (-132198.771) (-132114.687) [-132122.501] * (-132260.072) (-132239.313) [-132022.757] (-132376.523) -- 3:35:30
      263000 -- (-132360.768) (-132197.647) (-132110.246) [-132141.670] * (-132253.691) (-132230.685) [-132019.125] (-132370.082) -- 3:29:49
      264000 -- (-132372.406) (-132195.976) [-132121.191] (-132131.890) * (-132257.411) (-132256.227) [-132011.622] (-132389.046) -- 3:24:09
      265000 -- (-132377.932) (-132191.004) [-132106.117] (-132131.591) * (-132262.032) (-132236.181) [-132015.020] (-132381.000) -- 3:18:29

      Average standard deviation of split frequencies: 0.037535

      266000 -- (-132348.119) (-132222.096) [-132116.247] (-132130.089) * (-132264.048) (-132232.030) [-132001.893] (-132382.301) -- 3:12:49
      267000 -- (-132352.105) (-132203.622) [-132105.953] (-132124.806) * (-132263.202) (-132213.784) [-131997.880] (-132352.773) -- 3:07:09
      268000 -- (-132369.868) (-132190.652) [-132106.814] (-132127.830) * (-132258.512) (-132209.593) [-132004.639] (-132351.857) -- 3:01:29
      269000 -- (-132361.322) (-132197.045) [-132108.547] (-132132.872) * (-132262.794) (-132195.037) [-131996.604] (-132362.856) -- 2:55:49
      270000 -- (-132355.047) (-132174.701) (-132107.072) [-132118.669] * (-132244.588) (-132169.182) [-132008.265] (-132334.604) -- 2:50:09

      Average standard deviation of split frequencies: 0.036810

      271000 -- (-132372.973) (-132158.795) [-132103.902] (-132120.809) * (-132237.844) (-132187.924) [-131981.746] (-132329.226) -- 2:44:29
      272000 -- (-132370.335) (-132139.424) [-132102.417] (-132102.873) * (-132256.813) (-132184.107) [-131986.672] (-132343.033) -- 2:38:49
      273000 -- (-132359.482) (-132147.957) [-132091.637] (-132119.372) * (-132264.017) (-132195.059) [-131981.307] (-132361.769) -- 2:33:09
      274000 -- (-132370.981) (-132165.253) [-132080.987] (-132105.912) * (-132248.840) (-132203.623) [-131989.585] (-132340.171) -- 2:27:29
      275000 -- (-132386.518) (-132162.667) [-132064.585] (-132106.852) * (-132241.594) (-132214.569) [-131987.026] (-132308.482) -- 2:21:49

      Average standard deviation of split frequencies: 0.036391

      276000 -- (-132372.114) (-132178.841) [-132062.912] (-132122.650) * (-132246.507) (-132198.849) [-131988.339] (-132318.962) -- 2:16:09
      277000 -- (-132356.248) (-132172.062) [-132057.997] (-132097.366) * (-132239.209) (-132176.181) [-131969.651] (-132322.853) -- 2:10:28
      278000 -- (-132335.733) (-132170.056) [-132053.604] (-132093.233) * (-132243.395) (-132178.448) [-131978.854] (-132316.671) -- 2:04:48
      279000 -- (-132331.880) (-132168.196) [-132039.192] (-132101.036) * (-132241.726) (-132189.982) [-131981.965] (-132323.924) -- 1:59:09
      280000 -- (-132334.945) (-132145.615) [-132038.702] (-132103.809) * (-132255.709) (-132171.506) [-131978.619] (-132332.663) -- 1:53:28

      Average standard deviation of split frequencies: 0.035691

      281000 -- (-132335.031) (-132149.534) [-132056.243] (-132096.525) * (-132226.814) (-132175.538) [-131973.287] (-132312.754) -- 1:47:48
      282000 -- (-132309.442) (-132158.008) [-132045.041] (-132125.453) * (-132227.719) (-132172.263) [-131965.819] (-132335.277) -- 1:42:08
      283000 -- (-132302.925) (-132152.931) [-132046.393] (-132105.760) * (-132216.597) (-132178.338) [-131962.533] (-132336.751) -- 1:36:27
      284000 -- (-132306.651) (-132143.923) [-132052.257] (-132097.020) * (-132226.374) (-132175.378) [-131955.130] (-132325.564) -- 1:30:47
      285000 -- (-132301.870) (-132136.485) [-132055.188] (-132099.548) * (-132221.974) (-132178.502) [-131965.334] (-132322.038) -- 1:25:07

      Average standard deviation of split frequencies: 0.034658

      286000 -- (-132288.964) (-132137.500) [-132051.898] (-132122.169) * (-132234.125) (-132157.456) [-131970.275] (-132326.240) -- 1:19:26
      287000 -- (-132293.221) (-132139.245) [-132059.377] (-132106.702) * (-132205.018) (-132148.755) [-131971.240] (-132314.407) -- 1:13:46
      288000 -- (-132300.125) (-132159.576) [-132027.646] (-132098.641) * (-132202.279) (-132144.300) [-131973.672] (-132295.524) -- 1:08:05
      289000 -- (-132293.144) (-132141.218) [-132021.260] (-132095.311) * (-132210.557) (-132157.098) [-131970.427] (-132291.136) -- 1:02:25
      290000 -- (-132295.265) (-132158.152) [-132014.015] (-132089.758) * (-132212.920) (-132154.311) [-131967.674] (-132293.253) -- 0:56:44

      Average standard deviation of split frequencies: 0.034175

      291000 -- (-132307.838) (-132138.701) [-132016.285] (-132087.294) * (-132172.203) (-132139.344) [-131968.415] (-132299.100) -- 0:51:04
      292000 -- (-132305.600) (-132133.878) [-132020.215] (-132091.569) * (-132155.834) (-132136.572) [-131963.798] (-132288.904) -- 0:45:23
      293000 -- (-132301.869) (-132130.170) [-132021.585] (-132081.964) * (-132159.139) (-132130.013) [-131947.997] (-132301.251) -- 0:39:43
      294000 -- (-132297.822) (-132135.255) [-132033.016] (-132088.712) * (-132163.211) (-132113.192) [-131959.027] (-132305.506) -- 0:34:02
      295000 -- (-132298.032) (-132118.890) [-132016.871] (-132097.774) * (-132152.590) (-132110.908) [-131950.601] (-132279.197) -- 0:28:22

      Average standard deviation of split frequencies: 0.033545

      296000 -- (-132291.051) (-132123.079) [-132021.236] (-132097.086) * (-132154.000) (-132132.292) [-131948.557] (-132271.470) -- 0:22:41
      297000 -- (-132280.203) (-132126.339) [-132012.944] (-132088.911) * (-132169.235) (-132113.845) [-131953.887] (-132299.444) -- 0:17:01
      298000 -- (-132280.995) (-132122.374) [-132000.014] (-132083.673) * (-132175.231) (-132120.191) [-131955.053] (-132306.327) -- 0:11:21
      299000 -- (-132282.243) (-132119.681) [-132001.051] (-132103.976) * (-132159.766) (-132128.739) [-131969.421] (-132283.539) -- 0:05:40
      300000 -- (-132253.385) (-132126.505) [-131991.987] (-132098.178) * (-132167.884) (-132109.824) [-131959.145] (-132258.133) -- 0:00:00

      Average standard deviation of split frequencies: 0.032473

      Analysis completed in 28 hours 22 mins 37 seconds
      Analysis used 102238.29 seconds of CPU time
      Likelihood of best state for "cold" chain of run 1 was -131984.72
      Likelihood of best state for "cold" chain of run 2 was -132026.35

      Acceptance rates for the moves in the "cold" chain of run 1:
         With prob.   (last 100)   chain accepted proposals by move
             5.5 %     (  0 %)     Dirichlet(Revmat)
            62.7 %     ( 64 %)     Slider(Revmat)
             1.1 %     (  0 %)     Dirichlet(Pi)
            20.8 %     ( 17 %)     Slider(Pi)
             9.6 %     ( 11 %)     Multiplier(Alpha)
             1.8 %     (  0 %)     ExtSPR(Tau,V)
             1.3 %     (  2 %)     ExtTBR(Tau,V)
             3.0 %     (  4 %)     NNI(Tau,V)
             4.5 %     (  5 %)     ParsSPR(Tau,V)
            26.0 %     ( 20 %)     Multiplier(V)
            14.7 %     ( 25 %)     Nodeslider(V)
            10.8 %     ( 17 %)     TLMultiplier(V)

      Acceptance rates for the moves in the "cold" chain of run 2:
         With prob.   (last 100)   chain accepted proposals by move
             5.9 %     (  0 %)     Dirichlet(Revmat)
            64.4 %     ( 67 %)     Slider(Revmat)
             1.0 %     (  0 %)     Dirichlet(Pi)
            20.4 %     ( 20 %)     Slider(Pi)
             9.3 %     ( 12 %)     Multiplier(Alpha)
             1.9 %     (  1 %)     ExtSPR(Tau,V)
             1.2 %     (  2 %)     ExtTBR(Tau,V)
             3.0 %     (  5 %)     NNI(Tau,V)
             4.6 %     (  3 %)     ParsSPR(Tau,V)
            26.2 %     ( 23 %)     Multiplier(V)
            14.4 %     ( 11 %)     Nodeslider(V)
             9.9 %     ( 18 %)     TLMultiplier(V)

      Chain swap information for run 1:

                  1      2      3      4 
           ------------------------------
         1 |          0.12   0.02   0.00 
         2 |  49759          0.13   0.00 
         3 |  50134  50186          0.06 
         4 |  50021  50043  49857        

      Chain swap information for run 2:

                  1      2      3      4 
           ------------------------------
         1 |          0.00   0.00   0.00 
         2 |  50107          0.06   0.00 
         3 |  50133  50070          0.07 
         4 |  49808  49721  50161        

      Upper diagonal: Proportion of successful state exchanges between chains
      Lower diagonal: Number of attempted state exchanges between chains

      Chain information:

        ID -- Heat 
       -----------
         1 -- 1.00  (cold chain)
         2 -- 0.91 
         3 -- 0.83 
         4 -- 0.77 

      Heat = 1 / (1 + T * (ID - 1))
         (where T = 0.10 is the temperature and ID is the chain number)

      Summarizing parameters in files Moureau_dpp.run1.p and Moureau_dpp.run2.p
      Writing summary statistics to file Moureau_dpp.pstat
      Using relative burnin ('relburnin=yes'), discarding the first 25 % of samples

      Below are rough plots of the generation (x-axis) versus the log   
      probability of observing the data (y-axis). You can use these     
      graphs to determine what the burn in for your analysis should be. 
      When the log probability starts to plateau you may be at station- 
      arity. Sample trees and parameters after the log probability      
      plateaus. Of course, this is not a guarantee that you are at sta- 
      tionarity. Also examine the convergence diagnostics provided by   
      the 'sump' and 'sumt' commands for all the parameters in your     
      model. Remember that the burn in is the number of samples to dis- 
      card. There are a total of ngen / samplefreq samples taken during 
      a MCMC analysis.                                                  

      Overlay plot for both runs:
      (1 = Run number 1; 2 = Run number 2; * = Both runs)

      +------------------------------------------------------------+ -131947.02
      |                                            2222 22222222***|
      |                                  2222222222    211111111   |
      |                          22222222   111111111111           |
      |                        22     111111                       |
      |                    2222   1111                             |
      |                  22   1111                                 |
      |              2222 1111                                     |
      |             2 1111                                         |
      |          2**11                                             |
      |        2*1                                                 |
      |       *1                                                   |
      |    2**                                                     |
      |  1*1                                                       |
      |112                                                         |
      |22                                                          |
      +------+-----+-----+-----+-----+-----+-----+-----+-----+-----+ -133346.52
      ^                                                            ^
      75000                                                        300000


      Estimated marginal likelihoods for runs sampled in files
         "Moureau_dpp.run1.p" and "Moureau_dpp.run2.p":
         (Use the harmonic mean for Bayes factor comparisons of models)

         (Values are saved to the file Moureau_dpp.lstat)

      Run   Arithmetic mean   Harmonic mean
      --------------------------------------
        1     -131997.20        -133299.39
        2     -131946.08        -133375.99
      --------------------------------------
      TOTAL   -131946.78        -133375.30
      --------------------------------------


      Model parameter summaries over the runs sampled in files
         "Moureau_dpp.run1.p" and "Moureau_dpp.run2.p":
         Summaries are based on a total of 902 samples from 2 runs.
         Each run produced 601 samples of which 451 samples were included.
         Parameter summaries saved to file "Moureau_dpp.pstat".

                                            95% HPD Interval
                                          --------------------
      Parameter      Mean      Variance     Lower       Upper       Median    min ESS*  avg ESS    PSRF+ 
      --------------------------------------------------------------------------------------------------
      TL         18.399627    0.334987   17.315790   19.487000   18.409770      9.17     31.62    1.624
      r(A<->R)    0.001679    0.000001    0.000522    0.003249    0.001774      4.35      5.11    4.479
      r(A<->N)    0.001235    0.000002    0.000106    0.003926    0.000506      4.26      7.25    1.445
      r(A<->D)    0.001463    0.000000    0.000584    0.002908    0.001306      4.59      5.90    1.007
      r(A<->C)    0.006661    0.000002    0.004460    0.009155    0.006914      4.98      6.35    1.145
      r(A<->Q)    0.002498    0.000001    0.001046    0.003920    0.002564      5.62     11.31    1.012
      r(A<->E)    0.002480    0.000000    0.001668    0.003387    0.002344      3.05      7.59    1.550
      r(A<->G)    0.008656    0.000001    0.006200    0.010140    0.008953      5.42      9.71    1.243
      r(A<->H)    0.003198    0.000001    0.000949    0.004655    0.003156      4.91      6.33    1.009
      r(A<->I)    0.000339    0.000000    0.000005    0.001035    0.000187      6.39      7.04    1.164
      r(A<->L)    0.002571    0.000000    0.001330    0.004012    0.002643      4.31      6.57    1.132
      r(A<->K)    0.001552    0.000000    0.000017    0.002351    0.001609      2.97      3.60    1.604
      r(A<->M)    0.005944    0.000004    0.002800    0.010199    0.005275      3.80      4.31    1.750
      r(A<->F)    0.000964    0.000000    0.000001    0.002002    0.001065      4.14      6.65    1.035
      r(A<->P)    0.012131    0.000004    0.007037    0.015499    0.012281      3.98     12.33    1.072
      r(A<->S)    0.028433    0.000007    0.024413    0.031413    0.029742      7.35     11.23    1.784
      r(A<->T)    0.012294    0.000002    0.009985    0.014518    0.011782      3.13      7.62    1.257
      r(A<->W)    0.000449    0.000000    0.000019    0.001015    0.000376      4.37      8.84    1.320
      r(A<->Y)    0.000197    0.000000    0.000001    0.000562    0.000143      6.98      8.36    1.052
      r(A<->V)    0.013956    0.000002    0.011501    0.016130    0.014270      3.99      6.85    0.999
      r(R<->N)    0.001837    0.000001    0.000709    0.003722    0.001593      2.91      4.71    1.241
      r(R<->D)    0.000372    0.000000    0.000001    0.001825    0.000228      4.74      7.45    1.089
      r(R<->C)    0.000913    0.000001    0.000137    0.003105    0.000740      4.07      4.33    1.008
      r(R<->Q)    0.009515    0.000008    0.005565    0.014330    0.010113      2.79      3.12    1.105
      r(R<->E)    0.001323    0.000000    0.000636    0.002349    0.001269      6.24     10.47    1.384
      r(R<->G)    0.001517    0.000001    0.000239    0.002802    0.001401      5.86      8.29    1.822
      r(R<->H)    0.005295    0.000001    0.002990    0.006960    0.005629      4.74      5.99    1.006
      r(R<->I)    0.000698    0.000000    0.000001    0.001090    0.000755      4.56      5.27    1.014
      r(R<->L)    0.000605    0.000000    0.000183    0.001074    0.000588      6.25     12.64    1.008
      r(R<->K)    0.052685    0.000176    0.035430    0.072673    0.057519      2.70      3.84    3.320
      r(R<->M)    0.001408    0.000000    0.000511    0.002439    0.001362      9.70     10.64    1.081
      r(R<->F)    0.001060    0.000001    0.000016    0.002665    0.000643      2.90      5.96    1.181
      r(R<->P)    0.002154    0.000007    0.000195    0.008618    0.001333      2.76      3.37    1.395
      r(R<->S)    0.003678    0.000002    0.001168    0.005720    0.004219      3.97     17.13    3.022
      r(R<->T)    0.001416    0.000000    0.000842    0.002326    0.001228      5.00      5.61    1.037
      r(R<->W)    0.002291    0.000003    0.000204    0.005429    0.001999      2.90      4.65    1.241
      r(R<->Y)    0.000146    0.000000    0.000001    0.000355    0.000126      8.47     10.87    1.257
      r(R<->V)    0.000341    0.000000    0.000051    0.000614    0.000342      7.96      9.51    1.026
      r(N<->D)    0.019070    0.000017    0.011148    0.024809    0.018333      3.61      6.25    1.337
      r(N<->C)    0.004292    0.000008    0.001522    0.010013    0.002850      3.26      9.25    1.608
      r(N<->Q)    0.008772    0.000003    0.006407    0.011391    0.008847      2.97     18.20    1.059
      r(N<->E)    0.003510    0.000002    0.001806    0.007257    0.003030      6.39      7.16    1.145
      r(N<->G)    0.005629    0.000003    0.003517    0.008471    0.004979      4.11      6.32    1.271
      r(N<->H)    0.016345    0.000008    0.010435    0.019272    0.016343      2.78      4.01    1.531
      r(N<->I)    0.000760    0.000000    0.000134    0.002011    0.000558      4.47      9.04    1.482
      r(N<->L)    0.000154    0.000000    0.000001    0.000681    0.000112      8.64      9.67    1.216
      r(N<->K)    0.008306    0.000003    0.006333    0.011902    0.007825      7.32      7.36    1.046
      r(N<->M)    0.002228    0.000002    0.000197    0.003886    0.002356      3.07      6.60    1.403
      r(N<->F)    0.002149    0.000003    0.000001    0.004745    0.001510      4.06      4.52    1.106
      r(N<->P)    0.001347    0.000000    0.000058    0.002162    0.001376      3.71      4.72    1.104
      r(N<->S)    0.024050    0.000011    0.018234    0.028404    0.025063      7.09     24.39    1.310
      r(N<->T)    0.007710    0.000003    0.004270    0.009981    0.007375      6.40      8.90    1.607
      r(N<->W)    0.000930    0.000001    0.000032    0.003513    0.000528      3.46      7.49    1.298
      r(N<->Y)    0.002103    0.000003    0.000174    0.005326    0.001336      4.79      5.85    1.279
      r(N<->V)    0.000840    0.000000    0.000001    0.001596    0.000869      4.39     11.82    1.277
      r(D<->C)    0.000728    0.000001    0.000001    0.003169    0.000425      2.96      3.60    1.104
      r(D<->Q)    0.003848    0.000012    0.000098    0.011717    0.002888      3.87      5.41    1.860
      r(D<->E)    0.034669    0.000016    0.025206    0.039597    0.034436      6.80      9.06    1.049
      r(D<->G)    0.004343    0.000002    0.001901    0.006824    0.004085      7.32      8.14    1.264
      r(D<->H)    0.001868    0.000001    0.000283    0.003586    0.001979     11.18     12.54    1.008
      r(D<->I)    0.000123    0.000000    0.000001    0.000258    0.000079      3.68     10.34    1.001
      r(D<->L)    0.000011    0.000000    0.000001    0.000039    0.000005      6.22      6.67    1.007
      r(D<->K)    0.001932    0.000001    0.000355    0.003470    0.002261      5.16      5.82    1.784
      r(D<->M)    0.000290    0.000000    0.000021    0.000779    0.000213      9.72     16.50    1.002
      r(D<->F)    0.000491    0.000000    0.000018    0.001615    0.000341      5.23      6.61    1.035
      r(D<->P)    0.003020    0.000002    0.000001    0.006748    0.002725      3.00      4.36    1.223
      r(D<->S)    0.005981    0.000003    0.001374    0.007756    0.006470     10.81     11.56    1.214
      r(D<->T)    0.000792    0.000000    0.000126    0.002773    0.000540      8.29      9.90    1.160
      r(D<->W)    0.001071    0.000002    0.000001    0.003902    0.000430      3.45      3.80    1.001
      r(D<->Y)    0.001149    0.000001    0.000002    0.004274    0.000852      3.07      4.93    1.280
      r(D<->V)    0.000313    0.000000    0.000036    0.000717    0.000279      3.52      5.99    1.196
      r(C<->Q)    0.001645    0.000002    0.000218    0.004903    0.001248      9.71     11.41    1.932
      r(C<->E)    0.000922    0.000001    0.000001    0.003026    0.000126      3.58     12.33    1.912
      r(C<->G)    0.005535    0.000010    0.002455    0.014839    0.004458      5.46      5.77    1.268
      r(C<->H)    0.003073    0.000003    0.000523    0.006554    0.002794      3.37      4.96    1.001
      r(C<->I)    0.001528    0.000003    0.000351    0.006162    0.000946      5.73     13.49    1.049
      r(C<->L)    0.003668    0.000002    0.001763    0.006359    0.003207      4.76      5.60    2.040
      r(C<->K)    0.000947    0.000002    0.000041    0.005903    0.000594      4.86      8.19    1.052
      r(C<->M)    0.007747    0.000019    0.001742    0.016860    0.006244      4.81      6.11    1.248
      r(C<->F)    0.003510    0.000011    0.000001    0.008310    0.001661      3.61      7.60    2.194
      r(C<->P)    0.007347    0.000154    0.000001    0.040760    0.002956      3.44      3.62    1.275
      r(C<->S)    0.009685    0.000022    0.005018    0.026228    0.008157      4.50      7.11    1.325
      r(C<->T)    0.005220    0.000008    0.002135    0.010096    0.003807      3.54      5.24    1.803
      r(C<->W)    0.002437    0.000018    0.000085    0.013810    0.000690      6.53      6.87    1.147
      r(C<->Y)    0.003730    0.000005    0.000306    0.007629    0.003130      2.90      5.87    1.061
      r(C<->V)    0.003084    0.000010    0.000001    0.008097    0.001348      3.10      5.05    1.603
      r(Q<->E)    0.012597    0.000007    0.007483    0.017490    0.013097      2.84      3.35    2.034
      r(Q<->G)    0.001341    0.000001    0.000363    0.003301    0.001157      3.78      5.81    1.421
      r(Q<->H)    0.016244    0.000036    0.004550    0.022254    0.020128      2.40      2.65    1.001
      r(Q<->I)    0.000981    0.000001    0.000091    0.002513    0.000739      4.60      5.13    1.089
      r(Q<->L)    0.002338    0.000000    0.001447    0.003259    0.002278      6.45     11.08    1.253
      r(Q<->K)    0.011272    0.000003    0.007317    0.013924    0.011358      6.93      8.25    1.089
      r(Q<->M)    0.008728    0.000009    0.001500    0.012334    0.009840      6.81     11.05    1.012
      r(Q<->F)    0.000645    0.000001    0.000001    0.003538    0.000359      5.01      6.74    1.113
      r(Q<->P)    0.007836    0.000006    0.004577    0.012698    0.007962      3.02      3.28    1.929
      r(Q<->S)    0.008048    0.000005    0.003685    0.011300    0.008309      2.47      4.97    1.007
      r(Q<->T)    0.004612    0.000003    0.001615    0.008186    0.004392      2.60      3.24    1.552
      r(Q<->W)    0.000880    0.000001    0.000010    0.002280    0.000649      4.46      6.06    1.352
      r(Q<->Y)    0.001886    0.000001    0.000909    0.003379    0.001592      5.87     22.56    1.033
      r(Q<->V)    0.000787    0.000000    0.000184    0.001181    0.000749      5.26      9.17    1.037
      r(E<->G)    0.001728    0.000000    0.001050    0.002687    0.001617      3.74     12.96    1.005
      r(E<->H)    0.002265    0.000001    0.000475    0.003913    0.002265      2.65      7.85    0.999
      r(E<->I)    0.000187    0.000000    0.000001    0.000464    0.000130      5.84      8.51    1.409
      r(E<->L)    0.000238    0.000000    0.000057    0.000554    0.000187      4.49      7.15    1.191
      r(E<->K)    0.004173    0.000001    0.002671    0.006661    0.003915      3.60      8.42    1.115
      r(E<->M)    0.001357    0.000001    0.000109    0.003256    0.000936      5.95      6.67    1.474
      r(E<->F)    0.000303    0.000000    0.000001    0.001165    0.000220      4.61     12.91    1.545
      r(E<->P)    0.004672    0.000006    0.001880    0.011469    0.004169      4.23      6.42    1.097
      r(E<->S)    0.002037    0.000002    0.000001    0.003841    0.002011      3.02      5.15    2.932
      r(E<->T)    0.002931    0.000001    0.001591    0.004357    0.002963      5.51      7.76    1.677
      r(E<->W)    0.000948    0.000002    0.000095    0.004638    0.000539      3.64      3.83    1.073
      r(E<->Y)    0.000708    0.000001    0.000001    0.003251    0.000187      4.45      5.69    1.019
      r(E<->V)    0.001015    0.000000    0.000637    0.001420    0.001007     10.49     14.37    1.003
      r(G<->H)    0.001317    0.000001    0.000255    0.003138    0.000707      3.50      5.30    1.582
      r(G<->I)    0.000230    0.000000    0.000001    0.000692    0.000152      9.23     10.93    1.737
      r(G<->L)    0.000214    0.000000    0.000001    0.000545    0.000134      4.35      5.50    1.443
      r(G<->K)    0.001527    0.000000    0.000841    0.002293    0.001434      9.83     11.65    1.017
      r(G<->M)    0.001523    0.000001    0.000308    0.003015    0.001481      2.67      8.30    2.445
      r(G<->F)    0.000158    0.000000    0.000001    0.000621    0.000077      6.93      9.31    1.030
      r(G<->P)    0.001598    0.000001    0.000104    0.003360    0.001071      5.38      7.35    1.469
      r(G<->S)    0.010635    0.000001    0.008519    0.012526    0.010815      4.67      6.00    1.280
      r(G<->T)    0.001107    0.000000    0.000661    0.001751    0.001069     10.13     13.25    1.139
      r(G<->W)    0.002161    0.000005    0.000001    0.007760    0.001361      2.87      4.15    1.891
      r(G<->Y)    0.000300    0.000000    0.000001    0.000931    0.000211      4.01      5.62    1.018
      r(G<->V)    0.000290    0.000000    0.000048    0.000884    0.000255      8.84     13.54    1.015
      r(H<->I)    0.001857    0.000003    0.000055    0.006264    0.001276      3.36      6.01    1.192
      r(H<->L)    0.001436    0.000001    0.000356    0.003558    0.000680      2.91      5.63    1.361
      r(H<->K)    0.003867    0.000002    0.001686    0.005764    0.004229      2.74      3.21    1.003
      r(H<->M)    0.001120    0.000000    0.000001    0.002597    0.000965      6.88      8.41    1.004
      r(H<->F)    0.006106    0.000012    0.001945    0.015508    0.005094      4.93      9.09    1.297
      r(H<->P)    0.005511    0.000011    0.002079    0.011431    0.003668      4.08      4.49    1.480
      r(H<->S)    0.002549    0.000002    0.000001    0.003899    0.002652      3.41      4.65    0.999
      r(H<->T)    0.002513    0.000001    0.000771    0.003558    0.002672      3.65      6.37    1.029
      r(H<->W)    0.003788    0.000009    0.000646    0.010622    0.002883      2.88      3.83    1.022
      r(H<->Y)    0.028149    0.000047    0.017053    0.037262    0.028118      2.81      2.96    1.704
      r(H<->V)    0.000599    0.000000    0.000248    0.000989    0.000608      8.95     14.61    1.052
      r(I<->L)    0.027542    0.000015    0.020152    0.032999    0.028225      3.64      3.80    1.031
      r(I<->K)    0.000611    0.000000    0.000176    0.001058    0.000741      8.82     12.93    1.588
      r(I<->M)    0.018169    0.000010    0.012034    0.022347    0.019560      9.11     10.57    2.018
      r(I<->F)    0.006298    0.000002    0.003712    0.008563    0.006410      3.44      3.94    1.007
      r(I<->P)    0.000319    0.000000    0.000001    0.000978    0.000217      2.70      4.32    1.348
      r(I<->S)    0.000236    0.000000    0.000001    0.000581    0.000182      5.99     11.15    1.101
      r(I<->T)    0.005548    0.000001    0.002832    0.007287    0.005441      3.50      4.94    1.011
      r(I<->W)    0.000791    0.000002    0.000016    0.003490    0.000211      3.21      4.81    1.181
      r(I<->Y)    0.001373    0.000001    0.000386    0.002821    0.001249      6.29     14.55    1.033
      r(I<->V)    0.069088    0.000009    0.062480    0.073228    0.070264      3.38      9.46    1.014
      r(L<->K)    0.000602    0.000000    0.000154    0.001669    0.000435      6.42      8.51    1.467
      r(L<->M)    0.046256    0.000039    0.033239    0.058861    0.047286      3.45      3.55    1.486
      r(L<->F)    0.016502    0.000004    0.012050    0.018863    0.016783      3.44      6.65    1.103
      r(L<->P)    0.001173    0.000000    0.000664    0.001868    0.001104      4.88      5.12    1.465
      r(L<->S)    0.000676    0.000000    0.000032    0.001234    0.000728      6.61      7.66    1.001
      r(L<->T)    0.000702    0.000000    0.000047    0.001046    0.000699      4.20      5.21    1.327
      r(L<->W)    0.003305    0.000010    0.000781    0.013496    0.002073      3.64      6.48    1.003
      r(L<->Y)    0.002356    0.000000    0.001605    0.003464    0.002208      3.22      5.76    1.013
      r(L<->V)    0.008521    0.000001    0.006806    0.010673    0.008603      2.99      6.59    1.007
      r(K<->M)    0.002259    0.000000    0.000743    0.003067    0.002300      7.17      8.25    1.109
      r(K<->F)    0.000044    0.000000    0.000001    0.000175    0.000025      5.02      7.15    1.229
      r(K<->P)    0.002168    0.000001    0.000001    0.003520    0.002873      2.61      5.98    1.234
      r(K<->S)    0.002413    0.000000    0.001602    0.003422    0.002333      8.89     10.93    1.016
      r(K<->T)    0.004652    0.000001    0.003340    0.006018    0.004830      9.82     10.52    1.761
      r(K<->W)    0.001120    0.000003    0.000001    0.006933    0.000651      4.66      7.78    1.003
      r(K<->Y)    0.000669    0.000001    0.000029    0.002736    0.000402      3.35      3.45    1.330
      r(K<->V)    0.000622    0.000000    0.000370    0.001014    0.000548      4.91      9.15    1.034
      r(M<->F)    0.008178    0.000003    0.004779    0.009951    0.008573      3.66      8.89    1.003
      r(M<->P)    0.001906    0.000001    0.000710    0.003915    0.001906      3.01     14.49    2.390
      r(M<->S)    0.000842    0.000001    0.000001    0.003315    0.000593      4.90      5.19    1.454
      r(M<->T)    0.013533    0.000013    0.006895    0.017908    0.013037      7.18      8.19    3.044
      r(M<->W)    0.004266    0.000006    0.001008    0.008283    0.005142      2.94     14.05    2.271
      r(M<->Y)    0.002780    0.000001    0.000083    0.004569    0.002639      2.97      3.40    1.007
      r(M<->V)    0.010574    0.000002    0.008670    0.012945    0.010460      2.76      4.27    1.105
      r(F<->P)    0.001195    0.000001    0.000091    0.003440    0.000700      3.52      3.62    1.254
      r(F<->S)    0.001795    0.000002    0.000595    0.006020    0.001302      4.89      5.07    1.032
      r(F<->T)    0.000625    0.000000    0.000011    0.001153    0.000677      7.87      8.55    1.283
      r(F<->W)    0.008240    0.000022    0.003040    0.014952    0.006232      3.03      7.93    1.764
      r(F<->Y)    0.046173    0.000036    0.036239    0.055686    0.048053      2.79      3.70    1.381
      r(F<->V)    0.002121    0.000001    0.000635    0.005750    0.001898      4.57      6.94    1.077
      r(P<->S)    0.004295    0.000001    0.003098    0.005838    0.004146      5.33      7.47    1.039
      r(P<->T)    0.003593    0.000001    0.001726    0.005723    0.003627      3.27      3.94    1.670
      r(P<->W)    0.002266    0.000004    0.000129    0.006321    0.002735      7.16      8.81    1.700
      r(P<->Y)    0.001356    0.000001    0.000079    0.003231    0.001326      2.53      5.55    1.025
      r(P<->V)    0.002037    0.000000    0.001241    0.003733    0.001924      7.62     10.44    1.052
      r(S<->T)    0.031392    0.000017    0.026253    0.043434    0.030792      5.37      9.39    1.041
      r(S<->W)    0.001629    0.000004    0.000112    0.007012    0.000663      3.10      3.33    1.068
      r(S<->Y)    0.001475    0.000001    0.000372    0.003055    0.001239      5.84     10.63    1.364
      r(S<->V)    0.000721    0.000000    0.000173    0.002020    0.000686      3.83      4.56    1.013
      r(T<->W)    0.005844    0.000043    0.000002    0.023065    0.004623      2.43      5.79    1.107
      r(T<->Y)    0.001336    0.000001    0.000021    0.003925    0.000836      3.21      4.47    1.018
      r(T<->V)    0.010092    0.000001    0.008449    0.011501    0.010153      6.07      7.79    1.078
      r(W<->Y)    0.003954    0.000010    0.000719    0.010899    0.003567      3.18      3.21    1.480
      r(W<->V)    0.000117    0.000000    0.000001    0.000541    0.000040      5.27     22.28    1.141
      r(Y<->V)    0.001479    0.000000    0.000539    0.002759    0.001309      4.31      8.74    1.447
      pi(Ala)     0.075752    0.000016    0.069347    0.082557    0.075267      3.11      5.78    1.002
      pi(Arg)     0.058432    0.000097    0.044951    0.073772    0.056920      2.50      3.79    2.239
      pi(Asn)     0.038578    0.000013    0.032759    0.044337    0.039784      8.54     11.68    1.833
      pi(Asp)     0.033971    0.000010    0.029268    0.039240    0.034255      9.07     11.95    1.264
      pi(Cys)     0.016286    0.000024    0.009044    0.022516    0.019282      3.45     12.01    4.100
      pi(Gln)     0.032401    0.000004    0.028788    0.035980    0.032218      3.61      5.50    1.409
      pi(Glu)     0.065339    0.000018    0.057131    0.072354    0.065445      3.56      9.74    1.170
      pi(Gly)     0.071155    0.000042    0.059838    0.085055    0.070989      4.66      5.79    0.999
      pi(His)     0.027870    0.000020    0.020653    0.035223    0.028752      2.96      5.04    1.134
      pi(Ile)     0.054844    0.000011    0.049838    0.060708    0.054427      3.06     12.78    1.324
      pi(Leu)     0.093682    0.000060    0.081621    0.111889    0.092464      3.88      4.05    1.001
      pi(Lys)     0.065337    0.000042    0.054687    0.073616    0.067849      2.62      6.30    2.701
      pi(Met)     0.036851    0.000006    0.033616    0.041870    0.036634      4.51      7.86    1.916
      pi(Phe)     0.034193    0.000007    0.030294    0.040813    0.033981      8.28     10.17    1.081
      pi(Pro)     0.020772    0.000005    0.015976    0.024420    0.020985      5.79      8.04    1.450
      pi(Ser)     0.068141    0.000011    0.059392    0.073139    0.068875      9.89     13.22    1.022
      pi(Thr)     0.075070    0.000024    0.063635    0.082421    0.074329      2.71      4.14    1.017
      pi(Trp)     0.014554    0.000046    0.004799    0.025905    0.012155      2.52      2.76    1.255
      pi(Tyr)     0.029065    0.000007    0.023687    0.034525    0.029302      4.24     15.50    1.567
      pi(Val)     0.087709    0.000025    0.079036    0.098316    0.087399      3.05      8.67    1.653
      alpha       0.652105    0.000205    0.624148    0.679520    0.651262     10.93     38.93    1.090
      --------------------------------------------------------------------------------------------------
      * Convergence diagnostic (ESS = Estimated Sample Size); min and avg values
        correspond to minimal and average ESS among runs. 
        ESS value below 100 may indicate that the parameter is undersampled. 
      + Convergence diagnostic (PSRF = Potential Scale Reduction Factor; Gelman
        and Rubin, 1992) should approach 1.0 as runs converge.


   Exiting mrbayes block
   Reached end of file

   Tasks completed, exiting program because mode is noninteractive
   To return control to the command line after completion of file processing, 
   set mode to interactive with 'mb -i <filename>' (i is for interactive)
   or use 'set mode=interactive'

