PBS default server is
Working directory is /home/sduc7183/flav_mb
Running on host hpc049
Time is Fri May 22 21:55:28 AEST 2015
Directory is /home/sduc7183/flav_mb
This jobs runs on the following processors:
hpc049.hpc.sydney.edu.au hpc049.hpc.sydney.edu.au hpc049.hpc.sydney.edu.au hpc049.hpc.sydney.edu.au hpc049.hpc.sydney.edu.au
This job has allocated nodes


                            MrBayes v3.2.5 x64

                      (Bayesian Analysis of Phylogeny)

              Distributed under the GNU General Public License


               Type "help" or "help <command>" for information
                     on the commands that are available.

                   Type "about" for authorship and general
                       information about the program.



   Executing file "Petterson_aa.nexus"
   UNIX line termination
   Longest line length = 789
   Parsing file
   Expecting NEXUS formatted file
   Reading data block
      Allocated taxon set
      Allocated matrix
      Defining new matrix with 83 taxa and 2016 characters
      Data is Protein
      Missing data coded as ?
      Gaps coded as -
      Data matrix is interleaved
      Taxon  1 -> AB062063_TBEV_nn_1995
      Taxon  2 -> AB062064_TBEV_Russia_1937
      Taxon  3 -> AB114858_YOKV_Japan_1971
      Taxon  4 -> AB262759_CxFV_Japan_2003
      Taxon  5 -> AB507800_OHFV_Russia_1947
      Taxon  6 -> AF038403_DENV2_NewGuinea_1944
      Taxon  7 -> AF069066_TBEV_Russia_1969
      Taxon  8 -> AF094612_YFV_America_1979
      Taxon  9 -> AF144692_RBV_USA_1954
      Taxon 10 -> AF160193_APOIV_Japan_1954
      Taxon 11 -> AF161266_MVEV_nn_1956
      Taxon 12 -> AF196835_WNV_USA_1999
      Taxon 13 -> AF253419_LGTV_Malaysia_1956
      Taxon 14 -> AF331718_AHFV_SaudiArabia_1995
      Taxon 15 -> AJ242984_MODV_USA_1958
      Taxon 16 -> AJ299445_MMLV_USA_1958
      Taxon 17 -> AY438626_OHFV_Russia_1947
      Taxon 18 -> AY453412_USUV_South-Africa_1958
      Taxon 19 -> AY632538.4_IGUV_nn_1979
      Taxon 20 -> AY632539.4_ILHV_nn_1944
      Taxon 21 -> AY632540_KEDV_Senegal_1972
      Taxon 22 -> AY632542.4_ROCV_nn_1975
      Taxon 23 -> AY632545_BAGV_CentralAfricanRepublic_1966
      Taxon 24 -> AY765264_WNV_CzechRepublic_1997
      Taxon 25 -> AY898809_ALFV_Australia_1966
      Taxon 26 -> M93130_DENV3_nn_1956
      Taxon 27 -> M14931_DENV4_nn_1956
      Taxon 28 -> DQ235144_MEAV_France_1981
      Taxon 29 -> DQ235145_GGYV_Australia_1975
      Taxon 30 -> DQ235146_KADV_Uganda_1967
      Taxon 31 -> DQ235148_TYUV_USA_1971
      Taxon 32 -> DQ235149_RFV_Afghanistan_1968
      Taxon 33 -> DQ235150_SREV_Australia_1974
      Taxon 34 -> DQ235151_TSEV_Turkey_1969
      Taxon 35 -> DQ235152_SSEV_Spain_1987
      Taxon 36 -> DQ235153_GGEV_Greece_1969
      Taxon 37 -> DQ359217_SLEV_USA_1975
      Taxon 38 -> DQ837641_ENTV_Uganda_1957
      Taxon 39 -> DQ859056_BANV_SouthAfrica_1956
      Taxon 40 -> DQ859057_BOUV_CentralAfricanRepublic_1967
      Taxon 41 -> DQ859058_WESSV_SouthAfrica_1955
      Taxon 42 -> DQ859059_ZIKV_Uganda_1947
      Taxon 43 -> DQ859060_EHV_Australia_1969
      Taxon 44 -> DQ859062_SABV_Senegal_1968
      Taxon 45 -> DQ859063_SEPV_NewGuinea_1966
      Taxon 46 -> DQ859064_SPOV_SouthAfrica_1955
      Taxon 47 -> DQ859065_UGSV_Uganda_1947
      Taxon 48 -> DQ859066_JUGV_Malaysia_1968
      Taxon 49 -> DQ859067_POTV_Nigeria_1989
      Taxon 50 -> U88536_DENV1_NauruIsland_1974
      Taxon 51 -> EF469661_TBEV_Russia_1979
      Taxon 52 -> EF469662_TBEV_Russia_1984
      Taxon 53 -> EU082199_YAOV_Cameroon_1968
      Taxon 54 -> EU082200_KOUV_Senegal_1968
      Taxon 55 -> FJ572210_TBEV_Germany_2006
      Taxon 56 -> FJ606789_LAMV_Finland_2004
      Taxon 57 -> FJ711167_NOUV_CoteIvoireI_2004
      Taxon 58 -> GQ165809_NAKV_Uganda_2008
      Taxon 59 -> GU183384_TBEV_Estonia_2000
      Taxon 60 -> HQ644143_BAGV_Spain_2010
      Taxon 61 -> JM18370_JEV_nn_1982
      Taxon 62 -> JF312912_BYDV_China_2010
      Taxon 63 -> JF416959_KFDV_India_1957
      Taxon 64 -> JQ068102_CHAOV_SouthKorea_2003
      Taxon 65 -> JQ268258_HANKV_Finland_2005
      Taxon 66 -> JQ314465_TMUV_China_2010
      Taxon 67 -> JX236040_NTAV_nn_1966
      Taxon 68 -> JX477686_STWV_Malaysia_2000
      Taxon 69 -> KC181923_AEFV_USA_2011
      Taxon 70 -> KC505248_PCV_Australia_2010
      Taxon 71 -> KC788512_NMV_Australia_1998
      Taxon 72 -> D00246_KUNV_nn_1960
      Taxon 73 -> NC_001563_WNV_Uganda_1937
      Taxon 74 -> NC_001564_CFAV_nn_1975
      Taxon 75 -> NC_001809_LIV_UnitedKingdom_1963
      Taxon 76 -> NC_005064_KRV_Kenya_1999
      Taxon 77 -> NC_006947_KSIV_Uzbekistan_1972
      Taxon 78 -> NC_009026_BSQV_nn_1956
      Taxon 79 -> NC_009029_KOKV_nn_1960
      Taxon 80 -> NC_012671_QBV_Vietnam_2002
      Taxon 81 -> NC_016997_DGV_China_2009
      Taxon 82 -> L06436_POWV_Canada_1958
      Taxon 83 -> TEU27495_TBEV_Austria_1971
      Successfully read matrix
      Setting default partition (does not divide up characters)
      Setting model defaults
      Seed (for generating default start values) = 1432295728
      Setting output file names to "Petterson_aa.nexus.run<i>.<p|t>"
   Exiting data block
   Reading mrbayes block
      Setting Rates to Gamma
      Successfully set likelihood model parameters
      Setting Aamodelpr to Fixed(Gtr)
      Successfully set prior model parameters
      Setting Aarevmatpr to Dirichlet(1.00,1.00,...)
      Successfully set prior model parameters
      Setting chain output file names to "Pettersson_dpp.run<i>.<p/t>"
      Successfully set chain parameters
      Setting number of generations to 300000
      Running Markov chain
      MCMC stamp = 6006118818
      Seed = 122536165
      Swapseed = 1432295728
      Model settings:

         Data not partitioned --
            Datatype  = Protein
            Aamodel   = Gtr
                        Substitution rates have a Dirichlet(1.00,1.00,...) prior
            Covarion  = No
            # States  = 20
                        State frequencies have a Dirichlet prior
                        (1.00,1.00,1.00,1.00,1.00,1.00,1.00,1.00,1.00,1.00,
                        1.00,1.00,1.00,1.00,1.00,1.00,1.00,1.00,1.00,1.00)
            Rates     = Gamma
                        The distribution is approximated using 4 categories.
                        Likelihood summarized over all rate categories in each generation.
                        Shape parameter is exponentially
                        distributed with parameter (1.00).

      Active parameters: 

         Parameters
         ---------------------
         Revmat              1
         Statefreq           2
         Shape               3
         Ratemultiplier      4
         Topology            5
         Brlens              6
         ---------------------

         1 --  Parameter  = Revmat
               Type       = Rates of reversible rate matrix
               Prior      = Dirichlet

         2 --  Parameter  = Pi
               Type       = Stationary state frequencies
               Prior      = Dirichlet

         3 --  Parameter  = Alpha
               Type       = Shape of scaled gamma distribution of site rates
               Prior      = Exponential(1.00)

         4 --  Parameter  = Ratemultiplier
               Type       = Partition-specific rate multiplier
               Prior      = Fixed(1.0)

         5 --  Parameter  = Tau
               Type       = Topology
               Prior      = All topologies equally probable a priori
               Subparam.  = V

         6 --  Parameter  = V
               Type       = Branch lengths
               Prior      = Unconstrained:GammaDir(1.0,0.1000,1.0,1.0)



      The MCMC sampler will use the following moves:
         With prob.  Chain will use move
            0.94 %   Dirichlet(Revmat)
            0.94 %   Slider(Revmat)
            0.94 %   Dirichlet(Pi)
            0.94 %   Slider(Pi)
            1.89 %   Multiplier(Alpha)
            9.43 %   ExtSPR(Tau,V)
            9.43 %   ExtTBR(Tau,V)
            9.43 %   NNI(Tau,V)
            9.43 %   ParsSPR(Tau,V)
           37.74 %   Multiplier(V)
           13.21 %   Nodeslider(V)
            5.66 %   TLMultiplier(V)

      Division 1 has 1747 unique site patterns
      Initializing conditional likelihoods
      Using standard SSE likelihood calculator for division 1 (single-precision)

      Initial log likelihoods and log prior probs for run 1:
         Chain 1 -- -311047.574517 -- 983.714427
         Chain 2 -- -322237.332522 -- 983.714427
         Chain 3 -- -305901.148689 -- 983.714427
         Chain 4 -- -315332.943573 -- 983.714427

      Initial log likelihoods and log prior probs for run 2:
         Chain 1 -- -314802.998837 -- 983.714427
         Chain 2 -- -318298.986666 -- 983.714427
         Chain 3 -- -310456.048541 -- 983.714427
         Chain 4 -- -316169.250042 -- 983.714427


      Using a relative burnin of 25.0 % for diagnostics

      Chain results (300000 generations requested):

          0 -- [-311047.575] (-322237.333) (-305901.149) (-315332.944) * [-314802.999] (-318298.987) (-310456.049) (-316169.250) 
       1000 -- [-169363.079] (-176432.549) (-169991.479) (-170799.112) * (-173301.631) [-163350.912] (-175428.864) (-168702.963) -- 26:09:45
       2000 -- (-145509.966) (-153114.538) (-149005.103) [-143131.602] * (-146194.671) (-148160.744) (-150460.254) [-146177.896] -- 24:17:43
       3000 -- [-137798.788] (-138343.609) (-141084.588) (-137949.552) * (-137383.323) [-137326.183] (-138719.080) (-137894.166) -- 25:14:42
       4000 -- (-136368.328) [-135074.599] (-136521.905) (-135982.708) * (-135712.471) (-135476.863) (-135120.839) [-134610.756] -- 26:00:10
       5000 -- (-134717.001) [-132761.741] (-135064.237) (-134994.413) * (-134619.104) (-134572.038) (-134282.907) [-133281.863] -- 26:35:57

      Average standard deviation of split frequencies: 0.097393

       6000 -- (-133633.248) [-131803.460] (-134010.737) (-133402.031) * (-133886.595) (-134075.695) (-132982.697) [-132910.753] -- 26:57:49
       7000 -- (-133126.256) [-131109.616] (-133367.661) (-132346.671) * (-133394.667) (-133264.298) (-132569.871) [-132358.641] -- 27:09:38
       8000 -- (-132617.254) [-130360.861] (-132046.615) (-131662.597) * (-132340.234) (-132358.144) (-132213.426) [-131692.583] -- 27:18:14
       9000 -- (-132357.130) (-130103.455) (-131640.052) [-130057.462] * (-131771.069) (-131762.255) (-131441.504) [-131077.083] -- 27:24:41
      10000 -- (-131978.981) [-129449.123] (-131179.509) (-129684.304) * (-131450.525) (-131384.746) (-130916.689) [-130117.094] -- 27:28:39

      Average standard deviation of split frequencies: 0.088388

      11000 -- (-131396.905) [-128793.390] (-130725.777) (-129498.324) * (-130532.170) (-130773.017) (-130262.279) [-129897.170] -- 27:31:40
      12000 -- (-131132.473) [-128352.572] (-130721.204) (-129031.453) * (-130229.678) (-130438.414) [-129821.656] (-129880.299) -- 27:32:24
      13000 -- (-130607.460) [-128072.055] (-130131.981) (-128736.255) * (-130074.035) (-130268.225) [-129476.206] (-129727.756) -- 27:34:39
      14000 -- (-130186.570) [-127757.897] (-129439.714) (-128685.158) * (-129521.165) (-130224.324) [-129188.215] (-129473.673) -- 27:37:46
      15000 -- (-129996.543) [-127383.037] (-129120.358) (-128267.699) * (-129162.010) (-129749.015) [-128989.281] (-129266.651) -- 27:38:23

      Average standard deviation of split frequencies: 0.062027

      16000 -- (-129734.156) [-127133.727] (-129104.869) (-128135.585) * (-128974.982) (-129246.052) [-128494.281] (-129019.866) -- 27:40:30
      17000 -- (-129301.937) [-126910.648] (-128586.600) (-127927.759) * (-128787.273) (-129124.505) [-128118.012] (-128841.071) -- 27:41:05
      18000 -- (-128881.881) [-126725.797] (-128237.799) (-127286.849) * (-128534.156) (-128911.148) [-127997.586] (-128581.230) -- 27:42:45
      19000 -- (-128629.401) [-126695.527] (-127929.631) (-127034.171) * (-128184.609) (-128676.695) [-127774.207] (-128270.543) -- 27:42:20
      20000 -- (-128405.252) [-126497.258] (-127874.764) (-126979.209) * (-127841.876) (-128353.654) [-127754.454] (-127944.939) -- 27:42:58

      Average standard deviation of split frequencies: 0.041901

      21000 -- (-128279.195) [-126131.544] (-127626.565) (-126837.211) * (-127688.463) (-128123.225) [-127332.491] (-127698.886) -- 27:43:22
      22000 -- (-128119.444) [-126051.007] (-127605.714) (-126708.249) * (-127332.074) (-128103.249) [-127199.346] (-127560.639) -- 27:42:56
      23000 -- (-127821.175) [-125991.620] (-127367.302) (-126510.237) * (-127015.771) (-127788.325) [-126842.589] (-127420.247) -- 27:42:00
      24000 -- (-127761.737) [-125887.263] (-127094.624) (-126189.257) * (-126780.486) (-127537.021) [-126713.394] (-126864.740) -- 27:42:19
      25000 -- (-127703.317) [-125863.441] (-126941.303) (-125947.868) * (-126733.843) (-127510.399) [-126507.157] (-126688.628) -- 27:41:11

      Average standard deviation of split frequencies: 0.039848

      26000 -- (-127520.534) [-125787.816] (-126853.904) (-125901.588) * (-126442.529) (-127427.024) [-126393.758] (-126460.591) -- 27:40:41
      27000 -- (-127337.356) [-125593.775] (-126646.101) (-125869.270) * (-126375.520) (-127338.705) [-125999.734] (-126143.975) -- 27:40:24
      28000 -- (-127288.404) [-125449.953] (-126295.537) (-125617.470) * (-126273.561) (-127217.978) [-125882.794] (-126012.959) -- 27:40:20
      29000 -- (-127261.379) [-125412.910] (-126079.875) (-125511.058) * (-126223.743) (-126927.371) [-125829.587] (-125931.546) -- 27:40:06
      30000 -- (-127236.515) [-125143.083] (-126058.097) (-125219.510) * (-125950.740) (-126682.554) [-125745.620] (-125814.717) -- 27:38:51

      Average standard deviation of split frequencies: 0.046970

      31000 -- (-127133.286) [-124880.450] (-125820.801) (-125180.104) * (-125675.240) (-126517.021) (-125745.220) [-125636.267] -- 27:38:41
      32000 -- (-127045.412) [-124754.363] (-125767.855) (-124995.132) * [-125522.996] (-126476.264) (-125677.851) (-125564.767) -- 27:37:24
      33000 -- (-126949.029) [-124701.270] (-125682.273) (-124897.271) * (-125330.996) (-126374.593) (-125488.676) [-125220.000] -- 27:35:07
      34000 -- (-126723.331) [-124573.792] (-125649.447) (-124847.895) * (-125292.425) (-126189.101) (-125224.873) [-124931.127] -- 27:32:43
      35000 -- (-126677.845) [-124518.821] (-125505.175) (-124849.830) * (-125270.967) (-125863.134) (-125101.301) [-124686.220] -- 27:30:57

      Average standard deviation of split frequencies: 0.043649

      36000 -- (-126181.234) [-124418.493] (-125424.060) (-124799.322) * (-125243.189) (-125720.958) (-125032.971) [-124456.506] -- 27:29:08
      37000 -- (-125961.276) [-124305.043] (-125360.519) (-124779.416) * (-125149.911) (-125522.805) (-124958.783) [-124396.448] -- 27:27:46
      38000 -- (-125875.857) [-124180.934] (-125236.422) (-124700.276) * (-124992.298) (-125449.957) (-124872.137) [-124279.577] -- 27:25:32
      39000 -- (-125769.520) [-124104.785] (-125134.346) (-124458.333) * (-124984.467) (-125389.849) (-124794.293) [-124177.224] -- 27:23:44
      40000 -- (-125662.646) [-124012.385] (-125143.422) (-124446.398) * (-124871.090) (-125384.968) (-124401.804) [-124126.100] -- 27:21:54

      Average standard deviation of split frequencies: 0.045586

      41000 -- (-125643.800) [-123972.624] (-125121.443) (-124351.594) * (-124652.804) (-125132.978) (-124357.445) [-124060.032] -- 27:19:35
      42000 -- (-125555.873) [-123947.402] (-124974.502) (-124304.615) * (-124642.389) (-125068.592) (-124334.327) [-124018.694] -- 27:17:41
      43000 -- (-125552.304) [-123967.491] (-124942.313) (-124296.735) * (-124574.332) (-125048.516) (-124332.589) [-124006.313] -- 27:15:08
      44000 -- (-125432.869) [-123954.275] (-124925.912) (-124204.194) * (-124510.827) (-124902.032) (-124145.744) [-123944.871] -- 27:12:46
      45000 -- (-125335.332) [-123927.319] (-124889.203) (-124198.525) * (-124265.120) (-124770.897) (-124128.452) [-123827.444] -- 27:10:12

      Average standard deviation of split frequencies: 0.046116

      46000 -- (-125348.398) [-123830.389] (-124833.741) (-124196.053) * (-124060.625) (-124726.657) (-124071.211) [-123659.238] -- 27:07:20
      47000 -- (-125269.131) [-123733.905] (-124741.304) (-124164.015) * (-124003.040) (-124493.762) (-123963.999) [-123653.642] -- 27:04:34
      48000 -- (-125266.817) [-123627.428] (-124606.660) (-124088.072) * (-123992.396) (-124290.630) (-123697.465) [-123615.302] -- 27:02:04
      49000 -- (-124983.572) [-123607.977] (-124563.534) (-124040.575) * (-123882.857) (-124207.593) (-123652.335) [-123557.305] -- 26:59:17
      50000 -- (-124888.894) [-123540.885] (-124524.212) (-123983.550) * (-123859.358) (-124011.229) (-123630.079) [-123530.883] -- 26:56:25

      Average standard deviation of split frequencies: 0.044970

      51000 -- (-124854.825) [-123526.973] (-124490.491) (-123931.519) * (-123775.929) (-123984.483) (-123565.998) [-123519.352] -- 26:52:58
      52000 -- (-124757.009) [-123491.362] (-124388.282) (-123878.243) * (-123753.349) (-123932.620) (-123552.232) [-123490.700] -- 26:49:41
      53000 -- (-124736.329) [-123409.235] (-124330.812) (-123808.545) * (-123720.878) (-123845.607) (-123514.373) [-123421.166] -- 26:46:39
      54000 -- (-124616.325) [-123320.740] (-124267.678) (-123647.385) * (-123692.758) (-123796.269) (-123493.688) [-123377.086] -- 26:43:10
      55000 -- (-124622.817) [-123229.876] (-124255.033) (-123646.525) * (-123637.771) (-123733.380) (-123451.519) [-123349.132] -- 26:39:24

      Average standard deviation of split frequencies: 0.042657

      56000 -- (-124551.641) [-123190.856] (-124229.576) (-123563.108) * (-123625.300) (-123580.584) (-123438.110) [-123337.491] -- 26:35:43
      57000 -- (-124551.936) [-123174.624] (-124243.911) (-123561.409) * (-123558.042) (-123565.805) (-123278.021) [-123265.496] -- 26:31:39
      58000 -- (-124532.470) [-123087.157] (-124156.758) (-123552.240) * (-123517.649) (-123543.738) (-123278.060) [-123197.220] -- 26:27:36
      59000 -- (-124483.371) [-123054.791] (-124145.319) (-123476.438) * (-123513.100) (-123545.208) [-123187.658] (-123171.212) -- 26:23:31
      60000 -- (-124338.225) [-123005.331] (-124097.691) (-123438.588) * (-123512.937) (-123499.569) (-123162.788) [-123101.608] -- 26:19:24

      Average standard deviation of split frequencies: 0.040598

      61000 -- (-124309.319) [-122990.718] (-124076.280) (-123374.168) * (-123490.019) (-123486.548) (-123106.121) [-123051.220] -- 26:15:26
      62000 -- (-124255.173) [-122956.202] (-124011.241) (-123376.971) * (-123397.801) (-123485.548) (-123104.451) [-123041.983] -- 26:10:48
      63000 -- (-124233.132) [-122959.165] (-123994.773) (-123370.661) * (-123273.563) (-123412.450) (-123022.379) [-122907.893] -- 26:06:16
      64000 -- (-124128.834) [-122915.395] (-123874.222) (-123343.484) * (-123263.612) (-123323.231) (-122987.769) [-122841.852] -- 26:01:46
      65000 -- (-124114.231) [-122829.920] (-123851.786) (-123342.604) * (-123175.978) (-123298.231) (-122983.260) [-122793.493] -- 25:57:16

      Average standard deviation of split frequencies: 0.040528

      66000 -- (-123971.861) [-122788.887] (-123776.365) (-123279.988) * (-123174.685) (-123303.188) (-122964.642) [-122775.355] -- 25:52:33
      67000 -- (-123974.903) [-122791.250] (-123765.639) (-123264.788) * (-123118.125) (-123293.014) (-122945.368) [-122746.749] -- 25:47:28
      68000 -- (-123961.914) [-122748.967] (-123701.633) (-123144.432) * (-123102.156) (-123281.457) (-122938.047) [-122729.389] -- 25:42:44
      69000 -- (-123924.739) [-122688.666] (-123600.811) (-123095.482) * (-123048.437) (-123276.498) (-122880.629) [-122623.539] -- 25:38:06
      70000 -- (-123920.685) [-122657.703] (-123593.073) (-123039.921) * (-122978.593) (-123241.595) (-122860.217) [-122602.025] -- 25:33:13

      Average standard deviation of split frequencies: 0.042026

      71000 -- (-123906.331) [-122616.447] (-123554.368) (-123042.703) * (-122920.164) (-123230.384) (-122869.571) [-122522.676] -- 25:28:29
      72000 -- (-123892.216) [-122616.481] (-123558.108) (-123034.519) * (-122937.625) (-123162.478) (-122868.995) [-122507.291] -- 25:23:38
      73000 -- (-123857.043) [-122590.969] (-123525.796) (-123023.903) * (-122881.166) (-123152.466) (-122851.989) [-122489.318] -- 25:18:27
      74000 -- (-123808.770) [-122549.083] (-123440.046) (-123008.396) * (-122874.385) (-123129.148) (-122840.425) [-122496.439] -- 25:13:23
      75000 -- (-123715.980) [-122543.198] (-123442.925) (-122958.794) * (-122811.194) (-123053.802) (-122851.681) [-122478.283] -- 25:08:09

      Average standard deviation of split frequencies: 0.042799

      76000 -- (-123629.797) [-122476.204] (-123399.387) (-122946.882) * (-122803.216) (-123043.601) (-122843.526) [-122461.325] -- 25:02:51
      77000 -- (-123622.696) [-122469.387] (-123376.852) (-122899.347) * (-122817.172) (-123022.630) (-122863.667) [-122420.184] -- 24:57:37
      78000 -- (-123616.644) [-122440.672] (-123368.465) (-122890.413) * (-122772.337) (-122988.679) (-122817.793) [-122414.991] -- 24:52:22
      79000 -- (-123592.700) [-122450.614] (-123351.701) (-122856.942) * (-122768.790) (-122950.219) (-122801.906) [-122378.797] -- 24:46:54
      80000 -- (-123565.119) [-122434.898] (-123286.947) (-122789.873) * (-122719.568) (-122944.157) (-122801.315) [-122345.062] -- 24:41:33

      Average standard deviation of split frequencies: 0.043008

      81000 -- (-123554.531) [-122418.771] (-123274.701) (-122767.355) * (-122678.986) (-122933.321) (-122796.733) [-122353.191] -- 24:35:35
      82000 -- (-123555.632) [-122390.430] (-123290.836) (-122717.443) * (-122599.230) (-122926.815) (-122797.674) [-122349.069] -- 24:29:43
      83000 -- (-123547.791) [-122387.939] (-123209.903) (-122721.092) * (-122550.556) (-122927.686) (-122809.742) [-122325.116] -- 24:23:57
      84000 -- (-123516.896) [-122389.965] (-123164.487) (-122725.618) * (-122456.968) (-122878.821) (-122766.541) [-122306.477] -- 24:18:05
      85000 -- (-123482.157) [-122359.022] (-123078.590) (-122740.837) * (-122439.226) (-122803.332) (-122765.901) [-122304.116] -- 24:12:18

      Average standard deviation of split frequencies: 0.042928

      86000 -- (-123423.540) [-122333.699] (-123077.578) (-122714.382) * (-122430.074) (-122807.297) (-122753.153) [-122305.249] -- 24:06:39
      87000 -- (-123407.206) [-122309.366] (-123024.793) (-122689.646) * (-122425.751) (-122776.538) (-122749.292) [-122263.921] -- 24:01:05
      88000 -- (-123349.583) [-122303.434] (-122967.517) (-122677.229) * (-122411.284) (-122729.372) (-122760.313) [-122239.360] -- 23:55:20
      89000 -- (-123358.359) [-122276.305] (-122968.030) (-122651.613) * (-122419.230) (-122690.701) (-122704.974) [-122207.314] -- 23:49:16
      90000 -- (-123292.840) [-122268.679] (-122932.463) (-122623.484) * (-122419.596) (-122672.591) (-122703.072) [-122216.315] -- 23:43:08

      Average standard deviation of split frequencies: 0.042179

      91000 -- (-123266.224) [-122275.082] (-122858.294) (-122596.604) * (-122389.043) (-122682.632) (-122688.455) [-122201.703] -- 23:37:06
      92000 -- (-123222.546) [-122256.993] (-122830.651) (-122533.291) * (-122385.005) (-122654.838) (-122658.075) [-122204.999] -- 23:30:51
      93000 -- (-123200.043) [-122246.823] (-122822.774) (-122516.524) * (-122370.756) (-122636.688) (-122646.365) [-122202.005] -- 23:24:35
      94000 -- (-123198.104) [-122234.249] (-122814.527) (-122509.819) * (-122364.842) (-122626.958) (-122652.788) [-122195.054] -- 23:18:29
      95000 -- (-123169.826) [-122212.197] (-122744.961) (-122487.969) * (-122351.916) (-122606.028) (-122651.602) [-122181.875] -- 23:12:12

      Average standard deviation of split frequencies: 0.042520

      96000 -- (-123184.013) [-122229.376] (-122739.634) (-122485.984) * (-122318.983) (-122629.961) (-122617.643) [-122185.809] -- 23:05:51
      97000 -- (-123091.730) [-122218.717] (-122729.626) (-122427.040) * (-122295.578) (-122612.618) (-122607.117) [-122179.639] -- 22:59:27
      98000 -- (-123020.714) [-122214.059] (-122727.817) (-122425.983) * (-122288.580) (-122587.330) (-122614.673) [-122167.448] -- 22:53:05
      99000 -- (-123001.938) [-122192.898] (-122707.299) (-122384.887) * (-122281.520) (-122589.698) (-122611.617) [-122179.753] -- 22:46:43
      100000 -- (-123010.348) [-122181.629] (-122698.212) (-122396.579) * (-122287.304) (-122586.812) (-122603.306) [-122173.948] -- 22:40:24

      Average standard deviation of split frequencies: 0.041655

      101000 -- (-122959.627) [-122144.037] (-122693.561) (-122381.966) * (-122253.432) (-122586.747) (-122601.062) [-122163.219] -- 22:34:01
      102000 -- (-122932.582) [-122097.763] (-122659.200) (-122300.656) * (-122243.872) (-122578.508) (-122611.981) [-122148.613] -- 22:27:28
      103000 -- (-122927.712) [-122085.938] (-122630.247) (-122318.974) * (-122231.762) (-122570.717) (-122605.404) [-122140.418] -- 22:21:03
      104000 -- (-122910.088) [-122081.873] (-122649.194) (-122321.515) * (-122234.372) (-122558.838) (-122603.263) [-122139.559] -- 22:14:35
      105000 -- (-122913.927) [-122089.776] (-122637.130) (-122307.450) * (-122220.257) (-122531.063) (-122520.336) [-122127.435] -- 22:08:02

      Average standard deviation of split frequencies: 0.042197

      106000 -- (-122917.424) [-122043.662] (-122589.279) (-122307.029) * (-122179.213) (-122518.460) (-122481.177) [-122111.307] -- 22:01:31
      107000 -- (-122889.648) [-122046.059] (-122568.746) (-122290.369) * (-122161.154) (-122503.861) (-122487.148) [-122109.609] -- 21:54:51
      108000 -- (-122910.633) [-122036.641] (-122558.570) (-122288.597) * (-122169.868) (-122488.413) (-122493.936) [-122106.514] -- 21:48:10
      109000 -- (-122827.609) [-122012.773] (-122542.959) (-122276.136) * (-122176.828) (-122501.020) (-122463.287) [-122101.811] -- 21:41:41
      110000 -- (-122828.963) [-121994.996] (-122538.111) (-122282.772) * (-122175.599) (-122451.103) (-122453.267) [-122098.618] -- 21:35:13

      Average standard deviation of split frequencies: 0.041656

      111000 -- (-122818.950) [-121995.353] (-122537.336) (-122287.239) * (-122161.645) (-122424.415) (-122438.828) [-122099.186] -- 21:28:34
      112000 -- (-122814.082) [-121981.572] (-122487.484) (-122263.897) * (-122140.619) (-122424.087) (-122448.960) [-122099.626] -- 21:22:00
      113000 -- (-122793.988) [-121973.735] (-122487.734) (-122277.792) * (-122138.298) (-122430.123) (-122432.993) [-122100.240] -- 21:15:16
      114000 -- (-122787.875) [-121979.696] (-122483.949) (-122259.670) * (-122110.222) (-122416.076) (-122420.003) [-122076.449] -- 21:08:36
      115000 -- (-122758.176) [-121987.911] (-122497.132) (-122235.299) * (-122104.856) (-122381.038) (-122406.181) [-122056.887] -- 21:01:59

      Average standard deviation of split frequencies: 0.041867

      116000 -- (-122732.102) [-121983.178] (-122484.654) (-122226.880) * (-122113.296) (-122387.967) (-122384.946) [-122061.136] -- 20:55:17
      117000 -- (-122734.116) [-121967.446] (-122460.666) (-122216.605) * (-122097.005) (-122399.865) (-122370.034) [-122051.774] -- 20:48:32
      118000 -- (-122699.673) [-121963.422] (-122448.724) (-122207.678) * (-122078.968) (-122365.403) (-122385.791) [-122046.962] -- 20:41:55
      119000 -- (-122675.306) [-121961.144] (-122424.414) (-122162.371) * (-122050.220) (-122340.698) (-122362.299) [-122042.193] -- 20:35:00
      120000 -- (-122648.148) [-121964.346] (-122406.663) (-122158.788) * [-122019.828] (-122317.152) (-122359.725) (-122038.820) -- 20:28:21

      Average standard deviation of split frequencies: 0.041883

      121000 -- (-122633.833) [-121962.287] (-122437.090) (-122160.590) * [-122020.564] (-122256.831) (-122349.440) (-122033.714) -- 20:21:39
      122000 -- (-122613.288) [-121951.182] (-122416.832) (-122147.855) * [-122012.153] (-122261.237) (-122361.381) (-122011.411) -- 20:15:04
      123000 -- (-122618.788) [-121942.047] (-122420.326) (-122148.361) * (-122009.425) (-122250.122) (-122370.404) [-122005.387] -- 20:08:19
      124000 -- (-122622.256) [-121958.189] (-122415.210) (-122129.498) * (-122014.162) (-122248.769) (-122351.510) [-121982.557] -- 20:01:38
      125000 -- (-122646.828) [-121954.903] (-122408.634) (-122105.387) * [-121988.608] (-122249.091) (-122368.720) (-121999.804) -- 19:54:52

      Average standard deviation of split frequencies: 0.042546

      126000 -- (-122615.373) [-121935.170] (-122392.580) (-122110.231) * (-121994.703) (-122219.831) (-122350.082) [-121975.855] -- 19:48:10
      127000 -- (-122592.515) [-121923.895] (-122358.393) (-122104.451) * (-121979.811) (-122228.967) (-122330.396) [-121975.045] -- 19:41:20
      128000 -- (-122542.869) [-121927.418] (-122358.114) (-122102.605) * (-121970.101) (-122241.342) (-122296.529) [-121959.571] -- 19:34:34
      129000 -- (-122543.833) [-121911.899] (-122379.807) (-122085.956) * (-121992.131) (-122240.424) (-122294.658) [-121953.157] -- 19:27:44
      130000 -- (-122504.988) [-121891.086] (-122332.717) (-122089.400) * (-121984.113) (-122212.203) (-122286.266) [-121949.058] -- 19:20:50

      Average standard deviation of split frequencies: 0.042957

      131000 -- (-122500.538) [-121901.900] (-122325.373) (-122076.676) * (-121966.369) (-122208.423) (-122295.718) [-121942.708] -- 19:13:58
      132000 -- (-122444.578) [-121886.110] (-122322.203) (-122071.817) * (-121964.161) (-122224.722) (-122263.640) [-121939.627] -- 19:07:14
      133000 -- (-122440.052) [-121887.370] (-122310.223) (-122074.400) * (-121965.286) (-122195.049) (-122256.096) [-121937.572] -- 19:00:29
      134000 -- (-122419.836) [-121893.685] (-122294.715) (-122062.021) * (-121961.486) (-122164.064) (-122238.573) [-121922.850] -- 18:53:50
      135000 -- (-122389.965) [-121886.330] (-122293.778) (-122052.889) * (-121946.879) (-122187.826) (-122226.979) [-121924.014] -- 18:47:00

      Average standard deviation of split frequencies: 0.043368

      136000 -- (-122390.803) [-121876.895] (-122280.696) (-122038.899) * (-121943.475) (-122176.094) (-122221.453) [-121909.091] -- 18:40:11
      137000 -- (-122346.553) [-121871.338] (-122291.104) (-122044.682) * (-121931.121) (-122111.242) (-122192.132) [-121884.721] -- 18:33:23
      138000 -- (-122334.717) [-121869.996] (-122258.977) (-122054.862) * [-121932.650] (-122077.425) (-122180.863) (-121907.794) -- 18:26:34
      139000 -- (-122352.952) [-121869.544] (-122252.328) (-122052.775) * (-121917.512) (-122066.915) (-122175.647) [-121900.185] -- 18:19:49
      140000 -- (-122348.929) [-121848.311] (-122251.166) (-122002.208) * (-121912.244) (-122059.900) (-122196.288) [-121887.814] -- 18:12:59

      Average standard deviation of split frequencies: 0.043683

      141000 -- (-122340.000) [-121853.324] (-122252.462) (-122012.120) * [-121893.225] (-122041.962) (-122186.615) (-121868.611) -- 18:06:09
      142000 -- (-122344.896) [-121861.659] (-122249.229) (-121997.877) * (-121891.939) (-122037.013) (-122140.726) [-121854.956] -- 17:59:17
      143000 -- (-122336.462) [-121863.147] (-122243.958) (-122009.207) * (-121884.102) (-122022.089) (-122128.384) [-121839.450] -- 17:52:28
      144000 -- (-122316.990) [-121853.850] (-122238.123) (-121991.171) * (-121885.899) (-122019.747) (-122143.169) [-121851.929] -- 17:45:38
      145000 -- (-122299.689) [-121857.081] (-122225.623) (-121979.084) * (-121864.760) (-122010.363) (-122132.605) [-121837.960] -- 17:38:47

      Average standard deviation of split frequencies: 0.044265

      146000 -- (-122295.349) [-121858.898] (-122236.933) (-121987.453) * (-121850.695) (-122034.450) (-122122.577) [-121839.193] -- 17:31:51
      147000 -- (-122262.693) [-121864.463] (-122215.547) (-121967.320) * (-121836.319) (-122006.115) (-122142.886) [-121810.396] -- 17:24:57
      148000 -- (-122241.195) [-121864.356] (-122206.849) (-121954.277) * [-121836.435] (-122012.828) (-122146.404) (-121815.097) -- 17:18:07
      149000 -- (-122266.950) [-121853.394] (-122221.814) (-121954.934) * (-121835.507) (-121942.746) (-122128.603) [-121806.981] -- 17:11:15
      150000 -- (-122267.668) [-121860.728] (-122218.854) (-121896.892) * (-121845.040) (-121931.286) (-122117.559) [-121793.707] -- 17:04:26

      Average standard deviation of split frequencies: 0.044531

      151000 -- (-122271.414) (-121858.696) (-122231.741) [-121888.212] * (-121842.032) (-121923.793) (-122120.826) [-121803.159] -- 16:57:38
      152000 -- (-122237.340) [-121861.602] (-122211.807) (-121891.805) * [-121841.470] (-121914.570) (-122127.786) (-121812.906) -- 16:50:48
      153000 -- (-122243.223) (-121845.048) (-122209.014) [-121874.186] * [-121814.564] (-121911.765) (-122133.432) (-121802.564) -- 16:44:00
      154000 -- (-122193.390) [-121843.338] (-122220.872) (-121869.162) * (-121805.004) (-121913.667) (-122109.160) [-121773.243] -- 16:37:13
      155000 -- (-122191.172) [-121847.745] (-122200.871) (-121875.470) * (-121805.763) (-121891.742) (-122115.793) [-121767.941] -- 16:30:24

      Average standard deviation of split frequencies: 0.044168

      156000 -- (-122172.152) [-121831.907] (-122213.161) (-121869.966) * (-121817.997) (-121859.049) (-122103.586) [-121766.164] -- 16:23:36
      157000 -- (-122179.571) [-121820.418] (-122209.717) (-121885.981) * (-121825.530) (-121866.875) (-122092.718) [-121770.675] -- 16:16:47
      158000 -- (-122153.161) [-121816.502] (-122221.444) (-121871.852) * (-121810.423) (-121874.649) (-122075.805) [-121777.510] -- 16:09:59
      159000 -- (-122137.746) (-121815.861) (-122204.651) [-121846.283] * (-121802.280) (-121870.485) (-122084.491) [-121762.833] -- 16:03:10
      160000 -- (-122122.509) [-121817.457] (-122196.214) (-121856.370) * (-121802.678) (-121861.975) (-122077.937) [-121755.405] -- 15:56:21

      Average standard deviation of split frequencies: 0.044250

      161000 -- (-122120.431) [-121780.020] (-122212.604) (-121837.243) * (-121799.463) (-121865.171) (-122066.757) [-121759.227] -- 15:49:42
      162000 -- (-122123.555) [-121771.473] (-122195.088) (-121821.205) * (-121797.651) (-121869.100) (-122053.910) [-121772.340] -- 15:43:05
      163000 -- (-122128.342) [-121786.920] (-122185.035) (-121817.402) * (-121790.584) (-121877.044) (-122055.511) [-121752.465] -- 15:36:21
      164000 -- (-122138.566) [-121765.749] (-122205.324) (-121812.578) * (-121783.358) (-121861.322) (-122049.214) [-121755.605] -- 15:29:30
      165000 -- (-122075.785) [-121751.010] (-122171.397) (-121783.884) * (-121783.078) (-121845.831) (-122040.751) [-121744.499] -- 15:22:39

      Average standard deviation of split frequencies: 0.044413

      166000 -- (-122071.944) [-121739.932] (-122180.282) (-121807.029) * (-121783.707) (-121826.467) (-122063.403) [-121739.739] -- 15:15:48
      167000 -- (-122082.678) [-121722.502] (-122148.739) (-121804.941) * (-121791.184) (-121822.393) (-122048.498) [-121722.974] -- 15:08:59
      168000 -- (-122079.041) [-121723.772] (-122156.746) (-121813.991) * (-121768.244) (-121819.738) (-122032.478) [-121719.744] -- 15:02:09
      169000 -- (-122064.401) [-121735.457] (-122153.777) (-121800.145) * (-121766.397) (-121818.071) (-122024.955) [-121727.648] -- 14:55:20
      170000 -- (-122045.517) [-121728.559] (-122147.478) (-121774.530) * (-121765.698) (-121781.942) (-122007.523) [-121715.306] -- 14:48:28

      Average standard deviation of split frequencies: 0.044034

      171000 -- (-122053.384) [-121706.274] (-122149.093) (-121770.310) * (-121783.019) (-121789.472) (-122005.215) [-121732.697] -- 14:41:37
      172000 -- (-122047.380) [-121697.609] (-122170.828) (-121768.877) * (-121756.574) (-121784.521) (-121997.079) [-121701.234] -- 14:34:45
      173000 -- (-122038.291) [-121700.379] (-122139.975) (-121782.788) * (-121760.549) (-121789.574) (-121993.849) [-121694.519] -- 14:27:51
      174000 -- (-122040.291) [-121694.442] (-122156.299) (-121782.957) * (-121743.555) (-121800.476) (-121988.650) [-121691.921] -- 14:21:00
      175000 -- (-122036.633) [-121688.357] (-122160.699) (-121783.748) * (-121747.760) (-121775.603) (-121992.151) [-121690.524] -- 14:14:10

      Average standard deviation of split frequencies: 0.043166

      176000 -- (-122038.679) [-121681.860] (-122139.679) (-121779.549) * (-121741.518) (-121752.512) (-122009.173) [-121688.885] -- 14:07:21
      177000 -- (-122005.609) (-121696.262) (-122147.119) [-121745.533] * (-121740.409) (-121758.100) (-121983.787) [-121700.058] -- 14:00:32
      178000 -- (-122004.126) [-121680.806] (-122147.250) (-121762.055) * (-121722.102) (-121768.945) (-121975.790) [-121696.962] -- 13:53:39
      179000 -- (-122030.314) [-121689.681] (-122126.579) (-121729.603) * (-121712.142) (-121779.614) (-121954.995) [-121695.609] -- 13:46:45
      180000 -- (-122018.050) [-121681.620] (-122088.416) (-121746.809) * [-121707.953] (-121759.134) (-121962.942) (-121704.791) -- 13:39:53

      Average standard deviation of split frequencies: 0.042021

      181000 -- (-122029.721) [-121688.609] (-122081.591) (-121737.927) * (-121718.202) (-121763.000) (-121948.706) [-121700.996] -- 13:33:04
      182000 -- (-122029.649) [-121696.522] (-122075.766) (-121723.149) * [-121714.192] (-121754.547) (-121937.806) (-121695.390) -- 13:26:12
      183000 -- (-122013.861) [-121689.535] (-122058.028) (-121706.344) * (-121717.597) (-121754.584) (-121931.455) [-121697.563] -- 13:19:18
      184000 -- (-121989.656) [-121689.475] (-122020.553) (-121713.997) * [-121725.025] (-121743.376) (-121930.436) (-121711.658) -- 13:12:27
      185000 -- (-121983.325) [-121698.521] (-122027.057) (-121708.383) * (-121718.618) (-121741.699) (-121931.269) [-121701.267] -- 13:05:40

      Average standard deviation of split frequencies: 0.041258

      186000 -- (-121984.222) [-121676.777] (-122021.397) (-121683.677) * [-121715.438] (-121738.220) (-121912.119) (-121705.488) -- 12:58:52
      187000 -- (-121969.948) [-121692.359] (-121991.205) (-121694.147) * (-121716.644) (-121730.377) (-121940.998) [-121702.616] -- 12:52:02
      188000 -- (-121934.740) (-121695.894) (-122003.173) [-121692.518] * (-121718.870) (-121719.756) (-121918.265) [-121687.527] -- 12:45:09
      189000 -- (-121939.284) (-121692.827) (-121988.213) [-121703.135] * [-121706.124] (-121735.096) (-121930.030) (-121674.351) -- 12:38:16
      190000 -- (-121930.717) (-121682.325) (-121977.026) [-121692.366] * (-121701.277) (-121737.813) (-121912.046) [-121681.211] -- 12:31:29

      Average standard deviation of split frequencies: 0.040248

      191000 -- (-121938.179) [-121669.723] (-121976.815) (-121690.032) * (-121708.375) (-121737.418) (-121917.676) [-121675.972] -- 12:24:38
      192000 -- (-121922.760) (-121668.134) (-121962.091) [-121674.091] * (-121705.494) (-121727.479) (-121915.995) [-121672.397] -- 12:17:50
      193000 -- (-121927.101) [-121661.192] (-121978.194) (-121680.834) * (-121696.517) (-121733.336) (-121910.939) [-121664.233] -- 12:11:01
      194000 -- (-121928.007) [-121657.589] (-121950.158) (-121668.402) * (-121676.441) (-121717.921) (-121905.154) [-121664.436] -- 12:04:13
      195000 -- (-121938.676) [-121643.629] (-121929.235) (-121665.737) * (-121676.460) (-121726.738) (-121900.792) [-121661.852] -- 11:57:24

      Average standard deviation of split frequencies: 0.039069

      196000 -- (-121929.380) [-121640.010] (-121944.566) (-121656.090) * [-121678.352] (-121718.997) (-121913.386) (-121666.826) -- 11:50:32
      197000 -- (-121937.134) (-121639.553) (-121930.563) [-121649.154] * [-121661.784] (-121713.651) (-121914.534) (-121648.245) -- 11:43:35
      198000 -- (-121970.575) (-121643.083) (-121924.012) [-121638.973] * [-121650.649] (-121711.905) (-121902.329) (-121661.455) -- 11:36:38
      199000 -- (-121959.047) (-121646.408) (-121934.939) [-121624.919] * [-121658.884] (-121712.311) (-121890.816) (-121674.126) -- 11:29:48
      200000 -- (-121956.885) [-121644.350] (-121908.920) (-121635.563) * [-121657.321] (-121696.010) (-121882.741) (-121667.038) -- 11:22:57

      Average standard deviation of split frequencies: 0.038461

      201000 -- (-121952.689) (-121640.364) (-121915.185) [-121636.596] * [-121649.857] (-121685.589) (-121884.518) (-121671.093) -- 11:16:06
      202000 -- (-121942.220) [-121631.190] (-121914.218) (-121632.512) * (-121651.833) (-121682.140) (-121889.848) [-121665.062] -- 11:09:17
      203000 -- (-121935.896) (-121645.811) (-121888.861) [-121626.223] * (-121642.972) (-121681.298) (-121881.751) [-121656.658] -- 11:02:27
      204000 -- (-121927.772) (-121644.994) (-121879.376) [-121630.069] * [-121654.131] (-121668.940) (-121873.119) (-121650.836) -- 10:55:38
      205000 -- (-121919.635) (-121657.287) (-121851.981) [-121630.692] * (-121637.939) (-121667.267) (-121894.133) [-121622.999] -- 10:48:50

      Average standard deviation of split frequencies: 0.037719

      206000 -- (-121926.098) (-121646.042) (-121871.204) [-121625.052] * (-121655.850) (-121660.232) (-121897.526) [-121623.456] -- 10:41:59
      207000 -- (-121943.191) (-121650.289) (-121854.187) [-121620.827] * [-121637.956] (-121679.198) (-121897.150) (-121628.372) -- 10:35:02
      208000 -- (-121930.452) (-121635.432) (-121879.873) [-121612.426] * (-121622.523) (-121662.650) (-121863.875) [-121624.018] -- 10:28:02
      209000 -- (-121910.609) (-121632.213) (-121859.594) [-121615.102] * [-121618.213] (-121649.745) (-121875.492) (-121623.092) -- 10:21:06
      210000 -- (-121920.403) (-121632.740) (-121861.935) [-121600.822] * (-121615.202) (-121638.479) (-121828.075) [-121628.762] -- 10:14:16

      Average standard deviation of split frequencies: 0.037012

      211000 -- (-121918.548) [-121629.133] (-121848.618) (-121607.715) * [-121602.533] (-121641.042) (-121836.955) (-121636.771) -- 10:07:26
      212000 -- (-121912.209) (-121615.871) (-121846.189) [-121601.897] * [-121607.335] (-121638.177) (-121831.594) (-121632.543) -- 10:00:36
      213000 -- (-121906.801) (-121616.489) (-121838.474) [-121607.825] * [-121610.479] (-121646.371) (-121838.813) (-121627.756) -- 9:53:43
      214000 -- (-121898.652) (-121628.500) (-121857.431) [-121608.400] * [-121590.312] (-121630.113) (-121827.164) (-121612.522) -- 9:46:52
      215000 -- (-121908.932) (-121627.730) (-121859.872) [-121608.195] * [-121609.908] (-121641.961) (-121802.185) (-121605.043) -- 9:40:03

      Average standard deviation of split frequencies: 0.036630

      216000 -- (-121913.383) (-121642.287) (-121832.691) [-121598.916] * (-121628.725) (-121643.881) (-121810.976) [-121590.686] -- 9:33:11
      217000 -- (-121900.928) (-121645.390) (-121827.240) [-121609.023] * (-121615.076) (-121650.919) (-121822.424) [-121575.727] -- 9:26:16
      218000 -- (-121899.562) (-121631.130) (-121810.923) [-121609.686] * (-121619.629) (-121650.896) (-121809.744) [-121576.994] -- 9:19:20
      219000 -- (-121901.937) (-121608.096) (-121819.025) [-121590.723] * (-121594.287) (-121647.509) (-121782.338) [-121588.261] -- 9:12:24
      220000 -- (-121878.064) [-121611.848] (-121823.803) (-121598.339) * [-121585.190] (-121646.074) (-121781.942) (-121589.401) -- 9:05:29

      Average standard deviation of split frequencies: 0.035948

      221000 -- (-121874.286) (-121616.021) (-121815.356) [-121588.620] * (-121590.403) (-121648.651) (-121785.427) [-121612.056] -- 8:58:33
      222000 -- (-121880.984) (-121601.724) (-121792.626) [-121593.267] * [-121589.624] (-121652.238) (-121803.770) (-121602.378) -- 8:51:37
      223000 -- (-121895.769) (-121619.898) (-121781.920) [-121604.159] * (-121589.758) (-121624.247) (-121795.312) [-121600.156] -- 8:44:40
      224000 -- (-121892.168) (-121605.894) (-121776.221) [-121593.203] * (-121602.677) (-121632.764) (-121793.059) [-121577.701] -- 8:37:47
      225000 -- (-121897.875) (-121585.178) (-121755.679) [-121569.488] * (-121586.108) (-121638.087) (-121768.023) [-121573.423] -- 8:30:53

      Average standard deviation of split frequencies: 0.035124

      226000 -- (-121878.416) (-121592.169) (-121766.452) [-121564.015] * (-121594.286) (-121637.985) (-121771.636) [-121581.214] -- 8:23:57
      227000 -- (-121872.286) (-121577.752) (-121782.168) [-121560.435] * (-121590.333) (-121621.650) (-121775.440) [-121561.577] -- 8:17:01
      228000 -- (-121885.212) (-121586.953) (-121768.561) [-121543.693] * (-121614.435) (-121611.595) (-121780.316) [-121555.202] -- 8:10:07
      229000 -- (-121880.061) (-121590.480) (-121762.784) [-121544.836] * (-121610.935) (-121599.038) (-121795.111) [-121562.486] -- 8:03:13
      230000 -- (-121878.206) (-121594.012) (-121750.329) [-121554.609] * (-121603.920) (-121601.978) (-121796.654) [-121567.515] -- 7:56:18

      Average standard deviation of split frequencies: 0.034836

      231000 -- (-121858.738) (-121572.283) (-121755.905) [-121550.248] * (-121586.983) (-121592.529) (-121793.158) [-121549.513] -- 7:49:25
      232000 -- (-121820.823) (-121560.100) (-121744.865) [-121538.998] * (-121573.170) (-121593.610) (-121775.384) [-121539.063] -- 7:42:30
      233000 -- (-121821.785) (-121560.561) (-121736.332) [-121543.514] * (-121565.899) (-121580.151) (-121789.118) [-121531.195] -- 7:35:38
      234000 -- (-121801.616) (-121551.591) (-121724.895) [-121549.665] * (-121568.179) (-121572.479) (-121759.967) [-121546.460] -- 7:28:44
      235000 -- (-121810.000) [-121546.554] (-121735.929) (-121546.854) * (-121561.826) (-121576.876) (-121768.298) [-121535.297] -- 7:21:50

      Average standard deviation of split frequencies: 0.034324

      236000 -- (-121804.878) [-121540.612] (-121751.322) (-121549.173) * (-121573.069) (-121580.608) (-121762.735) [-121524.237] -- 7:14:57
      237000 -- (-121801.724) (-121554.656) (-121738.743) [-121555.198] * (-121569.079) (-121573.315) (-121765.373) [-121515.243] -- 7:08:05
      238000 -- (-121768.163) (-121563.889) (-121718.334) [-121545.257] * (-121554.217) (-121578.852) (-121760.785) [-121537.180] -- 7:01:13
      239000 -- (-121768.336) (-121542.371) (-121699.210) [-121542.070] * (-121543.570) (-121585.166) (-121752.001) [-121530.025] -- 6:54:20
      240000 -- (-121773.758) [-121539.776] (-121684.127) (-121546.907) * (-121535.101) (-121598.630) (-121760.849) [-121514.570] -- 6:47:30

      Average standard deviation of split frequencies: 0.033569

      241000 -- (-121773.883) [-121536.921] (-121668.068) (-121555.100) * (-121526.788) (-121608.236) (-121756.242) [-121513.954] -- 6:40:41
      242000 -- (-121769.488) (-121534.774) (-121670.139) [-121533.639] * (-121527.511) (-121607.290) (-121748.460) [-121510.049] -- 6:33:53
      243000 -- (-121757.296) (-121538.905) (-121663.718) [-121527.655] * (-121537.778) (-121605.761) (-121744.030) [-121500.456] -- 6:27:05
      244000 -- (-121779.333) [-121550.818] (-121658.553) (-121538.467) * (-121533.105) (-121580.507) (-121718.916) [-121482.450] -- 6:20:18
      245000 -- (-121772.183) (-121547.667) (-121677.203) [-121541.743] * (-121523.333) (-121580.557) (-121731.497) [-121494.806] -- 6:13:29

      Average standard deviation of split frequencies: 0.032951

      246000 -- (-121789.091) (-121546.047) (-121669.151) [-121531.431] * (-121531.503) (-121584.684) (-121727.480) [-121496.946] -- 6:06:41
      247000 -- (-121784.972) (-121550.290) (-121668.292) [-121531.839] * (-121525.874) (-121571.575) (-121719.851) [-121496.696] -- 5:59:53
      248000 -- (-121772.504) (-121547.511) (-121665.330) [-121515.076] * (-121538.986) (-121562.955) (-121744.268) [-121484.925] -- 5:53:04
      249000 -- (-121780.295) (-121544.002) (-121692.661) [-121508.965] * (-121529.783) (-121559.490) (-121731.220) [-121506.334] -- 5:46:13
      250000 -- (-121788.586) (-121547.786) (-121652.729) [-121507.918] * (-121520.735) (-121549.637) (-121739.304) [-121508.510] -- 5:39:24

      Average standard deviation of split frequencies: 0.032143

      251000 -- (-121786.787) (-121542.756) (-121641.453) [-121497.595] * [-121521.713] (-121566.462) (-121719.501) (-121491.949) -- 5:32:37
      252000 -- (-121781.109) (-121551.942) (-121644.163) [-121488.333] * (-121541.486) (-121563.425) (-121706.116) [-121494.189] -- 5:25:49
      253000 -- (-121780.937) (-121530.229) (-121652.754) [-121479.895] * (-121518.448) (-121546.559) (-121709.718) [-121476.781] -- 5:19:02
      254000 -- (-121780.766) (-121529.181) (-121642.782) [-121480.721] * (-121520.789) (-121558.859) (-121720.662) [-121482.942] -- 5:12:15
      255000 -- (-121772.454) (-121523.998) (-121643.756) [-121478.634] * (-121536.987) (-121542.567) (-121714.111) [-121466.975] -- 5:05:28

      Average standard deviation of split frequencies: 0.031177

      256000 -- (-121794.443) (-121527.291) (-121635.496) [-121473.030] * (-121541.400) (-121538.122) (-121694.232) [-121462.946] -- 4:58:41
      257000 -- (-121772.990) (-121525.720) (-121644.212) [-121464.022] * (-121538.979) (-121525.540) (-121718.221) [-121467.556] -- 4:51:54
      258000 -- (-121781.086) (-121510.908) (-121655.125) [-121478.505] * (-121521.662) (-121523.203) (-121718.039) [-121474.981] -- 4:45:06
      259000 -- (-121774.202) (-121514.568) (-121646.765) [-121462.628] * (-121531.917) (-121522.480) (-121710.271) [-121472.265] -- 4:38:18
      260000 -- (-121753.934) (-121519.115) (-121646.314) [-121471.827] * (-121537.543) (-121523.187) (-121724.375) [-121454.416] -- 4:31:29

      Average standard deviation of split frequencies: 0.030411

      261000 -- (-121755.843) (-121525.981) (-121645.972) [-121486.346] * (-121535.374) (-121532.604) (-121724.828) [-121459.980] -- 4:24:40
      262000 -- (-121775.660) (-121505.720) (-121645.175) [-121486.497] * (-121537.245) (-121522.985) (-121748.125) [-121456.091] -- 4:17:52
      263000 -- (-121765.216) (-121505.653) (-121643.345) [-121474.183] * (-121532.567) (-121519.956) (-121727.948) [-121467.705] -- 4:11:06
      264000 -- (-121760.768) (-121513.967) (-121640.699) [-121474.218] * (-121533.658) (-121532.176) (-121711.273) [-121447.277] -- 4:04:19
      265000 -- (-121755.539) (-121522.620) (-121635.491) [-121460.094] * (-121536.133) (-121532.627) (-121698.189) [-121467.999] -- 3:57:33

      Average standard deviation of split frequencies: 0.030046

      266000 -- (-121758.064) (-121510.924) (-121645.843) [-121452.699] * (-121536.480) (-121528.281) (-121710.336) [-121456.817] -- 3:50:46
      267000 -- (-121737.919) (-121517.469) (-121631.980) [-121459.942] * (-121518.813) (-121527.908) (-121725.413) [-121459.396] -- 3:43:58
      268000 -- (-121718.538) (-121510.592) (-121632.960) [-121459.321] * (-121518.173) (-121536.424) (-121695.595) [-121457.203] -- 3:37:10
      269000 -- (-121731.169) (-121521.824) (-121639.323) [-121451.101] * (-121514.085) (-121535.756) (-121696.322) [-121467.924] -- 3:30:22
      270000 -- (-121708.917) (-121508.316) (-121635.929) [-121456.293] * (-121519.058) (-121519.164) (-121689.840) [-121466.524] -- 3:23:33

      Average standard deviation of split frequencies: 0.029228

      271000 -- (-121707.414) (-121512.051) (-121591.389) [-121453.286] * (-121507.469) (-121519.622) (-121703.365) [-121470.584] -- 3:16:44
      272000 -- (-121733.947) (-121504.570) (-121599.829) [-121455.581] * (-121502.176) [-121510.669] (-121706.504) (-121468.623) -- 3:09:56
      273000 -- (-121732.633) (-121501.390) (-121606.324) [-121436.386] * (-121500.869) (-121507.199) (-121695.465) [-121460.786] -- 3:03:09
      274000 -- (-121707.157) (-121514.706) (-121606.974) [-121439.829] * (-121494.280) (-121510.395) (-121666.875) [-121454.983] -- 2:56:22
      275000 -- (-121674.661) (-121510.259) (-121605.636) [-121450.023] * (-121501.468) (-121499.559) (-121668.890) [-121456.763] -- 2:49:35

      Average standard deviation of split frequencies: 0.028221

      276000 -- (-121697.978) (-121514.465) (-121608.479) [-121444.754] * (-121480.765) (-121521.408) (-121702.331) [-121451.710] -- 2:42:48
      277000 -- (-121678.317) (-121515.687) (-121587.604) [-121442.477] * (-121479.365) (-121514.004) (-121696.303) [-121471.406] -- 2:36:01
      278000 -- (-121689.763) (-121491.140) (-121616.410) [-121425.413] * (-121480.161) (-121514.386) (-121695.083) [-121437.413] -- 2:29:14
      279000 -- (-121670.156) (-121476.410) (-121621.559) [-121436.837] * (-121484.137) (-121496.389) (-121674.107) [-121423.413] -- 2:22:26
      280000 -- (-121653.534) (-121469.772) (-121613.241) [-121436.027] * (-121490.134) (-121512.522) (-121671.263) [-121433.914] -- 2:15:38

      Average standard deviation of split frequencies: 0.027102

      281000 -- (-121661.106) (-121474.460) (-121604.951) [-121438.518] * (-121468.388) (-121528.249) (-121682.997) [-121414.087] -- 2:08:50
      282000 -- (-121667.840) (-121462.440) (-121603.481) [-121442.934] * (-121462.329) (-121518.495) (-121686.596) [-121413.826] -- 2:02:03
      283000 -- (-121676.521) (-121462.739) (-121588.696) [-121447.334] * (-121468.562) (-121520.339) (-121669.645) [-121422.090] -- 1:55:17
      284000 -- (-121673.506) (-121463.925) (-121622.033) [-121446.527] * (-121463.734) (-121508.944) (-121667.736) [-121422.186] -- 1:48:30
      285000 -- (-121671.281) (-121474.425) (-121603.803) [-121423.611] * (-121441.097) (-121511.457) (-121680.317) [-121406.541] -- 1:41:43

      Average standard deviation of split frequencies: 0.026616

      286000 -- (-121660.251) (-121463.603) (-121597.750) [-121417.482] * (-121454.109) (-121513.857) (-121670.791) [-121412.162] -- 1:34:57
      287000 -- (-121682.907) (-121471.702) (-121584.528) [-121424.230] * (-121458.595) (-121507.480) (-121676.646) [-121415.598] -- 1:28:10
      288000 -- (-121671.395) (-121468.203) (-121589.877) [-121430.630] * (-121458.151) (-121493.158) (-121661.167) [-121402.717] -- 1:21:22
      289000 -- (-121663.265) (-121462.645) (-121598.397) [-121433.975] * (-121459.943) (-121495.670) (-121667.502) [-121398.851] -- 1:14:34
      290000 -- (-121657.894) (-121469.223) (-121580.579) [-121424.566] * (-121453.307) (-121494.264) (-121666.228) [-121396.836] -- 1:07:47

      Average standard deviation of split frequencies: 0.025672

      291000 -- (-121658.386) (-121453.474) (-121601.538) [-121431.696] * (-121444.560) (-121500.273) (-121660.990) [-121392.565] -- 1:01:00
      292000 -- (-121677.864) [-121444.557] (-121581.526) (-121427.928) * (-121436.950) (-121493.043) (-121653.058) [-121393.204] -- 0:54:12
      293000 -- (-121666.618) (-121444.122) (-121561.209) [-121429.133] * (-121441.863) (-121473.746) (-121646.056) [-121396.396] -- 0:47:25
      294000 -- (-121664.604) (-121443.569) (-121578.158) [-121432.344] * (-121449.849) (-121476.912) (-121644.632) [-121383.047] -- 0:40:38
      295000 -- (-121657.684) (-121452.409) (-121565.747) [-121427.062] * (-121458.777) (-121479.626) (-121646.290) [-121406.780] -- 0:33:51

      Average standard deviation of split frequencies: 0.025391

      296000 -- (-121661.743) (-121454.416) (-121591.378) [-121434.170] * (-121452.549) (-121492.941) (-121643.945) [-121389.494] -- 0:27:05
      297000 -- (-121659.658) (-121465.530) (-121587.740) [-121426.604] * (-121437.634) (-121494.142) (-121653.569) [-121390.817] -- 0:20:18
      298000 -- (-121668.108) (-121456.170) (-121576.300) [-121418.887] * (-121442.733) (-121495.763) (-121649.190) [-121373.090] -- 0:13:32
      299000 -- (-121651.244) (-121439.698) (-121561.457) [-121414.946] * (-121442.834) (-121474.635) (-121637.544) [-121377.877] -- 0:06:46
      300000 -- (-121647.118) (-121444.458) (-121581.622) [-121430.264] * (-121440.194) (-121489.175) (-121624.215) [-121378.436] -- 0:00:00

      Average standard deviation of split frequencies: 0.025193

      Analysis completed in 33 hours 49 mins 53 seconds
      Analysis used 121890.09 seconds of CPU time
      Likelihood of best state for "cold" chain of run 1 was -121408.58
      Likelihood of best state for "cold" chain of run 2 was -121410.84

      Acceptance rates for the moves in the "cold" chain of run 1:
         With prob.   (last 100)   chain accepted proposals by move
             5.8 %     (  0 %)     Dirichlet(Revmat)
            62.7 %     ( 64 %)     Slider(Revmat)
             0.9 %     (  0 %)     Dirichlet(Pi)
            19.8 %     ( 22 %)     Slider(Pi)
            10.0 %     ( 16 %)     Multiplier(Alpha)
             0.8 %     (  0 %)     ExtSPR(Tau,V)
             0.6 %     (  0 %)     ExtTBR(Tau,V)
             1.0 %     (  0 %)     NNI(Tau,V)
             1.9 %     (  2 %)     ParsSPR(Tau,V)
            25.9 %     ( 25 %)     Multiplier(V)
            13.5 %     ( 16 %)     Nodeslider(V)
            10.5 %     ( 25 %)     TLMultiplier(V)

      Acceptance rates for the moves in the "cold" chain of run 2:
         With prob.   (last 100)   chain accepted proposals by move
             5.4 %     (  0 %)     Dirichlet(Revmat)
            63.8 %     ( 64 %)     Slider(Revmat)
             0.9 %     (  0 %)     Dirichlet(Pi)
            19.9 %     ( 25 %)     Slider(Pi)
             9.2 %     ( 10 %)     Multiplier(Alpha)
             0.8 %     (  0 %)     ExtSPR(Tau,V)
             0.6 %     (  1 %)     ExtTBR(Tau,V)
             1.0 %     (  1 %)     NNI(Tau,V)
             2.0 %     (  4 %)     ParsSPR(Tau,V)
            25.9 %     ( 29 %)     Multiplier(V)
            13.5 %     ( 13 %)     Nodeslider(V)
            10.8 %     ( 18 %)     TLMultiplier(V)

      Chain swap information for run 1:

                  1      2      3      4 
           ------------------------------
         1 |          0.10   0.00   0.00 
         2 |  49833          0.00   0.00 
         3 |  50160  49902          0.04 
         4 |  50165  50148  49792        

      Chain swap information for run 2:

                  1      2      3      4 
           ------------------------------
         1 |          0.13   0.01   0.00 
         2 |  49974          0.15   0.00 
         3 |  49557  50003          0.07 
         4 |  50062  50265  50139        

      Upper diagonal: Proportion of successful state exchanges between chains
      Lower diagonal: Number of attempted state exchanges between chains

      Chain information:

        ID -- Heat 
       -----------
         1 -- 1.00  (cold chain)
         2 -- 0.91 
         3 -- 0.83 
         4 -- 0.77 

      Heat = 1 / (1 + T * (ID - 1))
         (where T = 0.10 is the temperature and ID is the chain number)

      Summarizing parameters in files Pettersson_dpp.run1.p and Pettersson_dpp.run2.p
      Writing summary statistics to file Pettersson_dpp.pstat
      Using relative burnin ('relburnin=yes'), discarding the first 25 % of samples

      Below are rough plots of the generation (x-axis) versus the log   
      probability of observing the data (y-axis). You can use these     
      graphs to determine what the burn in for your analysis should be. 
      When the log probability starts to plateau you may be at station- 
      arity. Sample trees and parameters after the log probability      
      plateaus. Of course, this is not a guarantee that you are at sta- 
      tionarity. Also examine the convergence diagnostics provided by   
      the 'sump' and 'sumt' commands for all the parameters in your     
      model. Remember that the burn in is the number of samples to dis- 
      card. There are a total of ngen / samplefreq samples taken during 
      a MCMC analysis.                                                  

      Overlay plot for both runs:
      (1 = Run number 1; 2 = Run number 2; * = Both runs)

      +------------------------------------------------------------+ -121381.28
      |                                                    11******|
      |                                            22******22      |
      |                                     2******11              |
      |                               ******1                      |
      |                        *******                             |
      |                   222**                                    |
      |               11**111                                      |
      |            11*22                                           |
      |         11122                                              |
      |       11222                                                |
      |      222                                                   |
      |   22*1                                                     |
      |  211                                                       |
      | 21                                                         |
      |*1                                                          |
      +------+-----+-----+-----+-----+-----+-----+-----+-----+-----+ -122475.82
      ^                                                            ^
      75000                                                        300000


      Estimated marginal likelihoods for runs sampled in files
         "Pettersson_dpp.run1.p" and "Pettersson_dpp.run2.p":
         (Use the harmonic mean for Bayes factor comparisons of models)

         (Values are saved to the file Pettersson_dpp.lstat)

      Run   Arithmetic mean   Harmonic mean
      --------------------------------------
        1     -121420.56        -122537.09
        2     -121378.79        -122472.19
      --------------------------------------
      TOTAL   -121379.49        -122536.40
      --------------------------------------


      Model parameter summaries over the runs sampled in files
         "Pettersson_dpp.run1.p" and "Pettersson_dpp.run2.p":
         Summaries are based on a total of 902 samples from 2 runs.
         Each run produced 601 samples of which 451 samples were included.
         Parameter summaries saved to file "Pettersson_dpp.pstat".

                                            95% HPD Interval
                                          --------------------
      Parameter      Mean      Variance     Lower       Upper       Median    min ESS*  avg ESS    PSRF+ 
      --------------------------------------------------------------------------------------------------
      TL         23.411502    0.427429   22.290010   24.770070   23.440610      7.88     12.55    1.149
      r(A<->R)    0.001446    0.000001    0.000001    0.002842    0.001471      2.86      4.49    1.220
      r(A<->N)    0.001746    0.000001    0.000397    0.003524    0.001583      3.44     19.90    1.003
      r(A<->D)    0.000575    0.000000    0.000024    0.000902    0.000627      2.86      6.00    1.187
      r(A<->C)    0.012794    0.000005    0.007182    0.015875    0.012377      7.13      7.79    1.251
      r(A<->Q)    0.002058    0.000001    0.000784    0.003532    0.002204      6.55      9.37    1.861
      r(A<->E)    0.003026    0.000000    0.002596    0.003425    0.003082      7.40      7.56    1.253
      r(A<->G)    0.009734    0.000000    0.008713    0.010715    0.009623      7.67     10.21    1.105
      r(A<->H)    0.001584    0.000001    0.000001    0.003087    0.001329      2.59      3.00    1.032
      r(A<->I)    0.000489    0.000000    0.000041    0.001186    0.000406      2.97      5.40    1.508
      r(A<->L)    0.002692    0.000000    0.002030    0.003463    0.002539      3.73      7.44    1.008
      r(A<->K)    0.002513    0.000001    0.000789    0.003817    0.002553      3.75      3.88    1.902
      r(A<->M)    0.004685    0.000003    0.001977    0.007025    0.005173      5.88      8.25    1.203
      r(A<->F)    0.000954    0.000001    0.000001    0.001871    0.001070      2.55      6.66    1.214
      r(A<->P)    0.010339    0.000005    0.007214    0.014632    0.010107      3.97      8.12    2.276
      r(A<->S)    0.027620    0.000020    0.020738    0.033100    0.028986     10.25     14.03    2.640
      r(A<->T)    0.011859    0.000001    0.010448    0.013797    0.011751      6.31      9.60    1.139
      r(A<->W)    0.000433    0.000000    0.000006    0.001232    0.000180      3.17     18.33    1.302
      r(A<->Y)    0.000642    0.000000    0.000003    0.001655    0.000467      3.22      5.99    1.322
      r(A<->V)    0.015296    0.000003    0.013511    0.019107    0.014688      7.76      9.81    1.463
      r(R<->N)    0.002396    0.000002    0.000057    0.004439    0.002787      2.87      6.24    2.170
      r(R<->D)    0.000183    0.000000    0.000001    0.000323    0.000199     24.85     27.29    1.721
      r(R<->C)    0.003404    0.000001    0.000503    0.004999    0.003309      4.46      8.04    1.392
      r(R<->Q)    0.007537    0.000001    0.006012    0.009220    0.007381      3.93     12.36    1.106
      r(R<->E)    0.001022    0.000000    0.000412    0.001749    0.000992      6.23      6.37    1.197
      r(R<->G)    0.001531    0.000000    0.000739    0.002017    0.001660      3.38     12.34    1.242
      r(R<->H)    0.005354    0.000004    0.002799    0.008716    0.006009      5.97     11.90    3.323
      r(R<->I)    0.000984    0.000000    0.000348    0.002094    0.000923      3.07      3.37    1.134
      r(R<->L)    0.000584    0.000000    0.000203    0.000915    0.000647      8.48     13.54    0.999
      r(R<->K)    0.048886    0.000104    0.037611    0.062753    0.046979      3.67     11.14    3.599
      r(R<->M)    0.001865    0.000001    0.000017    0.002941    0.002087      3.66      7.78    1.535
      r(R<->F)    0.000904    0.000001    0.000002    0.003160    0.000840      3.89     10.62    1.000
      r(R<->P)    0.000776    0.000001    0.000004    0.002698    0.000622      5.11     10.27    1.336
      r(R<->S)    0.002609    0.000001    0.001212    0.003801    0.002844      3.80      5.18    2.182
      r(R<->T)    0.001941    0.000001    0.000822    0.003229    0.001939      3.54      7.17    1.028
      r(R<->W)    0.001517    0.000001    0.000073    0.003390    0.001148      4.32      4.46    2.159
      r(R<->Y)    0.000536    0.000000    0.000001    0.001073    0.000564      4.52      7.47    1.210
      r(R<->V)    0.000722    0.000000    0.000006    0.001271    0.000692      3.20     13.46    1.074
      r(N<->D)    0.018170    0.000053    0.008610    0.029375    0.018398      3.45     14.66    1.694
      r(N<->C)    0.003771    0.000004    0.000665    0.006608    0.003858      3.48      4.59    1.419
      r(N<->Q)    0.006612    0.000011    0.002115    0.012675    0.005501      3.12      3.60    1.353
      r(N<->E)    0.003045    0.000000    0.002118    0.004571    0.003060      7.54      8.33    1.121
      r(N<->G)    0.006763    0.000003    0.003564    0.008598    0.006961      3.49      4.39    1.044
      r(N<->H)    0.016807    0.000010    0.010751    0.021071    0.018085      4.37     10.99    1.567
      r(N<->I)    0.000460    0.000000    0.000001    0.000876    0.000484      2.74      4.71    1.041
      r(N<->L)    0.000150    0.000000    0.000001    0.000365    0.000144      7.03     16.88    1.100
      r(N<->K)    0.007922    0.000004    0.004941    0.011956    0.007926      9.57     18.24    1.431
      r(N<->M)    0.002467    0.000002    0.001295    0.005227    0.002234      4.74      8.29    1.040
      r(N<->F)    0.001228    0.000001    0.000075    0.004045    0.000707      3.98     17.91    1.016
      r(N<->P)    0.001739    0.000003    0.000254    0.005039    0.000834      3.48      3.53    1.168
      r(N<->S)    0.016947    0.000007    0.012306    0.020627    0.017037      3.59      6.62    1.580
      r(N<->T)    0.006765    0.000004    0.004453    0.010384    0.006203      3.44     16.74    1.508
      r(N<->W)    0.000956    0.000005    0.000001    0.008421    0.000439      4.59     17.24    1.146
      r(N<->Y)    0.002290    0.000001    0.001276    0.003726    0.002016      4.97      7.51    1.006
      r(N<->V)    0.001088    0.000001    0.000001    0.003554    0.000837      4.25      4.29    1.490
      r(D<->C)    0.000747    0.000000    0.000101    0.001355    0.000702      4.65     11.02    1.278
      r(D<->Q)    0.001910    0.000002    0.000297    0.005123    0.001560      4.62     10.62    1.035
      r(D<->E)    0.025128    0.000028    0.019335    0.034855    0.025250      2.80     14.92    1.880
      r(D<->G)    0.004045    0.000002    0.002297    0.007100    0.003631      2.94     12.08    1.282
      r(D<->H)    0.003370    0.000005    0.000502    0.007198    0.002723      4.23      4.37    1.928
      r(D<->I)    0.000096    0.000000    0.000001    0.000321    0.000067      9.85     10.19    1.345
      r(D<->L)    0.000094    0.000000    0.000001    0.000717    0.000018      5.87      7.51    1.116
      r(D<->K)    0.001067    0.000000    0.000505    0.001862    0.001079      7.09      7.14    1.301
      r(D<->M)    0.000413    0.000000    0.000001    0.001006    0.000177      2.89      5.18    0.999
      r(D<->F)    0.001028    0.000002    0.000056    0.003925    0.000449      3.15      4.80    1.630
      r(D<->P)    0.001905    0.000004    0.000278    0.005599    0.000953      2.79      6.74    1.331
      r(D<->S)    0.007010    0.000006    0.004103    0.011196    0.006020      3.73     26.50    1.444
      r(D<->T)    0.001510    0.000001    0.000317    0.002520    0.001621      3.40      4.23    1.179
      r(D<->W)    0.001639    0.000003    0.000013    0.005239    0.000890      2.86      4.03    1.235
      r(D<->Y)    0.000852    0.000001    0.000001    0.003545    0.000347      9.32     11.46    1.453
      r(D<->V)    0.000152    0.000000    0.000001    0.000381    0.000116      6.65      7.22    1.320
      r(C<->Q)    0.001118    0.000000    0.000196    0.001822    0.001036      3.94      7.25    1.003
      r(C<->E)    0.000679    0.000001    0.000001    0.002723    0.000430     11.45     11.98    1.256
      r(C<->G)    0.006890    0.000013    0.002077    0.011912    0.007884      3.29     10.39    1.349
      r(C<->H)    0.003436    0.000003    0.000621    0.005581    0.003800      3.80      8.42    1.673
      r(C<->I)    0.003445    0.000002    0.000332    0.005097    0.004056      4.06      6.49    1.095
      r(C<->L)    0.003954    0.000008    0.000654    0.008460    0.004692      3.92      3.93    4.118
      r(C<->K)    0.000845    0.000001    0.000001    0.002342    0.000343      6.27     10.86    2.563
      r(C<->M)    0.004349    0.000031    0.000001    0.015104    0.001431      3.07     26.80    1.020
      r(C<->F)    0.004485    0.000004    0.001432    0.007430    0.004153      9.42     12.58    2.110
      r(C<->P)    0.002968    0.000003    0.000485    0.005051    0.003700      3.43      5.28    1.284
      r(C<->S)    0.009985    0.000012    0.003765    0.014628    0.010569      2.65      5.73    1.149
      r(C<->T)    0.006100    0.000026    0.001910    0.015703    0.002691      2.71     16.32    1.200
      r(C<->W)    0.001583    0.000002    0.000049    0.005733    0.001185      4.27     10.87    1.834
      r(C<->Y)    0.003454    0.000002    0.001495    0.005847    0.003471      6.03      7.88    2.014
      r(C<->V)    0.005538    0.000006    0.002063    0.008442    0.005095      2.96     12.09    1.017
      r(Q<->E)    0.012292    0.000003    0.009184    0.014785    0.012305      5.18      5.50    1.007
      r(Q<->G)    0.001788    0.000001    0.000208    0.003514    0.001733      3.98      5.71    1.627
      r(Q<->H)    0.013399    0.000022    0.006703    0.019529    0.012801     12.98     16.22    2.447
      r(Q<->I)    0.001212    0.000000    0.000074    0.001983    0.001390      3.57      8.76    1.110
      r(Q<->L)    0.002608    0.000000    0.001512    0.003402    0.002640      5.84      7.40    1.038
      r(Q<->K)    0.016059    0.000002    0.014235    0.018340    0.016326      3.91      6.10    1.026
      r(Q<->M)    0.008102    0.000017    0.003710    0.014429    0.006856      2.94     25.63    1.539
      r(Q<->F)    0.000653    0.000001    0.000061    0.001635    0.000352      3.12     17.97    1.009
      r(Q<->P)    0.005762    0.000001    0.002693    0.006976    0.006290      5.77     11.01    1.051
      r(Q<->S)    0.007833    0.000002    0.006129    0.010919    0.007379      9.03     14.27    1.147
      r(Q<->T)    0.004835    0.000001    0.003836    0.006726    0.004600     18.65     20.80    1.159
      r(Q<->W)    0.000740    0.000000    0.000057    0.001966    0.000589      4.31      6.96    1.105
      r(Q<->Y)    0.002643    0.000002    0.000939    0.005636    0.001925      3.01      5.38    1.153
      r(Q<->V)    0.001225    0.000001    0.000170    0.002740    0.001145      3.97      9.59    2.287
      r(E<->G)    0.002078    0.000000    0.001524    0.002979    0.002011      9.50     18.03    1.628
      r(E<->H)    0.002909    0.000001    0.001735    0.004827    0.002594      4.69     10.45    1.049
      r(E<->I)    0.000141    0.000000    0.000001    0.000262    0.000140      8.50     15.63    1.000
      r(E<->L)    0.000167    0.000000    0.000029    0.000372    0.000116     12.69     13.26    1.068
      r(E<->K)    0.005108    0.000002    0.003298    0.007605    0.004640      5.96      6.89    2.044
      r(E<->M)    0.000908    0.000000    0.000273    0.001284    0.000924     11.37     16.45    1.016
      r(E<->F)    0.000569    0.000000    0.000026    0.001640    0.000387      3.75     21.15    1.482
      r(E<->P)    0.004205    0.000002    0.001631    0.007087    0.004301      3.47     10.56    1.014
      r(E<->S)    0.002500    0.000001    0.001123    0.003842    0.002544      3.70      5.12    0.999
      r(E<->T)    0.002331    0.000000    0.001740    0.003086    0.002259     10.33     16.25    1.031
      r(E<->W)    0.000308    0.000000    0.000001    0.001323    0.000183      6.27     10.69    0.999
      r(E<->Y)    0.000376    0.000000    0.000010    0.000874    0.000300      4.33      7.73    0.999
      r(E<->V)    0.001507    0.000000    0.000832    0.002088    0.001546     12.97     13.17    1.419
      r(G<->H)    0.001601    0.000000    0.000689    0.002829    0.001437      2.75     10.75    1.065
      r(G<->I)    0.000288    0.000000    0.000001    0.000687    0.000254      3.33      5.40    1.166
      r(G<->L)    0.000317    0.000000    0.000001    0.000802    0.000288      3.58      8.45    2.117
      r(G<->K)    0.001663    0.000000    0.000974    0.002377    0.001712      5.89      6.46    1.027
      r(G<->M)    0.000997    0.000000    0.000372    0.002554    0.000633      5.58      6.52    1.518
      r(G<->F)    0.000934    0.000001    0.000046    0.002202    0.001005      5.69      7.96    1.065
      r(G<->P)    0.001547    0.000000    0.000632    0.002524    0.001459      3.76      8.72    1.213
      r(G<->S)    0.009509    0.000001    0.007534    0.011000    0.009537      3.64      9.88    1.042
      r(G<->T)    0.001678    0.000000    0.000550    0.002981    0.001601      2.99     13.71    1.071
      r(G<->W)    0.000435    0.000000    0.000001    0.001512    0.000169      2.86     10.10    1.219
      r(G<->Y)    0.000311    0.000000    0.000017    0.000722    0.000254      7.52     10.37    1.004
      r(G<->V)    0.000305    0.000000    0.000097    0.000780    0.000239      4.68      5.65    1.000
      r(H<->I)    0.002940    0.000002    0.001090    0.005459    0.003026      3.11     15.17    1.010
      r(H<->L)    0.000739    0.000000    0.000052    0.001238    0.000895      3.23      6.24    1.075
      r(H<->K)    0.003134    0.000003    0.000011    0.005515    0.003563      3.11      4.41    1.995
      r(H<->M)    0.002782    0.000001    0.000636    0.004898    0.002803      6.46      8.24    1.951
      r(H<->F)    0.004328    0.000005    0.000605    0.007505    0.004338      2.94      2.99    1.866
      r(H<->P)    0.006012    0.000010    0.002132    0.010092    0.004091      4.51     23.62    2.380
      r(H<->S)    0.003924    0.000008    0.000001    0.008733    0.002527      2.81      3.21    1.168
      r(H<->T)    0.001981    0.000001    0.000303    0.003629    0.002145      3.89      9.99    1.152
      r(H<->W)    0.003999    0.000008    0.000470    0.008887    0.002912      3.35      3.48    1.577
      r(H<->Y)    0.022711    0.000016    0.016885    0.028466    0.023244      3.35      7.66    2.757
      r(H<->V)    0.000652    0.000000    0.000001    0.002020    0.000421      4.35      8.56    1.159
      r(I<->L)    0.026133    0.000011    0.020305    0.031775    0.025687      3.10      3.89    1.628
      r(I<->K)    0.000967    0.000000    0.000246    0.001820    0.000942      4.74      6.73    1.024
      r(I<->M)    0.016137    0.000014    0.010258    0.022019    0.015031      3.37      5.18    1.630
      r(I<->F)    0.006871    0.000001    0.005020    0.007833    0.007055      5.84      9.69    1.000
      r(I<->P)    0.002967    0.000011    0.000037    0.009206    0.002033      2.74      2.80    1.215
      r(I<->S)    0.000137    0.000000    0.000001    0.000413    0.000081      8.14      9.52    1.068
      r(I<->T)    0.006815    0.000003    0.004562    0.010577    0.006744      2.80      3.57    1.241
      r(I<->W)    0.001459    0.000002    0.000039    0.003594    0.000636      3.67      9.28    2.073
      r(I<->Y)    0.001955    0.000002    0.000001    0.003845    0.001205      2.68      2.88    1.003
      r(I<->V)    0.077562    0.000053    0.063030    0.085813    0.078512      3.68     19.13    1.388
      r(L<->K)    0.000925    0.000000    0.000332    0.001389    0.000998      3.03     13.44    1.278
      r(L<->M)    0.039893    0.000027    0.034638    0.049673    0.037231      3.07     14.08    1.158
      r(L<->F)    0.019226    0.000010    0.012386    0.023080    0.017978      3.88     15.44    1.749
      r(L<->P)    0.001274    0.000000    0.000262    0.001749    0.001354      8.64     15.30    1.786
      r(L<->S)    0.000868    0.000000    0.000422    0.001351    0.000881      8.49     10.11    1.601
      r(L<->T)    0.001148    0.000000    0.000663    0.001587    0.001181      4.70      5.44    1.067
      r(L<->W)    0.001634    0.000001    0.000825    0.003198    0.001664      3.92      9.24    1.266
      r(L<->Y)    0.001867    0.000002    0.000001    0.004524    0.001285      2.72     10.01    1.304
      r(L<->V)    0.009500    0.000002    0.006843    0.012408    0.009371     10.66     11.39    1.317
      r(K<->M)    0.002372    0.000002    0.000355    0.004549    0.002999      3.92     13.07    2.744
      r(K<->F)    0.000072    0.000000    0.000001    0.000262    0.000049      8.72      9.23    1.001
      r(K<->P)    0.001854    0.000001    0.000379    0.004114    0.001761      3.95      5.41    1.002
      r(K<->S)    0.003575    0.000001    0.001526    0.005121    0.003574      3.89      5.52    1.199
      r(K<->T)    0.004964    0.000000    0.003301    0.005731    0.005208      3.93      8.55    1.039
      r(K<->W)    0.000645    0.000001    0.000001    0.002816    0.000347      3.54      5.08    1.565
      r(K<->Y)    0.000923    0.000001    0.000234    0.002156    0.000505      8.74     12.36    1.058
      r(K<->V)    0.000695    0.000000    0.000221    0.001142    0.000731      6.93     13.79    1.453
      r(M<->F)    0.006341    0.000005    0.002755    0.009602    0.006149      3.36     13.75    1.000
      r(M<->P)    0.001139    0.000000    0.000348    0.002017    0.001152      3.78      4.61    1.119
      r(M<->S)    0.001434    0.000002    0.000161    0.004205    0.000996      2.85      3.96    1.166
      r(M<->T)    0.009354    0.000005    0.005764    0.012068    0.009597      2.68      8.02    1.026
      r(M<->W)    0.004848    0.000008    0.000799    0.008784    0.003927      3.75      9.62    2.568
      r(M<->Y)    0.007725    0.000012    0.003730    0.013529    0.006824      3.29      3.66    1.202
      r(M<->V)    0.009928    0.000002    0.008015    0.012133    0.009828      3.93      4.29    0.999
      r(F<->P)    0.004062    0.000003    0.000328    0.006411    0.004765      7.62      7.68    1.045
      r(F<->S)    0.001187    0.000001    0.000001    0.002521    0.001083     10.99     12.65    1.373
      r(F<->T)    0.002759    0.000002    0.000032    0.004369    0.002979      2.86     31.16    1.421
      r(F<->W)    0.007368    0.000011    0.003393    0.014554    0.008158      8.62     27.90    1.383
      r(F<->Y)    0.058001    0.000087    0.045052    0.072099    0.054938     10.41     28.05    1.959
      r(F<->V)    0.005586    0.000009    0.002535    0.013012    0.004765      4.65      7.96    1.238
      r(P<->S)    0.005814    0.000004    0.003512    0.009238    0.005090      5.24      8.58    1.816
      r(P<->T)    0.003895    0.000002    0.002164    0.006292    0.002964      9.42     11.09    1.761
      r(P<->W)    0.000625    0.000000    0.000007    0.001679    0.000527      7.21     19.09    1.019
      r(P<->Y)    0.001841    0.000003    0.000001    0.004189    0.001342      4.96      5.96    5.173
      r(P<->V)    0.001588    0.000001    0.000288    0.002863    0.001794      3.36     57.45    1.012
      r(S<->T)    0.030383    0.000010    0.026254    0.034877    0.029989      6.93      9.23    2.853
      r(S<->W)    0.000900    0.000000    0.000001    0.001631    0.000863      7.83      8.44    1.021
      r(S<->Y)    0.000963    0.000000    0.000408    0.001873    0.000795      5.05     13.52    1.015
      r(S<->V)    0.001421    0.000000    0.000295    0.002097    0.001630      3.83      7.42    1.336
      r(T<->W)    0.000267    0.000000    0.000008    0.000464    0.000239     11.51     13.98    1.047
      r(T<->Y)    0.000612    0.000000    0.000026    0.001482    0.000572      5.06      6.23    1.004
      r(T<->V)    0.011654    0.000001    0.009731    0.013291    0.011627      8.36     12.63    1.000
      r(W<->Y)    0.008960    0.000022    0.001309    0.014282    0.010435      3.21     12.10    1.031
      r(W<->V)    0.000849    0.000000    0.000167    0.001900    0.000578      3.80      8.61    1.029
      r(Y<->V)    0.002799    0.000004    0.000555    0.006346    0.001865      3.57      5.97    2.189
      pi(Ala)     0.076011    0.000023    0.069938    0.084898    0.075520      4.16      6.13    2.152
      pi(Arg)     0.061742    0.000035    0.053482    0.071359    0.062368      4.50      5.99    2.511
      pi(Asn)     0.042780    0.000035    0.031700    0.049014    0.045221      3.34      9.18    1.093
      pi(Asp)     0.043230    0.000047    0.034262    0.054653    0.041167      3.82     15.76    2.275
      pi(Cys)     0.011965    0.000002    0.009129    0.014642    0.011909      4.38     22.43    1.023
      pi(Gln)     0.033745    0.000003    0.030692    0.036593    0.033402      8.07      8.59    1.065
      pi(Glu)     0.069944    0.000009    0.065399    0.075401    0.070304      7.94      8.54    1.548
      pi(Gly)     0.069350    0.000014    0.063120    0.076246    0.069738      3.68      8.56    1.070
      pi(His)     0.029402    0.000005    0.024817    0.032639    0.029359      5.11      5.54    1.482
      pi(Ile)     0.051077    0.000007    0.046375    0.055906    0.050495      2.86      9.50    1.252
      pi(Leu)     0.088404    0.000017    0.083462    0.096227    0.087045      4.72     32.34    1.254
      pi(Lys)     0.064106    0.000035    0.056264    0.071584    0.065731      7.87     13.95    4.828
      pi(Met)     0.036830    0.000005    0.032989    0.040739    0.037283      3.97      9.64    1.475
      pi(Phe)     0.031723    0.000013    0.024252    0.036499    0.032645     13.27     16.95    1.613
      pi(Pro)     0.024095    0.000018    0.017640    0.035268    0.023771      3.33     19.78    1.293
      pi(Ser)     0.068883    0.000041    0.060656    0.079024    0.067785      6.05      9.67    1.889
      pi(Thr)     0.071433    0.000006    0.067490    0.075324    0.071210      4.47      4.80    1.006
      pi(Trp)     0.018133    0.000018    0.011359    0.025418    0.018010      3.10      7.78    1.015
      pi(Tyr)     0.026801    0.000004    0.024089    0.031745    0.026719     12.44     17.66    1.012
      pi(Val)     0.080345    0.000029    0.072661    0.092339    0.078780      3.30     14.18    1.297
      alpha       0.687279    0.000169    0.661778    0.712551    0.686558    150.08    159.34    1.048
      --------------------------------------------------------------------------------------------------
      * Convergence diagnostic (ESS = Estimated Sample Size); min and avg values
        correspond to minimal and average ESS among runs. 
        ESS value below 100 may indicate that the parameter is undersampled. 
      + Convergence diagnostic (PSRF = Potential Scale Reduction Factor; Gelman
        and Rubin, 1992) should approach 1.0 as runs converge.


   Exiting mrbayes block
   Reached end of file

   Tasks completed, exiting program because mode is noninteractive
   To return control to the command line after completion of file processing, 
   set mode to interactive with 'mb -i <filename>' (i is for interactive)
   or use 'set mode=interactive'

